[2026-05-23T14:29:55.872+0000] {local_task_job_runner.py:120} INFO - ::group::Pre task execution logs
[2026-05-23T14:29:55.913+0000] {taskinstance.py:2076} INFO - Dependencies all met for dep_context=non-requeueable deps ti=<TaskInstance: 04_silver_to_gold_transformation.build_fact_air_quality_daily scheduled__2026-05-23T13:00:00+00:00 [queued]>
[2026-05-23T14:29:55.920+0000] {taskinstance.py:2076} INFO - Dependencies all met for dep_context=requeueable deps ti=<TaskInstance: 04_silver_to_gold_transformation.build_fact_air_quality_daily scheduled__2026-05-23T13:00:00+00:00 [queued]>
[2026-05-23T14:29:55.921+0000] {taskinstance.py:2306} INFO - Starting attempt 2 of 3
[2026-05-23T14:29:55.932+0000] {taskinstance.py:2330} INFO - Executing <Task(PythonOperator): build_fact_air_quality_daily> on 2026-05-23 13:00:00+00:00
[2026-05-23T14:29:55.938+0000] {standard_task_runner.py:63} INFO - Started process 2181 to run task
[2026-05-23T14:29:55.943+0000] {standard_task_runner.py:90} INFO - Running: ['***', 'tasks', 'run', '04_silver_to_gold_transformation', 'build_fact_air_quality_daily', 'scheduled__2026-05-23T13:00:00+00:00', '--job-id', '20', '--raw', '--subdir', 'DAGS_FOLDER/dag_04_silver_to_gold.py', '--cfg-path', '/tmp/tmp5dqgid8b']
[2026-05-23T14:29:55.946+0000] {standard_task_runner.py:91} INFO - Job 20: Subtask build_fact_air_quality_daily
[2026-05-23T14:29:56.051+0000] {task_command.py:426} INFO - Running <TaskInstance: 04_silver_to_gold_transformation.build_fact_air_quality_daily scheduled__2026-05-23T13:00:00+00:00 [running]> on host 8ea7e69b3fbf
[2026-05-23T14:29:56.139+0000] {taskinstance.py:2648} INFO - Exporting env vars: AIRFLOW_CTX_DAG_OWNER='data-engineering' AIRFLOW_CTX_DAG_ID='04_silver_to_gold_transformation' AIRFLOW_CTX_TASK_ID='build_fact_air_quality_daily' AIRFLOW_CTX_EXECUTION_DATE='2026-05-23T13:00:00+00:00' AIRFLOW_CTX_TRY_NUMBER='2' AIRFLOW_CTX_DAG_RUN_ID='scheduled__2026-05-23T13:00:00+00:00'
[2026-05-23T14:29:56.140+0000] {taskinstance.py:430} INFO - ::endgroup::
[2026-05-23T14:30:01.908+0000] {taskinstance.py:441} INFO - ::group::Post task execution logs
[2026-05-23T14:30:01.909+0000] {taskinstance.py:2905} ERROR - Task failed with exception
Traceback (most recent call last):
  File "/home/airflow/.local/lib/python3.11/site-packages/airflow/models/taskinstance.py", line 465, in _execute_task
    result = _execute_callable(context=context, **execute_callable_kwargs)
             ^^^^^^^^^^^^^^^^^^^^^^^^^^^^^^^^^^^^^^^^^^^^^^^^^^^^^^^^^^^^^
  File "/home/airflow/.local/lib/python3.11/site-packages/airflow/models/taskinstance.py", line 432, in _execute_callable
    return execute_callable(context=context, **execute_callable_kwargs)
           ^^^^^^^^^^^^^^^^^^^^^^^^^^^^^^^^^^^^^^^^^^^^^^^^^^^^^^^^^^^^
  File "/home/airflow/.local/lib/python3.11/site-packages/airflow/models/baseoperator.py", line 400, in wrapper
    return func(self, *args, **kwargs)
           ^^^^^^^^^^^^^^^^^^^^^^^^^^^
  File "/home/airflow/.local/lib/python3.11/site-packages/airflow/operators/python.py", line 235, in execute
    return_value = self.execute_callable()
                   ^^^^^^^^^^^^^^^^^^^^^^^
  File "/home/airflow/.local/lib/python3.11/site-packages/airflow/operators/python.py", line 252, in execute_callable
    return self.python_callable(*self.op_args, **self.op_kwargs)
           ^^^^^^^^^^^^^^^^^^^^^^^^^^^^^^^^^^^^^^^^^^^^^^^^^^^^^
  File "/opt/airflow/dags/dag_04_silver_to_gold.py", line 77, in build_fact_air_quality_daily
    conn.execute("""
duckdb.duckdb.CatalogException: Catalog Error: Table with name silver_air_quality does not exist!
Did you mean "bronze.quality_audit"?
LINE 17:             FROM silver.silver_air_quality
                          ^
[2026-05-23T14:30:01.923+0000] {taskinstance.py:1206} INFO - Marking task as UP_FOR_RETRY. dag_id=04_silver_to_gold_transformation, task_id=build_fact_air_quality_daily, run_id=scheduled__2026-05-23T13:00:00+00:00, execution_date=20260523T130000, start_date=20260523T142955, end_date=20260523T143001
[2026-05-23T14:30:01.935+0000] {standard_task_runner.py:110} ERROR - Failed to execute job 20 for task build_fact_air_quality_daily (Catalog Error: Table with name silver_air_quality does not exist!
Did you mean "bronze.quality_audit"?
LINE 17:             FROM silver.silver_air_quality
                          ^; 2181)
[2026-05-23T14:30:01.975+0000] {local_task_job_runner.py:240} INFO - Task exited with return code 1
[2026-05-23T14:30:01.997+0000] {taskinstance.py:3498} INFO - 0 downstream tasks scheduled from follow-on schedule check
[2026-05-23T14:30:01.999+0000] {local_task_job_runner.py:222} INFO - ::endgroup::
