[2026-05-23T14:32:38.533+0000] {local_task_job_runner.py:120} INFO - ::group::Pre task execution logs
[2026-05-23T14:32:38.569+0000] {taskinstance.py:2076} INFO - Dependencies all met for dep_context=non-requeueable deps ti=<TaskInstance: 02_kafka_stream_ingestion.consume_kafka_topics scheduled__2026-05-23T14:15:00+00:00 [queued]>
[2026-05-23T14:32:38.576+0000] {taskinstance.py:2076} INFO - Dependencies all met for dep_context=requeueable deps ti=<TaskInstance: 02_kafka_stream_ingestion.consume_kafka_topics scheduled__2026-05-23T14:15:00+00:00 [queued]>
[2026-05-23T14:32:38.577+0000] {taskinstance.py:2306} INFO - Starting attempt 6 of 6
[2026-05-23T14:32:38.588+0000] {taskinstance.py:2330} INFO - Executing <Task(PythonOperator): consume_kafka_topics> on 2026-05-23 14:15:00+00:00
[2026-05-23T14:32:38.593+0000] {standard_task_runner.py:63} INFO - Started process 2886 to run task
[2026-05-23T14:32:38.596+0000] {standard_task_runner.py:90} INFO - Running: ['***', 'tasks', 'run', '02_kafka_stream_ingestion', 'consume_kafka_topics', 'scheduled__2026-05-23T14:15:00+00:00', '--job-id', '24', '--raw', '--subdir', 'DAGS_FOLDER/dag_02_kafka_ingestion.py', '--cfg-path', '/tmp/tmp6mnmqh40']
[2026-05-23T14:32:38.598+0000] {standard_task_runner.py:91} INFO - Job 24: Subtask consume_kafka_topics
[2026-05-23T14:32:38.660+0000] {task_command.py:426} INFO - Running <TaskInstance: 02_kafka_stream_ingestion.consume_kafka_topics scheduled__2026-05-23T14:15:00+00:00 [running]> on host 8ea7e69b3fbf
[2026-05-23T14:32:38.737+0000] {taskinstance.py:2648} INFO - Exporting env vars: AIRFLOW_CTX_DAG_OWNER='data-engineering' AIRFLOW_CTX_DAG_ID='02_kafka_stream_ingestion' AIRFLOW_CTX_TASK_ID='consume_kafka_topics' AIRFLOW_CTX_EXECUTION_DATE='2026-05-23T14:15:00+00:00' AIRFLOW_CTX_TRY_NUMBER='6' AIRFLOW_CTX_DAG_RUN_ID='scheduled__2026-05-23T14:15:00+00:00'
[2026-05-23T14:32:38.738+0000] {taskinstance.py:430} INFO - ::endgroup::
[2026-05-23T14:33:00.299+0000] {taskinstance.py:441} INFO - ::group::Post task execution logs
[2026-05-23T14:33:00.299+0000] {taskinstance.py:2905} ERROR - Task failed with exception
Traceback (most recent call last):
  File "/home/airflow/.local/lib/python3.11/site-packages/airflow/models/taskinstance.py", line 465, in _execute_task
    result = _execute_callable(context=context, **execute_callable_kwargs)
             ^^^^^^^^^^^^^^^^^^^^^^^^^^^^^^^^^^^^^^^^^^^^^^^^^^^^^^^^^^^^^
  File "/home/airflow/.local/lib/python3.11/site-packages/airflow/models/taskinstance.py", line 432, in _execute_callable
    return execute_callable(context=context, **execute_callable_kwargs)
           ^^^^^^^^^^^^^^^^^^^^^^^^^^^^^^^^^^^^^^^^^^^^^^^^^^^^^^^^^^^^
  File "/home/airflow/.local/lib/python3.11/site-packages/airflow/models/baseoperator.py", line 400, in wrapper
    return func(self, *args, **kwargs)
           ^^^^^^^^^^^^^^^^^^^^^^^^^^^
  File "/home/airflow/.local/lib/python3.11/site-packages/airflow/operators/python.py", line 235, in execute
    return_value = self.execute_callable()
                   ^^^^^^^^^^^^^^^^^^^^^^^
  File "/home/airflow/.local/lib/python3.11/site-packages/airflow/operators/python.py", line 252, in execute_callable
    return self.python_callable(*self.op_args, **self.op_kwargs)
           ^^^^^^^^^^^^^^^^^^^^^^^^^^^^^^^^^^^^^^^^^^^^^^^^^^^^^
  File "/opt/airflow/dags/dag_02_kafka_ingestion.py", line 41, in consume_kafka_events
    from ingestion_engine.engine import IngestionEngine
ModuleNotFoundError: No module named 'ingestion_engine'
[2026-05-23T14:33:00.313+0000] {taskinstance.py:1206} INFO - Marking task as FAILED. dag_id=02_kafka_stream_ingestion, task_id=consume_kafka_topics, run_id=scheduled__2026-05-23T14:15:00+00:00, execution_date=20260523T141500, start_date=20260523T143238, end_date=20260523T143300
[2026-05-23T14:33:00.333+0000] {standard_task_runner.py:110} ERROR - Failed to execute job 24 for task consume_kafka_topics (No module named 'ingestion_engine'; 2886)
[2026-05-23T14:33:00.360+0000] {local_task_job_runner.py:240} INFO - Task exited with return code 1
[2026-05-23T14:33:00.381+0000] {taskinstance.py:3498} INFO - 0 downstream tasks scheduled from follow-on schedule check
[2026-05-23T14:33:00.385+0000] {local_task_job_runner.py:222} INFO - ::endgroup::
