[2026-05-23T14:23:31.272+0000] {manager.py:470} INFO - Processing files using up to 2 processes at a time 
[2026-05-23T14:23:31.274+0000] {manager.py:471} INFO - Process each file at most once every 30 seconds
[2026-05-23T14:23:31.276+0000] {manager.py:472} INFO - Checking for new files in /opt/airflow/dags every 300 seconds
[2026-05-23T14:23:31.278+0000] {manager.py:737} INFO - Searching for files in /opt/airflow/dags
[2026-05-23T14:23:31.536+0000] {manager.py:740} INFO - There are 5 files in /opt/airflow/dags
[2026-05-23T14:23:31.760+0000] {manager.py:878} INFO - 
================================================================================
DAG File Processing Stats

File Path                                       PID  Runtime      # DAGs    # Errors  Last Runtime    Last Run
--------------------------------------------  -----  ---------  --------  ----------  --------------  ----------
/opt/airflow/dags/dag_01_batch_ingestion.py                            0           0
/opt/airflow/dags/dag_02_kafka_ingestion.py                            0           0
/opt/airflow/dags/dag_03_bronze_to_silver.py                           0           0
/opt/airflow/dags/dag_04_silver_to_gold.py      185  0.08s             0           0
/opt/airflow/dags/dag_05_data_quality.py        182  0.10s             0           0
================================================================================
[2026-05-23T14:24:02.186+0000] {manager.py:878} INFO - 
================================================================================
DAG File Processing Stats

File Path                                     PID    Runtime      # DAGs    # Errors  Last Runtime    Last Run
--------------------------------------------  -----  ---------  --------  ----------  --------------  -------------------
/opt/airflow/dags/dag_01_batch_ingestion.py                            1           0  0.85s           2026-05-23T14:23:33
/opt/airflow/dags/dag_05_data_quality.py                               1           0  0.72s           2026-05-23T14:23:32
/opt/airflow/dags/dag_04_silver_to_gold.py                             1           0  0.69s           2026-05-23T14:23:32
/opt/airflow/dags/dag_02_kafka_ingestion.py                            1           0  0.46s           2026-05-23T14:23:32
/opt/airflow/dags/dag_03_bronze_to_silver.py                           1           0  0.43s           2026-05-23T14:23:32
================================================================================
[2026-05-23T14:24:32.773+0000] {manager.py:878} INFO - 
================================================================================
DAG File Processing Stats

File Path                                     PID    Runtime      # DAGs    # Errors  Last Runtime    Last Run
--------------------------------------------  -----  ---------  --------  ----------  --------------  -------------------
/opt/airflow/dags/dag_05_data_quality.py                               1           0  0.60s           2026-05-23T14:24:03
/opt/airflow/dags/dag_04_silver_to_gold.py                             1           0  0.55s           2026-05-23T14:24:03
/opt/airflow/dags/dag_01_batch_ingestion.py                            1           0  0.35s           2026-05-23T14:24:04
/opt/airflow/dags/dag_03_bronze_to_silver.py                           1           0  0.16s           2026-05-23T14:24:03
/opt/airflow/dags/dag_02_kafka_ingestion.py                            1           0  0.16s           2026-05-23T14:24:03
================================================================================
[2026-05-23T14:25:02.782+0000] {manager.py:878} INFO - 
================================================================================
DAG File Processing Stats

File Path                                     PID    Runtime      # DAGs    # Errors  Last Runtime    Last Run
--------------------------------------------  -----  ---------  --------  ----------  --------------  -------------------
/opt/airflow/dags/dag_03_bronze_to_silver.py                           1           0  4.30s           2026-05-23T14:24:38
/opt/airflow/dags/dag_02_kafka_ingestion.py                            1           0  2.77s           2026-05-23T14:24:39
/opt/airflow/dags/dag_04_silver_to_gold.py                             1           0  2.39s           2026-05-23T14:24:36
/opt/airflow/dags/dag_05_data_quality.py                               1           0  0.85s           2026-05-23T14:24:34
/opt/airflow/dags/dag_01_batch_ingestion.py                            1           0  0.70s           2026-05-23T14:24:39
================================================================================
[2026-05-23T14:25:32.810+0000] {manager.py:878} INFO - 
================================================================================
DAG File Processing Stats

File Path                                     PID    Runtime      # DAGs    # Errors  Last Runtime    Last Run
--------------------------------------------  -----  ---------  --------  ----------  --------------  -------------------
/opt/airflow/dags/dag_04_silver_to_gold.py                             1           0  0.47s           2026-05-23T14:25:07
/opt/airflow/dags/dag_01_batch_ingestion.py                            1           0  0.44s           2026-05-23T14:25:10
/opt/airflow/dags/dag_03_bronze_to_silver.py                           1           0  0.36s           2026-05-23T14:25:09
/opt/airflow/dags/dag_02_kafka_ingestion.py                            1           0  0.36s           2026-05-23T14:25:09
/opt/airflow/dags/dag_05_data_quality.py                               1           0  0.36s           2026-05-23T14:25:05
================================================================================
[2026-05-23T14:26:02.841+0000] {manager.py:878} INFO - 
================================================================================
DAG File Processing Stats

File Path                                     PID    Runtime      # DAGs    # Errors  Last Runtime    Last Run
--------------------------------------------  -----  ---------  --------  ----------  --------------  -------------------
/opt/airflow/dags/dag_01_batch_ingestion.py                            1           0  0.25s           2026-05-23T14:25:41
/opt/airflow/dags/dag_02_kafka_ingestion.py                            1           0  0.19s           2026-05-23T14:25:40
/opt/airflow/dags/dag_03_bronze_to_silver.py                           1           0  0.19s           2026-05-23T14:25:40
/opt/airflow/dags/dag_04_silver_to_gold.py                             1           0  0.15s           2026-05-23T14:25:38
/opt/airflow/dags/dag_05_data_quality.py                               1           0  0.14s           2026-05-23T14:25:36
================================================================================
[2026-05-23T14:26:33.224+0000] {manager.py:878} INFO - 
================================================================================
DAG File Processing Stats

File Path                                     PID    Runtime      # DAGs    # Errors  Last Runtime    Last Run
--------------------------------------------  -----  ---------  --------  ----------  --------------  -------------------
/opt/airflow/dags/dag_03_bronze_to_silver.py                           1           0  0.16s           2026-05-23T14:26:11
/opt/airflow/dags/dag_02_kafka_ingestion.py                            1           0  0.16s           2026-05-23T14:26:11
/opt/airflow/dags/dag_01_batch_ingestion.py                            1           0  0.16s           2026-05-23T14:26:12
/opt/airflow/dags/dag_05_data_quality.py                               1           0  0.16s           2026-05-23T14:26:06
/opt/airflow/dags/dag_04_silver_to_gold.py                             1           0  0.16s           2026-05-23T14:26:08
================================================================================
[2026-05-23T14:27:03.690+0000] {manager.py:878} INFO - 
================================================================================
DAG File Processing Stats

File Path                                     PID    Runtime      # DAGs    # Errors  Last Runtime    Last Run
--------------------------------------------  -----  ---------  --------  ----------  --------------  -------------------
/opt/airflow/dags/dag_05_data_quality.py                               1           0  0.17s           2026-05-23T14:26:37
/opt/airflow/dags/dag_04_silver_to_gold.py                             1           0  0.15s           2026-05-23T14:26:39
/opt/airflow/dags/dag_03_bronze_to_silver.py                           1           0  0.14s           2026-05-23T14:26:41
/opt/airflow/dags/dag_01_batch_ingestion.py                            1           0  0.13s           2026-05-23T14:26:42
/opt/airflow/dags/dag_02_kafka_ingestion.py                            1           0  0.13s           2026-05-23T14:26:41
================================================================================
[2026-05-23T14:27:34.408+0000] {manager.py:878} INFO - 
================================================================================
DAG File Processing Stats

File Path                                     PID    Runtime      # DAGs    # Errors  Last Runtime    Last Run
--------------------------------------------  -----  ---------  --------  ----------  --------------  -------------------
/opt/airflow/dags/dag_02_kafka_ingestion.py                            1           0  0.24s           2026-05-23T14:27:12
/opt/airflow/dags/dag_03_bronze_to_silver.py                           1           0  0.24s           2026-05-23T14:27:12
/opt/airflow/dags/dag_01_batch_ingestion.py                            1           0  0.23s           2026-05-23T14:27:13
/opt/airflow/dags/dag_05_data_quality.py                               1           0  0.14s           2026-05-23T14:27:07
/opt/airflow/dags/dag_04_silver_to_gold.py                             1           0  0.13s           2026-05-23T14:27:09
================================================================================
[2026-05-23T14:28:05.000+0000] {manager.py:878} INFO - 
================================================================================
DAG File Processing Stats

File Path                                     PID    Runtime      # DAGs    # Errors  Last Runtime    Last Run
--------------------------------------------  -----  ---------  --------  ----------  --------------  -------------------
/opt/airflow/dags/dag_01_batch_ingestion.py                            1           0  0.20s           2026-05-23T14:27:43
/opt/airflow/dags/dag_04_silver_to_gold.py                             1           0  0.15s           2026-05-23T14:27:40
/opt/airflow/dags/dag_03_bronze_to_silver.py                           1           0  0.14s           2026-05-23T14:27:42
/opt/airflow/dags/dag_02_kafka_ingestion.py                            1           0  0.14s           2026-05-23T14:27:42
/opt/airflow/dags/dag_05_data_quality.py                               1           0  0.13s           2026-05-23T14:27:38
================================================================================
[2026-05-23T14:28:31.547+0000] {manager.py:737} INFO - Searching for files in /opt/airflow/dags
[2026-05-23T14:28:31.600+0000] {manager.py:740} INFO - There are 5 files in /opt/airflow/dags
[2026-05-23T14:28:35.647+0000] {manager.py:878} INFO - 
================================================================================
DAG File Processing Stats

File Path                                     PID    Runtime      # DAGs    # Errors  Last Runtime    Last Run
--------------------------------------------  -----  ---------  --------  ----------  --------------  -------------------
/opt/airflow/dags/dag_03_bronze_to_silver.py                           1           0  0.14s           2026-05-23T14:28:13
/opt/airflow/dags/dag_02_kafka_ingestion.py                            1           0  0.14s           2026-05-23T14:28:13
/opt/airflow/dags/dag_04_silver_to_gold.py                             1           0  0.13s           2026-05-23T14:28:11
/opt/airflow/dags/dag_01_batch_ingestion.py                            1           0  0.13s           2026-05-23T14:28:14
/opt/airflow/dags/dag_05_data_quality.py                               1           0  0.13s           2026-05-23T14:28:09
================================================================================
[2026-05-23T14:29:06.116+0000] {manager.py:878} INFO - 
================================================================================
DAG File Processing Stats

File Path                                     PID    Runtime      # DAGs    # Errors  Last Runtime    Last Run
--------------------------------------------  -----  ---------  --------  ----------  --------------  -------------------
/opt/airflow/dags/dag_03_bronze_to_silver.py                           1           0  0.23s           2026-05-23T14:28:44
/opt/airflow/dags/dag_02_kafka_ingestion.py                            1           0  0.22s           2026-05-23T14:28:44
/opt/airflow/dags/dag_01_batch_ingestion.py                            1           0  0.20s           2026-05-23T14:28:45
/opt/airflow/dags/dag_04_silver_to_gold.py                             1           0  0.14s           2026-05-23T14:28:41
/opt/airflow/dags/dag_05_data_quality.py                               1           0  0.14s           2026-05-23T14:28:39
================================================================================
[2026-05-23T14:29:36.673+0000] {manager.py:878} INFO - 
================================================================================
DAG File Processing Stats

File Path                                     PID    Runtime      # DAGs    # Errors  Last Runtime    Last Run
--------------------------------------------  -----  ---------  --------  ----------  --------------  -------------------
/opt/airflow/dags/dag_04_silver_to_gold.py                             1           0  0.13s           2026-05-23T14:29:12
/opt/airflow/dags/dag_03_bronze_to_silver.py                           1           0  0.13s           2026-05-23T14:29:14
/opt/airflow/dags/dag_01_batch_ingestion.py                            1           0  0.13s           2026-05-23T14:29:15
/opt/airflow/dags/dag_05_data_quality.py                               1           0  0.13s           2026-05-23T14:29:10
/opt/airflow/dags/dag_02_kafka_ingestion.py                            1           0  0.12s           2026-05-23T14:29:14
================================================================================
[2026-05-23T14:30:07.267+0000] {manager.py:878} INFO - 
================================================================================
DAG File Processing Stats

File Path                                     PID    Runtime      # DAGs    # Errors  Last Runtime    Last Run
--------------------------------------------  -----  ---------  --------  ----------  --------------  -------------------
/opt/airflow/dags/dag_01_batch_ingestion.py                            1           0  0.15s           2026-05-23T14:29:46
/opt/airflow/dags/dag_03_bronze_to_silver.py                           1           0  0.15s           2026-05-23T14:29:45
/opt/airflow/dags/dag_04_silver_to_gold.py                             1           0  0.14s           2026-05-23T14:29:42
/opt/airflow/dags/dag_05_data_quality.py                               1           0  0.14s           2026-05-23T14:29:40
/opt/airflow/dags/dag_02_kafka_ingestion.py                            1           0  0.14s           2026-05-23T14:29:45
================================================================================
[2026-05-23T14:30:37.892+0000] {manager.py:878} INFO - 
================================================================================
DAG File Processing Stats

File Path                                     PID    Runtime      # DAGs    # Errors  Last Runtime    Last Run
--------------------------------------------  -----  ---------  --------  ----------  --------------  -------------------
/opt/airflow/dags/dag_04_silver_to_gold.py                             1           0  0.19s           2026-05-23T14:30:13
/opt/airflow/dags/dag_05_data_quality.py                               1           0  0.18s           2026-05-23T14:30:11
/opt/airflow/dags/dag_03_bronze_to_silver.py                           1           0  0.13s           2026-05-23T14:30:15
/opt/airflow/dags/dag_01_batch_ingestion.py                            1           0  0.13s           2026-05-23T14:30:16
/opt/airflow/dags/dag_02_kafka_ingestion.py                            1           0  0.13s           2026-05-23T14:30:15
================================================================================
[2026-05-23T14:31:08.521+0000] {manager.py:878} INFO - 
================================================================================
DAG File Processing Stats

File Path                                     PID    Runtime      # DAGs    # Errors  Last Runtime    Last Run
--------------------------------------------  -----  ---------  --------  ----------  --------------  -------------------
/opt/airflow/dags/dag_05_data_quality.py                               1           0  0.71s           2026-05-23T14:30:42
/opt/airflow/dags/dag_03_bronze_to_silver.py                           1           0  0.51s           2026-05-23T14:30:46
/opt/airflow/dags/dag_04_silver_to_gold.py                             1           0  0.47s           2026-05-23T14:30:44
/opt/airflow/dags/dag_02_kafka_ingestion.py                            1           0  0.45s           2026-05-23T14:30:46
/opt/airflow/dags/dag_01_batch_ingestion.py                            1           0  0.32s           2026-05-23T14:30:47
================================================================================
[2026-05-23T14:31:38.587+0000] {manager.py:878} INFO - 
================================================================================
DAG File Processing Stats

File Path                                     PID    Runtime      # DAGs    # Errors  Last Runtime    Last Run
--------------------------------------------  -----  ---------  --------  ----------  --------------  -------------------
/opt/airflow/dags/dag_01_batch_ingestion.py                            1           0  0.19s           2026-05-23T14:31:18
/opt/airflow/dags/dag_03_bronze_to_silver.py                           1           0  0.15s           2026-05-23T14:31:17
/opt/airflow/dags/dag_02_kafka_ingestion.py                            1           0  0.14s           2026-05-23T14:31:17
/opt/airflow/dags/dag_04_silver_to_gold.py                             1           0  0.14s           2026-05-23T14:31:15
/opt/airflow/dags/dag_05_data_quality.py                               1           0  0.13s           2026-05-23T14:31:12
================================================================================
[2026-05-23T14:32:09.054+0000] {manager.py:878} INFO - 
================================================================================
DAG File Processing Stats

File Path                                     PID    Runtime      # DAGs    # Errors  Last Runtime    Last Run
--------------------------------------------  -----  ---------  --------  ----------  --------------  -------------------
/opt/airflow/dags/dag_01_batch_ingestion.py                            1           0  0.18s           2026-05-23T14:31:49
/opt/airflow/dags/dag_05_data_quality.py                               1           0  0.18s           2026-05-23T14:31:43
/opt/airflow/dags/dag_04_silver_to_gold.py                             1           0  0.14s           2026-05-23T14:31:45
/opt/airflow/dags/dag_03_bronze_to_silver.py                           1           0  0.14s           2026-05-23T14:31:47
/opt/airflow/dags/dag_02_kafka_ingestion.py                            1           0  0.14s           2026-05-23T14:31:47
================================================================================
[2026-05-23T14:32:39.505+0000] {manager.py:878} INFO - 
================================================================================
DAG File Processing Stats

File Path                                     PID    Runtime      # DAGs    # Errors  Last Runtime    Last Run
--------------------------------------------  -----  ---------  --------  ----------  --------------  -------------------
/opt/airflow/dags/dag_05_data_quality.py                               1           0  0.13s           2026-05-23T14:32:14
/opt/airflow/dags/dag_01_batch_ingestion.py                            1           0  0.12s           2026-05-23T14:32:19
/opt/airflow/dags/dag_02_kafka_ingestion.py                            1           0  0.12s           2026-05-23T14:32:18
/opt/airflow/dags/dag_03_bronze_to_silver.py                           1           0  0.12s           2026-05-23T14:32:18
/opt/airflow/dags/dag_04_silver_to_gold.py                             1           0  0.12s           2026-05-23T14:32:16
================================================================================
[2026-05-23T14:33:10.218+0000] {manager.py:878} INFO - 
================================================================================
DAG File Processing Stats

File Path                                     PID    Runtime      # DAGs    # Errors  Last Runtime    Last Run
--------------------------------------------  -----  ---------  --------  ----------  --------------  -------------------
/opt/airflow/dags/dag_02_kafka_ingestion.py                            1           0  0.20s           2026-05-23T14:32:48
/opt/airflow/dags/dag_03_bronze_to_silver.py                           1           0  0.20s           2026-05-23T14:32:48
/opt/airflow/dags/dag_05_data_quality.py                               1           0  0.18s           2026-05-23T14:32:44
/opt/airflow/dags/dag_04_silver_to_gold.py                             1           0  0.15s           2026-05-23T14:32:46
/opt/airflow/dags/dag_01_batch_ingestion.py                            1           0  0.14s           2026-05-23T14:32:50
================================================================================
[2026-05-23T14:33:31.813+0000] {manager.py:737} INFO - Searching for files in /opt/airflow/dags
[2026-05-23T14:33:31.886+0000] {manager.py:740} INFO - There are 5 files in /opt/airflow/dags
[2026-05-23T14:33:40.995+0000] {manager.py:878} INFO - 
================================================================================
DAG File Processing Stats

File Path                                     PID    Runtime      # DAGs    # Errors  Last Runtime    Last Run
--------------------------------------------  -----  ---------  --------  ----------  --------------  -------------------
/opt/airflow/dags/dag_05_data_quality.py                               1           0  0.20s           2026-05-23T14:33:15
/opt/airflow/dags/dag_03_bronze_to_silver.py                           1           0  0.18s           2026-05-23T14:33:19
/opt/airflow/dags/dag_02_kafka_ingestion.py                            1           0  0.18s           2026-05-23T14:33:19
/opt/airflow/dags/dag_01_batch_ingestion.py                            1           0  0.16s           2026-05-23T14:33:20
/opt/airflow/dags/dag_04_silver_to_gold.py                             1           0  0.15s           2026-05-23T14:33:17
================================================================================
[2026-05-23T14:34:11.701+0000] {manager.py:878} INFO - 
================================================================================
DAG File Processing Stats

File Path                                     PID    Runtime      # DAGs    # Errors  Last Runtime    Last Run
--------------------------------------------  -----  ---------  --------  ----------  --------------  -------------------
/opt/airflow/dags/dag_01_batch_ingestion.py                            1           0  0.23s           2026-05-23T14:33:51
/opt/airflow/dags/dag_04_silver_to_gold.py                             1           0  0.20s           2026-05-23T14:33:48
/opt/airflow/dags/dag_03_bronze_to_silver.py                           1           0  0.19s           2026-05-23T14:33:50
/opt/airflow/dags/dag_02_kafka_ingestion.py                            1           0  0.19s           2026-05-23T14:33:50
/opt/airflow/dags/dag_05_data_quality.py                               1           0  0.18s           2026-05-23T14:33:46
================================================================================
[2026-05-23T14:34:42.217+0000] {manager.py:878} INFO - 
================================================================================
DAG File Processing Stats

File Path                                     PID    Runtime      # DAGs    # Errors  Last Runtime    Last Run
--------------------------------------------  -----  ---------  --------  ----------  --------------  -------------------
/opt/airflow/dags/dag_01_batch_ingestion.py                            1           0  0.15s           2026-05-23T14:34:22
/opt/airflow/dags/dag_05_data_quality.py                               1           0  0.13s           2026-05-23T14:34:16
/opt/airflow/dags/dag_03_bronze_to_silver.py                           1           0  0.12s           2026-05-23T14:34:21
/opt/airflow/dags/dag_04_silver_to_gold.py                             1           0  0.12s           2026-05-23T14:34:18
/opt/airflow/dags/dag_02_kafka_ingestion.py                            1           0  0.12s           2026-05-23T14:34:21
================================================================================
[2026-05-23T14:35:12.739+0000] {manager.py:878} INFO - 
================================================================================
DAG File Processing Stats

File Path                                     PID    Runtime      # DAGs    # Errors  Last Runtime    Last Run
--------------------------------------------  -----  ---------  --------  ----------  --------------  -------------------
/opt/airflow/dags/dag_04_silver_to_gold.py                             1           0  0.13s           2026-05-23T14:34:49
/opt/airflow/dags/dag_03_bronze_to_silver.py                           1           0  0.13s           2026-05-23T14:34:51
/opt/airflow/dags/dag_01_batch_ingestion.py                            1           0  0.13s           2026-05-23T14:34:52
/opt/airflow/dags/dag_05_data_quality.py                               1           0  0.12s           2026-05-23T14:34:47
/opt/airflow/dags/dag_02_kafka_ingestion.py                            1           0  0.12s           2026-05-23T14:34:51
================================================================================
[2026-05-23T14:35:43.311+0000] {manager.py:878} INFO - 
================================================================================
DAG File Processing Stats

File Path                                     PID    Runtime      # DAGs    # Errors  Last Runtime    Last Run
--------------------------------------------  -----  ---------  --------  ----------  --------------  -------------------
/opt/airflow/dags/dag_03_bronze_to_silver.py                           1           0  0.15s           2026-05-23T14:35:22
/opt/airflow/dags/dag_02_kafka_ingestion.py                            1           0  0.14s           2026-05-23T14:35:22
/opt/airflow/dags/dag_01_batch_ingestion.py                            1           0  0.12s           2026-05-23T14:35:23
/opt/airflow/dags/dag_04_silver_to_gold.py                             1           0  0.12s           2026-05-23T14:35:19
/opt/airflow/dags/dag_05_data_quality.py                               1           0  0.12s           2026-05-23T14:35:17
================================================================================
[2026-05-23T14:36:13.913+0000] {manager.py:878} INFO - 
================================================================================
DAG File Processing Stats

File Path                                     PID    Runtime      # DAGs    # Errors  Last Runtime    Last Run
--------------------------------------------  -----  ---------  --------  ----------  --------------  -------------------
/opt/airflow/dags/dag_05_data_quality.py                               1           0  0.17s           2026-05-23T14:35:48
/opt/airflow/dags/dag_03_bronze_to_silver.py                           1           0  0.14s           2026-05-23T14:35:52
/opt/airflow/dags/dag_02_kafka_ingestion.py                            1           0  0.14s           2026-05-23T14:35:52
/opt/airflow/dags/dag_01_batch_ingestion.py                            1           0  0.14s           2026-05-23T14:35:53
/opt/airflow/dags/dag_04_silver_to_gold.py                             1           0  0.13s           2026-05-23T14:35:50
================================================================================
[2026-05-23T14:36:44.465+0000] {manager.py:878} INFO - 
================================================================================
DAG File Processing Stats

File Path                                     PID    Runtime      # DAGs    # Errors  Last Runtime    Last Run
--------------------------------------------  -----  ---------  --------  ----------  --------------  -------------------
/opt/airflow/dags/dag_03_bronze_to_silver.py                           1           0  0.14s           2026-05-23T14:36:23
/opt/airflow/dags/dag_01_batch_ingestion.py                            1           0  0.13s           2026-05-23T14:36:24
/opt/airflow/dags/dag_02_kafka_ingestion.py                            1           0  0.13s           2026-05-23T14:36:23
/opt/airflow/dags/dag_04_silver_to_gold.py                             1           0  0.13s           2026-05-23T14:36:21
/opt/airflow/dags/dag_05_data_quality.py                               1           0  0.12s           2026-05-23T14:36:19
================================================================================
[2026-05-23T14:37:15.046+0000] {manager.py:878} INFO - 
================================================================================
DAG File Processing Stats

File Path                                     PID    Runtime      # DAGs    # Errors  Last Runtime    Last Run
--------------------------------------------  -----  ---------  --------  ----------  --------------  -------------------
/opt/airflow/dags/dag_05_data_quality.py                               1           0  0.17s           2026-05-23T14:36:49
/opt/airflow/dags/dag_03_bronze_to_silver.py                           1           0  0.14s           2026-05-23T14:36:53
/opt/airflow/dags/dag_02_kafka_ingestion.py                            1           0  0.13s           2026-05-23T14:36:53
/opt/airflow/dags/dag_01_batch_ingestion.py                            1           0  0.13s           2026-05-23T14:36:54
/opt/airflow/dags/dag_04_silver_to_gold.py                             1           0  0.12s           2026-05-23T14:36:51
================================================================================
[2026-05-23T14:37:45.666+0000] {manager.py:878} INFO - 
================================================================================
DAG File Processing Stats

File Path                                     PID    Runtime      # DAGs    # Errors  Last Runtime    Last Run
--------------------------------------------  -----  ---------  --------  ----------  --------------  -------------------
/opt/airflow/dags/dag_04_silver_to_gold.py                             1           0  0.21s           2026-05-23T14:37:22
/opt/airflow/dags/dag_05_data_quality.py                               1           0  0.17s           2026-05-23T14:37:20
/opt/airflow/dags/dag_01_batch_ingestion.py                            1           0  0.15s           2026-05-23T14:37:25
/opt/airflow/dags/dag_03_bronze_to_silver.py                           1           0  0.13s           2026-05-23T14:37:24
/opt/airflow/dags/dag_02_kafka_ingestion.py                            1           0  0.12s           2026-05-23T14:37:24
================================================================================
[2026-05-23T14:38:15.764+0000] {manager.py:878} INFO - 
================================================================================
DAG File Processing Stats

File Path                                     PID    Runtime      # DAGs    # Errors  Last Runtime    Last Run
--------------------------------------------  -----  ---------  --------  ----------  --------------  -------------------
/opt/airflow/dags/dag_03_bronze_to_silver.py                           1           0  0.27s           2026-05-23T14:37:55
/opt/airflow/dags/dag_02_kafka_ingestion.py                            1           0  0.25s           2026-05-23T14:37:55
/opt/airflow/dags/dag_01_batch_ingestion.py                            1           0  0.24s           2026-05-23T14:37:56
/opt/airflow/dags/dag_05_data_quality.py                               1           0  0.17s           2026-05-23T14:37:50
/opt/airflow/dags/dag_04_silver_to_gold.py                             1           0  0.17s           2026-05-23T14:37:53
================================================================================
[2026-05-23T14:38:31.908+0000] {manager.py:737} INFO - Searching for files in /opt/airflow/dags
[2026-05-23T14:38:31.972+0000] {manager.py:740} INFO - There are 5 files in /opt/airflow/dags
[2026-05-23T14:38:46.114+0000] {manager.py:878} INFO - 
================================================================================
DAG File Processing Stats

File Path                                     PID    Runtime      # DAGs    # Errors  Last Runtime    Last Run
--------------------------------------------  -----  ---------  --------  ----------  --------------  -------------------
/opt/airflow/dags/dag_01_batch_ingestion.py                            1           0  0.15s           2026-05-23T14:38:26
/opt/airflow/dags/dag_04_silver_to_gold.py                             1           0  0.13s           2026-05-23T14:38:23
/opt/airflow/dags/dag_03_bronze_to_silver.py                           1           0  0.12s           2026-05-23T14:38:25
/opt/airflow/dags/dag_05_data_quality.py                               1           0  0.12s           2026-05-23T14:38:21
/opt/airflow/dags/dag_02_kafka_ingestion.py                            1           0  0.12s           2026-05-23T14:38:25
================================================================================
[2026-05-23T14:39:16.680+0000] {manager.py:878} INFO - 
================================================================================
DAG File Processing Stats

File Path                                     PID    Runtime      # DAGs    # Errors  Last Runtime    Last Run
--------------------------------------------  -----  ---------  --------  ----------  --------------  -------------------
/opt/airflow/dags/dag_03_bronze_to_silver.py                           1           0  0.13s           2026-05-23T14:38:56
/opt/airflow/dags/dag_01_batch_ingestion.py                            1           0  0.13s           2026-05-23T14:38:57
/opt/airflow/dags/dag_04_silver_to_gold.py                             1           0  0.13s           2026-05-23T14:38:54
/opt/airflow/dags/dag_05_data_quality.py                               1           0  0.13s           2026-05-23T14:38:52
/opt/airflow/dags/dag_02_kafka_ingestion.py                            1           0  0.11s           2026-05-23T14:38:56
================================================================================
[2026-05-23T14:39:47.224+0000] {manager.py:878} INFO - 
================================================================================
DAG File Processing Stats

File Path                                     PID    Runtime      # DAGs    # Errors  Last Runtime    Last Run
--------------------------------------------  -----  ---------  --------  ----------  --------------  -------------------
/opt/airflow/dags/dag_01_batch_ingestion.py                            1           0  0.12s           2026-05-23T14:39:28
/opt/airflow/dags/dag_03_bronze_to_silver.py                           1           0  0.12s           2026-05-23T14:39:27
/opt/airflow/dags/dag_04_silver_to_gold.py                             1           0  0.12s           2026-05-23T14:39:24
/opt/airflow/dags/dag_05_data_quality.py                               1           0  0.12s           2026-05-23T14:39:22
/opt/airflow/dags/dag_02_kafka_ingestion.py                            1           0  0.12s           2026-05-23T14:39:27
================================================================================
[2026-05-23T14:40:17.748+0000] {manager.py:878} INFO - 
================================================================================
DAG File Processing Stats

File Path                                     PID    Runtime      # DAGs    # Errors  Last Runtime    Last Run
--------------------------------------------  -----  ---------  --------  ----------  --------------  -------------------
/opt/airflow/dags/dag_03_bronze_to_silver.py                           1           0  0.14s           2026-05-23T14:39:57
/opt/airflow/dags/dag_02_kafka_ingestion.py                            1           0  0.13s           2026-05-23T14:39:57
/opt/airflow/dags/dag_01_batch_ingestion.py                            1           0  0.13s           2026-05-23T14:39:58
/opt/airflow/dags/dag_04_silver_to_gold.py                             1           0  0.13s           2026-05-23T14:39:55
/opt/airflow/dags/dag_05_data_quality.py                               1           0  0.13s           2026-05-23T14:39:53
================================================================================
[2026-05-23T14:40:48.295+0000] {manager.py:878} INFO - 
================================================================================
DAG File Processing Stats

File Path                                     PID    Runtime      # DAGs    # Errors  Last Runtime    Last Run
--------------------------------------------  -----  ---------  --------  ----------  --------------  -------------------
/opt/airflow/dags/dag_04_silver_to_gold.py                             1           0  0.15s           2026-05-23T14:40:26
/opt/airflow/dags/dag_03_bronze_to_silver.py                           1           0  0.13s           2026-05-23T14:40:28
/opt/airflow/dags/dag_01_batch_ingestion.py                            1           0  0.13s           2026-05-23T14:40:29
/opt/airflow/dags/dag_02_kafka_ingestion.py                            1           0  0.12s           2026-05-23T14:40:28
/opt/airflow/dags/dag_05_data_quality.py                               1           0  0.12s           2026-05-23T14:40:23
================================================================================
[2026-05-23T14:41:18.481+0000] {manager.py:878} INFO - 
================================================================================
DAG File Processing Stats

File Path                                     PID    Runtime      # DAGs    # Errors  Last Runtime    Last Run
--------------------------------------------  -----  ---------  --------  ----------  --------------  -------------------
/opt/airflow/dags/dag_02_kafka_ingestion.py                            1           0  0.35s           2026-05-23T14:40:59
/opt/airflow/dags/dag_03_bronze_to_silver.py                           1           0  0.35s           2026-05-23T14:40:59
/opt/airflow/dags/dag_05_data_quality.py                               1           0  0.33s           2026-05-23T14:40:54
/opt/airflow/dags/dag_04_silver_to_gold.py                             1           0  0.31s           2026-05-23T14:40:56
/opt/airflow/dags/dag_01_batch_ingestion.py                            1           0  0.23s           2026-05-23T14:40:59
================================================================================
[2026-05-23T14:41:49.351+0000] {manager.py:878} INFO - 
================================================================================
DAG File Processing Stats

File Path                                     PID    Runtime      # DAGs    # Errors  Last Runtime    Last Run
--------------------------------------------  -----  ---------  --------  ----------  --------------  -------------------
/opt/airflow/dags/dag_01_batch_ingestion.py                            1           0  0.16s           2026-05-23T14:41:30
/opt/airflow/dags/dag_02_kafka_ingestion.py                            1           0  0.15s           2026-05-23T14:41:30
/opt/airflow/dags/dag_05_data_quality.py                               1           0  0.14s           2026-05-23T14:41:25
/opt/airflow/dags/dag_03_bronze_to_silver.py                           1           0  0.14s           2026-05-23T14:41:30
/opt/airflow/dags/dag_04_silver_to_gold.py                             1           0  0.14s           2026-05-23T14:41:27
================================================================================
[2026-05-23T14:42:19.958+0000] {manager.py:878} INFO - 
================================================================================
DAG File Processing Stats

File Path                                     PID    Runtime      # DAGs    # Errors  Last Runtime    Last Run
--------------------------------------------  -----  ---------  --------  ----------  --------------  -------------------
/opt/airflow/dags/dag_03_bronze_to_silver.py                           1           0  0.17s           2026-05-23T14:42:00
/opt/airflow/dags/dag_01_batch_ingestion.py                            1           0  0.16s           2026-05-23T14:42:00
/opt/airflow/dags/dag_02_kafka_ingestion.py                            1           0  0.15s           2026-05-23T14:42:00
/opt/airflow/dags/dag_04_silver_to_gold.py                             1           0  0.13s           2026-05-23T14:41:57
/opt/airflow/dags/dag_05_data_quality.py                               1           0  0.12s           2026-05-23T14:41:55
================================================================================
[2026-05-23T14:42:50.554+0000] {manager.py:878} INFO - 
================================================================================
DAG File Processing Stats

File Path                                     PID    Runtime      # DAGs    # Errors  Last Runtime    Last Run
--------------------------------------------  -----  ---------  --------  ----------  --------------  -------------------
/opt/airflow/dags/dag_02_kafka_ingestion.py                            1           0  0.16s           2026-05-23T14:42:31
/opt/airflow/dags/dag_01_batch_ingestion.py                            1           0  0.15s           2026-05-23T14:42:31
/opt/airflow/dags/dag_03_bronze_to_silver.py                           1           0  0.15s           2026-05-23T14:42:31
/opt/airflow/dags/dag_04_silver_to_gold.py                             1           0  0.14s           2026-05-23T14:42:28
/opt/airflow/dags/dag_05_data_quality.py                               1           0  0.13s           2026-05-23T14:42:26
================================================================================
[2026-05-23T14:43:21.107+0000] {manager.py:878} INFO - 
================================================================================
DAG File Processing Stats

File Path                                     PID    Runtime      # DAGs    # Errors  Last Runtime    Last Run
--------------------------------------------  -----  ---------  --------  ----------  --------------  -------------------
/opt/airflow/dags/dag_04_silver_to_gold.py                             1           0  0.15s           2026-05-23T14:42:58
/opt/airflow/dags/dag_05_data_quality.py                               1           0  0.13s           2026-05-23T14:42:56
/opt/airflow/dags/dag_03_bronze_to_silver.py                           1           0  0.13s           2026-05-23T14:43:01
/opt/airflow/dags/dag_01_batch_ingestion.py                            1           0  0.12s           2026-05-23T14:43:02
/opt/airflow/dags/dag_02_kafka_ingestion.py                            1           0  0.12s           2026-05-23T14:43:01
================================================================================
[2026-05-23T14:43:32.351+0000] {manager.py:737} INFO - Searching for files in /opt/airflow/dags
[2026-05-23T14:43:32.427+0000] {manager.py:740} INFO - There are 5 files in /opt/airflow/dags
[2026-05-23T14:43:51.787+0000] {manager.py:878} INFO - 
================================================================================
DAG File Processing Stats

File Path                                     PID    Runtime      # DAGs    # Errors  Last Runtime    Last Run
--------------------------------------------  -----  ---------  --------  ----------  --------------  -------------------
/opt/airflow/dags/dag_03_bronze_to_silver.py                           1           0  0.14s           2026-05-23T14:43:32
/opt/airflow/dags/dag_02_kafka_ingestion.py                            1           0  0.14s           2026-05-23T14:43:32
/opt/airflow/dags/dag_01_batch_ingestion.py                            1           0  0.14s           2026-05-23T14:43:32
/opt/airflow/dags/dag_05_data_quality.py                               1           0  0.14s           2026-05-23T14:43:27
/opt/airflow/dags/dag_04_silver_to_gold.py                             1           0  0.13s           2026-05-23T14:43:29
================================================================================
[2026-05-23T14:44:22.351+0000] {manager.py:878} INFO - 
================================================================================
DAG File Processing Stats

File Path                                     PID    Runtime      # DAGs    # Errors  Last Runtime    Last Run
--------------------------------------------  -----  ---------  --------  ----------  --------------  -------------------
/opt/airflow/dags/dag_02_kafka_ingestion.py                            1           0  0.15s           2026-05-23T14:44:03
/opt/airflow/dags/dag_03_bronze_to_silver.py                           1           0  0.14s           2026-05-23T14:44:03
/opt/airflow/dags/dag_05_data_quality.py                               1           0  0.14s           2026-05-23T14:43:57
/opt/airflow/dags/dag_04_silver_to_gold.py                             1           0  0.14s           2026-05-23T14:44:00
/opt/airflow/dags/dag_01_batch_ingestion.py                            1           0  0.13s           2026-05-23T14:44:03
================================================================================
[2026-05-23T14:44:52.927+0000] {manager.py:878} INFO - 
================================================================================
DAG File Processing Stats

File Path                                     PID    Runtime      # DAGs    # Errors  Last Runtime    Last Run
--------------------------------------------  -----  ---------  --------  ----------  --------------  -------------------
/opt/airflow/dags/dag_04_silver_to_gold.py                             1           0  0.15s           2026-05-23T14:44:30
/opt/airflow/dags/dag_03_bronze_to_silver.py                           1           0  0.14s           2026-05-23T14:44:33
/opt/airflow/dags/dag_05_data_quality.py                               1           0  0.13s           2026-05-23T14:44:28
/opt/airflow/dags/dag_01_batch_ingestion.py                            1           0  0.13s           2026-05-23T14:44:33
/opt/airflow/dags/dag_02_kafka_ingestion.py                            1           0  0.13s           2026-05-23T14:44:33
================================================================================
[2026-05-23T14:45:23.582+0000] {manager.py:878} INFO - 
================================================================================
DAG File Processing Stats

File Path                                     PID    Runtime      # DAGs    # Errors  Last Runtime    Last Run
--------------------------------------------  -----  ---------  --------  ----------  --------------  -------------------
/opt/airflow/dags/dag_03_bronze_to_silver.py                           1           0  0.19s           2026-05-23T14:45:04
/opt/airflow/dags/dag_02_kafka_ingestion.py                            1           0  0.19s           2026-05-23T14:45:04
/opt/airflow/dags/dag_04_silver_to_gold.py                             1           0  0.17s           2026-05-23T14:45:01
/opt/airflow/dags/dag_01_batch_ingestion.py                            1           0  0.15s           2026-05-23T14:45:04
/opt/airflow/dags/dag_05_data_quality.py                               1           0  0.15s           2026-05-23T14:44:59
================================================================================
[2026-05-23T14:45:54.250+0000] {manager.py:878} INFO - 
================================================================================
DAG File Processing Stats

File Path                                     PID    Runtime      # DAGs    # Errors  Last Runtime    Last Run
--------------------------------------------  -----  ---------  --------  ----------  --------------  -------------------
/opt/airflow/dags/dag_04_silver_to_gold.py                             1           0  0.18s           2026-05-23T14:45:31
/opt/airflow/dags/dag_01_batch_ingestion.py                            1           0  0.16s           2026-05-23T14:45:36
/opt/airflow/dags/dag_05_data_quality.py                               1           0  0.13s           2026-05-23T14:45:29
/opt/airflow/dags/dag_02_kafka_ingestion.py                            1           0  0.12s           2026-05-23T14:45:34
/opt/airflow/dags/dag_03_bronze_to_silver.py                           1           0  0.12s           2026-05-23T14:45:34
================================================================================
[2026-05-23T14:46:24.809+0000] {manager.py:878} INFO - 
================================================================================
DAG File Processing Stats

File Path                                     PID    Runtime      # DAGs    # Errors  Last Runtime    Last Run
--------------------------------------------  -----  ---------  --------  ----------  --------------  -------------------
/opt/airflow/dags/dag_05_data_quality.py                               1           0  0.48s           2026-05-23T14:46:00
/opt/airflow/dags/dag_04_silver_to_gold.py                             1           0  0.27s           2026-05-23T14:46:02
/opt/airflow/dags/dag_01_batch_ingestion.py                            1           0  0.21s           2026-05-23T14:46:06
/opt/airflow/dags/dag_02_kafka_ingestion.py                            1           0  0.20s           2026-05-23T14:46:05
/opt/airflow/dags/dag_03_bronze_to_silver.py                           1           0  0.20s           2026-05-23T14:46:05
================================================================================
[2026-05-23T14:46:55.284+0000] {manager.py:878} INFO - 
================================================================================
DAG File Processing Stats

File Path                                     PID    Runtime      # DAGs    # Errors  Last Runtime    Last Run
--------------------------------------------  -----  ---------  --------  ----------  --------------  -------------------
/opt/airflow/dags/dag_05_data_quality.py                               1           0  0.14s           2026-05-23T14:46:31
/opt/airflow/dags/dag_02_kafka_ingestion.py                            1           0  0.14s           2026-05-23T14:46:36
/opt/airflow/dags/dag_01_batch_ingestion.py                            1           0  0.14s           2026-05-23T14:46:37
/opt/airflow/dags/dag_03_bronze_to_silver.py                           1           0  0.14s           2026-05-23T14:46:36
/opt/airflow/dags/dag_04_silver_to_gold.py                             1           0  0.13s           2026-05-23T14:46:33
================================================================================
[2026-05-23T14:47:25.939+0000] {manager.py:878} INFO - 
================================================================================
DAG File Processing Stats

File Path                                     PID    Runtime      # DAGs    # Errors  Last Runtime    Last Run
--------------------------------------------  -----  ---------  --------  ----------  --------------  -------------------
/opt/airflow/dags/dag_05_data_quality.py                               1           0  0.19s           2026-05-23T14:47:01
/opt/airflow/dags/dag_03_bronze_to_silver.py                           1           0  0.17s           2026-05-23T14:47:06
/opt/airflow/dags/dag_04_silver_to_gold.py                             1           0  0.16s           2026-05-23T14:47:03
/opt/airflow/dags/dag_02_kafka_ingestion.py                            1           0  0.16s           2026-05-23T14:47:06
/opt/airflow/dags/dag_01_batch_ingestion.py                            1           0  0.16s           2026-05-23T14:47:07
================================================================================
[2026-05-23T14:47:56.496+0000] {manager.py:878} INFO - 
================================================================================
DAG File Processing Stats

File Path                                     PID    Runtime      # DAGs    # Errors  Last Runtime    Last Run
--------------------------------------------  -----  ---------  --------  ----------  --------------  -------------------
/opt/airflow/dags/dag_01_batch_ingestion.py                            1           0  0.14s           2026-05-23T14:47:38
/opt/airflow/dags/dag_02_kafka_ingestion.py                            1           0  0.14s           2026-05-23T14:47:37
/opt/airflow/dags/dag_03_bronze_to_silver.py                           1           0  0.14s           2026-05-23T14:47:37
/opt/airflow/dags/dag_04_silver_to_gold.py                             1           0  0.13s           2026-05-23T14:47:34
/opt/airflow/dags/dag_05_data_quality.py                               1           0  0.13s           2026-05-23T14:47:32
================================================================================
[2026-05-23T14:48:27.071+0000] {manager.py:878} INFO - 
================================================================================
DAG File Processing Stats

File Path                                     PID    Runtime      # DAGs    # Errors  Last Runtime    Last Run
--------------------------------------------  -----  ---------  --------  ----------  --------------  -------------------
/opt/airflow/dags/dag_03_bronze_to_silver.py                           1           0  0.14s           2026-05-23T14:48:07
/opt/airflow/dags/dag_01_batch_ingestion.py                            1           0  0.14s           2026-05-23T14:48:09
/opt/airflow/dags/dag_05_data_quality.py                               1           0  0.14s           2026-05-23T14:48:02
/opt/airflow/dags/dag_02_kafka_ingestion.py                            1           0  0.13s           2026-05-23T14:48:07
/opt/airflow/dags/dag_04_silver_to_gold.py                             1           0  0.12s           2026-05-23T14:48:04
================================================================================
[2026-05-23T14:48:33.118+0000] {manager.py:737} INFO - Searching for files in /opt/airflow/dags
[2026-05-23T14:48:33.166+0000] {manager.py:740} INFO - There are 5 files in /opt/airflow/dags
[2026-05-23T14:48:57.739+0000] {manager.py:878} INFO - 
================================================================================
DAG File Processing Stats

File Path                                     PID    Runtime      # DAGs    # Errors  Last Runtime    Last Run
--------------------------------------------  -----  ---------  --------  ----------  --------------  -------------------
/opt/airflow/dags/dag_01_batch_ingestion.py                            1           0  0.24s           2026-05-23T14:48:39
/opt/airflow/dags/dag_05_data_quality.py                               1           0  0.15s           2026-05-23T14:48:33
/opt/airflow/dags/dag_03_bronze_to_silver.py                           1           0  0.15s           2026-05-23T14:48:38
/opt/airflow/dags/dag_02_kafka_ingestion.py                            1           0  0.15s           2026-05-23T14:48:38
/opt/airflow/dags/dag_04_silver_to_gold.py                             1           0  0.13s           2026-05-23T14:48:35
================================================================================
[2026-05-23T14:49:28.239+0000] {manager.py:878} INFO - 
================================================================================
DAG File Processing Stats

File Path                                     PID    Runtime      # DAGs    # Errors  Last Runtime    Last Run
--------------------------------------------  -----  ---------  --------  ----------  --------------  -------------------
/opt/airflow/dags/dag_04_silver_to_gold.py                             1           0  0.69s           2026-05-23T14:49:06
/opt/airflow/dags/dag_05_data_quality.py                               1           0  0.32s           2026-05-23T14:49:04
/opt/airflow/dags/dag_01_batch_ingestion.py                            1           0  0.24s           2026-05-23T14:49:10
/opt/airflow/dags/dag_03_bronze_to_silver.py                           1           0  0.23s           2026-05-23T14:49:08
/opt/airflow/dags/dag_02_kafka_ingestion.py                            1           0  0.23s           2026-05-23T14:49:09
================================================================================
[2026-05-23T14:49:58.655+0000] {manager.py:878} INFO - 
================================================================================
DAG File Processing Stats

File Path                                     PID    Runtime      # DAGs    # Errors  Last Runtime    Last Run
--------------------------------------------  -----  ---------  --------  ----------  --------------  -------------------
/opt/airflow/dags/dag_01_batch_ingestion.py                            1           0  0.13s           2026-05-23T14:49:40
/opt/airflow/dags/dag_05_data_quality.py                               1           0  0.13s           2026-05-23T14:49:34
/opt/airflow/dags/dag_03_bronze_to_silver.py                           1           0  0.13s           2026-05-23T14:49:39
/opt/airflow/dags/dag_02_kafka_ingestion.py                            1           0  0.12s           2026-05-23T14:49:39
/opt/airflow/dags/dag_04_silver_to_gold.py                             1           0  0.12s           2026-05-23T14:49:37
================================================================================
[2026-05-23T14:50:29.216+0000] {manager.py:878} INFO - 
================================================================================
DAG File Processing Stats

File Path                                     PID    Runtime      # DAGs    # Errors  Last Runtime    Last Run
--------------------------------------------  -----  ---------  --------  ----------  --------------  -------------------
/opt/airflow/dags/dag_05_data_quality.py                               1           0  0.15s           2026-05-23T14:50:04
/opt/airflow/dags/dag_01_batch_ingestion.py                            1           0  0.14s           2026-05-23T14:50:11
/opt/airflow/dags/dag_03_bronze_to_silver.py                           1           0  0.13s           2026-05-23T14:50:10
/opt/airflow/dags/dag_04_silver_to_gold.py                             1           0  0.13s           2026-05-23T14:50:07
/opt/airflow/dags/dag_02_kafka_ingestion.py                            1           0  0.13s           2026-05-23T14:50:10
================================================================================
[2026-05-23T14:50:59.775+0000] {manager.py:878} INFO - 
================================================================================
DAG File Processing Stats

File Path                                     PID    Runtime      # DAGs    # Errors  Last Runtime    Last Run
--------------------------------------------  -----  ---------  --------  ----------  --------------  -------------------
/opt/airflow/dags/dag_01_batch_ingestion.py                            1           0  0.17s           2026-05-23T14:50:41
/opt/airflow/dags/dag_02_kafka_ingestion.py                            1           0  0.13s           2026-05-23T14:50:40
/opt/airflow/dags/dag_03_bronze_to_silver.py                           1           0  0.13s           2026-05-23T14:50:40
/opt/airflow/dags/dag_05_data_quality.py                               1           0  0.13s           2026-05-23T14:50:35
/opt/airflow/dags/dag_04_silver_to_gold.py                             1           0  0.12s           2026-05-23T14:50:38
================================================================================
[2026-05-23T14:51:30.104+0000] {manager.py:878} INFO - 
================================================================================
DAG File Processing Stats

File Path                                     PID    Runtime      # DAGs    # Errors  Last Runtime    Last Run
--------------------------------------------  -----  ---------  --------  ----------  --------------  -------------------
/opt/airflow/dags/dag_03_bronze_to_silver.py                           1           0  0.69s           2026-05-23T14:51:11
/opt/airflow/dags/dag_02_kafka_ingestion.py                            1           0  0.68s           2026-05-23T14:51:11
/opt/airflow/dags/dag_01_batch_ingestion.py                            1           0  0.38s           2026-05-23T14:51:13
/opt/airflow/dags/dag_04_silver_to_gold.py                             1           0  0.17s           2026-05-23T14:51:09
/opt/airflow/dags/dag_05_data_quality.py                               1           0  0.14s           2026-05-23T14:51:05
================================================================================
[2026-05-23T14:52:00.181+0000] {manager.py:878} INFO - 
================================================================================
DAG File Processing Stats

File Path                                     PID    Runtime      # DAGs    # Errors  Last Runtime    Last Run
--------------------------------------------  -----  ---------  --------  ----------  --------------  -------------------
/opt/airflow/dags/dag_05_data_quality.py                               1           0  0.45s           2026-05-23T14:51:36
/opt/airflow/dags/dag_04_silver_to_gold.py                             1           0  0.20s           2026-05-23T14:51:39
/opt/airflow/dags/dag_02_kafka_ingestion.py                            1           0  0.16s           2026-05-23T14:51:42
/opt/airflow/dags/dag_03_bronze_to_silver.py                           1           0  0.16s           2026-05-23T14:51:41
/opt/airflow/dags/dag_01_batch_ingestion.py                            1           0  0.15s           2026-05-23T14:51:44
================================================================================
[2026-05-23T14:52:30.730+0000] {manager.py:878} INFO - 
================================================================================
DAG File Processing Stats

File Path                                     PID    Runtime      # DAGs    # Errors  Last Runtime    Last Run
--------------------------------------------  -----  ---------  --------  ----------  --------------  -------------------
/opt/airflow/dags/dag_01_batch_ingestion.py                            1           0  0.14s           2026-05-23T14:52:14
/opt/airflow/dags/dag_03_bronze_to_silver.py                           1           0  0.14s           2026-05-23T14:52:12
/opt/airflow/dags/dag_02_kafka_ingestion.py                            1           0  0.13s           2026-05-23T14:52:12
/opt/airflow/dags/dag_05_data_quality.py                               1           0  0.12s           2026-05-23T14:52:07
/opt/airflow/dags/dag_04_silver_to_gold.py                             1           0  0.12s           2026-05-23T14:52:10
================================================================================
[2026-05-23T14:53:01.290+0000] {manager.py:878} INFO - 
================================================================================
DAG File Processing Stats

File Path                                     PID    Runtime      # DAGs    # Errors  Last Runtime    Last Run
--------------------------------------------  -----  ---------  --------  ----------  --------------  -------------------
/opt/airflow/dags/dag_01_batch_ingestion.py                            1           0  0.19s           2026-05-23T14:52:45
/opt/airflow/dags/dag_03_bronze_to_silver.py                           1           0  0.16s           2026-05-23T14:52:43
/opt/airflow/dags/dag_02_kafka_ingestion.py                            1           0  0.16s           2026-05-23T14:52:43
/opt/airflow/dags/dag_04_silver_to_gold.py                             1           0  0.14s           2026-05-23T14:52:40
/opt/airflow/dags/dag_05_data_quality.py                               1           0  0.13s           2026-05-23T14:52:37
================================================================================
[2026-05-23T14:53:31.876+0000] {manager.py:878} INFO - 
================================================================================
DAG File Processing Stats

File Path                                     PID    Runtime      # DAGs    # Errors  Last Runtime    Last Run
--------------------------------------------  -----  ---------  --------  ----------  --------------  -------------------
/opt/airflow/dags/dag_02_kafka_ingestion.py                            1           0  0.54s           2026-05-23T14:53:14
/opt/airflow/dags/dag_01_batch_ingestion.py                            1           0  0.13s           2026-05-23T14:53:15
/opt/airflow/dags/dag_05_data_quality.py                               1           0  0.13s           2026-05-23T14:53:08
/opt/airflow/dags/dag_03_bronze_to_silver.py                           1           0  0.13s           2026-05-23T14:53:13
/opt/airflow/dags/dag_04_silver_to_gold.py                             1           0  0.12s           2026-05-23T14:53:11
================================================================================
[2026-05-23T14:53:33.889+0000] {manager.py:737} INFO - Searching for files in /opt/airflow/dags
[2026-05-23T14:53:33.951+0000] {manager.py:740} INFO - There are 5 files in /opt/airflow/dags
[2026-05-23T14:54:02.520+0000] {manager.py:878} INFO - 
================================================================================
DAG File Processing Stats

File Path                                     PID    Runtime      # DAGs    # Errors  Last Runtime    Last Run
--------------------------------------------  -----  ---------  --------  ----------  --------------  -------------------
/opt/airflow/dags/dag_05_data_quality.py                               1           0  0.14s           2026-05-23T14:53:39
/opt/airflow/dags/dag_03_bronze_to_silver.py                           1           0  0.14s           2026-05-23T14:53:44
/opt/airflow/dags/dag_02_kafka_ingestion.py                            1           0  0.13s           2026-05-23T14:53:44
/opt/airflow/dags/dag_04_silver_to_gold.py                             1           0  0.13s           2026-05-23T14:53:42
/opt/airflow/dags/dag_01_batch_ingestion.py                            1           0  0.13s           2026-05-23T14:53:46
================================================================================
[2026-05-23T14:54:33.131+0000] {manager.py:878} INFO - 
================================================================================
DAG File Processing Stats

File Path                                     PID    Runtime      # DAGs    # Errors  Last Runtime    Last Run
--------------------------------------------  -----  ---------  --------  ----------  --------------  -------------------
/opt/airflow/dags/dag_05_data_quality.py                               1           0  0.26s           2026-05-23T14:54:09
/opt/airflow/dags/dag_03_bronze_to_silver.py                           1           0  0.22s           2026-05-23T14:54:14
/opt/airflow/dags/dag_02_kafka_ingestion.py                            1           0  0.22s           2026-05-23T14:54:14
/opt/airflow/dags/dag_01_batch_ingestion.py                            1           0  0.21s           2026-05-23T14:54:17
/opt/airflow/dags/dag_04_silver_to_gold.py                             1           0  0.20s           2026-05-23T14:54:12
================================================================================
[2026-05-23T14:55:03.714+0000] {manager.py:878} INFO - 
================================================================================
DAG File Processing Stats

File Path                                     PID    Runtime      # DAGs    # Errors  Last Runtime    Last Run
--------------------------------------------  -----  ---------  --------  ----------  --------------  -------------------
/opt/airflow/dags/dag_04_silver_to_gold.py                             1           0  0.17s           2026-05-23T14:54:43
/opt/airflow/dags/dag_05_data_quality.py                               1           0  0.15s           2026-05-23T14:54:40
/opt/airflow/dags/dag_01_batch_ingestion.py                            1           0  0.14s           2026-05-23T14:54:47
/opt/airflow/dags/dag_03_bronze_to_silver.py                           1           0  0.14s           2026-05-23T14:54:45
/opt/airflow/dags/dag_02_kafka_ingestion.py                            1           0  0.13s           2026-05-23T14:54:45
================================================================================
[2026-05-23T14:55:34.305+0000] {manager.py:878} INFO - 
================================================================================
DAG File Processing Stats

File Path                                     PID    Runtime      # DAGs    # Errors  Last Runtime    Last Run
--------------------------------------------  -----  ---------  --------  ----------  --------------  -------------------
/opt/airflow/dags/dag_02_kafka_ingestion.py                            1           0  0.18s           2026-05-23T14:55:16
/opt/airflow/dags/dag_03_bronze_to_silver.py                           1           0  0.17s           2026-05-23T14:55:16
/opt/airflow/dags/dag_01_batch_ingestion.py                            1           0  0.14s           2026-05-23T14:55:18
/opt/airflow/dags/dag_04_silver_to_gold.py                             1           0  0.12s           2026-05-23T14:55:14
/opt/airflow/dags/dag_05_data_quality.py                               1           0  0.12s           2026-05-23T14:55:10
================================================================================
[2026-05-23T14:56:04.949+0000] {manager.py:878} INFO - 
================================================================================
DAG File Processing Stats

File Path                                     PID    Runtime      # DAGs    # Errors  Last Runtime    Last Run
--------------------------------------------  -----  ---------  --------  ----------  --------------  -------------------
/opt/airflow/dags/dag_01_batch_ingestion.py                            1           0  0.19s           2026-05-23T14:55:48
/opt/airflow/dags/dag_03_bronze_to_silver.py                           1           0  0.19s           2026-05-23T14:55:46
/opt/airflow/dags/dag_02_kafka_ingestion.py                            1           0  0.18s           2026-05-23T14:55:46
/opt/airflow/dags/dag_04_silver_to_gold.py                             1           0  0.15s           2026-05-23T14:55:44
/opt/airflow/dags/dag_05_data_quality.py                               1           0  0.12s           2026-05-23T14:55:41
================================================================================
[2026-05-23T14:56:35.590+0000] {manager.py:878} INFO - 
================================================================================
DAG File Processing Stats

File Path                                     PID    Runtime      # DAGs    # Errors  Last Runtime    Last Run
--------------------------------------------  -----  ---------  --------  ----------  --------------  -------------------
/opt/airflow/dags/dag_04_silver_to_gold.py                             1           0  0.79s           2026-05-23T14:56:16
/opt/airflow/dags/dag_05_data_quality.py                               1           0  0.23s           2026-05-23T14:56:12
/opt/airflow/dags/dag_03_bronze_to_silver.py                           1           0  0.22s           2026-05-23T14:56:17
/opt/airflow/dags/dag_01_batch_ingestion.py                            1           0  0.22s           2026-05-23T14:56:19
/opt/airflow/dags/dag_02_kafka_ingestion.py                            1           0  0.20s           2026-05-23T14:56:17
================================================================================
[2026-05-23T14:57:06.120+0000] {manager.py:878} INFO - 
================================================================================
DAG File Processing Stats

File Path                                     PID    Runtime      # DAGs    # Errors  Last Runtime    Last Run
--------------------------------------------  -----  ---------  --------  ----------  --------------  -------------------
/opt/airflow/dags/dag_03_bronze_to_silver.py                           1           0  0.14s           2026-05-23T14:56:47
/opt/airflow/dags/dag_01_batch_ingestion.py                            1           0  0.13s           2026-05-23T14:56:50
/opt/airflow/dags/dag_04_silver_to_gold.py                             1           0  0.13s           2026-05-23T14:56:46
/opt/airflow/dags/dag_05_data_quality.py                               1           0  0.12s           2026-05-23T14:56:42
/opt/airflow/dags/dag_02_kafka_ingestion.py                            1           0  0.12s           2026-05-23T14:56:47
================================================================================
[2026-05-23T14:57:36.615+0000] {manager.py:878} INFO - 
================================================================================
DAG File Processing Stats

File Path                                     PID    Runtime      # DAGs    # Errors  Last Runtime    Last Run
--------------------------------------------  -----  ---------  --------  ----------  --------------  -------------------
/opt/airflow/dags/dag_03_bronze_to_silver.py                           1           0  0.20s           2026-05-23T14:57:18
/opt/airflow/dags/dag_02_kafka_ingestion.py                            1           0  0.19s           2026-05-23T14:57:18
/opt/airflow/dags/dag_05_data_quality.py                               1           0  0.13s           2026-05-23T14:57:13
/opt/airflow/dags/dag_01_batch_ingestion.py                            1           0  0.12s           2026-05-23T14:57:20
/opt/airflow/dags/dag_04_silver_to_gold.py                             1           0  0.12s           2026-05-23T14:57:17
================================================================================
[2026-05-23T14:58:07.165+0000] {manager.py:878} INFO - 
================================================================================
DAG File Processing Stats

File Path                                     PID    Runtime      # DAGs    # Errors  Last Runtime    Last Run
--------------------------------------------  -----  ---------  --------  ----------  --------------  -------------------
/opt/airflow/dags/dag_03_bronze_to_silver.py                           1           0  0.13s           2026-05-23T14:57:49
/opt/airflow/dags/dag_01_batch_ingestion.py                            1           0  0.13s           2026-05-23T14:57:51
/opt/airflow/dags/dag_04_silver_to_gold.py                             1           0  0.13s           2026-05-23T14:57:47
/opt/airflow/dags/dag_05_data_quality.py                               1           0  0.12s           2026-05-23T14:57:43
/opt/airflow/dags/dag_02_kafka_ingestion.py                            1           0  0.12s           2026-05-23T14:57:49
================================================================================
[2026-05-23T14:58:34.689+0000] {manager.py:737} INFO - Searching for files in /opt/airflow/dags
[2026-05-23T14:58:34.737+0000] {manager.py:740} INFO - There are 5 files in /opt/airflow/dags
[2026-05-23T14:58:37.772+0000] {manager.py:878} INFO - 
================================================================================
DAG File Processing Stats

File Path                                     PID    Runtime      # DAGs    # Errors  Last Runtime    Last Run
--------------------------------------------  -----  ---------  --------  ----------  --------------  -------------------
/opt/airflow/dags/dag_03_bronze_to_silver.py                           1           0  0.14s           2026-05-23T14:58:19
/opt/airflow/dags/dag_02_kafka_ingestion.py                            1           0  0.14s           2026-05-23T14:58:19
/opt/airflow/dags/dag_04_silver_to_gold.py                             1           0  0.13s           2026-05-23T14:58:18
/opt/airflow/dags/dag_05_data_quality.py                               1           0  0.13s           2026-05-23T14:58:14
/opt/airflow/dags/dag_01_batch_ingestion.py                            1           0  0.13s           2026-05-23T14:58:21
================================================================================
