[2026-05-23T14:54:14.955+0000] {local_task_job_runner.py:120} INFO - ::group::Pre task execution logs
[2026-05-23T14:54:15.002+0000] {taskinstance.py:2076} INFO - Dependencies all met for dep_context=non-requeueable deps ti=<TaskInstance: 03_bronze_to_silver_transformation.transform_weather manual__2026-05-23T14:48:57.362785+00:00 [queued]>
[2026-05-23T14:54:15.011+0000] {taskinstance.py:2076} INFO - Dependencies all met for dep_context=requeueable deps ti=<TaskInstance: 03_bronze_to_silver_transformation.transform_weather manual__2026-05-23T14:48:57.362785+00:00 [queued]>
[2026-05-23T14:54:15.012+0000] {taskinstance.py:2306} INFO - Starting attempt 2 of 3
[2026-05-23T14:54:15.024+0000] {taskinstance.py:2330} INFO - Executing <Task(PythonOperator): transform_weather> on 2026-05-23 14:48:57.362785+00:00
[2026-05-23T14:54:15.032+0000] {standard_task_runner.py:63} INFO - Started process 8419 to run task
[2026-05-23T14:54:15.035+0000] {standard_task_runner.py:90} INFO - Running: ['***', 'tasks', 'run', '03_bronze_to_silver_transformation', 'transform_weather', 'manual__2026-05-23T14:48:57.362785+00:00', '--job-id', '61', '--raw', '--subdir', 'DAGS_FOLDER/dag_03_bronze_to_silver.py', '--cfg-path', '/tmp/tmp1lxczonp']
[2026-05-23T14:54:15.038+0000] {standard_task_runner.py:91} INFO - Job 61: Subtask transform_weather
[2026-05-23T14:54:15.110+0000] {task_command.py:426} INFO - Running <TaskInstance: 03_bronze_to_silver_transformation.transform_weather manual__2026-05-23T14:48:57.362785+00:00 [running]> on host 8ea7e69b3fbf
[2026-05-23T14:54:15.225+0000] {taskinstance.py:2648} INFO - Exporting env vars: AIRFLOW_CTX_DAG_OWNER='data-engineering' AIRFLOW_CTX_DAG_ID='03_bronze_to_silver_transformation' AIRFLOW_CTX_TASK_ID='transform_weather' AIRFLOW_CTX_EXECUTION_DATE='2026-05-23T14:48:57.362785+00:00' AIRFLOW_CTX_TRY_NUMBER='2' AIRFLOW_CTX_DAG_RUN_ID='manual__2026-05-23T14:48:57.362785+00:00'
[2026-05-23T14:54:15.226+0000] {taskinstance.py:430} INFO - ::endgroup::
[2026-05-23T14:54:22.583+0000] {taskinstance.py:441} INFO - ::group::Post task execution logs
[2026-05-23T14:54:22.584+0000] {taskinstance.py:2905} ERROR - Task failed with exception
Traceback (most recent call last):
  File "/home/airflow/.local/lib/python3.11/site-packages/airflow/models/taskinstance.py", line 465, in _execute_task
    result = _execute_callable(context=context, **execute_callable_kwargs)
             ^^^^^^^^^^^^^^^^^^^^^^^^^^^^^^^^^^^^^^^^^^^^^^^^^^^^^^^^^^^^^
  File "/home/airflow/.local/lib/python3.11/site-packages/airflow/models/taskinstance.py", line 432, in _execute_callable
    return execute_callable(context=context, **execute_callable_kwargs)
           ^^^^^^^^^^^^^^^^^^^^^^^^^^^^^^^^^^^^^^^^^^^^^^^^^^^^^^^^^^^^
  File "/home/airflow/.local/lib/python3.11/site-packages/airflow/models/baseoperator.py", line 400, in wrapper
    return func(self, *args, **kwargs)
           ^^^^^^^^^^^^^^^^^^^^^^^^^^^
  File "/home/airflow/.local/lib/python3.11/site-packages/airflow/operators/python.py", line 235, in execute
    return_value = self.execute_callable()
                   ^^^^^^^^^^^^^^^^^^^^^^^
  File "/home/airflow/.local/lib/python3.11/site-packages/airflow/operators/python.py", line 252, in execute_callable
    return self.python_callable(*self.op_args, **self.op_kwargs)
           ^^^^^^^^^^^^^^^^^^^^^^^^^^^^^^^^^^^^^^^^^^^^^^^^^^^^^
  File "/opt/airflow/dags/dag_03_bronze_to_silver.py", line 134, in transform_weather
    conn = duckdb.connect(db)
           ^^^^^^^^^^^^^^^^^^
duckdb.duckdb.IOException: IO Error: Could not set lock on file "/opt/***/data/duckdb/urban_intelligence.duckdb": Conflicting lock is held in /usr/local/bin/python3.11 (PID 8418). See also https://duckdb.org/docs/connect/concurrency
[2026-05-23T14:54:22.602+0000] {taskinstance.py:1206} INFO - Marking task as UP_FOR_RETRY. dag_id=03_bronze_to_silver_transformation, task_id=transform_weather, run_id=manual__2026-05-23T14:48:57.362785+00:00, execution_date=20260523T144857, start_date=20260523T145415, end_date=20260523T145422
[2026-05-23T14:54:23.024+0000] {standard_task_runner.py:110} ERROR - Failed to execute job 61 for task transform_weather (IO Error: Could not set lock on file "/opt/***/data/duckdb/urban_intelligence.duckdb": Conflicting lock is held in /usr/local/bin/python3.11 (PID 8418). See also https://duckdb.org/docs/connect/concurrency; 8419)
[2026-05-23T14:54:23.081+0000] {local_task_job_runner.py:240} INFO - Task exited with return code 1
[2026-05-23T14:54:23.093+0000] {local_task_job_runner.py:222} INFO - ::endgroup::
