[2026-05-23T14:55:43.034+0000] {local_task_job_runner.py:120} INFO - ::group::Pre task execution logs
[2026-05-23T14:55:43.068+0000] {taskinstance.py:2076} INFO - Dependencies all met for dep_context=non-requeueable deps ti=<TaskInstance: 01_metadata_driven_batch_ingestion.ingest_kaggle_datasets manual__2026-05-23T14:47:27.304537+00:00 [queued]>
[2026-05-23T14:55:43.074+0000] {taskinstance.py:2076} INFO - Dependencies all met for dep_context=requeueable deps ti=<TaskInstance: 01_metadata_driven_batch_ingestion.ingest_kaggle_datasets manual__2026-05-23T14:47:27.304537+00:00 [queued]>
[2026-05-23T14:55:43.075+0000] {taskinstance.py:2306} INFO - Starting attempt 2 of 4
[2026-05-23T14:55:43.084+0000] {taskinstance.py:2330} INFO - Executing <Task(PythonOperator): ingest_kaggle_datasets> on 2026-05-23 14:47:27.304537+00:00
[2026-05-23T14:55:43.090+0000] {standard_task_runner.py:63} INFO - Started process 8778 to run task
[2026-05-23T14:55:43.092+0000] {standard_task_runner.py:90} INFO - Running: ['***', 'tasks', 'run', '01_metadata_driven_batch_ingestion', 'ingest_kaggle_datasets', 'manual__2026-05-23T14:47:27.304537+00:00', '--job-id', '63', '--raw', '--subdir', 'DAGS_FOLDER/dag_01_batch_ingestion.py', '--cfg-path', '/tmp/tmpzti3nfy6']
[2026-05-23T14:55:43.094+0000] {standard_task_runner.py:91} INFO - Job 63: Subtask ingest_kaggle_datasets
[2026-05-23T14:55:43.148+0000] {task_command.py:426} INFO - Running <TaskInstance: 01_metadata_driven_batch_ingestion.ingest_kaggle_datasets manual__2026-05-23T14:47:27.304537+00:00 [running]> on host 8ea7e69b3fbf
[2026-05-23T14:55:43.222+0000] {taskinstance.py:2648} INFO - Exporting env vars: AIRFLOW_CTX_DAG_OWNER='data-engineering' AIRFLOW_CTX_DAG_ID='01_metadata_driven_batch_ingestion' AIRFLOW_CTX_TASK_ID='ingest_kaggle_datasets' AIRFLOW_CTX_EXECUTION_DATE='2026-05-23T14:47:27.304537+00:00' AIRFLOW_CTX_TRY_NUMBER='2' AIRFLOW_CTX_DAG_RUN_ID='manual__2026-05-23T14:47:27.304537+00:00'
[2026-05-23T14:55:43.223+0000] {taskinstance.py:430} INFO - ::endgroup::
[2026-05-23T14:56:17.769+0000] {logging_mixin.py:188} INFO - 2026-05-23 14:56:17 | INFO     | ingestion_engine.engine | Loaded source config: air_quality from air_quality.yaml
[2026-05-23T14:56:17.777+0000] {logging_mixin.py:188} INFO - 2026-05-23 14:56:17 | INFO     | ingestion_engine.engine | Loaded source config: city_demographics from city_demographics.yaml
[2026-05-23T14:56:17.789+0000] {logging_mixin.py:188} INFO - 2026-05-23 14:56:17 | INFO     | ingestion_engine.engine | Loaded source config: open_weather_api from open_weather_api.yaml
[2026-05-23T14:56:17.799+0000] {logging_mixin.py:188} INFO - 2026-05-23 14:56:17 | INFO     | ingestion_engine.engine | Loaded source config: public_transit_api from public_transit_api.yaml
[2026-05-23T14:56:17.809+0000] {logging_mixin.py:188} INFO - 2026-05-23 14:56:17 | INFO     | ingestion_engine.engine | Loaded source config: urban_events_kafka from urban_events_kafka.yaml
[2026-05-23T14:56:17.820+0000] {logging_mixin.py:188} INFO - 2026-05-23 14:56:17 | INFO     | ingestion_engine.engine | Loaded source config: urban_traffic from urban_traffic.yaml
[2026-05-23T14:56:17.820+0000] {logging_mixin.py:188} INFO - 2026-05-23 14:56:17 | INFO     | ingestion_engine.engine | Loaded 6 enabled source configurations
[2026-05-23T14:56:17.820+0000] {logging_mixin.py:188} INFO - 2026-05-23 14:56:17 | INFO     | ingestion_engine.engine | Starting ingestion | source_id=air_quality | type=kaggle | handler=KaggleIngestionSource
[2026-05-23T14:56:17.863+0000] {logging_mixin.py:188} INFO - 2026-05-23 14:56:17 | INFO     | ingestion_engine.utils.db_manager | DuckDB schemas initialized: bronze, silver, gold, staging
[2026-05-23T14:56:17.864+0000] {logging_mixin.py:188} INFO - 2026-05-23 14:56:17 | INFO     | ingestion_engine.utils.db_manager | DuckDBManager initialized: /opt/***/data/duckdb/urban_intelligence.duckdb
[2026-05-23T14:56:17.865+0000] {logging_mixin.py:188} INFO - 2026-05-23 14:56:17 | INFO     | ingestion_engine.sources.base_source | [air_quality] ── EXTRACT ──
[2026-05-23T14:56:17.870+0000] {logging_mixin.py:188} INFO - 2026-05-23 14:56:17 | INFO     | ingestion_engine.sources.kaggle_source | [air_quality] Using cached file: /opt/***/data/raw/air_quality/city_hour.csv
[2026-05-23T14:56:18.092+0000] {logging_mixin.py:188} INFO - 2026-05-23 14:56:18 | INFO     | ingestion_engine.sources.base_source | [air_quality] Extracted 70080 rows
[2026-05-23T14:56:18.092+0000] {logging_mixin.py:188} INFO - 2026-05-23 14:56:18 | INFO     | ingestion_engine.sources.base_source | [air_quality] ── TRANSFORM ──
[2026-05-23T14:56:18.106+0000] {logging_mixin.py:188} INFO - 2026-05-23 14:56:18 | ERROR    | ingestion_engine.sources.base_source | [air_quality] Ingestion error: 'bool' object has no attribute 'startswith'
Traceback (most recent call last):
  File "/opt/***/ingestion_engine/sources/base_source.py", line 98, in ingest
    df_transformed = self.transform(df_raw)
                     ^^^^^^^^^^^^^^^^^^^^^^
  File "/opt/***/ingestion_engine/sources/base_source.py", line 49, in transform
    df = self.schema_mapper.apply(df)
         ^^^^^^^^^^^^^^^^^^^^^^^^^^^^
  File "/opt/***/ingestion_engine/utils/schema_mapper.py", line 58, in apply
    elif src_col.startswith("$."):
         ^^^^^^^^^^^^^^^^^^
AttributeError: 'bool' object has no attribute 'startswith'
[2026-05-23T14:56:18.154+0000] {logging_mixin.py:188} INFO - 2026-05-23 14:56:18 | INFO     | ingestion_engine.utils.db_manager | Wrote 1 rows to bronze.ingestion_audit (mode=append)
[2026-05-23T14:56:18.192+0000] {logging_mixin.py:188} INFO - 2026-05-23 14:56:18 | ERROR    | ingestion_engine.engine | Ingestion failed for air_quality: 'bool' object has no attribute 'startswith'
Traceback (most recent call last):
  File "/opt/***/ingestion_engine/engine.py", line 125, in run_by_type
    result = self._execute_ingestion(config)
             ^^^^^^^^^^^^^^^^^^^^^^^^^^^^^^^
  File "/opt/***/ingestion_engine/engine.py", line 177, in _execute_ingestion
    result = handler.ingest()
             ^^^^^^^^^^^^^^^^
  File "/opt/***/ingestion_engine/sources/base_source.py", line 98, in ingest
    df_transformed = self.transform(df_raw)
                     ^^^^^^^^^^^^^^^^^^^^^^
  File "/opt/***/ingestion_engine/sources/base_source.py", line 49, in transform
    df = self.schema_mapper.apply(df)
         ^^^^^^^^^^^^^^^^^^^^^^^^^^^^
  File "/opt/***/ingestion_engine/utils/schema_mapper.py", line 58, in apply
    elif src_col.startswith("$."):
         ^^^^^^^^^^^^^^^^^^
AttributeError: 'bool' object has no attribute 'startswith'
[2026-05-23T14:56:18.194+0000] {logging_mixin.py:188} INFO - 2026-05-23 14:56:18 | INFO     | ingestion_engine.engine | Starting ingestion | source_id=urban_traffic | type=kaggle | handler=KaggleIngestionSource
[2026-05-23T14:56:18.195+0000] {logging_mixin.py:188} INFO - 2026-05-23 14:56:18 | INFO     | ingestion_engine.sources.base_source | [urban_traffic] ── EXTRACT ──
[2026-05-23T14:56:18.200+0000] {logging_mixin.py:188} INFO - 2026-05-23 14:56:18 | INFO     | ingestion_engine.sources.kaggle_source | [urban_traffic] Using cached file: /opt/***/data/raw/traffic/Metro_Interstate_Traffic_Volume.csv
[2026-05-23T14:56:18.224+0000] {logging_mixin.py:188} INFO - 2026-05-23 14:56:18 | INFO     | ingestion_engine.sources.base_source | [urban_traffic] Extracted 10000 rows
[2026-05-23T14:56:18.225+0000] {logging_mixin.py:188} INFO - 2026-05-23 14:56:18 | INFO     | ingestion_engine.sources.base_source | [urban_traffic] ── TRANSFORM ──
[2026-05-23T14:56:18.248+0000] {logging_mixin.py:188} INFO - 2026-05-23 14:56:18 | INFO     | ingestion_engine.sources.base_source | [urban_traffic] ── LOAD ──
[2026-05-23T14:56:18.345+0000] {logging_mixin.py:188} INFO - 2026-05-23 14:56:18 | INFO     | ingestion_engine.utils.db_manager | Wrote 10000 rows to bronze.bronze_urban_traffic (mode=append)
[2026-05-23T14:56:18.388+0000] {logging_mixin.py:188} INFO - 2026-05-23 14:56:18 | INFO     | ingestion_engine.sources.base_source | [urban_traffic] Loaded 10000 rows into bronze_urban_traffic
[2026-05-23T14:56:18.445+0000] {logging_mixin.py:188} INFO - 2026-05-23 14:56:18 | INFO     | ingestion_engine.utils.db_manager | Wrote 1 rows to bronze.ingestion_audit (mode=append)
[2026-05-23T14:56:18.481+0000] {logging_mixin.py:188} INFO - 2026-05-23 14:56:18 | INFO     | ingestion_engine.engine | Completed ingestion | source_id=urban_traffic | status=success | rows=10000
[2026-05-23T14:56:18.503+0000] {taskinstance.py:441} INFO - ::group::Post task execution logs
[2026-05-23T14:56:18.504+0000] {taskinstance.py:2905} ERROR - Task failed with exception
Traceback (most recent call last):
  File "/home/airflow/.local/lib/python3.11/site-packages/airflow/models/taskinstance.py", line 465, in _execute_task
    result = _execute_callable(context=context, **execute_callable_kwargs)
             ^^^^^^^^^^^^^^^^^^^^^^^^^^^^^^^^^^^^^^^^^^^^^^^^^^^^^^^^^^^^^
  File "/home/airflow/.local/lib/python3.11/site-packages/airflow/models/taskinstance.py", line 432, in _execute_callable
    return execute_callable(context=context, **execute_callable_kwargs)
           ^^^^^^^^^^^^^^^^^^^^^^^^^^^^^^^^^^^^^^^^^^^^^^^^^^^^^^^^^^^^
  File "/home/airflow/.local/lib/python3.11/site-packages/airflow/models/baseoperator.py", line 400, in wrapper
    return func(self, *args, **kwargs)
           ^^^^^^^^^^^^^^^^^^^^^^^^^^^
  File "/home/airflow/.local/lib/python3.11/site-packages/airflow/operators/python.py", line 235, in execute
    return_value = self.execute_callable()
                   ^^^^^^^^^^^^^^^^^^^^^^^
  File "/home/airflow/.local/lib/python3.11/site-packages/airflow/operators/python.py", line 252, in execute_callable
    return self.python_callable(*self.op_args, **self.op_kwargs)
           ^^^^^^^^^^^^^^^^^^^^^^^^^^^^^^^^^^^^^^^^^^^^^^^^^^^^^
  File "/opt/airflow/dags/dag_01_batch_ingestion.py", line 63, in ingest_kaggle_sources
    raise RuntimeError(f"Kaggle ingestion failures: {[r['source_id'] for r in failed]}")
RuntimeError: Kaggle ingestion failures: ['air_quality']
[2026-05-23T14:56:18.519+0000] {taskinstance.py:1206} INFO - Marking task as UP_FOR_RETRY. dag_id=01_metadata_driven_batch_ingestion, task_id=ingest_kaggle_datasets, run_id=manual__2026-05-23T14:47:27.304537+00:00, execution_date=20260523T144727, start_date=20260523T145543, end_date=20260523T145618
[2026-05-23T14:56:18.541+0000] {standard_task_runner.py:110} ERROR - Failed to execute job 63 for task ingest_kaggle_datasets (Kaggle ingestion failures: ['air_quality']; 8778)
[2026-05-23T14:56:18.590+0000] {local_task_job_runner.py:240} INFO - Task exited with return code 1
[2026-05-23T14:56:18.622+0000] {taskinstance.py:3498} INFO - 0 downstream tasks scheduled from follow-on schedule check
[2026-05-23T14:56:18.624+0000] {local_task_job_runner.py:222} INFO - ::endgroup::
