[2026-05-23T14:46:07.502+0000] {local_task_job_runner.py:120} INFO - ::group::Pre task execution logs
[2026-05-23T14:46:07.565+0000] {taskinstance.py:2076} INFO - Dependencies all met for dep_context=non-requeueable deps ti=<TaskInstance: 01_metadata_driven_batch_ingestion.log_ingestion_summary scheduled__2026-05-23T13:00:00+00:00 [queued]>
[2026-05-23T14:46:07.575+0000] {taskinstance.py:2076} INFO - Dependencies all met for dep_context=requeueable deps ti=<TaskInstance: 01_metadata_driven_batch_ingestion.log_ingestion_summary scheduled__2026-05-23T13:00:00+00:00 [queued]>
[2026-05-23T14:46:07.577+0000] {taskinstance.py:2306} INFO - Starting attempt 1 of 4
[2026-05-23T14:46:07.594+0000] {taskinstance.py:2330} INFO - Executing <Task(PythonOperator): log_ingestion_summary> on 2026-05-23 13:00:00+00:00
[2026-05-23T14:46:07.602+0000] {standard_task_runner.py:63} INFO - Started process 6260 to run task
[2026-05-23T14:46:07.607+0000] {standard_task_runner.py:90} INFO - Running: ['***', 'tasks', 'run', '01_metadata_driven_batch_ingestion', 'log_ingestion_summary', 'scheduled__2026-05-23T13:00:00+00:00', '--job-id', '43', '--raw', '--subdir', 'DAGS_FOLDER/dag_01_batch_ingestion.py', '--cfg-path', '/tmp/tmp1zcq8nq0']
[2026-05-23T14:46:07.611+0000] {standard_task_runner.py:91} INFO - Job 43: Subtask log_ingestion_summary
[2026-05-23T14:46:07.691+0000] {task_command.py:426} INFO - Running <TaskInstance: 01_metadata_driven_batch_ingestion.log_ingestion_summary scheduled__2026-05-23T13:00:00+00:00 [running]> on host 8ea7e69b3fbf
[2026-05-23T14:46:07.783+0000] {taskinstance.py:2648} INFO - Exporting env vars: AIRFLOW_CTX_DAG_OWNER='data-engineering' AIRFLOW_CTX_DAG_ID='01_metadata_driven_batch_ingestion' AIRFLOW_CTX_TASK_ID='log_ingestion_summary' AIRFLOW_CTX_EXECUTION_DATE='2026-05-23T13:00:00+00:00' AIRFLOW_CTX_TRY_NUMBER='1' AIRFLOW_CTX_DAG_RUN_ID='scheduled__2026-05-23T13:00:00+00:00'
[2026-05-23T14:46:07.784+0000] {taskinstance.py:430} INFO - ::endgroup::
[2026-05-23T14:46:07.828+0000] {logging_mixin.py:188} INFO - 
╔══════════════════════════════════════════════════════════╗
║          BATCH INGESTION SUMMARY                         ║
╠══════════════════════════════════════════════════════════╣
║  Total Sources  : 3                                       ║
║  Successful     : 3                                       ║
║  Failed         : 0                                       ║
║  Total Rows     : 208                                     ║
╚══════════════════════════════════════════════════════════╝
    
[2026-05-23T14:46:07.829+0000] {python.py:237} INFO - Done. Returned value was: None
[2026-05-23T14:46:07.830+0000] {taskinstance.py:441} INFO - ::group::Post task execution logs
[2026-05-23T14:46:07.841+0000] {taskinstance.py:1206} INFO - Marking task as SUCCESS. dag_id=01_metadata_driven_batch_ingestion, task_id=log_ingestion_summary, run_id=scheduled__2026-05-23T13:00:00+00:00, execution_date=20260523T130000, start_date=20260523T144607, end_date=20260523T144607
[2026-05-23T14:46:07.900+0000] {local_task_job_runner.py:240} INFO - Task exited with return code 0
[2026-05-23T14:46:07.920+0000] {taskinstance.py:3498} INFO - 0 downstream tasks scheduled from follow-on schedule check
[2026-05-23T14:46:07.922+0000] {local_task_job_runner.py:222} INFO - ::endgroup::
