[2026-05-23T14:54:14.953+0000] {local_task_job_runner.py:120} INFO - ::group::Pre task execution logs
[2026-05-23T14:54:15.002+0000] {taskinstance.py:2076} INFO - Dependencies all met for dep_context=non-requeueable deps ti=<TaskInstance: 03_bronze_to_silver_transformation.transform_stream_events manual__2026-05-23T14:48:57.362785+00:00 [queued]>
[2026-05-23T14:54:15.011+0000] {taskinstance.py:2076} INFO - Dependencies all met for dep_context=requeueable deps ti=<TaskInstance: 03_bronze_to_silver_transformation.transform_stream_events manual__2026-05-23T14:48:57.362785+00:00 [queued]>
[2026-05-23T14:54:15.012+0000] {taskinstance.py:2306} INFO - Starting attempt 2 of 3
[2026-05-23T14:54:15.025+0000] {taskinstance.py:2330} INFO - Executing <Task(PythonOperator): transform_stream_events> on 2026-05-23 14:48:57.362785+00:00
[2026-05-23T14:54:15.033+0000] {standard_task_runner.py:63} INFO - Started process 8420 to run task
[2026-05-23T14:54:15.036+0000] {standard_task_runner.py:90} INFO - Running: ['***', 'tasks', 'run', '03_bronze_to_silver_transformation', 'transform_stream_events', 'manual__2026-05-23T14:48:57.362785+00:00', '--job-id', '60', '--raw', '--subdir', 'DAGS_FOLDER/dag_03_bronze_to_silver.py', '--cfg-path', '/tmp/tmp3cjdfo4y']
[2026-05-23T14:54:15.039+0000] {standard_task_runner.py:91} INFO - Job 60: Subtask transform_stream_events
[2026-05-23T14:54:15.107+0000] {task_command.py:426} INFO - Running <TaskInstance: 03_bronze_to_silver_transformation.transform_stream_events manual__2026-05-23T14:48:57.362785+00:00 [running]> on host 8ea7e69b3fbf
[2026-05-23T14:54:15.214+0000] {taskinstance.py:2648} INFO - Exporting env vars: AIRFLOW_CTX_DAG_OWNER='data-engineering' AIRFLOW_CTX_DAG_ID='03_bronze_to_silver_transformation' AIRFLOW_CTX_TASK_ID='transform_stream_events' AIRFLOW_CTX_EXECUTION_DATE='2026-05-23T14:48:57.362785+00:00' AIRFLOW_CTX_TRY_NUMBER='2' AIRFLOW_CTX_DAG_RUN_ID='manual__2026-05-23T14:48:57.362785+00:00'
[2026-05-23T14:54:15.215+0000] {taskinstance.py:430} INFO - ::endgroup::
[2026-05-23T14:54:22.588+0000] {taskinstance.py:441} INFO - ::group::Post task execution logs
[2026-05-23T14:54:22.589+0000] {taskinstance.py:2905} ERROR - Task failed with exception
Traceback (most recent call last):
  File "/home/airflow/.local/lib/python3.11/site-packages/airflow/models/taskinstance.py", line 465, in _execute_task
    result = _execute_callable(context=context, **execute_callable_kwargs)
             ^^^^^^^^^^^^^^^^^^^^^^^^^^^^^^^^^^^^^^^^^^^^^^^^^^^^^^^^^^^^^
  File "/home/airflow/.local/lib/python3.11/site-packages/airflow/models/taskinstance.py", line 432, in _execute_callable
    return execute_callable(context=context, **execute_callable_kwargs)
           ^^^^^^^^^^^^^^^^^^^^^^^^^^^^^^^^^^^^^^^^^^^^^^^^^^^^^^^^^^^^
  File "/home/airflow/.local/lib/python3.11/site-packages/airflow/models/baseoperator.py", line 400, in wrapper
    return func(self, *args, **kwargs)
           ^^^^^^^^^^^^^^^^^^^^^^^^^^^
  File "/home/airflow/.local/lib/python3.11/site-packages/airflow/operators/python.py", line 235, in execute
    return_value = self.execute_callable()
                   ^^^^^^^^^^^^^^^^^^^^^^^
  File "/home/airflow/.local/lib/python3.11/site-packages/airflow/operators/python.py", line 252, in execute_callable
    return self.python_callable(*self.op_args, **self.op_kwargs)
           ^^^^^^^^^^^^^^^^^^^^^^^^^^^^^^^^^^^^^^^^^^^^^^^^^^^^^
  File "/opt/airflow/dags/dag_03_bronze_to_silver.py", line 179, in transform_stream_events
    conn = duckdb.connect(db)
           ^^^^^^^^^^^^^^^^^^
duckdb.duckdb.IOException: IO Error: Could not set lock on file "/opt/***/data/duckdb/urban_intelligence.duckdb": Conflicting lock is held in /usr/local/bin/python3.11 (PID 8418). See also https://duckdb.org/docs/connect/concurrency
[2026-05-23T14:54:22.607+0000] {taskinstance.py:1206} INFO - Marking task as UP_FOR_RETRY. dag_id=03_bronze_to_silver_transformation, task_id=transform_stream_events, run_id=manual__2026-05-23T14:48:57.362785+00:00, execution_date=20260523T144857, start_date=20260523T145415, end_date=20260523T145422
[2026-05-23T14:54:23.221+0000] {standard_task_runner.py:110} ERROR - Failed to execute job 60 for task transform_stream_events (IO Error: Could not set lock on file "/opt/***/data/duckdb/urban_intelligence.duckdb": Conflicting lock is held in /usr/local/bin/python3.11 (PID 8418). See also https://duckdb.org/docs/connect/concurrency; 8420)
[2026-05-23T14:54:23.241+0000] {local_task_job_runner.py:240} INFO - Task exited with return code 1
[2026-05-23T14:54:23.264+0000] {taskinstance.py:3498} INFO - 0 downstream tasks scheduled from follow-on schedule check
[2026-05-23T14:54:23.266+0000] {local_task_job_runner.py:222} INFO - ::endgroup::
