[2026-05-23T14:55:46.401+0000] {local_task_job_runner.py:120} INFO - ::group::Pre task execution logs
[2026-05-23T14:55:46.436+0000] {taskinstance.py:2076} INFO - Dependencies all met for dep_context=non-requeueable deps ti=<TaskInstance: 02_kafka_stream_ingestion.consume_kafka_topics manual__2026-05-23T14:48:52.659824+00:00 [queued]>
[2026-05-23T14:55:46.443+0000] {taskinstance.py:2076} INFO - Dependencies all met for dep_context=requeueable deps ti=<TaskInstance: 02_kafka_stream_ingestion.consume_kafka_topics manual__2026-05-23T14:48:52.659824+00:00 [queued]>
[2026-05-23T14:55:46.444+0000] {taskinstance.py:2306} INFO - Starting attempt 2 of 6
[2026-05-23T14:55:46.455+0000] {taskinstance.py:2330} INFO - Executing <Task(PythonOperator): consume_kafka_topics> on 2026-05-23 14:48:52.659824+00:00
[2026-05-23T14:55:46.462+0000] {standard_task_runner.py:63} INFO - Started process 8803 to run task
[2026-05-23T14:55:46.464+0000] {standard_task_runner.py:90} INFO - Running: ['***', 'tasks', 'run', '02_kafka_stream_ingestion', 'consume_kafka_topics', 'manual__2026-05-23T14:48:52.659824+00:00', '--job-id', '64', '--raw', '--subdir', 'DAGS_FOLDER/dag_02_kafka_ingestion.py', '--cfg-path', '/tmp/tmph7_ande_']
[2026-05-23T14:55:46.466+0000] {standard_task_runner.py:91} INFO - Job 64: Subtask consume_kafka_topics
[2026-05-23T14:55:46.522+0000] {task_command.py:426} INFO - Running <TaskInstance: 02_kafka_stream_ingestion.consume_kafka_topics manual__2026-05-23T14:48:52.659824+00:00 [running]> on host 8ea7e69b3fbf
[2026-05-23T14:55:46.625+0000] {taskinstance.py:2648} INFO - Exporting env vars: AIRFLOW_CTX_DAG_OWNER='data-engineering' AIRFLOW_CTX_DAG_ID='02_kafka_stream_ingestion' AIRFLOW_CTX_TASK_ID='consume_kafka_topics' AIRFLOW_CTX_EXECUTION_DATE='2026-05-23T14:48:52.659824+00:00' AIRFLOW_CTX_TRY_NUMBER='2' AIRFLOW_CTX_DAG_RUN_ID='manual__2026-05-23T14:48:52.659824+00:00'
[2026-05-23T14:55:46.625+0000] {taskinstance.py:430} INFO - ::endgroup::
[2026-05-23T14:56:10.136+0000] {taskinstance.py:441} INFO - ::group::Post task execution logs
[2026-05-23T14:56:10.137+0000] {taskinstance.py:2905} ERROR - Task failed with exception
Traceback (most recent call last):
  File "/home/airflow/.local/lib/python3.11/site-packages/airflow/models/taskinstance.py", line 465, in _execute_task
    result = _execute_callable(context=context, **execute_callable_kwargs)
             ^^^^^^^^^^^^^^^^^^^^^^^^^^^^^^^^^^^^^^^^^^^^^^^^^^^^^^^^^^^^^
  File "/home/airflow/.local/lib/python3.11/site-packages/airflow/models/taskinstance.py", line 432, in _execute_callable
    return execute_callable(context=context, **execute_callable_kwargs)
           ^^^^^^^^^^^^^^^^^^^^^^^^^^^^^^^^^^^^^^^^^^^^^^^^^^^^^^^^^^^^
  File "/home/airflow/.local/lib/python3.11/site-packages/airflow/models/baseoperator.py", line 400, in wrapper
    return func(self, *args, **kwargs)
           ^^^^^^^^^^^^^^^^^^^^^^^^^^^
  File "/home/airflow/.local/lib/python3.11/site-packages/airflow/operators/python.py", line 235, in execute
    return_value = self.execute_callable()
                   ^^^^^^^^^^^^^^^^^^^^^^^
  File "/home/airflow/.local/lib/python3.11/site-packages/airflow/operators/python.py", line 252, in execute_callable
    return self.python_callable(*self.op_args, **self.op_kwargs)
           ^^^^^^^^^^^^^^^^^^^^^^^^^^^^^^^^^^^^^^^^^^^^^^^^^^^^^
  File "/opt/airflow/dags/dag_02_kafka_ingestion.py", line 41, in consume_kafka_events
    from ingestion_engine.engine import IngestionEngine
ModuleNotFoundError: No module named 'ingestion_engine'
[2026-05-23T14:56:10.154+0000] {taskinstance.py:1206} INFO - Marking task as UP_FOR_RETRY. dag_id=02_kafka_stream_ingestion, task_id=consume_kafka_topics, run_id=manual__2026-05-23T14:48:52.659824+00:00, execution_date=20260523T144852, start_date=20260523T145546, end_date=20260523T145610
[2026-05-23T14:56:10.176+0000] {standard_task_runner.py:110} ERROR - Failed to execute job 64 for task consume_kafka_topics (No module named 'ingestion_engine'; 8803)
[2026-05-23T14:56:10.201+0000] {local_task_job_runner.py:240} INFO - Task exited with return code 1
[2026-05-23T14:56:10.226+0000] {taskinstance.py:3498} INFO - 0 downstream tasks scheduled from follow-on schedule check
[2026-05-23T14:56:10.228+0000] {local_task_job_runner.py:222} INFO - ::endgroup::
