[2026-05-23T14:54:25.022+0000] {local_task_job_runner.py:120} INFO - ::group::Pre task execution logs
[2026-05-23T14:54:25.062+0000] {taskinstance.py:2076} INFO - Dependencies all met for dep_context=non-requeueable deps ti=<TaskInstance: 02_kafka_stream_ingestion.consume_kafka_topics manual__2026-05-23T14:48:52.659824+00:00 [queued]>
[2026-05-23T14:54:25.073+0000] {taskinstance.py:2076} INFO - Dependencies all met for dep_context=requeueable deps ti=<TaskInstance: 02_kafka_stream_ingestion.consume_kafka_topics manual__2026-05-23T14:48:52.659824+00:00 [queued]>
[2026-05-23T14:54:25.074+0000] {taskinstance.py:2306} INFO - Starting attempt 1 of 6
[2026-05-23T14:54:25.086+0000] {taskinstance.py:2330} INFO - Executing <Task(PythonOperator): consume_kafka_topics> on 2026-05-23 14:48:52.659824+00:00
[2026-05-23T14:54:25.094+0000] {standard_task_runner.py:63} INFO - Started process 8590 to run task
[2026-05-23T14:54:25.097+0000] {standard_task_runner.py:90} INFO - Running: ['***', 'tasks', 'run', '02_kafka_stream_ingestion', 'consume_kafka_topics', 'manual__2026-05-23T14:48:52.659824+00:00', '--job-id', '62', '--raw', '--subdir', 'DAGS_FOLDER/dag_02_kafka_ingestion.py', '--cfg-path', '/tmp/tmpjotot1dj']
[2026-05-23T14:54:25.099+0000] {standard_task_runner.py:91} INFO - Job 62: Subtask consume_kafka_topics
[2026-05-23T14:54:25.158+0000] {task_command.py:426} INFO - Running <TaskInstance: 02_kafka_stream_ingestion.consume_kafka_topics manual__2026-05-23T14:48:52.659824+00:00 [running]> on host 8ea7e69b3fbf
[2026-05-23T14:54:25.235+0000] {taskinstance.py:2648} INFO - Exporting env vars: AIRFLOW_CTX_DAG_OWNER='data-engineering' AIRFLOW_CTX_DAG_ID='02_kafka_stream_ingestion' AIRFLOW_CTX_TASK_ID='consume_kafka_topics' AIRFLOW_CTX_EXECUTION_DATE='2026-05-23T14:48:52.659824+00:00' AIRFLOW_CTX_TRY_NUMBER='1' AIRFLOW_CTX_DAG_RUN_ID='manual__2026-05-23T14:48:52.659824+00:00'
[2026-05-23T14:54:25.236+0000] {taskinstance.py:430} INFO - ::endgroup::
[2026-05-23T14:54:44.996+0000] {taskinstance.py:441} INFO - ::group::Post task execution logs
[2026-05-23T14:54:44.997+0000] {taskinstance.py:2905} ERROR - Task failed with exception
Traceback (most recent call last):
  File "/home/airflow/.local/lib/python3.11/site-packages/airflow/models/taskinstance.py", line 465, in _execute_task
    result = _execute_callable(context=context, **execute_callable_kwargs)
             ^^^^^^^^^^^^^^^^^^^^^^^^^^^^^^^^^^^^^^^^^^^^^^^^^^^^^^^^^^^^^
  File "/home/airflow/.local/lib/python3.11/site-packages/airflow/models/taskinstance.py", line 432, in _execute_callable
    return execute_callable(context=context, **execute_callable_kwargs)
           ^^^^^^^^^^^^^^^^^^^^^^^^^^^^^^^^^^^^^^^^^^^^^^^^^^^^^^^^^^^^
  File "/home/airflow/.local/lib/python3.11/site-packages/airflow/models/baseoperator.py", line 400, in wrapper
    return func(self, *args, **kwargs)
           ^^^^^^^^^^^^^^^^^^^^^^^^^^^
  File "/home/airflow/.local/lib/python3.11/site-packages/airflow/operators/python.py", line 235, in execute
    return_value = self.execute_callable()
                   ^^^^^^^^^^^^^^^^^^^^^^^
  File "/home/airflow/.local/lib/python3.11/site-packages/airflow/operators/python.py", line 252, in execute_callable
    return self.python_callable(*self.op_args, **self.op_kwargs)
           ^^^^^^^^^^^^^^^^^^^^^^^^^^^^^^^^^^^^^^^^^^^^^^^^^^^^^
  File "/opt/airflow/dags/dag_02_kafka_ingestion.py", line 41, in consume_kafka_events
    from ingestion_engine.engine import IngestionEngine
ModuleNotFoundError: No module named 'ingestion_engine'
[2026-05-23T14:54:45.009+0000] {taskinstance.py:1206} INFO - Marking task as UP_FOR_RETRY. dag_id=02_kafka_stream_ingestion, task_id=consume_kafka_topics, run_id=manual__2026-05-23T14:48:52.659824+00:00, execution_date=20260523T144852, start_date=20260523T145425, end_date=20260523T145445
[2026-05-23T14:54:45.019+0000] {standard_task_runner.py:110} ERROR - Failed to execute job 62 for task consume_kafka_topics (No module named 'ingestion_engine'; 8590)
[2026-05-23T14:54:45.046+0000] {local_task_job_runner.py:240} INFO - Task exited with return code 1
[2026-05-23T14:54:45.068+0000] {taskinstance.py:3498} INFO - 0 downstream tasks scheduled from follow-on schedule check
[2026-05-23T14:54:45.071+0000] {local_task_job_runner.py:222} INFO - ::endgroup::
