[2026-05-23T14:35:11.303+0000] {local_task_job_runner.py:120} INFO - ::group::Pre task execution logs
[2026-05-23T14:35:11.339+0000] {taskinstance.py:2076} INFO - Dependencies all met for dep_context=non-requeueable deps ti=<TaskInstance: 04_silver_to_gold_transformation.build_fact_traffic_hourly scheduled__2026-05-23T13:00:00+00:00 [queued]>
[2026-05-23T14:35:11.347+0000] {taskinstance.py:2076} INFO - Dependencies all met for dep_context=requeueable deps ti=<TaskInstance: 04_silver_to_gold_transformation.build_fact_traffic_hourly scheduled__2026-05-23T13:00:00+00:00 [queued]>
[2026-05-23T14:35:11.348+0000] {taskinstance.py:2306} INFO - Starting attempt 3 of 3
[2026-05-23T14:35:11.359+0000] {taskinstance.py:2330} INFO - Executing <Task(PythonOperator): build_fact_traffic_hourly> on 2026-05-23 13:00:00+00:00
[2026-05-23T14:35:11.364+0000] {standard_task_runner.py:63} INFO - Started process 3456 to run task
[2026-05-23T14:35:11.367+0000] {standard_task_runner.py:90} INFO - Running: ['***', 'tasks', 'run', '04_silver_to_gold_transformation', 'build_fact_traffic_hourly', 'scheduled__2026-05-23T13:00:00+00:00', '--job-id', '28', '--raw', '--subdir', 'DAGS_FOLDER/dag_04_silver_to_gold.py', '--cfg-path', '/tmp/tmpwzflgsy9']
[2026-05-23T14:35:11.369+0000] {standard_task_runner.py:91} INFO - Job 28: Subtask build_fact_traffic_hourly
[2026-05-23T14:35:11.437+0000] {task_command.py:426} INFO - Running <TaskInstance: 04_silver_to_gold_transformation.build_fact_traffic_hourly scheduled__2026-05-23T13:00:00+00:00 [running]> on host 8ea7e69b3fbf
[2026-05-23T14:35:11.521+0000] {taskinstance.py:2648} INFO - Exporting env vars: AIRFLOW_CTX_DAG_OWNER='data-engineering' AIRFLOW_CTX_DAG_ID='04_silver_to_gold_transformation' AIRFLOW_CTX_TASK_ID='build_fact_traffic_hourly' AIRFLOW_CTX_EXECUTION_DATE='2026-05-23T13:00:00+00:00' AIRFLOW_CTX_TRY_NUMBER='3' AIRFLOW_CTX_DAG_RUN_ID='scheduled__2026-05-23T13:00:00+00:00'
[2026-05-23T14:35:11.522+0000] {taskinstance.py:430} INFO - ::endgroup::
[2026-05-23T14:35:16.804+0000] {taskinstance.py:441} INFO - ::group::Post task execution logs
[2026-05-23T14:35:16.805+0000] {taskinstance.py:2905} ERROR - Task failed with exception
Traceback (most recent call last):
  File "/home/airflow/.local/lib/python3.11/site-packages/airflow/models/taskinstance.py", line 465, in _execute_task
    result = _execute_callable(context=context, **execute_callable_kwargs)
             ^^^^^^^^^^^^^^^^^^^^^^^^^^^^^^^^^^^^^^^^^^^^^^^^^^^^^^^^^^^^^
  File "/home/airflow/.local/lib/python3.11/site-packages/airflow/models/taskinstance.py", line 432, in _execute_callable
    return execute_callable(context=context, **execute_callable_kwargs)
           ^^^^^^^^^^^^^^^^^^^^^^^^^^^^^^^^^^^^^^^^^^^^^^^^^^^^^^^^^^^^
  File "/home/airflow/.local/lib/python3.11/site-packages/airflow/models/baseoperator.py", line 400, in wrapper
    return func(self, *args, **kwargs)
           ^^^^^^^^^^^^^^^^^^^^^^^^^^^
  File "/home/airflow/.local/lib/python3.11/site-packages/airflow/operators/python.py", line 235, in execute
    return_value = self.execute_callable()
                   ^^^^^^^^^^^^^^^^^^^^^^^
  File "/home/airflow/.local/lib/python3.11/site-packages/airflow/operators/python.py", line 252, in execute_callable
    return self.python_callable(*self.op_args, **self.op_kwargs)
           ^^^^^^^^^^^^^^^^^^^^^^^^^^^^^^^^^^^^^^^^^^^^^^^^^^^^^
  File "/opt/airflow/dags/dag_04_silver_to_gold.py", line 39, in build_fact_traffic_hourly
    conn.execute("""
duckdb.duckdb.CatalogException: Catalog Error: Table with name silver_traffic does not exist!
Did you mean "silver_stream_events"?
LINE 21:             FROM silver.silver_traffic
                          ^
[2026-05-23T14:35:16.818+0000] {taskinstance.py:1206} INFO - Marking task as FAILED. dag_id=04_silver_to_gold_transformation, task_id=build_fact_traffic_hourly, run_id=scheduled__2026-05-23T13:00:00+00:00, execution_date=20260523T130000, start_date=20260523T143511, end_date=20260523T143516
[2026-05-23T14:35:16.829+0000] {standard_task_runner.py:110} ERROR - Failed to execute job 28 for task build_fact_traffic_hourly (Catalog Error: Table with name silver_traffic does not exist!
Did you mean "silver_stream_events"?
LINE 21:             FROM silver.silver_traffic
                          ^; 3456)
[2026-05-23T14:35:16.881+0000] {local_task_job_runner.py:240} INFO - Task exited with return code 1
[2026-05-23T14:35:16.906+0000] {taskinstance.py:3498} INFO - 0 downstream tasks scheduled from follow-on schedule check
[2026-05-23T14:35:16.909+0000] {local_task_job_runner.py:222} INFO - ::endgroup::
