[2026-05-23T14:48:59.657+0000] {local_task_job_runner.py:120} INFO - ::group::Pre task execution logs
[2026-05-23T14:48:59.717+0000] {taskinstance.py:2076} INFO - Dependencies all met for dep_context=non-requeueable deps ti=<TaskInstance: 03_bronze_to_silver_transformation.transform_demographics manual__2026-05-23T14:48:57.362785+00:00 [queued]>
[2026-05-23T14:48:59.731+0000] {taskinstance.py:2076} INFO - Dependencies all met for dep_context=requeueable deps ti=<TaskInstance: 03_bronze_to_silver_transformation.transform_demographics manual__2026-05-23T14:48:57.362785+00:00 [queued]>
[2026-05-23T14:48:59.732+0000] {taskinstance.py:2306} INFO - Starting attempt 1 of 3
[2026-05-23T14:48:59.756+0000] {taskinstance.py:2330} INFO - Executing <Task(PythonOperator): transform_demographics> on 2026-05-23 14:48:57.362785+00:00
[2026-05-23T14:48:59.768+0000] {standard_task_runner.py:63} INFO - Started process 7227 to run task
[2026-05-23T14:48:59.774+0000] {standard_task_runner.py:90} INFO - Running: ['***', 'tasks', 'run', '03_bronze_to_silver_transformation', 'transform_demographics', 'manual__2026-05-23T14:48:57.362785+00:00', '--job-id', '53', '--raw', '--subdir', 'DAGS_FOLDER/dag_03_bronze_to_silver.py', '--cfg-path', '/tmp/tmpdvkafbfq']
[2026-05-23T14:48:59.779+0000] {standard_task_runner.py:91} INFO - Job 53: Subtask transform_demographics
[2026-05-23T14:48:59.886+0000] {task_command.py:426} INFO - Running <TaskInstance: 03_bronze_to_silver_transformation.transform_demographics manual__2026-05-23T14:48:57.362785+00:00 [running]> on host 8ea7e69b3fbf
[2026-05-23T14:49:00.024+0000] {taskinstance.py:2648} INFO - Exporting env vars: AIRFLOW_CTX_DAG_OWNER='data-engineering' AIRFLOW_CTX_DAG_ID='03_bronze_to_silver_transformation' AIRFLOW_CTX_TASK_ID='transform_demographics' AIRFLOW_CTX_EXECUTION_DATE='2026-05-23T14:48:57.362785+00:00' AIRFLOW_CTX_TRY_NUMBER='1' AIRFLOW_CTX_DAG_RUN_ID='manual__2026-05-23T14:48:57.362785+00:00'
[2026-05-23T14:49:00.026+0000] {taskinstance.py:430} INFO - ::endgroup::
[2026-05-23T14:49:14.249+0000] {taskinstance.py:441} INFO - ::group::Post task execution logs
[2026-05-23T14:49:14.250+0000] {taskinstance.py:2905} ERROR - Task failed with exception
Traceback (most recent call last):
  File "/home/airflow/.local/lib/python3.11/site-packages/airflow/models/taskinstance.py", line 465, in _execute_task
    result = _execute_callable(context=context, **execute_callable_kwargs)
             ^^^^^^^^^^^^^^^^^^^^^^^^^^^^^^^^^^^^^^^^^^^^^^^^^^^^^^^^^^^^^
  File "/home/airflow/.local/lib/python3.11/site-packages/airflow/models/taskinstance.py", line 432, in _execute_callable
    return execute_callable(context=context, **execute_callable_kwargs)
           ^^^^^^^^^^^^^^^^^^^^^^^^^^^^^^^^^^^^^^^^^^^^^^^^^^^^^^^^^^^^
  File "/home/airflow/.local/lib/python3.11/site-packages/airflow/models/baseoperator.py", line 400, in wrapper
    return func(self, *args, **kwargs)
           ^^^^^^^^^^^^^^^^^^^^^^^^^^^
  File "/home/airflow/.local/lib/python3.11/site-packages/airflow/operators/python.py", line 235, in execute
    return_value = self.execute_callable()
                   ^^^^^^^^^^^^^^^^^^^^^^^
  File "/home/airflow/.local/lib/python3.11/site-packages/airflow/operators/python.py", line 252, in execute_callable
    return self.python_callable(*self.op_args, **self.op_kwargs)
           ^^^^^^^^^^^^^^^^^^^^^^^^^^^^^^^^^^^^^^^^^^^^^^^^^^^^^
  File "/opt/airflow/dags/dag_03_bronze_to_silver.py", line 227, in transform_demographics
    conn = duckdb.connect(db)
           ^^^^^^^^^^^^^^^^^^
duckdb.duckdb.IOException: IO Error: Could not set lock on file "/opt/***/data/duckdb/urban_intelligence.duckdb": Conflicting lock is held in /usr/local/bin/python3.11 (PID 7228). See also https://duckdb.org/docs/connect/concurrency
[2026-05-23T14:49:14.277+0000] {taskinstance.py:1206} INFO - Marking task as UP_FOR_RETRY. dag_id=03_bronze_to_silver_transformation, task_id=transform_demographics, run_id=manual__2026-05-23T14:48:57.362785+00:00, execution_date=20260523T144857, start_date=20260523T144859, end_date=20260523T144914
[2026-05-23T14:49:14.801+0000] {standard_task_runner.py:110} ERROR - Failed to execute job 53 for task transform_demographics (IO Error: Could not set lock on file "/opt/***/data/duckdb/urban_intelligence.duckdb": Conflicting lock is held in /usr/local/bin/python3.11 (PID 7228). See also https://duckdb.org/docs/connect/concurrency; 7227)
[2026-05-23T14:49:14.839+0000] {local_task_job_runner.py:240} INFO - Task exited with return code 1
[2026-05-23T14:49:14.869+0000] {taskinstance.py:3498} INFO - 0 downstream tasks scheduled from follow-on schedule check
[2026-05-23T14:49:14.873+0000] {local_task_job_runner.py:222} INFO - ::endgroup::
