[2026-05-23T14:23:34.801+0000] {local_task_job_runner.py:120} INFO - ::group::Pre task execution logs
[2026-05-23T14:23:34.944+0000] {taskinstance.py:2076} INFO - Dependencies all met for dep_context=non-requeueable deps ti=<TaskInstance: 01_metadata_driven_batch_ingestion.ingest_api_sources scheduled__2026-05-23T13:00:00+00:00 [queued]>
[2026-05-23T14:23:34.976+0000] {taskinstance.py:2076} INFO - Dependencies all met for dep_context=requeueable deps ti=<TaskInstance: 01_metadata_driven_batch_ingestion.ingest_api_sources scheduled__2026-05-23T13:00:00+00:00 [queued]>
[2026-05-23T14:23:34.977+0000] {taskinstance.py:2306} INFO - Starting attempt 1 of 4
[2026-05-23T14:23:35.031+0000] {taskinstance.py:2330} INFO - Executing <Task(PythonOperator): ingest_api_sources> on 2026-05-23 13:00:00+00:00
[2026-05-23T14:23:35.052+0000] {standard_task_runner.py:63} INFO - Started process 230 to run task
[2026-05-23T14:23:35.073+0000] {standard_task_runner.py:90} INFO - Running: ['***', 'tasks', 'run', '01_metadata_driven_batch_ingestion', 'ingest_api_sources', 'scheduled__2026-05-23T13:00:00+00:00', '--job-id', '14', '--raw', '--subdir', 'DAGS_FOLDER/dag_01_batch_ingestion.py', '--cfg-path', '/tmp/tmp6upik0f_']
[2026-05-23T14:23:35.086+0000] {standard_task_runner.py:91} INFO - Job 14: Subtask ingest_api_sources
[2026-05-23T14:23:35.409+0000] {task_command.py:426} INFO - Running <TaskInstance: 01_metadata_driven_batch_ingestion.ingest_api_sources scheduled__2026-05-23T13:00:00+00:00 [running]> on host 8ea7e69b3fbf
[2026-05-23T14:23:35.792+0000] {taskinstance.py:2648} INFO - Exporting env vars: AIRFLOW_CTX_DAG_OWNER='data-engineering' AIRFLOW_CTX_DAG_ID='01_metadata_driven_batch_ingestion' AIRFLOW_CTX_TASK_ID='ingest_api_sources' AIRFLOW_CTX_EXECUTION_DATE='2026-05-23T13:00:00+00:00' AIRFLOW_CTX_TRY_NUMBER='1' AIRFLOW_CTX_DAG_RUN_ID='scheduled__2026-05-23T13:00:00+00:00'
[2026-05-23T14:23:35.799+0000] {taskinstance.py:430} INFO - ::endgroup::
[2026-05-23T14:26:17.264+0000] {logging_mixin.py:188} INFO - 2026-05-23 14:26:17 | INFO     | ingestion_engine.engine | Loaded source config: air_quality from air_quality.yaml
[2026-05-23T14:26:17.287+0000] {logging_mixin.py:188} INFO - 2026-05-23 14:26:17 | INFO     | ingestion_engine.engine | Loaded source config: city_demographics from city_demographics.yaml
[2026-05-23T14:26:17.318+0000] {logging_mixin.py:188} INFO - 2026-05-23 14:26:17 | INFO     | ingestion_engine.engine | Loaded source config: open_weather_api from open_weather_api.yaml
[2026-05-23T14:26:17.343+0000] {logging_mixin.py:188} INFO - 2026-05-23 14:26:17 | INFO     | ingestion_engine.engine | Loaded source config: public_transit_api from public_transit_api.yaml
[2026-05-23T14:26:17.368+0000] {logging_mixin.py:188} INFO - 2026-05-23 14:26:17 | INFO     | ingestion_engine.engine | Loaded source config: urban_events_kafka from urban_events_kafka.yaml
[2026-05-23T14:26:17.394+0000] {logging_mixin.py:188} INFO - 2026-05-23 14:26:17 | INFO     | ingestion_engine.engine | Loaded source config: urban_traffic from urban_traffic.yaml
[2026-05-23T14:26:17.395+0000] {logging_mixin.py:188} INFO - 2026-05-23 14:26:17 | INFO     | ingestion_engine.engine | Loaded 6 enabled source configurations
[2026-05-23T14:26:17.395+0000] {logging_mixin.py:188} INFO - 2026-05-23 14:26:17 | INFO     | ingestion_engine.engine | Starting ingestion | source_id=open_weather_api | type=api | handler=APIIngestionSource
[2026-05-23T14:26:17.466+0000] {logging_mixin.py:188} INFO - 2026-05-23 14:26:17 | INFO     | ingestion_engine.utils.db_manager | DuckDB schemas initialized: bronze, silver, gold, staging
[2026-05-23T14:26:17.466+0000] {logging_mixin.py:188} INFO - 2026-05-23 14:26:17 | INFO     | ingestion_engine.utils.db_manager | DuckDBManager initialized: /opt/***/data/duckdb/urban_intelligence.duckdb
[2026-05-23T14:26:17.467+0000] {logging_mixin.py:188} INFO - 2026-05-23 14:26:17 | INFO     | ingestion_engine.sources.base_source | [open_weather_api] ── EXTRACT ──
[2026-05-23T14:26:17.729+0000] {logging_mixin.py:188} INFO - 2026-05-23 14:26:17 | WARNING  | ingestion_engine.sources.api_source | [open_weather_api] API request failed: 401 Client Error: Unauthorized for url: https://api.openweathermap.org/data/2.5/weather?units=metric&appid=&lat=40.7128&lon=-74.006 — falling back to synthetic data
[2026-05-23T14:26:17.817+0000] {logging_mixin.py:188} INFO - 2026-05-23 14:26:17 | INFO     | ingestion_engine.sources.api_source | [open_weather_api] Generating synthetic API data
[2026-05-23T14:26:17.821+0000] {logging_mixin.py:188} INFO - 2026-05-23 14:26:17 | INFO     | ingestion_engine.sources.base_source | [open_weather_api] Extracted 8 rows
[2026-05-23T14:26:17.822+0000] {logging_mixin.py:188} INFO - 2026-05-23 14:26:17 | INFO     | ingestion_engine.sources.base_source | [open_weather_api] ── TRANSFORM ──
[2026-05-23T14:26:17.828+0000] {logging_mixin.py:188} INFO - 2026-05-23 14:26:17 | INFO     | ingestion_engine.sources.base_source | [open_weather_api] ── LOAD ──
[2026-05-23T14:26:17.876+0000] {logging_mixin.py:188} INFO - 2026-05-23 14:26:17 | INFO     | ingestion_engine.utils.db_manager | Wrote 8 rows to bronze.bronze_weather_api (mode=append)
[2026-05-23T14:26:17.902+0000] {logging_mixin.py:188} INFO - 2026-05-23 14:26:17 | INFO     | ingestion_engine.sources.base_source | [open_weather_api] Loaded 8 rows into bronze_weather_api
[2026-05-23T14:26:17.916+0000] {logging_mixin.py:188} INFO - 2026-05-23 14:26:17 | WARNING  | ingestion_engine.sources.base_source | [open_weather_api] Failed to write audit record: IO Error: Could not set lock on file "/opt/***/data/duckdb/urban_intelligence.duckdb": Conflicting lock is held in /usr/local/bin/python3.11 (PID 228). See also https://duckdb.org/docs/stable/connect/concurrency
[2026-05-23T14:26:17.917+0000] {logging_mixin.py:188} INFO - 2026-05-23 14:26:17 | INFO     | ingestion_engine.engine | Completed ingestion | source_id=open_weather_api | status=success | rows=8
[2026-05-23T14:26:17.917+0000] {logging_mixin.py:188} INFO - 2026-05-23 14:26:17 | INFO     | ingestion_engine.engine | Starting ingestion | source_id=public_transit_api | type=api | handler=APIIngestionSource
[2026-05-23T14:26:17.918+0000] {logging_mixin.py:188} INFO - 2026-05-23 14:26:17 | INFO     | ingestion_engine.sources.base_source | [public_transit_api] ── EXTRACT ──
[2026-05-23T14:26:19.142+0000] {logging_mixin.py:188} INFO - 2026-05-23 14:26:19 | WARNING  | ingestion_engine.sources.api_source | [public_transit_api] Page 1 failed: 403 Client Error: Forbidden for url: https://www.transit.land/api/v2/routes?per_page=100&apikey=&page=1
[2026-05-23T14:26:19.145+0000] {logging_mixin.py:188} INFO - 2026-05-23 14:26:19 | WARNING  | ingestion_engine.sources.api_source | [public_transit_api] Empty API response — using synthetic data
[2026-05-23T14:26:19.169+0000] {logging_mixin.py:188} INFO - 2026-05-23 14:26:19 | INFO     | ingestion_engine.sources.api_source | [public_transit_api] Generating synthetic API data
[2026-05-23T14:26:19.172+0000] {logging_mixin.py:188} INFO - 2026-05-23 14:26:19 | INFO     | ingestion_engine.sources.base_source | [public_transit_api] Extracted 150 rows
[2026-05-23T14:26:19.172+0000] {logging_mixin.py:188} INFO - 2026-05-23 14:26:19 | INFO     | ingestion_engine.sources.base_source | [public_transit_api] ── TRANSFORM ──
[2026-05-23T14:26:19.176+0000] {logging_mixin.py:188} INFO - 2026-05-23 14:26:19 | INFO     | ingestion_engine.sources.base_source | [public_transit_api] ── LOAD ──
[2026-05-23T14:26:19.218+0000] {logging_mixin.py:188} INFO - 2026-05-23 14:26:19 | INFO     | ingestion_engine.utils.db_manager | Wrote 150 rows to bronze.bronze_transit_routes (mode=append)
[2026-05-23T14:26:19.248+0000] {logging_mixin.py:188} INFO - 2026-05-23 14:26:19 | INFO     | ingestion_engine.sources.base_source | [public_transit_api] Loaded 150 rows into bronze_transit_routes
[2026-05-23T14:26:19.289+0000] {logging_mixin.py:188} INFO - 2026-05-23 14:26:19 | INFO     | ingestion_engine.utils.db_manager | Wrote 1 rows to bronze.ingestion_audit (mode=append)
[2026-05-23T14:26:19.316+0000] {logging_mixin.py:188} INFO - 2026-05-23 14:26:19 | INFO     | ingestion_engine.engine | Completed ingestion | source_id=public_transit_api | status=success | rows=150
[2026-05-23T14:26:19.332+0000] {python.py:237} INFO - Done. Returned value was: {'ingested': 2, 'results': [{'source_id': 'open_weather_api', 'source_type': 'api', 'status': 'success', 'rows_extracted': 8, 'rows_written': 8, 'errors': [], 'started_at': '2026-05-23T14:26:17.467349+00:00', 'duration_seconds': 0.44, 'finished_at': '2026-05-23T14:26:17.902755+00:00'}, {'source_id': 'public_transit_api', 'source_type': 'api', 'status': 'success', 'rows_extracted': 150, 'rows_written': 150, 'errors': [], 'started_at': '2026-05-23T14:26:17.918132+00:00', 'duration_seconds': 1.33, 'finished_at': '2026-05-23T14:26:19.248663+00:00'}]}
[2026-05-23T14:26:19.332+0000] {taskinstance.py:441} INFO - ::group::Post task execution logs
[2026-05-23T14:26:19.355+0000] {taskinstance.py:1206} INFO - Marking task as SUCCESS. dag_id=01_metadata_driven_batch_ingestion, task_id=ingest_api_sources, run_id=scheduled__2026-05-23T13:00:00+00:00, execution_date=20260523T130000, start_date=20260523T142334, end_date=20260523T142619
[2026-05-23T14:26:19.417+0000] {local_task_job_runner.py:240} INFO - Task exited with return code 0
[2026-05-23T14:26:19.443+0000] {taskinstance.py:3498} INFO - 0 downstream tasks scheduled from follow-on schedule check
[2026-05-23T14:26:19.445+0000] {local_task_job_runner.py:222} INFO - ::endgroup::
