[2026-05-23T14:23:32.891+0000] {processor.py:161} INFO - Started process (PID=200) to work on /opt/airflow/dags/dag_01_batch_ingestion.py
[2026-05-23T14:23:32.893+0000] {processor.py:830} INFO - Processing file /opt/airflow/dags/dag_01_batch_ingestion.py for tasks to queue
[2026-05-23T14:23:32.897+0000] {logging_mixin.py:188} INFO - [2026-05-23T14:23:32.896+0000] {dagbag.py:545} INFO - Filling up the DagBag from /opt/airflow/dags/dag_01_batch_ingestion.py
[2026-05-23T14:23:33.067+0000] {processor.py:840} INFO - DAG(s) '01_metadata_driven_batch_ingestion' retrieved from /opt/airflow/dags/dag_01_batch_ingestion.py
[2026-05-23T14:23:33.281+0000] {logging_mixin.py:188} INFO - [2026-05-23T14:23:33.280+0000] {override.py:1829} INFO - Created Permission View: can read on DAG:01_metadata_driven_batch_ingestion
[2026-05-23T14:23:33.307+0000] {logging_mixin.py:188} INFO - [2026-05-23T14:23:33.306+0000] {override.py:1829} INFO - Created Permission View: can delete on DAG:01_metadata_driven_batch_ingestion
[2026-05-23T14:23:33.317+0000] {logging_mixin.py:188} INFO - [2026-05-23T14:23:33.316+0000] {override.py:1829} INFO - Created Permission View: can edit on DAG:01_metadata_driven_batch_ingestion
[2026-05-23T14:23:33.319+0000] {logging_mixin.py:188} INFO - [2026-05-23T14:23:33.318+0000] {dag.py:3096} INFO - Sync 1 DAGs
[2026-05-23T14:23:33.342+0000] {logging_mixin.py:188} INFO - [2026-05-23T14:23:33.341+0000] {dag.py:3118} INFO - Creating ORM DAG for 01_metadata_driven_batch_ingestion
[2026-05-23T14:23:33.364+0000] {logging_mixin.py:188} INFO - [2026-05-23T14:23:33.364+0000] {dag.py:3954} INFO - Setting next_dagrun for 01_metadata_driven_batch_ingestion to 2026-05-23 13:00:00+00:00, run_after=2026-05-23 14:00:00+00:00
[2026-05-23T14:23:33.657+0000] {processor.py:183} INFO - Processing /opt/airflow/dags/dag_01_batch_ingestion.py took 0.777 seconds
[2026-05-23T14:24:04.356+0000] {processor.py:161} INFO - Started process (PID=499) to work on /opt/airflow/dags/dag_01_batch_ingestion.py
[2026-05-23T14:24:04.359+0000] {processor.py:830} INFO - Processing file /opt/airflow/dags/dag_01_batch_ingestion.py for tasks to queue
[2026-05-23T14:24:04.364+0000] {logging_mixin.py:188} INFO - [2026-05-23T14:24:04.363+0000] {dagbag.py:545} INFO - Filling up the DagBag from /opt/airflow/dags/dag_01_batch_ingestion.py
[2026-05-23T14:24:04.439+0000] {processor.py:840} INFO - DAG(s) '01_metadata_driven_batch_ingestion' retrieved from /opt/airflow/dags/dag_01_batch_ingestion.py
[2026-05-23T14:24:04.537+0000] {logging_mixin.py:188} INFO - [2026-05-23T14:24:04.537+0000] {dag.py:3096} INFO - Sync 1 DAGs
[2026-05-23T14:24:04.579+0000] {logging_mixin.py:188} INFO - [2026-05-23T14:24:04.578+0000] {dag.py:3954} INFO - Setting next_dagrun for 01_metadata_driven_batch_ingestion to 2026-05-23 14:00:00+00:00, run_after=2026-05-23 15:00:00+00:00
[2026-05-23T14:24:04.622+0000] {processor.py:183} INFO - Processing /opt/airflow/dags/dag_01_batch_ingestion.py took 0.303 seconds
[2026-05-23T14:24:39.071+0000] {processor.py:161} INFO - Started process (PID=673) to work on /opt/airflow/dags/dag_01_batch_ingestion.py
[2026-05-23T14:24:39.073+0000] {processor.py:830} INFO - Processing file /opt/airflow/dags/dag_01_batch_ingestion.py for tasks to queue
[2026-05-23T14:24:39.078+0000] {logging_mixin.py:188} INFO - [2026-05-23T14:24:39.077+0000] {dagbag.py:545} INFO - Filling up the DagBag from /opt/airflow/dags/dag_01_batch_ingestion.py
[2026-05-23T14:24:39.142+0000] {processor.py:840} INFO - DAG(s) '01_metadata_driven_batch_ingestion' retrieved from /opt/airflow/dags/dag_01_batch_ingestion.py
[2026-05-23T14:24:39.209+0000] {logging_mixin.py:188} INFO - [2026-05-23T14:24:39.209+0000] {dag.py:3096} INFO - Sync 1 DAGs
[2026-05-23T14:24:39.260+0000] {logging_mixin.py:188} INFO - [2026-05-23T14:24:39.260+0000] {dag.py:3954} INFO - Setting next_dagrun for 01_metadata_driven_batch_ingestion to 2026-05-23 14:00:00+00:00, run_after=2026-05-23 15:00:00+00:00
[2026-05-23T14:24:39.602+0000] {processor.py:183} INFO - Processing /opt/airflow/dags/dag_01_batch_ingestion.py took 0.553 seconds
[2026-05-23T14:25:10.312+0000] {processor.py:161} INFO - Started process (PID=1121) to work on /opt/airflow/dags/dag_01_batch_ingestion.py
[2026-05-23T14:25:10.314+0000] {processor.py:830} INFO - Processing file /opt/airflow/dags/dag_01_batch_ingestion.py for tasks to queue
[2026-05-23T14:25:10.317+0000] {logging_mixin.py:188} INFO - [2026-05-23T14:25:10.317+0000] {dagbag.py:545} INFO - Filling up the DagBag from /opt/airflow/dags/dag_01_batch_ingestion.py
[2026-05-23T14:25:10.546+0000] {processor.py:840} INFO - DAG(s) '01_metadata_driven_batch_ingestion' retrieved from /opt/airflow/dags/dag_01_batch_ingestion.py
[2026-05-23T14:25:10.584+0000] {logging_mixin.py:188} INFO - [2026-05-23T14:25:10.583+0000] {dag.py:3096} INFO - Sync 1 DAGs
[2026-05-23T14:25:10.615+0000] {logging_mixin.py:188} INFO - [2026-05-23T14:25:10.615+0000] {dag.py:3954} INFO - Setting next_dagrun for 01_metadata_driven_batch_ingestion to 2026-05-23 14:00:00+00:00, run_after=2026-05-23 15:00:00+00:00
[2026-05-23T14:25:10.664+0000] {processor.py:183} INFO - Processing /opt/airflow/dags/dag_01_batch_ingestion.py took 0.372 seconds
[2026-05-23T14:25:41.444+0000] {processor.py:161} INFO - Started process (PID=1254) to work on /opt/airflow/dags/dag_01_batch_ingestion.py
[2026-05-23T14:25:41.446+0000] {processor.py:830} INFO - Processing file /opt/airflow/dags/dag_01_batch_ingestion.py for tasks to queue
[2026-05-23T14:25:41.451+0000] {logging_mixin.py:188} INFO - [2026-05-23T14:25:41.450+0000] {dagbag.py:545} INFO - Filling up the DagBag from /opt/airflow/dags/dag_01_batch_ingestion.py
[2026-05-23T14:25:41.500+0000] {processor.py:840} INFO - DAG(s) '01_metadata_driven_batch_ingestion' retrieved from /opt/airflow/dags/dag_01_batch_ingestion.py
[2026-05-23T14:25:41.548+0000] {logging_mixin.py:188} INFO - [2026-05-23T14:25:41.548+0000] {dag.py:3096} INFO - Sync 1 DAGs
[2026-05-23T14:25:41.596+0000] {logging_mixin.py:188} INFO - [2026-05-23T14:25:41.596+0000] {dag.py:3954} INFO - Setting next_dagrun for 01_metadata_driven_batch_ingestion to 2026-05-23 14:00:00+00:00, run_after=2026-05-23 15:00:00+00:00
[2026-05-23T14:25:41.631+0000] {processor.py:183} INFO - Processing /opt/airflow/dags/dag_01_batch_ingestion.py took 0.206 seconds
[2026-05-23T14:26:11.943+0000] {processor.py:161} INFO - Started process (PID=1472) to work on /opt/airflow/dags/dag_01_batch_ingestion.py
[2026-05-23T14:26:11.944+0000] {processor.py:830} INFO - Processing file /opt/airflow/dags/dag_01_batch_ingestion.py for tasks to queue
[2026-05-23T14:26:11.946+0000] {logging_mixin.py:188} INFO - [2026-05-23T14:26:11.946+0000] {dagbag.py:545} INFO - Filling up the DagBag from /opt/airflow/dags/dag_01_batch_ingestion.py
[2026-05-23T14:26:11.973+0000] {processor.py:840} INFO - DAG(s) '01_metadata_driven_batch_ingestion' retrieved from /opt/airflow/dags/dag_01_batch_ingestion.py
[2026-05-23T14:26:12.006+0000] {logging_mixin.py:188} INFO - [2026-05-23T14:26:12.006+0000] {dag.py:3096} INFO - Sync 1 DAGs
[2026-05-23T14:26:12.034+0000] {logging_mixin.py:188} INFO - [2026-05-23T14:26:12.034+0000] {dag.py:3954} INFO - Setting next_dagrun for 01_metadata_driven_batch_ingestion to 2026-05-23 14:00:00+00:00, run_after=2026-05-23 15:00:00+00:00
[2026-05-23T14:26:12.059+0000] {processor.py:183} INFO - Processing /opt/airflow/dags/dag_01_batch_ingestion.py took 0.127 seconds
[2026-05-23T14:26:42.520+0000] {processor.py:161} INFO - Started process (PID=1728) to work on /opt/airflow/dags/dag_01_batch_ingestion.py
[2026-05-23T14:26:42.521+0000] {processor.py:830} INFO - Processing file /opt/airflow/dags/dag_01_batch_ingestion.py for tasks to queue
[2026-05-23T14:26:42.523+0000] {logging_mixin.py:188} INFO - [2026-05-23T14:26:42.523+0000] {dagbag.py:545} INFO - Filling up the DagBag from /opt/airflow/dags/dag_01_batch_ingestion.py
[2026-05-23T14:26:42.546+0000] {processor.py:840} INFO - DAG(s) '01_metadata_driven_batch_ingestion' retrieved from /opt/airflow/dags/dag_01_batch_ingestion.py
[2026-05-23T14:26:42.575+0000] {logging_mixin.py:188} INFO - [2026-05-23T14:26:42.575+0000] {dag.py:3096} INFO - Sync 1 DAGs
[2026-05-23T14:26:42.596+0000] {logging_mixin.py:188} INFO - [2026-05-23T14:26:42.596+0000] {dag.py:3954} INFO - Setting next_dagrun for 01_metadata_driven_batch_ingestion to 2026-05-23 14:00:00+00:00, run_after=2026-05-23 15:00:00+00:00
[2026-05-23T14:26:42.613+0000] {processor.py:183} INFO - Processing /opt/airflow/dags/dag_01_batch_ingestion.py took 0.102 seconds
[2026-05-23T14:27:13.276+0000] {processor.py:161} INFO - Started process (PID=1778) to work on /opt/airflow/dags/dag_01_batch_ingestion.py
[2026-05-23T14:27:13.277+0000] {processor.py:830} INFO - Processing file /opt/airflow/dags/dag_01_batch_ingestion.py for tasks to queue
[2026-05-23T14:27:13.280+0000] {logging_mixin.py:188} INFO - [2026-05-23T14:27:13.280+0000] {dagbag.py:545} INFO - Filling up the DagBag from /opt/airflow/dags/dag_01_batch_ingestion.py
[2026-05-23T14:27:13.320+0000] {processor.py:840} INFO - DAG(s) '01_metadata_driven_batch_ingestion' retrieved from /opt/airflow/dags/dag_01_batch_ingestion.py
[2026-05-23T14:27:13.369+0000] {logging_mixin.py:188} INFO - [2026-05-23T14:27:13.369+0000] {dag.py:3096} INFO - Sync 1 DAGs
[2026-05-23T14:27:13.400+0000] {logging_mixin.py:188} INFO - [2026-05-23T14:27:13.400+0000] {dag.py:3954} INFO - Setting next_dagrun for 01_metadata_driven_batch_ingestion to 2026-05-23 14:00:00+00:00, run_after=2026-05-23 15:00:00+00:00
[2026-05-23T14:27:13.427+0000] {processor.py:183} INFO - Processing /opt/airflow/dags/dag_01_batch_ingestion.py took 0.170 seconds
[2026-05-23T14:27:43.831+0000] {processor.py:161} INFO - Started process (PID=1911) to work on /opt/airflow/dags/dag_01_batch_ingestion.py
[2026-05-23T14:27:43.833+0000] {processor.py:830} INFO - Processing file /opt/airflow/dags/dag_01_batch_ingestion.py for tasks to queue
[2026-05-23T14:27:43.835+0000] {logging_mixin.py:188} INFO - [2026-05-23T14:27:43.834+0000] {dagbag.py:545} INFO - Filling up the DagBag from /opt/airflow/dags/dag_01_batch_ingestion.py
[2026-05-23T14:27:43.868+0000] {processor.py:840} INFO - DAG(s) '01_metadata_driven_batch_ingestion' retrieved from /opt/airflow/dags/dag_01_batch_ingestion.py
[2026-05-23T14:27:43.911+0000] {logging_mixin.py:188} INFO - [2026-05-23T14:27:43.911+0000] {dag.py:3096} INFO - Sync 1 DAGs
[2026-05-23T14:27:43.950+0000] {logging_mixin.py:188} INFO - [2026-05-23T14:27:43.950+0000] {dag.py:3954} INFO - Setting next_dagrun for 01_metadata_driven_batch_ingestion to 2026-05-23 14:00:00+00:00, run_after=2026-05-23 15:00:00+00:00
[2026-05-23T14:27:43.977+0000] {processor.py:183} INFO - Processing /opt/airflow/dags/dag_01_batch_ingestion.py took 0.160 seconds
[2026-05-23T14:28:14.413+0000] {processor.py:161} INFO - Started process (PID=1942) to work on /opt/airflow/dags/dag_01_batch_ingestion.py
[2026-05-23T14:28:14.414+0000] {processor.py:830} INFO - Processing file /opt/airflow/dags/dag_01_batch_ingestion.py for tasks to queue
[2026-05-23T14:28:14.416+0000] {logging_mixin.py:188} INFO - [2026-05-23T14:28:14.415+0000] {dagbag.py:545} INFO - Filling up the DagBag from /opt/airflow/dags/dag_01_batch_ingestion.py
[2026-05-23T14:28:14.439+0000] {processor.py:840} INFO - DAG(s) '01_metadata_driven_batch_ingestion' retrieved from /opt/airflow/dags/dag_01_batch_ingestion.py
[2026-05-23T14:28:14.468+0000] {logging_mixin.py:188} INFO - [2026-05-23T14:28:14.468+0000] {dag.py:3096} INFO - Sync 1 DAGs
[2026-05-23T14:28:14.487+0000] {logging_mixin.py:188} INFO - [2026-05-23T14:28:14.487+0000] {dag.py:3954} INFO - Setting next_dagrun for 01_metadata_driven_batch_ingestion to 2026-05-23 14:00:00+00:00, run_after=2026-05-23 15:00:00+00:00
[2026-05-23T14:28:14.503+0000] {processor.py:183} INFO - Processing /opt/airflow/dags/dag_01_batch_ingestion.py took 0.098 seconds
[2026-05-23T14:28:44.966+0000] {processor.py:161} INFO - Started process (PID=2060) to work on /opt/airflow/dags/dag_01_batch_ingestion.py
[2026-05-23T14:28:44.967+0000] {processor.py:830} INFO - Processing file /opt/airflow/dags/dag_01_batch_ingestion.py for tasks to queue
[2026-05-23T14:28:44.970+0000] {logging_mixin.py:188} INFO - [2026-05-23T14:28:44.969+0000] {dagbag.py:545} INFO - Filling up the DagBag from /opt/airflow/dags/dag_01_batch_ingestion.py
[2026-05-23T14:28:45.008+0000] {processor.py:840} INFO - DAG(s) '01_metadata_driven_batch_ingestion' retrieved from /opt/airflow/dags/dag_01_batch_ingestion.py
[2026-05-23T14:28:45.050+0000] {logging_mixin.py:188} INFO - [2026-05-23T14:28:45.049+0000] {dag.py:3096} INFO - Sync 1 DAGs
[2026-05-23T14:28:45.082+0000] {logging_mixin.py:188} INFO - [2026-05-23T14:28:45.082+0000] {dag.py:3954} INFO - Setting next_dagrun for 01_metadata_driven_batch_ingestion to 2026-05-23 14:00:00+00:00, run_after=2026-05-23 15:00:00+00:00
[2026-05-23T14:28:45.111+0000] {processor.py:183} INFO - Processing /opt/airflow/dags/dag_01_batch_ingestion.py took 0.160 seconds
[2026-05-23T14:29:15.408+0000] {processor.py:161} INFO - Started process (PID=2119) to work on /opt/airflow/dags/dag_01_batch_ingestion.py
[2026-05-23T14:29:15.409+0000] {processor.py:830} INFO - Processing file /opt/airflow/dags/dag_01_batch_ingestion.py for tasks to queue
[2026-05-23T14:29:15.411+0000] {logging_mixin.py:188} INFO - [2026-05-23T14:29:15.411+0000] {dagbag.py:545} INFO - Filling up the DagBag from /opt/airflow/dags/dag_01_batch_ingestion.py
[2026-05-23T14:29:15.435+0000] {processor.py:840} INFO - DAG(s) '01_metadata_driven_batch_ingestion' retrieved from /opt/airflow/dags/dag_01_batch_ingestion.py
[2026-05-23T14:29:15.466+0000] {logging_mixin.py:188} INFO - [2026-05-23T14:29:15.466+0000] {dag.py:3096} INFO - Sync 1 DAGs
[2026-05-23T14:29:15.485+0000] {logging_mixin.py:188} INFO - [2026-05-23T14:29:15.485+0000] {dag.py:3954} INFO - Setting next_dagrun for 01_metadata_driven_batch_ingestion to 2026-05-23 14:00:00+00:00, run_after=2026-05-23 15:00:00+00:00
[2026-05-23T14:29:15.500+0000] {processor.py:183} INFO - Processing /opt/airflow/dags/dag_01_batch_ingestion.py took 0.102 seconds
[2026-05-23T14:29:46.103+0000] {processor.py:161} INFO - Started process (PID=2150) to work on /opt/airflow/dags/dag_01_batch_ingestion.py
[2026-05-23T14:29:46.105+0000] {processor.py:830} INFO - Processing file /opt/airflow/dags/dag_01_batch_ingestion.py for tasks to queue
[2026-05-23T14:29:46.109+0000] {logging_mixin.py:188} INFO - [2026-05-23T14:29:46.108+0000] {dagbag.py:545} INFO - Filling up the DagBag from /opt/airflow/dags/dag_01_batch_ingestion.py
[2026-05-23T14:29:46.138+0000] {processor.py:840} INFO - DAG(s) '01_metadata_driven_batch_ingestion' retrieved from /opt/airflow/dags/dag_01_batch_ingestion.py
[2026-05-23T14:29:46.170+0000] {logging_mixin.py:188} INFO - [2026-05-23T14:29:46.170+0000] {dag.py:3096} INFO - Sync 1 DAGs
[2026-05-23T14:29:46.192+0000] {logging_mixin.py:188} INFO - [2026-05-23T14:29:46.192+0000] {dag.py:3954} INFO - Setting next_dagrun for 01_metadata_driven_batch_ingestion to 2026-05-23 14:00:00+00:00, run_after=2026-05-23 15:00:00+00:00
[2026-05-23T14:29:46.211+0000] {processor.py:183} INFO - Processing /opt/airflow/dags/dag_01_batch_ingestion.py took 0.120 seconds
[2026-05-23T14:30:16.729+0000] {processor.py:161} INFO - Started process (PID=2418) to work on /opt/airflow/dags/dag_01_batch_ingestion.py
[2026-05-23T14:30:16.730+0000] {processor.py:830} INFO - Processing file /opt/airflow/dags/dag_01_batch_ingestion.py for tasks to queue
[2026-05-23T14:30:16.731+0000] {logging_mixin.py:188} INFO - [2026-05-23T14:30:16.731+0000] {dagbag.py:545} INFO - Filling up the DagBag from /opt/airflow/dags/dag_01_batch_ingestion.py
[2026-05-23T14:30:16.754+0000] {processor.py:840} INFO - DAG(s) '01_metadata_driven_batch_ingestion' retrieved from /opt/airflow/dags/dag_01_batch_ingestion.py
[2026-05-23T14:30:16.784+0000] {logging_mixin.py:188} INFO - [2026-05-23T14:30:16.784+0000] {dag.py:3096} INFO - Sync 1 DAGs
[2026-05-23T14:30:16.803+0000] {logging_mixin.py:188} INFO - [2026-05-23T14:30:16.803+0000] {dag.py:3954} INFO - Setting next_dagrun for 01_metadata_driven_batch_ingestion to 2026-05-23 14:00:00+00:00, run_after=2026-05-23 15:00:00+00:00
[2026-05-23T14:30:16.822+0000] {processor.py:183} INFO - Processing /opt/airflow/dags/dag_01_batch_ingestion.py took 0.103 seconds
[2026-05-23T14:30:47.396+0000] {processor.py:161} INFO - Started process (PID=2449) to work on /opt/airflow/dags/dag_01_batch_ingestion.py
[2026-05-23T14:30:47.399+0000] {processor.py:830} INFO - Processing file /opt/airflow/dags/dag_01_batch_ingestion.py for tasks to queue
[2026-05-23T14:30:47.403+0000] {logging_mixin.py:188} INFO - [2026-05-23T14:30:47.402+0000] {dagbag.py:545} INFO - Filling up the DagBag from /opt/airflow/dags/dag_01_batch_ingestion.py
[2026-05-23T14:30:47.458+0000] {processor.py:840} INFO - DAG(s) '01_metadata_driven_batch_ingestion' retrieved from /opt/airflow/dags/dag_01_batch_ingestion.py
[2026-05-23T14:30:47.525+0000] {logging_mixin.py:188} INFO - [2026-05-23T14:30:47.525+0000] {dag.py:3096} INFO - Sync 1 DAGs
[2026-05-23T14:30:47.577+0000] {logging_mixin.py:188} INFO - [2026-05-23T14:30:47.576+0000] {dag.py:3954} INFO - Setting next_dagrun for 01_metadata_driven_batch_ingestion to 2026-05-23 14:00:00+00:00, run_after=2026-05-23 15:00:00+00:00
[2026-05-23T14:30:47.614+0000] {processor.py:183} INFO - Processing /opt/airflow/dags/dag_01_batch_ingestion.py took 0.249 seconds
[2026-05-23T14:31:18.259+0000] {processor.py:161} INFO - Started process (PID=2499) to work on /opt/airflow/dags/dag_01_batch_ingestion.py
[2026-05-23T14:31:18.260+0000] {processor.py:830} INFO - Processing file /opt/airflow/dags/dag_01_batch_ingestion.py for tasks to queue
[2026-05-23T14:31:18.263+0000] {logging_mixin.py:188} INFO - [2026-05-23T14:31:18.263+0000] {dagbag.py:545} INFO - Filling up the DagBag from /opt/airflow/dags/dag_01_batch_ingestion.py
[2026-05-23T14:31:18.295+0000] {processor.py:840} INFO - DAG(s) '01_metadata_driven_batch_ingestion' retrieved from /opt/airflow/dags/dag_01_batch_ingestion.py
[2026-05-23T14:31:18.337+0000] {logging_mixin.py:188} INFO - [2026-05-23T14:31:18.336+0000] {dag.py:3096} INFO - Sync 1 DAGs
[2026-05-23T14:31:18.364+0000] {logging_mixin.py:188} INFO - [2026-05-23T14:31:18.364+0000] {dag.py:3954} INFO - Setting next_dagrun for 01_metadata_driven_batch_ingestion to 2026-05-23 14:00:00+00:00, run_after=2026-05-23 15:00:00+00:00
[2026-05-23T14:31:18.395+0000] {processor.py:183} INFO - Processing /opt/airflow/dags/dag_01_batch_ingestion.py took 0.150 seconds
[2026-05-23T14:31:48.910+0000] {processor.py:161} INFO - Started process (PID=2788) to work on /opt/airflow/dags/dag_01_batch_ingestion.py
[2026-05-23T14:31:48.911+0000] {processor.py:830} INFO - Processing file /opt/airflow/dags/dag_01_batch_ingestion.py for tasks to queue
[2026-05-23T14:31:48.914+0000] {logging_mixin.py:188} INFO - [2026-05-23T14:31:48.914+0000] {dagbag.py:545} INFO - Filling up the DagBag from /opt/airflow/dags/dag_01_batch_ingestion.py
[2026-05-23T14:31:48.948+0000] {processor.py:840} INFO - DAG(s) '01_metadata_driven_batch_ingestion' retrieved from /opt/airflow/dags/dag_01_batch_ingestion.py
[2026-05-23T14:31:48.989+0000] {logging_mixin.py:188} INFO - [2026-05-23T14:31:48.989+0000] {dag.py:3096} INFO - Sync 1 DAGs
[2026-05-23T14:31:49.019+0000] {logging_mixin.py:188} INFO - [2026-05-23T14:31:49.018+0000] {dag.py:3954} INFO - Setting next_dagrun for 01_metadata_driven_batch_ingestion to 2026-05-23 14:00:00+00:00, run_after=2026-05-23 15:00:00+00:00
[2026-05-23T14:31:49.039+0000] {processor.py:183} INFO - Processing /opt/airflow/dags/dag_01_batch_ingestion.py took 0.143 seconds
[2026-05-23T14:32:19.334+0000] {processor.py:161} INFO - Started process (PID=2874) to work on /opt/airflow/dags/dag_01_batch_ingestion.py
[2026-05-23T14:32:19.335+0000] {processor.py:830} INFO - Processing file /opt/airflow/dags/dag_01_batch_ingestion.py for tasks to queue
[2026-05-23T14:32:19.336+0000] {logging_mixin.py:188} INFO - [2026-05-23T14:32:19.336+0000] {dagbag.py:545} INFO - Filling up the DagBag from /opt/airflow/dags/dag_01_batch_ingestion.py
[2026-05-23T14:32:19.357+0000] {processor.py:840} INFO - DAG(s) '01_metadata_driven_batch_ingestion' retrieved from /opt/airflow/dags/dag_01_batch_ingestion.py
[2026-05-23T14:32:19.386+0000] {logging_mixin.py:188} INFO - [2026-05-23T14:32:19.386+0000] {dag.py:3096} INFO - Sync 1 DAGs
[2026-05-23T14:32:19.404+0000] {logging_mixin.py:188} INFO - [2026-05-23T14:32:19.404+0000] {dag.py:3954} INFO - Setting next_dagrun for 01_metadata_driven_batch_ingestion to 2026-05-23 14:00:00+00:00, run_after=2026-05-23 15:00:00+00:00
[2026-05-23T14:32:19.418+0000] {processor.py:183} INFO - Processing /opt/airflow/dags/dag_01_batch_ingestion.py took 0.094 seconds
[2026-05-23T14:32:50.022+0000] {processor.py:161} INFO - Started process (PID=2975) to work on /opt/airflow/dags/dag_01_batch_ingestion.py
[2026-05-23T14:32:50.023+0000] {processor.py:830} INFO - Processing file /opt/airflow/dags/dag_01_batch_ingestion.py for tasks to queue
[2026-05-23T14:32:50.025+0000] {logging_mixin.py:188} INFO - [2026-05-23T14:32:50.025+0000] {dagbag.py:545} INFO - Filling up the DagBag from /opt/airflow/dags/dag_01_batch_ingestion.py
[2026-05-23T14:32:50.048+0000] {processor.py:840} INFO - DAG(s) '01_metadata_driven_batch_ingestion' retrieved from /opt/airflow/dags/dag_01_batch_ingestion.py
[2026-05-23T14:32:50.079+0000] {logging_mixin.py:188} INFO - [2026-05-23T14:32:50.078+0000] {dag.py:3096} INFO - Sync 1 DAGs
[2026-05-23T14:32:50.099+0000] {logging_mixin.py:188} INFO - [2026-05-23T14:32:50.099+0000] {dag.py:3954} INFO - Setting next_dagrun for 01_metadata_driven_batch_ingestion to 2026-05-23 14:00:00+00:00, run_after=2026-05-23 15:00:00+00:00
[2026-05-23T14:32:50.123+0000] {processor.py:183} INFO - Processing /opt/airflow/dags/dag_01_batch_ingestion.py took 0.110 seconds
[2026-05-23T14:33:20.612+0000] {processor.py:161} INFO - Started process (PID=3161) to work on /opt/airflow/dags/dag_01_batch_ingestion.py
[2026-05-23T14:33:20.613+0000] {processor.py:830} INFO - Processing file /opt/airflow/dags/dag_01_batch_ingestion.py for tasks to queue
[2026-05-23T14:33:20.615+0000] {logging_mixin.py:188} INFO - [2026-05-23T14:33:20.615+0000] {dagbag.py:545} INFO - Filling up the DagBag from /opt/airflow/dags/dag_01_batch_ingestion.py
[2026-05-23T14:33:20.646+0000] {processor.py:840} INFO - DAG(s) '01_metadata_driven_batch_ingestion' retrieved from /opt/airflow/dags/dag_01_batch_ingestion.py
[2026-05-23T14:33:20.679+0000] {logging_mixin.py:188} INFO - [2026-05-23T14:33:20.679+0000] {dag.py:3096} INFO - Sync 1 DAGs
[2026-05-23T14:33:20.700+0000] {logging_mixin.py:188} INFO - [2026-05-23T14:33:20.700+0000] {dag.py:3954} INFO - Setting next_dagrun for 01_metadata_driven_batch_ingestion to 2026-05-23 14:00:00+00:00, run_after=2026-05-23 15:00:00+00:00
[2026-05-23T14:33:20.725+0000] {processor.py:183} INFO - Processing /opt/airflow/dags/dag_01_batch_ingestion.py took 0.126 seconds
[2026-05-23T14:33:51.545+0000] {processor.py:161} INFO - Started process (PID=3209) to work on /opt/airflow/dags/dag_01_batch_ingestion.py
[2026-05-23T14:33:51.546+0000] {processor.py:830} INFO - Processing file /opt/airflow/dags/dag_01_batch_ingestion.py for tasks to queue
[2026-05-23T14:33:51.548+0000] {logging_mixin.py:188} INFO - [2026-05-23T14:33:51.548+0000] {dagbag.py:545} INFO - Filling up the DagBag from /opt/airflow/dags/dag_01_batch_ingestion.py
[2026-05-23T14:33:51.584+0000] {processor.py:840} INFO - DAG(s) '01_metadata_driven_batch_ingestion' retrieved from /opt/airflow/dags/dag_01_batch_ingestion.py
[2026-05-23T14:33:51.640+0000] {logging_mixin.py:188} INFO - [2026-05-23T14:33:51.639+0000] {dag.py:3096} INFO - Sync 1 DAGs
[2026-05-23T14:33:51.684+0000] {logging_mixin.py:188} INFO - [2026-05-23T14:33:51.684+0000] {dag.py:3954} INFO - Setting next_dagrun for 01_metadata_driven_batch_ingestion to 2026-05-23 14:00:00+00:00, run_after=2026-05-23 15:00:00+00:00
[2026-05-23T14:33:51.719+0000] {processor.py:183} INFO - Processing /opt/airflow/dags/dag_01_batch_ingestion.py took 0.186 seconds
[2026-05-23T14:34:22.010+0000] {processor.py:161} INFO - Started process (PID=3240) to work on /opt/airflow/dags/dag_01_batch_ingestion.py
[2026-05-23T14:34:22.012+0000] {processor.py:830} INFO - Processing file /opt/airflow/dags/dag_01_batch_ingestion.py for tasks to queue
[2026-05-23T14:34:22.014+0000] {logging_mixin.py:188} INFO - [2026-05-23T14:34:22.013+0000] {dagbag.py:545} INFO - Filling up the DagBag from /opt/airflow/dags/dag_01_batch_ingestion.py
[2026-05-23T14:34:22.038+0000] {processor.py:840} INFO - DAG(s) '01_metadata_driven_batch_ingestion' retrieved from /opt/airflow/dags/dag_01_batch_ingestion.py
[2026-05-23T14:34:22.069+0000] {logging_mixin.py:188} INFO - [2026-05-23T14:34:22.069+0000] {dag.py:3096} INFO - Sync 1 DAGs
[2026-05-23T14:34:22.089+0000] {logging_mixin.py:188} INFO - [2026-05-23T14:34:22.089+0000] {dag.py:3954} INFO - Setting next_dagrun for 01_metadata_driven_batch_ingestion to 2026-05-23 14:00:00+00:00, run_after=2026-05-23 15:00:00+00:00
[2026-05-23T14:34:22.110+0000] {processor.py:183} INFO - Processing /opt/airflow/dags/dag_01_batch_ingestion.py took 0.113 seconds
[2026-05-23T14:34:52.521+0000] {processor.py:161} INFO - Started process (PID=3392) to work on /opt/airflow/dags/dag_01_batch_ingestion.py
[2026-05-23T14:34:52.522+0000] {processor.py:830} INFO - Processing file /opt/airflow/dags/dag_01_batch_ingestion.py for tasks to queue
[2026-05-23T14:34:52.524+0000] {logging_mixin.py:188} INFO - [2026-05-23T14:34:52.523+0000] {dagbag.py:545} INFO - Filling up the DagBag from /opt/airflow/dags/dag_01_batch_ingestion.py
[2026-05-23T14:34:52.546+0000] {processor.py:840} INFO - DAG(s) '01_metadata_driven_batch_ingestion' retrieved from /opt/airflow/dags/dag_01_batch_ingestion.py
[2026-05-23T14:34:52.575+0000] {logging_mixin.py:188} INFO - [2026-05-23T14:34:52.575+0000] {dag.py:3096} INFO - Sync 1 DAGs
[2026-05-23T14:34:52.594+0000] {logging_mixin.py:188} INFO - [2026-05-23T14:34:52.594+0000] {dag.py:3954} INFO - Setting next_dagrun for 01_metadata_driven_batch_ingestion to 2026-05-23 14:00:00+00:00, run_after=2026-05-23 15:00:00+00:00
[2026-05-23T14:34:52.609+0000] {processor.py:183} INFO - Processing /opt/airflow/dags/dag_01_batch_ingestion.py took 0.098 seconds
[2026-05-23T14:35:23.144+0000] {processor.py:161} INFO - Started process (PID=3540) to work on /opt/airflow/dags/dag_01_batch_ingestion.py
[2026-05-23T14:35:23.145+0000] {processor.py:830} INFO - Processing file /opt/airflow/dags/dag_01_batch_ingestion.py for tasks to queue
[2026-05-23T14:35:23.146+0000] {logging_mixin.py:188} INFO - [2026-05-23T14:35:23.146+0000] {dagbag.py:545} INFO - Filling up the DagBag from /opt/airflow/dags/dag_01_batch_ingestion.py
[2026-05-23T14:35:23.168+0000] {processor.py:840} INFO - DAG(s) '01_metadata_driven_batch_ingestion' retrieved from /opt/airflow/dags/dag_01_batch_ingestion.py
[2026-05-23T14:35:23.197+0000] {logging_mixin.py:188} INFO - [2026-05-23T14:35:23.197+0000] {dag.py:3096} INFO - Sync 1 DAGs
[2026-05-23T14:35:23.215+0000] {logging_mixin.py:188} INFO - [2026-05-23T14:35:23.215+0000] {dag.py:3954} INFO - Setting next_dagrun for 01_metadata_driven_batch_ingestion to 2026-05-23 14:00:00+00:00, run_after=2026-05-23 15:00:00+00:00
[2026-05-23T14:35:23.231+0000] {processor.py:183} INFO - Processing /opt/airflow/dags/dag_01_batch_ingestion.py took 0.097 seconds
[2026-05-23T14:35:53.769+0000] {processor.py:161} INFO - Started process (PID=3641) to work on /opt/airflow/dags/dag_01_batch_ingestion.py
[2026-05-23T14:35:53.770+0000] {processor.py:830} INFO - Processing file /opt/airflow/dags/dag_01_batch_ingestion.py for tasks to queue
[2026-05-23T14:35:53.772+0000] {logging_mixin.py:188} INFO - [2026-05-23T14:35:53.772+0000] {dagbag.py:545} INFO - Filling up the DagBag from /opt/airflow/dags/dag_01_batch_ingestion.py
[2026-05-23T14:35:53.796+0000] {processor.py:840} INFO - DAG(s) '01_metadata_driven_batch_ingestion' retrieved from /opt/airflow/dags/dag_01_batch_ingestion.py
[2026-05-23T14:35:53.827+0000] {logging_mixin.py:188} INFO - [2026-05-23T14:35:53.827+0000] {dag.py:3096} INFO - Sync 1 DAGs
[2026-05-23T14:35:53.847+0000] {logging_mixin.py:188} INFO - [2026-05-23T14:35:53.847+0000] {dag.py:3954} INFO - Setting next_dagrun for 01_metadata_driven_batch_ingestion to 2026-05-23 14:00:00+00:00, run_after=2026-05-23 15:00:00+00:00
[2026-05-23T14:35:53.870+0000] {processor.py:183} INFO - Processing /opt/airflow/dags/dag_01_batch_ingestion.py took 0.110 seconds
[2026-05-23T14:36:24.287+0000] {processor.py:161} INFO - Started process (PID=3723) to work on /opt/airflow/dags/dag_01_batch_ingestion.py
[2026-05-23T14:36:24.288+0000] {processor.py:830} INFO - Processing file /opt/airflow/dags/dag_01_batch_ingestion.py for tasks to queue
[2026-05-23T14:36:24.289+0000] {logging_mixin.py:188} INFO - [2026-05-23T14:36:24.289+0000] {dagbag.py:545} INFO - Filling up the DagBag from /opt/airflow/dags/dag_01_batch_ingestion.py
[2026-05-23T14:36:24.314+0000] {processor.py:840} INFO - DAG(s) '01_metadata_driven_batch_ingestion' retrieved from /opt/airflow/dags/dag_01_batch_ingestion.py
[2026-05-23T14:36:24.345+0000] {logging_mixin.py:188} INFO - [2026-05-23T14:36:24.344+0000] {dag.py:3096} INFO - Sync 1 DAGs
[2026-05-23T14:36:24.365+0000] {logging_mixin.py:188} INFO - [2026-05-23T14:36:24.365+0000] {dag.py:3954} INFO - Setting next_dagrun for 01_metadata_driven_batch_ingestion to 2026-05-23 14:00:00+00:00, run_after=2026-05-23 15:00:00+00:00
[2026-05-23T14:36:24.380+0000] {processor.py:183} INFO - Processing /opt/airflow/dags/dag_01_batch_ingestion.py took 0.103 seconds
[2026-05-23T14:36:54.811+0000] {processor.py:161} INFO - Started process (PID=3754) to work on /opt/airflow/dags/dag_01_batch_ingestion.py
[2026-05-23T14:36:54.812+0000] {processor.py:830} INFO - Processing file /opt/airflow/dags/dag_01_batch_ingestion.py for tasks to queue
[2026-05-23T14:36:54.814+0000] {logging_mixin.py:188} INFO - [2026-05-23T14:36:54.814+0000] {dagbag.py:545} INFO - Filling up the DagBag from /opt/airflow/dags/dag_01_batch_ingestion.py
[2026-05-23T14:36:54.836+0000] {processor.py:840} INFO - DAG(s) '01_metadata_driven_batch_ingestion' retrieved from /opt/airflow/dags/dag_01_batch_ingestion.py
[2026-05-23T14:36:54.869+0000] {logging_mixin.py:188} INFO - [2026-05-23T14:36:54.869+0000] {dag.py:3096} INFO - Sync 1 DAGs
[2026-05-23T14:36:54.889+0000] {logging_mixin.py:188} INFO - [2026-05-23T14:36:54.888+0000] {dag.py:3954} INFO - Setting next_dagrun for 01_metadata_driven_batch_ingestion to 2026-05-23 14:00:00+00:00, run_after=2026-05-23 15:00:00+00:00
[2026-05-23T14:36:54.903+0000] {processor.py:183} INFO - Processing /opt/airflow/dags/dag_01_batch_ingestion.py took 0.104 seconds
[2026-05-23T14:37:25.513+0000] {processor.py:161} INFO - Started process (PID=3945) to work on /opt/airflow/dags/dag_01_batch_ingestion.py
[2026-05-23T14:37:25.514+0000] {processor.py:830} INFO - Processing file /opt/airflow/dags/dag_01_batch_ingestion.py for tasks to queue
[2026-05-23T14:37:25.516+0000] {logging_mixin.py:188} INFO - [2026-05-23T14:37:25.515+0000] {dagbag.py:545} INFO - Filling up the DagBag from /opt/airflow/dags/dag_01_batch_ingestion.py
[2026-05-23T14:37:25.542+0000] {processor.py:840} INFO - DAG(s) '01_metadata_driven_batch_ingestion' retrieved from /opt/airflow/dags/dag_01_batch_ingestion.py
[2026-05-23T14:37:25.579+0000] {logging_mixin.py:188} INFO - [2026-05-23T14:37:25.578+0000] {dag.py:3096} INFO - Sync 1 DAGs
[2026-05-23T14:37:25.600+0000] {logging_mixin.py:188} INFO - [2026-05-23T14:37:25.599+0000] {dag.py:3954} INFO - Setting next_dagrun for 01_metadata_driven_batch_ingestion to 2026-05-23 14:00:00+00:00, run_after=2026-05-23 15:00:00+00:00
[2026-05-23T14:37:25.618+0000] {processor.py:183} INFO - Processing /opt/airflow/dags/dag_01_batch_ingestion.py took 0.115 seconds
[2026-05-23T14:37:56.337+0000] {processor.py:161} INFO - Started process (PID=4158) to work on /opt/airflow/dags/dag_01_batch_ingestion.py
[2026-05-23T14:37:56.339+0000] {processor.py:830} INFO - Processing file /opt/airflow/dags/dag_01_batch_ingestion.py for tasks to queue
[2026-05-23T14:37:56.341+0000] {logging_mixin.py:188} INFO - [2026-05-23T14:37:56.341+0000] {dagbag.py:545} INFO - Filling up the DagBag from /opt/airflow/dags/dag_01_batch_ingestion.py
[2026-05-23T14:37:56.381+0000] {processor.py:840} INFO - DAG(s) '01_metadata_driven_batch_ingestion' retrieved from /opt/airflow/dags/dag_01_batch_ingestion.py
[2026-05-23T14:37:56.430+0000] {logging_mixin.py:188} INFO - [2026-05-23T14:37:56.429+0000] {dag.py:3096} INFO - Sync 1 DAGs
[2026-05-23T14:37:56.466+0000] {logging_mixin.py:188} INFO - [2026-05-23T14:37:56.465+0000] {dag.py:3954} INFO - Setting next_dagrun for 01_metadata_driven_batch_ingestion to 2026-05-23 14:00:00+00:00, run_after=2026-05-23 15:00:00+00:00
[2026-05-23T14:37:56.503+0000] {processor.py:183} INFO - Processing /opt/airflow/dags/dag_01_batch_ingestion.py took 0.181 seconds
[2026-05-23T14:38:26.798+0000] {processor.py:161} INFO - Started process (PID=4672) to work on /opt/airflow/dags/dag_01_batch_ingestion.py
[2026-05-23T14:38:26.800+0000] {processor.py:830} INFO - Processing file /opt/airflow/dags/dag_01_batch_ingestion.py for tasks to queue
[2026-05-23T14:38:26.802+0000] {logging_mixin.py:188} INFO - [2026-05-23T14:38:26.801+0000] {dagbag.py:545} INFO - Filling up the DagBag from /opt/airflow/dags/dag_01_batch_ingestion.py
[2026-05-23T14:38:26.831+0000] {processor.py:840} INFO - DAG(s) '01_metadata_driven_batch_ingestion' retrieved from /opt/airflow/dags/dag_01_batch_ingestion.py
[2026-05-23T14:38:26.865+0000] {logging_mixin.py:188} INFO - [2026-05-23T14:38:26.865+0000] {dag.py:3096} INFO - Sync 1 DAGs
[2026-05-23T14:38:26.887+0000] {logging_mixin.py:188} INFO - [2026-05-23T14:38:26.887+0000] {dag.py:3954} INFO - Setting next_dagrun for 01_metadata_driven_batch_ingestion to 2026-05-23 14:00:00+00:00, run_after=2026-05-23 15:00:00+00:00
[2026-05-23T14:38:26.905+0000] {processor.py:183} INFO - Processing /opt/airflow/dags/dag_01_batch_ingestion.py took 0.116 seconds
[2026-05-23T14:38:57.434+0000] {processor.py:161} INFO - Started process (PID=4782) to work on /opt/airflow/dags/dag_01_batch_ingestion.py
[2026-05-23T14:38:57.435+0000] {processor.py:830} INFO - Processing file /opt/airflow/dags/dag_01_batch_ingestion.py for tasks to queue
[2026-05-23T14:38:57.437+0000] {logging_mixin.py:188} INFO - [2026-05-23T14:38:57.436+0000] {dagbag.py:545} INFO - Filling up the DagBag from /opt/airflow/dags/dag_01_batch_ingestion.py
[2026-05-23T14:38:57.459+0000] {processor.py:840} INFO - DAG(s) '01_metadata_driven_batch_ingestion' retrieved from /opt/airflow/dags/dag_01_batch_ingestion.py
[2026-05-23T14:38:57.488+0000] {logging_mixin.py:188} INFO - [2026-05-23T14:38:57.488+0000] {dag.py:3096} INFO - Sync 1 DAGs
[2026-05-23T14:38:57.506+0000] {logging_mixin.py:188} INFO - [2026-05-23T14:38:57.506+0000] {dag.py:3954} INFO - Setting next_dagrun for 01_metadata_driven_batch_ingestion to 2026-05-23 14:00:00+00:00, run_after=2026-05-23 15:00:00+00:00
[2026-05-23T14:38:57.528+0000] {processor.py:183} INFO - Processing /opt/airflow/dags/dag_01_batch_ingestion.py took 0.103 seconds
[2026-05-23T14:39:27.987+0000] {processor.py:161} INFO - Started process (PID=4813) to work on /opt/airflow/dags/dag_01_batch_ingestion.py
[2026-05-23T14:39:27.988+0000] {processor.py:830} INFO - Processing file /opt/airflow/dags/dag_01_batch_ingestion.py for tasks to queue
[2026-05-23T14:39:27.990+0000] {logging_mixin.py:188} INFO - [2026-05-23T14:39:27.989+0000] {dagbag.py:545} INFO - Filling up the DagBag from /opt/airflow/dags/dag_01_batch_ingestion.py
[2026-05-23T14:39:28.013+0000] {processor.py:840} INFO - DAG(s) '01_metadata_driven_batch_ingestion' retrieved from /opt/airflow/dags/dag_01_batch_ingestion.py
[2026-05-23T14:39:28.042+0000] {logging_mixin.py:188} INFO - [2026-05-23T14:39:28.042+0000] {dag.py:3096} INFO - Sync 1 DAGs
[2026-05-23T14:39:28.060+0000] {logging_mixin.py:188} INFO - [2026-05-23T14:39:28.060+0000] {dag.py:3954} INFO - Setting next_dagrun for 01_metadata_driven_batch_ingestion to 2026-05-23 14:00:00+00:00, run_after=2026-05-23 15:00:00+00:00
[2026-05-23T14:39:28.076+0000] {processor.py:183} INFO - Processing /opt/airflow/dags/dag_01_batch_ingestion.py took 0.099 seconds
[2026-05-23T14:39:58.510+0000] {processor.py:161} INFO - Started process (PID=4965) to work on /opt/airflow/dags/dag_01_batch_ingestion.py
[2026-05-23T14:39:58.512+0000] {processor.py:830} INFO - Processing file /opt/airflow/dags/dag_01_batch_ingestion.py for tasks to queue
[2026-05-23T14:39:58.513+0000] {logging_mixin.py:188} INFO - [2026-05-23T14:39:58.513+0000] {dagbag.py:545} INFO - Filling up the DagBag from /opt/airflow/dags/dag_01_batch_ingestion.py
[2026-05-23T14:39:58.537+0000] {processor.py:840} INFO - DAG(s) '01_metadata_driven_batch_ingestion' retrieved from /opt/airflow/dags/dag_01_batch_ingestion.py
[2026-05-23T14:39:58.568+0000] {logging_mixin.py:188} INFO - [2026-05-23T14:39:58.568+0000] {dag.py:3096} INFO - Sync 1 DAGs
[2026-05-23T14:39:58.586+0000] {logging_mixin.py:188} INFO - [2026-05-23T14:39:58.586+0000] {dag.py:3954} INFO - Setting next_dagrun for 01_metadata_driven_batch_ingestion to 2026-05-23 14:00:00+00:00, run_after=2026-05-23 15:00:00+00:00
[2026-05-23T14:39:58.602+0000] {processor.py:183} INFO - Processing /opt/airflow/dags/dag_01_batch_ingestion.py took 0.101 seconds
[2026-05-23T14:40:29.076+0000] {processor.py:161} INFO - Started process (PID=5117) to work on /opt/airflow/dags/dag_01_batch_ingestion.py
[2026-05-23T14:40:29.078+0000] {processor.py:830} INFO - Processing file /opt/airflow/dags/dag_01_batch_ingestion.py for tasks to queue
[2026-05-23T14:40:29.080+0000] {logging_mixin.py:188} INFO - [2026-05-23T14:40:29.079+0000] {dagbag.py:545} INFO - Filling up the DagBag from /opt/airflow/dags/dag_01_batch_ingestion.py
[2026-05-23T14:40:29.105+0000] {processor.py:840} INFO - DAG(s) '01_metadata_driven_batch_ingestion' retrieved from /opt/airflow/dags/dag_01_batch_ingestion.py
[2026-05-23T14:40:29.135+0000] {logging_mixin.py:188} INFO - [2026-05-23T14:40:29.134+0000] {dag.py:3096} INFO - Sync 1 DAGs
[2026-05-23T14:40:29.151+0000] {logging_mixin.py:188} INFO - [2026-05-23T14:40:29.151+0000] {dag.py:3954} INFO - Setting next_dagrun for 01_metadata_driven_batch_ingestion to 2026-05-23 14:00:00+00:00, run_after=2026-05-23 15:00:00+00:00
[2026-05-23T14:40:29.167+0000] {processor.py:183} INFO - Processing /opt/airflow/dags/dag_01_batch_ingestion.py took 0.103 seconds
[2026-05-23T14:40:59.335+0000] {processor.py:161} INFO - Started process (PID=5154) to work on /opt/airflow/dags/dag_01_batch_ingestion.py
[2026-05-23T14:40:59.337+0000] {processor.py:830} INFO - Processing file /opt/airflow/dags/dag_01_batch_ingestion.py for tasks to queue
[2026-05-23T14:40:59.340+0000] {logging_mixin.py:188} INFO - [2026-05-23T14:40:59.339+0000] {dagbag.py:545} INFO - Filling up the DagBag from /opt/airflow/dags/dag_01_batch_ingestion.py
[2026-05-23T14:40:59.383+0000] {processor.py:840} INFO - DAG(s) '01_metadata_driven_batch_ingestion' retrieved from /opt/airflow/dags/dag_01_batch_ingestion.py
[2026-05-23T14:40:59.436+0000] {logging_mixin.py:188} INFO - [2026-05-23T14:40:59.435+0000] {dag.py:3096} INFO - Sync 1 DAGs
[2026-05-23T14:40:59.469+0000] {logging_mixin.py:188} INFO - [2026-05-23T14:40:59.469+0000] {dag.py:3954} INFO - Setting next_dagrun for 01_metadata_driven_batch_ingestion to 2026-05-23 14:00:00+00:00, run_after=2026-05-23 15:00:00+00:00
[2026-05-23T14:40:59.497+0000] {processor.py:183} INFO - Processing /opt/airflow/dags/dag_01_batch_ingestion.py took 0.177 seconds
[2026-05-23T14:41:30.211+0000] {processor.py:161} INFO - Started process (PID=5261) to work on /opt/airflow/dags/dag_01_batch_ingestion.py
[2026-05-23T14:41:30.222+0000] {processor.py:830} INFO - Processing file /opt/airflow/dags/dag_01_batch_ingestion.py for tasks to queue
[2026-05-23T14:41:30.224+0000] {logging_mixin.py:188} INFO - [2026-05-23T14:41:30.224+0000] {dagbag.py:545} INFO - Filling up the DagBag from /opt/airflow/dags/dag_01_batch_ingestion.py
[2026-05-23T14:41:30.252+0000] {processor.py:840} INFO - DAG(s) '01_metadata_driven_batch_ingestion' retrieved from /opt/airflow/dags/dag_01_batch_ingestion.py
[2026-05-23T14:41:30.283+0000] {logging_mixin.py:188} INFO - [2026-05-23T14:41:30.283+0000] {dag.py:3096} INFO - Sync 1 DAGs
[2026-05-23T14:41:30.303+0000] {logging_mixin.py:188} INFO - [2026-05-23T14:41:30.303+0000] {dag.py:3954} INFO - Setting next_dagrun for 01_metadata_driven_batch_ingestion to 2026-05-23 14:00:00+00:00, run_after=2026-05-23 15:00:00+00:00
[2026-05-23T14:41:30.336+0000] {processor.py:183} INFO - Processing /opt/airflow/dags/dag_01_batch_ingestion.py took 0.135 seconds
[2026-05-23T14:42:00.819+0000] {processor.py:161} INFO - Started process (PID=5343) to work on /opt/airflow/dags/dag_01_batch_ingestion.py
[2026-05-23T14:42:00.833+0000] {processor.py:830} INFO - Processing file /opt/airflow/dags/dag_01_batch_ingestion.py for tasks to queue
[2026-05-23T14:42:00.835+0000] {logging_mixin.py:188} INFO - [2026-05-23T14:42:00.835+0000] {dagbag.py:545} INFO - Filling up the DagBag from /opt/airflow/dags/dag_01_batch_ingestion.py
[2026-05-23T14:42:00.861+0000] {processor.py:840} INFO - DAG(s) '01_metadata_driven_batch_ingestion' retrieved from /opt/airflow/dags/dag_01_batch_ingestion.py
[2026-05-23T14:42:00.890+0000] {logging_mixin.py:188} INFO - [2026-05-23T14:42:00.890+0000] {dag.py:3096} INFO - Sync 1 DAGs
[2026-05-23T14:42:00.907+0000] {logging_mixin.py:188} INFO - [2026-05-23T14:42:00.907+0000] {dag.py:3954} INFO - Setting next_dagrun for 01_metadata_driven_batch_ingestion to 2026-05-23 14:00:00+00:00, run_after=2026-05-23 15:00:00+00:00
[2026-05-23T14:42:00.927+0000] {processor.py:183} INFO - Processing /opt/airflow/dags/dag_01_batch_ingestion.py took 0.121 seconds
[2026-05-23T14:42:31.439+0000] {processor.py:161} INFO - Started process (PID=5374) to work on /opt/airflow/dags/dag_01_batch_ingestion.py
[2026-05-23T14:42:31.440+0000] {processor.py:830} INFO - Processing file /opt/airflow/dags/dag_01_batch_ingestion.py for tasks to queue
[2026-05-23T14:42:31.442+0000] {logging_mixin.py:188} INFO - [2026-05-23T14:42:31.441+0000] {dagbag.py:545} INFO - Filling up the DagBag from /opt/airflow/dags/dag_01_batch_ingestion.py
[2026-05-23T14:42:31.472+0000] {processor.py:840} INFO - DAG(s) '01_metadata_driven_batch_ingestion' retrieved from /opt/airflow/dags/dag_01_batch_ingestion.py
[2026-05-23T14:42:31.502+0000] {logging_mixin.py:188} INFO - [2026-05-23T14:42:31.501+0000] {dag.py:3096} INFO - Sync 1 DAGs
[2026-05-23T14:42:31.519+0000] {logging_mixin.py:188} INFO - [2026-05-23T14:42:31.519+0000] {dag.py:3954} INFO - Setting next_dagrun for 01_metadata_driven_batch_ingestion to 2026-05-23 14:00:00+00:00, run_after=2026-05-23 15:00:00+00:00
[2026-05-23T14:42:31.540+0000] {processor.py:183} INFO - Processing /opt/airflow/dags/dag_01_batch_ingestion.py took 0.113 seconds
[2026-05-23T14:43:01.976+0000] {processor.py:161} INFO - Started process (PID=5532) to work on /opt/airflow/dags/dag_01_batch_ingestion.py
[2026-05-23T14:43:01.977+0000] {processor.py:830} INFO - Processing file /opt/airflow/dags/dag_01_batch_ingestion.py for tasks to queue
[2026-05-23T14:43:01.978+0000] {logging_mixin.py:188} INFO - [2026-05-23T14:43:01.978+0000] {dagbag.py:545} INFO - Filling up the DagBag from /opt/airflow/dags/dag_01_batch_ingestion.py
[2026-05-23T14:43:02.001+0000] {processor.py:840} INFO - DAG(s) '01_metadata_driven_batch_ingestion' retrieved from /opt/airflow/dags/dag_01_batch_ingestion.py
[2026-05-23T14:43:02.031+0000] {logging_mixin.py:188} INFO - [2026-05-23T14:43:02.031+0000] {dag.py:3096} INFO - Sync 1 DAGs
[2026-05-23T14:43:02.048+0000] {logging_mixin.py:188} INFO - [2026-05-23T14:43:02.048+0000] {dag.py:3954} INFO - Setting next_dagrun for 01_metadata_driven_batch_ingestion to 2026-05-23 14:00:00+00:00, run_after=2026-05-23 15:00:00+00:00
[2026-05-23T14:43:02.062+0000] {processor.py:183} INFO - Processing /opt/airflow/dags/dag_01_batch_ingestion.py took 0.096 seconds
[2026-05-23T14:43:32.630+0000] {processor.py:161} INFO - Started process (PID=5563) to work on /opt/airflow/dags/dag_01_batch_ingestion.py
[2026-05-23T14:43:32.631+0000] {processor.py:830} INFO - Processing file /opt/airflow/dags/dag_01_batch_ingestion.py for tasks to queue
[2026-05-23T14:43:32.633+0000] {logging_mixin.py:188} INFO - [2026-05-23T14:43:32.633+0000] {dagbag.py:545} INFO - Filling up the DagBag from /opt/airflow/dags/dag_01_batch_ingestion.py
[2026-05-23T14:43:32.655+0000] {processor.py:840} INFO - DAG(s) '01_metadata_driven_batch_ingestion' retrieved from /opt/airflow/dags/dag_01_batch_ingestion.py
[2026-05-23T14:43:32.687+0000] {logging_mixin.py:188} INFO - [2026-05-23T14:43:32.687+0000] {dag.py:3096} INFO - Sync 1 DAGs
[2026-05-23T14:43:32.705+0000] {logging_mixin.py:188} INFO - [2026-05-23T14:43:32.705+0000] {dag.py:3954} INFO - Setting next_dagrun for 01_metadata_driven_batch_ingestion to 2026-05-23 14:00:00+00:00, run_after=2026-05-23 15:00:00+00:00
[2026-05-23T14:43:32.731+0000] {processor.py:183} INFO - Processing /opt/airflow/dags/dag_01_batch_ingestion.py took 0.109 seconds
[2026-05-23T14:44:03.225+0000] {processor.py:161} INFO - Started process (PID=5630) to work on /opt/airflow/dags/dag_01_batch_ingestion.py
[2026-05-23T14:44:03.226+0000] {processor.py:830} INFO - Processing file /opt/airflow/dags/dag_01_batch_ingestion.py for tasks to queue
[2026-05-23T14:44:03.227+0000] {logging_mixin.py:188} INFO - [2026-05-23T14:44:03.227+0000] {dagbag.py:545} INFO - Filling up the DagBag from /opt/airflow/dags/dag_01_batch_ingestion.py
[2026-05-23T14:44:03.250+0000] {processor.py:840} INFO - DAG(s) '01_metadata_driven_batch_ingestion' retrieved from /opt/airflow/dags/dag_01_batch_ingestion.py
[2026-05-23T14:44:03.280+0000] {logging_mixin.py:188} INFO - [2026-05-23T14:44:03.280+0000] {dag.py:3096} INFO - Sync 1 DAGs
[2026-05-23T14:44:03.298+0000] {logging_mixin.py:188} INFO - [2026-05-23T14:44:03.298+0000] {dag.py:3954} INFO - Setting next_dagrun for 01_metadata_driven_batch_ingestion to 2026-05-23 14:00:00+00:00, run_after=2026-05-23 15:00:00+00:00
[2026-05-23T14:44:03.313+0000] {processor.py:183} INFO - Processing /opt/airflow/dags/dag_01_batch_ingestion.py took 0.098 seconds
[2026-05-23T14:44:33.785+0000] {processor.py:161} INFO - Started process (PID=5754) to work on /opt/airflow/dags/dag_01_batch_ingestion.py
[2026-05-23T14:44:33.786+0000] {processor.py:830} INFO - Processing file /opt/airflow/dags/dag_01_batch_ingestion.py for tasks to queue
[2026-05-23T14:44:33.789+0000] {logging_mixin.py:188} INFO - [2026-05-23T14:44:33.788+0000] {dagbag.py:545} INFO - Filling up the DagBag from /opt/airflow/dags/dag_01_batch_ingestion.py
[2026-05-23T14:44:33.811+0000] {processor.py:840} INFO - DAG(s) '01_metadata_driven_batch_ingestion' retrieved from /opt/airflow/dags/dag_01_batch_ingestion.py
[2026-05-23T14:44:33.841+0000] {logging_mixin.py:188} INFO - [2026-05-23T14:44:33.841+0000] {dag.py:3096} INFO - Sync 1 DAGs
[2026-05-23T14:44:33.861+0000] {logging_mixin.py:188} INFO - [2026-05-23T14:44:33.861+0000] {dag.py:3954} INFO - Setting next_dagrun for 01_metadata_driven_batch_ingestion to 2026-05-23 14:00:00+00:00, run_after=2026-05-23 15:00:00+00:00
[2026-05-23T14:44:33.880+0000] {processor.py:183} INFO - Processing /opt/airflow/dags/dag_01_batch_ingestion.py took 0.104 seconds
[2026-05-23T14:45:04.430+0000] {processor.py:161} INFO - Started process (PID=5837) to work on /opt/airflow/dags/dag_01_batch_ingestion.py
[2026-05-23T14:45:04.431+0000] {processor.py:830} INFO - Processing file /opt/airflow/dags/dag_01_batch_ingestion.py for tasks to queue
[2026-05-23T14:45:04.433+0000] {logging_mixin.py:188} INFO - [2026-05-23T14:45:04.432+0000] {dagbag.py:545} INFO - Filling up the DagBag from /opt/airflow/dags/dag_01_batch_ingestion.py
[2026-05-23T14:45:04.471+0000] {processor.py:840} INFO - DAG(s) '01_metadata_driven_batch_ingestion' retrieved from /opt/airflow/dags/dag_01_batch_ingestion.py
[2026-05-23T14:45:04.504+0000] {logging_mixin.py:188} INFO - [2026-05-23T14:45:04.503+0000] {dag.py:3096} INFO - Sync 1 DAGs
[2026-05-23T14:45:04.524+0000] {logging_mixin.py:188} INFO - [2026-05-23T14:45:04.524+0000] {dag.py:3954} INFO - Setting next_dagrun for 01_metadata_driven_batch_ingestion to 2026-05-23 14:00:00+00:00, run_after=2026-05-23 15:00:00+00:00
[2026-05-23T14:45:04.541+0000] {processor.py:183} INFO - Processing /opt/airflow/dags/dag_01_batch_ingestion.py took 0.123 seconds
[2026-05-23T14:45:34.984+0000] {processor.py:161} INFO - Started process (PID=6131) to work on /opt/airflow/dags/dag_01_batch_ingestion.py
[2026-05-23T14:45:34.985+0000] {processor.py:830} INFO - Processing file /opt/airflow/dags/dag_01_batch_ingestion.py for tasks to queue
[2026-05-23T14:45:34.987+0000] {logging_mixin.py:188} INFO - [2026-05-23T14:45:34.987+0000] {dagbag.py:545} INFO - Filling up the DagBag from /opt/airflow/dags/dag_01_batch_ingestion.py
[2026-05-23T14:45:35.009+0000] {processor.py:840} INFO - DAG(s) '01_metadata_driven_batch_ingestion' retrieved from /opt/airflow/dags/dag_01_batch_ingestion.py
[2026-05-23T14:45:35.023+0000] {logging_mixin.py:188} INFO - [2026-05-23T14:45:35.023+0000] {dag.py:3096} INFO - Sync 1 DAGs
[2026-05-23T14:45:35.044+0000] {logging_mixin.py:188} INFO - [2026-05-23T14:45:35.043+0000] {dag.py:3954} INFO - Setting next_dagrun for 01_metadata_driven_batch_ingestion to 2026-05-23 14:00:00+00:00, run_after=2026-05-23 15:00:00+00:00
[2026-05-23T14:45:35.060+0000] {processor.py:183} INFO - Processing /opt/airflow/dags/dag_01_batch_ingestion.py took 0.087 seconds
[2026-05-23T14:45:36.006+0000] {processor.py:161} INFO - Started process (PID=6152) to work on /opt/airflow/dags/dag_01_batch_ingestion.py
[2026-05-23T14:45:36.008+0000] {processor.py:830} INFO - Processing file /opt/airflow/dags/dag_01_batch_ingestion.py for tasks to queue
[2026-05-23T14:45:36.010+0000] {logging_mixin.py:188} INFO - [2026-05-23T14:45:36.009+0000] {dagbag.py:545} INFO - Filling up the DagBag from /opt/airflow/dags/dag_01_batch_ingestion.py
[2026-05-23T14:45:36.052+0000] {processor.py:840} INFO - DAG(s) '01_metadata_driven_batch_ingestion' retrieved from /opt/airflow/dags/dag_01_batch_ingestion.py
[2026-05-23T14:45:36.069+0000] {logging_mixin.py:188} INFO - [2026-05-23T14:45:36.068+0000] {dag.py:3096} INFO - Sync 1 DAGs
[2026-05-23T14:45:36.095+0000] {logging_mixin.py:188} INFO - [2026-05-23T14:45:36.095+0000] {dag.py:3954} INFO - Setting next_dagrun for 01_metadata_driven_batch_ingestion to 2026-05-23 14:00:00+00:00, run_after=2026-05-23 15:00:00+00:00
[2026-05-23T14:45:36.124+0000] {processor.py:183} INFO - Processing /opt/airflow/dags/dag_01_batch_ingestion.py took 0.128 seconds
[2026-05-23T14:46:06.684+0000] {processor.py:161} INFO - Started process (PID=6253) to work on /opt/airflow/dags/dag_01_batch_ingestion.py
[2026-05-23T14:46:06.685+0000] {processor.py:830} INFO - Processing file /opt/airflow/dags/dag_01_batch_ingestion.py for tasks to queue
[2026-05-23T14:46:06.687+0000] {logging_mixin.py:188} INFO - [2026-05-23T14:46:06.687+0000] {dagbag.py:545} INFO - Filling up the DagBag from /opt/airflow/dags/dag_01_batch_ingestion.py
[2026-05-23T14:46:06.710+0000] {processor.py:840} INFO - DAG(s) '01_metadata_driven_batch_ingestion' retrieved from /opt/airflow/dags/dag_01_batch_ingestion.py
[2026-05-23T14:46:06.809+0000] {logging_mixin.py:188} INFO - [2026-05-23T14:46:06.809+0000] {dag.py:3096} INFO - Sync 1 DAGs
[2026-05-23T14:46:06.829+0000] {logging_mixin.py:188} INFO - [2026-05-23T14:46:06.829+0000] {dag.py:3954} INFO - Setting next_dagrun for 01_metadata_driven_batch_ingestion to 2026-05-23 14:00:00+00:00, run_after=2026-05-23 15:00:00+00:00
[2026-05-23T14:46:06.850+0000] {processor.py:183} INFO - Processing /opt/airflow/dags/dag_01_batch_ingestion.py took 0.176 seconds
[2026-05-23T14:46:37.122+0000] {processor.py:161} INFO - Started process (PID=6446) to work on /opt/airflow/dags/dag_01_batch_ingestion.py
[2026-05-23T14:46:37.123+0000] {processor.py:830} INFO - Processing file /opt/airflow/dags/dag_01_batch_ingestion.py for tasks to queue
[2026-05-23T14:46:37.125+0000] {logging_mixin.py:188} INFO - [2026-05-23T14:46:37.124+0000] {dagbag.py:545} INFO - Filling up the DagBag from /opt/airflow/dags/dag_01_batch_ingestion.py
[2026-05-23T14:46:37.148+0000] {processor.py:840} INFO - DAG(s) '01_metadata_driven_batch_ingestion' retrieved from /opt/airflow/dags/dag_01_batch_ingestion.py
[2026-05-23T14:46:37.177+0000] {logging_mixin.py:188} INFO - [2026-05-23T14:46:37.177+0000] {dag.py:3096} INFO - Sync 1 DAGs
[2026-05-23T14:46:37.197+0000] {logging_mixin.py:188} INFO - [2026-05-23T14:46:37.197+0000] {dag.py:3954} INFO - Setting next_dagrun for 01_metadata_driven_batch_ingestion to 2026-05-23 14:00:00+00:00, run_after=2026-05-23 15:00:00+00:00
[2026-05-23T14:46:37.215+0000] {processor.py:183} INFO - Processing /opt/airflow/dags/dag_01_batch_ingestion.py took 0.102 seconds
[2026-05-23T14:47:07.817+0000] {processor.py:161} INFO - Started process (PID=6598) to work on /opt/airflow/dags/dag_01_batch_ingestion.py
[2026-05-23T14:47:07.818+0000] {processor.py:830} INFO - Processing file /opt/airflow/dags/dag_01_batch_ingestion.py for tasks to queue
[2026-05-23T14:47:07.820+0000] {logging_mixin.py:188} INFO - [2026-05-23T14:47:07.820+0000] {dagbag.py:545} INFO - Filling up the DagBag from /opt/airflow/dags/dag_01_batch_ingestion.py
[2026-05-23T14:47:07.854+0000] {processor.py:840} INFO - DAG(s) '01_metadata_driven_batch_ingestion' retrieved from /opt/airflow/dags/dag_01_batch_ingestion.py
[2026-05-23T14:47:07.890+0000] {logging_mixin.py:188} INFO - [2026-05-23T14:47:07.889+0000] {dag.py:3096} INFO - Sync 1 DAGs
[2026-05-23T14:47:07.913+0000] {logging_mixin.py:188} INFO - [2026-05-23T14:47:07.913+0000] {dag.py:3954} INFO - Setting next_dagrun for 01_metadata_driven_batch_ingestion to 2026-05-23 14:00:00+00:00, run_after=2026-05-23 15:00:00+00:00
[2026-05-23T14:47:07.933+0000] {processor.py:183} INFO - Processing /opt/airflow/dags/dag_01_batch_ingestion.py took 0.127 seconds
[2026-05-23T14:47:38.373+0000] {processor.py:161} INFO - Started process (PID=6803) to work on /opt/airflow/dags/dag_01_batch_ingestion.py
[2026-05-23T14:47:38.374+0000] {processor.py:830} INFO - Processing file /opt/airflow/dags/dag_01_batch_ingestion.py for tasks to queue
[2026-05-23T14:47:38.377+0000] {logging_mixin.py:188} INFO - [2026-05-23T14:47:38.377+0000] {dagbag.py:545} INFO - Filling up the DagBag from /opt/airflow/dags/dag_01_batch_ingestion.py
[2026-05-23T14:47:38.407+0000] {processor.py:840} INFO - DAG(s) '01_metadata_driven_batch_ingestion' retrieved from /opt/airflow/dags/dag_01_batch_ingestion.py
[2026-05-23T14:47:38.440+0000] {logging_mixin.py:188} INFO - [2026-05-23T14:47:38.440+0000] {dag.py:3096} INFO - Sync 1 DAGs
[2026-05-23T14:47:38.461+0000] {logging_mixin.py:188} INFO - [2026-05-23T14:47:38.461+0000] {dag.py:3954} INFO - Setting next_dagrun for 01_metadata_driven_batch_ingestion to 2026-05-23 14:00:00+00:00, run_after=2026-05-23 15:00:00+00:00
[2026-05-23T14:47:38.478+0000] {processor.py:183} INFO - Processing /opt/airflow/dags/dag_01_batch_ingestion.py took 0.115 seconds
[2026-05-23T14:48:08.903+0000] {processor.py:161} INFO - Started process (PID=6992) to work on /opt/airflow/dags/dag_01_batch_ingestion.py
[2026-05-23T14:48:08.904+0000] {processor.py:830} INFO - Processing file /opt/airflow/dags/dag_01_batch_ingestion.py for tasks to queue
[2026-05-23T14:48:08.906+0000] {logging_mixin.py:188} INFO - [2026-05-23T14:48:08.905+0000] {dagbag.py:545} INFO - Filling up the DagBag from /opt/airflow/dags/dag_01_batch_ingestion.py
[2026-05-23T14:48:08.931+0000] {processor.py:840} INFO - DAG(s) '01_metadata_driven_batch_ingestion' retrieved from /opt/airflow/dags/dag_01_batch_ingestion.py
[2026-05-23T14:48:08.962+0000] {logging_mixin.py:188} INFO - [2026-05-23T14:48:08.962+0000] {dag.py:3096} INFO - Sync 1 DAGs
[2026-05-23T14:48:08.984+0000] {logging_mixin.py:188} INFO - [2026-05-23T14:48:08.984+0000] {dag.py:3954} INFO - Setting next_dagrun for 01_metadata_driven_batch_ingestion to 2026-05-23 14:00:00+00:00, run_after=2026-05-23 15:00:00+00:00
[2026-05-23T14:48:09.004+0000] {processor.py:183} INFO - Processing /opt/airflow/dags/dag_01_batch_ingestion.py took 0.110 seconds
[2026-05-23T14:48:39.611+0000] {processor.py:161} INFO - Started process (PID=7076) to work on /opt/airflow/dags/dag_01_batch_ingestion.py
[2026-05-23T14:48:39.612+0000] {processor.py:830} INFO - Processing file /opt/airflow/dags/dag_01_batch_ingestion.py for tasks to queue
[2026-05-23T14:48:39.615+0000] {logging_mixin.py:188} INFO - [2026-05-23T14:48:39.614+0000] {dagbag.py:545} INFO - Filling up the DagBag from /opt/airflow/dags/dag_01_batch_ingestion.py
[2026-05-23T14:48:39.662+0000] {processor.py:840} INFO - DAG(s) '01_metadata_driven_batch_ingestion' retrieved from /opt/airflow/dags/dag_01_batch_ingestion.py
[2026-05-23T14:48:39.724+0000] {logging_mixin.py:188} INFO - [2026-05-23T14:48:39.724+0000] {dag.py:3096} INFO - Sync 1 DAGs
[2026-05-23T14:48:39.761+0000] {logging_mixin.py:188} INFO - [2026-05-23T14:48:39.760+0000] {dag.py:3954} INFO - Setting next_dagrun for 01_metadata_driven_batch_ingestion to 2026-05-23 14:00:00+00:00, run_after=2026-05-23 15:00:00+00:00
[2026-05-23T14:48:39.790+0000] {processor.py:183} INFO - Processing /opt/airflow/dags/dag_01_batch_ingestion.py took 0.196 seconds
[2026-05-23T14:49:10.080+0000] {processor.py:161} INFO - Started process (PID=7453) to work on /opt/airflow/dags/dag_01_batch_ingestion.py
[2026-05-23T14:49:10.082+0000] {processor.py:830} INFO - Processing file /opt/airflow/dags/dag_01_batch_ingestion.py for tasks to queue
[2026-05-23T14:49:10.085+0000] {logging_mixin.py:188} INFO - [2026-05-23T14:49:10.085+0000] {dagbag.py:545} INFO - Filling up the DagBag from /opt/airflow/dags/dag_01_batch_ingestion.py
[2026-05-23T14:49:10.132+0000] {processor.py:840} INFO - DAG(s) '01_metadata_driven_batch_ingestion' retrieved from /opt/airflow/dags/dag_01_batch_ingestion.py
[2026-05-23T14:49:10.188+0000] {logging_mixin.py:188} INFO - [2026-05-23T14:49:10.188+0000] {dag.py:3096} INFO - Sync 1 DAGs
[2026-05-23T14:49:10.219+0000] {logging_mixin.py:188} INFO - [2026-05-23T14:49:10.219+0000] {dag.py:3954} INFO - Setting next_dagrun for 01_metadata_driven_batch_ingestion to 2026-05-23 14:00:00+00:00, run_after=2026-05-23 15:00:00+00:00
[2026-05-23T14:49:10.251+0000] {processor.py:183} INFO - Processing /opt/airflow/dags/dag_01_batch_ingestion.py took 0.189 seconds
[2026-05-23T14:49:40.515+0000] {processor.py:161} INFO - Started process (PID=7668) to work on /opt/airflow/dags/dag_01_batch_ingestion.py
[2026-05-23T14:49:40.516+0000] {processor.py:830} INFO - Processing file /opt/airflow/dags/dag_01_batch_ingestion.py for tasks to queue
[2026-05-23T14:49:40.517+0000] {logging_mixin.py:188} INFO - [2026-05-23T14:49:40.517+0000] {dagbag.py:545} INFO - Filling up the DagBag from /opt/airflow/dags/dag_01_batch_ingestion.py
[2026-05-23T14:49:40.541+0000] {processor.py:840} INFO - DAG(s) '01_metadata_driven_batch_ingestion' retrieved from /opt/airflow/dags/dag_01_batch_ingestion.py
[2026-05-23T14:49:40.572+0000] {logging_mixin.py:188} INFO - [2026-05-23T14:49:40.571+0000] {dag.py:3096} INFO - Sync 1 DAGs
[2026-05-23T14:49:40.592+0000] {logging_mixin.py:188} INFO - [2026-05-23T14:49:40.592+0000] {dag.py:3954} INFO - Setting next_dagrun for 01_metadata_driven_batch_ingestion to 2026-05-23 14:00:00+00:00, run_after=2026-05-23 15:00:00+00:00
[2026-05-23T14:49:40.609+0000] {processor.py:183} INFO - Processing /opt/airflow/dags/dag_01_batch_ingestion.py took 0.104 seconds
[2026-05-23T14:50:11.024+0000] {processor.py:161} INFO - Started process (PID=7820) to work on /opt/airflow/dags/dag_01_batch_ingestion.py
[2026-05-23T14:50:11.025+0000] {processor.py:830} INFO - Processing file /opt/airflow/dags/dag_01_batch_ingestion.py for tasks to queue
[2026-05-23T14:50:11.027+0000] {logging_mixin.py:188} INFO - [2026-05-23T14:50:11.026+0000] {dagbag.py:545} INFO - Filling up the DagBag from /opt/airflow/dags/dag_01_batch_ingestion.py
[2026-05-23T14:50:11.051+0000] {processor.py:840} INFO - DAG(s) '01_metadata_driven_batch_ingestion' retrieved from /opt/airflow/dags/dag_01_batch_ingestion.py
[2026-05-23T14:50:11.080+0000] {logging_mixin.py:188} INFO - [2026-05-23T14:50:11.080+0000] {dag.py:3096} INFO - Sync 1 DAGs
[2026-05-23T14:50:11.104+0000] {logging_mixin.py:188} INFO - [2026-05-23T14:50:11.104+0000] {dag.py:3954} INFO - Setting next_dagrun for 01_metadata_driven_batch_ingestion to 2026-05-23 14:00:00+00:00, run_after=2026-05-23 15:00:00+00:00
[2026-05-23T14:50:11.125+0000] {processor.py:183} INFO - Processing /opt/airflow/dags/dag_01_batch_ingestion.py took 0.111 seconds
[2026-05-23T14:50:41.639+0000] {processor.py:161} INFO - Started process (PID=7851) to work on /opt/airflow/dags/dag_01_batch_ingestion.py
[2026-05-23T14:50:41.640+0000] {processor.py:830} INFO - Processing file /opt/airflow/dags/dag_01_batch_ingestion.py for tasks to queue
[2026-05-23T14:50:41.643+0000] {logging_mixin.py:188} INFO - [2026-05-23T14:50:41.642+0000] {dagbag.py:545} INFO - Filling up the DagBag from /opt/airflow/dags/dag_01_batch_ingestion.py
[2026-05-23T14:50:41.677+0000] {processor.py:840} INFO - DAG(s) '01_metadata_driven_batch_ingestion' retrieved from /opt/airflow/dags/dag_01_batch_ingestion.py
[2026-05-23T14:50:41.712+0000] {logging_mixin.py:188} INFO - [2026-05-23T14:50:41.712+0000] {dag.py:3096} INFO - Sync 1 DAGs
[2026-05-23T14:50:41.741+0000] {logging_mixin.py:188} INFO - [2026-05-23T14:50:41.740+0000] {dag.py:3954} INFO - Setting next_dagrun for 01_metadata_driven_batch_ingestion to 2026-05-23 14:00:00+00:00, run_after=2026-05-23 15:00:00+00:00
[2026-05-23T14:50:41.769+0000] {processor.py:183} INFO - Processing /opt/airflow/dags/dag_01_batch_ingestion.py took 0.140 seconds
[2026-05-23T14:51:12.879+0000] {processor.py:161} INFO - Started process (PID=7901) to work on /opt/airflow/dags/dag_01_batch_ingestion.py
[2026-05-23T14:51:12.882+0000] {processor.py:830} INFO - Processing file /opt/airflow/dags/dag_01_batch_ingestion.py for tasks to queue
[2026-05-23T14:51:12.886+0000] {logging_mixin.py:188} INFO - [2026-05-23T14:51:12.885+0000] {dagbag.py:545} INFO - Filling up the DagBag from /opt/airflow/dags/dag_01_batch_ingestion.py
[2026-05-23T14:51:12.979+0000] {processor.py:840} INFO - DAG(s) '01_metadata_driven_batch_ingestion' retrieved from /opt/airflow/dags/dag_01_batch_ingestion.py
[2026-05-23T14:51:13.085+0000] {logging_mixin.py:188} INFO - [2026-05-23T14:51:13.085+0000] {dag.py:3096} INFO - Sync 1 DAGs
[2026-05-23T14:51:13.128+0000] {logging_mixin.py:188} INFO - [2026-05-23T14:51:13.128+0000] {dag.py:3954} INFO - Setting next_dagrun for 01_metadata_driven_batch_ingestion to 2026-05-23 14:00:00+00:00, run_after=2026-05-23 15:00:00+00:00
[2026-05-23T14:51:13.162+0000] {processor.py:183} INFO - Processing /opt/airflow/dags/dag_01_batch_ingestion.py took 0.311 seconds
[2026-05-23T14:51:44.062+0000] {processor.py:161} INFO - Started process (PID=8034) to work on /opt/airflow/dags/dag_01_batch_ingestion.py
[2026-05-23T14:51:44.063+0000] {processor.py:830} INFO - Processing file /opt/airflow/dags/dag_01_batch_ingestion.py for tasks to queue
[2026-05-23T14:51:44.065+0000] {logging_mixin.py:188} INFO - [2026-05-23T14:51:44.065+0000] {dagbag.py:545} INFO - Filling up the DagBag from /opt/airflow/dags/dag_01_batch_ingestion.py
[2026-05-23T14:51:44.096+0000] {processor.py:840} INFO - DAG(s) '01_metadata_driven_batch_ingestion' retrieved from /opt/airflow/dags/dag_01_batch_ingestion.py
[2026-05-23T14:51:44.130+0000] {logging_mixin.py:188} INFO - [2026-05-23T14:51:44.130+0000] {dag.py:3096} INFO - Sync 1 DAGs
[2026-05-23T14:51:44.150+0000] {logging_mixin.py:188} INFO - [2026-05-23T14:51:44.150+0000] {dag.py:3954} INFO - Setting next_dagrun for 01_metadata_driven_batch_ingestion to 2026-05-23 14:00:00+00:00, run_after=2026-05-23 15:00:00+00:00
[2026-05-23T14:51:44.171+0000] {processor.py:183} INFO - Processing /opt/airflow/dags/dag_01_batch_ingestion.py took 0.121 seconds
[2026-05-23T14:52:14.511+0000] {processor.py:161} INFO - Started process (PID=8066) to work on /opt/airflow/dags/dag_01_batch_ingestion.py
[2026-05-23T14:52:14.512+0000] {processor.py:830} INFO - Processing file /opt/airflow/dags/dag_01_batch_ingestion.py for tasks to queue
[2026-05-23T14:52:14.513+0000] {logging_mixin.py:188} INFO - [2026-05-23T14:52:14.513+0000] {dagbag.py:545} INFO - Filling up the DagBag from /opt/airflow/dags/dag_01_batch_ingestion.py
[2026-05-23T14:52:14.539+0000] {processor.py:840} INFO - DAG(s) '01_metadata_driven_batch_ingestion' retrieved from /opt/airflow/dags/dag_01_batch_ingestion.py
[2026-05-23T14:52:14.571+0000] {logging_mixin.py:188} INFO - [2026-05-23T14:52:14.571+0000] {dag.py:3096} INFO - Sync 1 DAGs
[2026-05-23T14:52:14.590+0000] {logging_mixin.py:188} INFO - [2026-05-23T14:52:14.590+0000] {dag.py:3954} INFO - Setting next_dagrun for 01_metadata_driven_batch_ingestion to 2026-05-23 14:00:00+00:00, run_after=2026-05-23 15:00:00+00:00
[2026-05-23T14:52:14.606+0000] {processor.py:183} INFO - Processing /opt/airflow/dags/dag_01_batch_ingestion.py took 0.106 seconds
[2026-05-23T14:52:45.072+0000] {processor.py:161} INFO - Started process (PID=8133) to work on /opt/airflow/dags/dag_01_batch_ingestion.py
[2026-05-23T14:52:45.074+0000] {processor.py:830} INFO - Processing file /opt/airflow/dags/dag_01_batch_ingestion.py for tasks to queue
[2026-05-23T14:52:45.079+0000] {logging_mixin.py:188} INFO - [2026-05-23T14:52:45.078+0000] {dagbag.py:545} INFO - Filling up the DagBag from /opt/airflow/dags/dag_01_batch_ingestion.py
[2026-05-23T14:52:45.106+0000] {processor.py:840} INFO - DAG(s) '01_metadata_driven_batch_ingestion' retrieved from /opt/airflow/dags/dag_01_batch_ingestion.py
[2026-05-23T14:52:45.143+0000] {logging_mixin.py:188} INFO - [2026-05-23T14:52:45.143+0000] {dag.py:3096} INFO - Sync 1 DAGs
[2026-05-23T14:52:45.183+0000] {logging_mixin.py:188} INFO - [2026-05-23T14:52:45.183+0000] {dag.py:3954} INFO - Setting next_dagrun for 01_metadata_driven_batch_ingestion to 2026-05-23 14:00:00+00:00, run_after=2026-05-23 15:00:00+00:00
[2026-05-23T14:52:45.212+0000] {processor.py:183} INFO - Processing /opt/airflow/dags/dag_01_batch_ingestion.py took 0.151 seconds
[2026-05-23T14:53:15.738+0000] {processor.py:161} INFO - Started process (PID=8249) to work on /opt/airflow/dags/dag_01_batch_ingestion.py
[2026-05-23T14:53:15.739+0000] {processor.py:830} INFO - Processing file /opt/airflow/dags/dag_01_batch_ingestion.py for tasks to queue
[2026-05-23T14:53:15.740+0000] {logging_mixin.py:188} INFO - [2026-05-23T14:53:15.740+0000] {dagbag.py:545} INFO - Filling up the DagBag from /opt/airflow/dags/dag_01_batch_ingestion.py
[2026-05-23T14:53:15.766+0000] {processor.py:840} INFO - DAG(s) '01_metadata_driven_batch_ingestion' retrieved from /opt/airflow/dags/dag_01_batch_ingestion.py
[2026-05-23T14:53:15.801+0000] {logging_mixin.py:188} INFO - [2026-05-23T14:53:15.801+0000] {dag.py:3096} INFO - Sync 1 DAGs
[2026-05-23T14:53:15.819+0000] {logging_mixin.py:188} INFO - [2026-05-23T14:53:15.818+0000] {dag.py:3954} INFO - Setting next_dagrun for 01_metadata_driven_batch_ingestion to 2026-05-23 14:00:00+00:00, run_after=2026-05-23 15:00:00+00:00
[2026-05-23T14:53:15.834+0000] {processor.py:183} INFO - Processing /opt/airflow/dags/dag_01_batch_ingestion.py took 0.106 seconds
[2026-05-23T14:53:46.288+0000] {processor.py:161} INFO - Started process (PID=8280) to work on /opt/airflow/dags/dag_01_batch_ingestion.py
[2026-05-23T14:53:46.289+0000] {processor.py:830} INFO - Processing file /opt/airflow/dags/dag_01_batch_ingestion.py for tasks to queue
[2026-05-23T14:53:46.290+0000] {logging_mixin.py:188} INFO - [2026-05-23T14:53:46.290+0000] {dagbag.py:545} INFO - Filling up the DagBag from /opt/airflow/dags/dag_01_batch_ingestion.py
[2026-05-23T14:53:46.317+0000] {processor.py:840} INFO - DAG(s) '01_metadata_driven_batch_ingestion' retrieved from /opt/airflow/dags/dag_01_batch_ingestion.py
[2026-05-23T14:53:46.345+0000] {logging_mixin.py:188} INFO - [2026-05-23T14:53:46.345+0000] {dag.py:3096} INFO - Sync 1 DAGs
[2026-05-23T14:53:46.365+0000] {logging_mixin.py:188} INFO - [2026-05-23T14:53:46.365+0000] {dag.py:3954} INFO - Setting next_dagrun for 01_metadata_driven_batch_ingestion to 2026-05-23 14:00:00+00:00, run_after=2026-05-23 15:00:00+00:00
[2026-05-23T14:53:46.380+0000] {processor.py:183} INFO - Processing /opt/airflow/dags/dag_01_batch_ingestion.py took 0.102 seconds
[2026-05-23T14:54:17.016+0000] {processor.py:161} INFO - Started process (PID=8472) to work on /opt/airflow/dags/dag_01_batch_ingestion.py
[2026-05-23T14:54:17.018+0000] {processor.py:830} INFO - Processing file /opt/airflow/dags/dag_01_batch_ingestion.py for tasks to queue
[2026-05-23T14:54:17.020+0000] {logging_mixin.py:188} INFO - [2026-05-23T14:54:17.020+0000] {dagbag.py:545} INFO - Filling up the DagBag from /opt/airflow/dags/dag_01_batch_ingestion.py
[2026-05-23T14:54:17.061+0000] {processor.py:840} INFO - DAG(s) '01_metadata_driven_batch_ingestion' retrieved from /opt/airflow/dags/dag_01_batch_ingestion.py
[2026-05-23T14:54:17.101+0000] {logging_mixin.py:188} INFO - [2026-05-23T14:54:17.100+0000] {dag.py:3096} INFO - Sync 1 DAGs
[2026-05-23T14:54:17.137+0000] {logging_mixin.py:188} INFO - [2026-05-23T14:54:17.137+0000] {dag.py:3954} INFO - Setting next_dagrun for 01_metadata_driven_batch_ingestion to 2026-05-23 14:00:00+00:00, run_after=2026-05-23 15:00:00+00:00
[2026-05-23T14:54:17.170+0000] {processor.py:183} INFO - Processing /opt/airflow/dags/dag_01_batch_ingestion.py took 0.166 seconds
[2026-05-23T14:54:47.596+0000] {processor.py:161} INFO - Started process (PID=8736) to work on /opt/airflow/dags/dag_01_batch_ingestion.py
[2026-05-23T14:54:47.598+0000] {processor.py:830} INFO - Processing file /opt/airflow/dags/dag_01_batch_ingestion.py for tasks to queue
[2026-05-23T14:54:47.599+0000] {logging_mixin.py:188} INFO - [2026-05-23T14:54:47.599+0000] {dagbag.py:545} INFO - Filling up the DagBag from /opt/airflow/dags/dag_01_batch_ingestion.py
[2026-05-23T14:54:47.622+0000] {processor.py:840} INFO - DAG(s) '01_metadata_driven_batch_ingestion' retrieved from /opt/airflow/dags/dag_01_batch_ingestion.py
[2026-05-23T14:54:47.653+0000] {logging_mixin.py:188} INFO - [2026-05-23T14:54:47.653+0000] {dag.py:3096} INFO - Sync 1 DAGs
[2026-05-23T14:54:47.674+0000] {logging_mixin.py:188} INFO - [2026-05-23T14:54:47.673+0000] {dag.py:3954} INFO - Setting next_dagrun for 01_metadata_driven_batch_ingestion to 2026-05-23 14:00:00+00:00, run_after=2026-05-23 15:00:00+00:00
[2026-05-23T14:54:47.695+0000] {processor.py:183} INFO - Processing /opt/airflow/dags/dag_01_batch_ingestion.py took 0.109 seconds
[2026-05-23T14:55:18.124+0000] {processor.py:161} INFO - Started process (PID=8767) to work on /opt/airflow/dags/dag_01_batch_ingestion.py
[2026-05-23T14:55:18.125+0000] {processor.py:830} INFO - Processing file /opt/airflow/dags/dag_01_batch_ingestion.py for tasks to queue
[2026-05-23T14:55:18.126+0000] {logging_mixin.py:188} INFO - [2026-05-23T14:55:18.126+0000] {dagbag.py:545} INFO - Filling up the DagBag from /opt/airflow/dags/dag_01_batch_ingestion.py
[2026-05-23T14:55:18.149+0000] {processor.py:840} INFO - DAG(s) '01_metadata_driven_batch_ingestion' retrieved from /opt/airflow/dags/dag_01_batch_ingestion.py
[2026-05-23T14:55:18.178+0000] {logging_mixin.py:188} INFO - [2026-05-23T14:55:18.178+0000] {dag.py:3096} INFO - Sync 1 DAGs
[2026-05-23T14:55:18.198+0000] {logging_mixin.py:188} INFO - [2026-05-23T14:55:18.198+0000] {dag.py:3954} INFO - Setting next_dagrun for 01_metadata_driven_batch_ingestion to 2026-05-23 14:00:00+00:00, run_after=2026-05-23 15:00:00+00:00
[2026-05-23T14:55:18.215+0000] {processor.py:183} INFO - Processing /opt/airflow/dags/dag_01_batch_ingestion.py took 0.101 seconds
[2026-05-23T14:55:48.830+0000] {processor.py:161} INFO - Started process (PID=8853) to work on /opt/airflow/dags/dag_01_batch_ingestion.py
[2026-05-23T14:55:48.831+0000] {processor.py:830} INFO - Processing file /opt/airflow/dags/dag_01_batch_ingestion.py for tasks to queue
[2026-05-23T14:55:48.835+0000] {logging_mixin.py:188} INFO - [2026-05-23T14:55:48.834+0000] {dagbag.py:545} INFO - Filling up the DagBag from /opt/airflow/dags/dag_01_batch_ingestion.py
[2026-05-23T14:55:48.873+0000] {processor.py:840} INFO - DAG(s) '01_metadata_driven_batch_ingestion' retrieved from /opt/airflow/dags/dag_01_batch_ingestion.py
[2026-05-23T14:55:48.913+0000] {logging_mixin.py:188} INFO - [2026-05-23T14:55:48.913+0000] {dag.py:3096} INFO - Sync 1 DAGs
[2026-05-23T14:55:48.943+0000] {logging_mixin.py:188} INFO - [2026-05-23T14:55:48.943+0000] {dag.py:3954} INFO - Setting next_dagrun for 01_metadata_driven_batch_ingestion to 2026-05-23 14:00:00+00:00, run_after=2026-05-23 15:00:00+00:00
[2026-05-23T14:55:48.966+0000] {processor.py:183} INFO - Processing /opt/airflow/dags/dag_01_batch_ingestion.py took 0.151 seconds
[2026-05-23T14:56:19.483+0000] {processor.py:161} INFO - Started process (PID=9175) to work on /opt/airflow/dags/dag_01_batch_ingestion.py
[2026-05-23T14:56:19.484+0000] {processor.py:830} INFO - Processing file /opt/airflow/dags/dag_01_batch_ingestion.py for tasks to queue
[2026-05-23T14:56:19.486+0000] {logging_mixin.py:188} INFO - [2026-05-23T14:56:19.486+0000] {dagbag.py:545} INFO - Filling up the DagBag from /opt/airflow/dags/dag_01_batch_ingestion.py
[2026-05-23T14:56:19.522+0000] {processor.py:840} INFO - DAG(s) '01_metadata_driven_batch_ingestion' retrieved from /opt/airflow/dags/dag_01_batch_ingestion.py
[2026-05-23T14:56:19.563+0000] {logging_mixin.py:188} INFO - [2026-05-23T14:56:19.563+0000] {dag.py:3096} INFO - Sync 1 DAGs
[2026-05-23T14:56:19.594+0000] {logging_mixin.py:188} INFO - [2026-05-23T14:56:19.594+0000] {dag.py:3954} INFO - Setting next_dagrun for 01_metadata_driven_batch_ingestion to 2026-05-23 14:00:00+00:00, run_after=2026-05-23 15:00:00+00:00
[2026-05-23T14:56:19.622+0000] {processor.py:183} INFO - Processing /opt/airflow/dags/dag_01_batch_ingestion.py took 0.157 seconds
[2026-05-23T14:56:49.909+0000] {processor.py:161} INFO - Started process (PID=9397) to work on /opt/airflow/dags/dag_01_batch_ingestion.py
[2026-05-23T14:56:49.910+0000] {processor.py:830} INFO - Processing file /opt/airflow/dags/dag_01_batch_ingestion.py for tasks to queue
[2026-05-23T14:56:49.912+0000] {logging_mixin.py:188} INFO - [2026-05-23T14:56:49.912+0000] {dagbag.py:545} INFO - Filling up the DagBag from /opt/airflow/dags/dag_01_batch_ingestion.py
[2026-05-23T14:56:49.937+0000] {processor.py:840} INFO - DAG(s) '01_metadata_driven_batch_ingestion' retrieved from /opt/airflow/dags/dag_01_batch_ingestion.py
[2026-05-23T14:56:49.967+0000] {logging_mixin.py:188} INFO - [2026-05-23T14:56:49.966+0000] {dag.py:3096} INFO - Sync 1 DAGs
[2026-05-23T14:56:49.987+0000] {logging_mixin.py:188} INFO - [2026-05-23T14:56:49.987+0000] {dag.py:3954} INFO - Setting next_dagrun for 01_metadata_driven_batch_ingestion to 2026-05-23 14:00:00+00:00, run_after=2026-05-23 15:00:00+00:00
[2026-05-23T14:56:50.002+0000] {processor.py:183} INFO - Processing /opt/airflow/dags/dag_01_batch_ingestion.py took 0.103 seconds
[2026-05-23T14:57:20.425+0000] {processor.py:161} INFO - Started process (PID=9482) to work on /opt/airflow/dags/dag_01_batch_ingestion.py
[2026-05-23T14:57:20.426+0000] {processor.py:830} INFO - Processing file /opt/airflow/dags/dag_01_batch_ingestion.py for tasks to queue
[2026-05-23T14:57:20.428+0000] {logging_mixin.py:188} INFO - [2026-05-23T14:57:20.427+0000] {dagbag.py:545} INFO - Filling up the DagBag from /opt/airflow/dags/dag_01_batch_ingestion.py
[2026-05-23T14:57:20.451+0000] {processor.py:840} INFO - DAG(s) '01_metadata_driven_batch_ingestion' retrieved from /opt/airflow/dags/dag_01_batch_ingestion.py
[2026-05-23T14:57:20.478+0000] {logging_mixin.py:188} INFO - [2026-05-23T14:57:20.478+0000] {dag.py:3096} INFO - Sync 1 DAGs
[2026-05-23T14:57:20.497+0000] {logging_mixin.py:188} INFO - [2026-05-23T14:57:20.497+0000] {dag.py:3954} INFO - Setting next_dagrun for 01_metadata_driven_batch_ingestion to 2026-05-23 14:00:00+00:00, run_after=2026-05-23 15:00:00+00:00
[2026-05-23T14:57:20.514+0000] {processor.py:183} INFO - Processing /opt/airflow/dags/dag_01_batch_ingestion.py took 0.097 seconds
[2026-05-23T14:57:50.960+0000] {processor.py:161} INFO - Started process (PID=9580) to work on /opt/airflow/dags/dag_01_batch_ingestion.py
[2026-05-23T14:57:50.961+0000] {processor.py:830} INFO - Processing file /opt/airflow/dags/dag_01_batch_ingestion.py for tasks to queue
[2026-05-23T14:57:50.963+0000] {logging_mixin.py:188} INFO - [2026-05-23T14:57:50.963+0000] {dagbag.py:545} INFO - Filling up the DagBag from /opt/airflow/dags/dag_01_batch_ingestion.py
[2026-05-23T14:57:50.985+0000] {processor.py:840} INFO - DAG(s) '01_metadata_driven_batch_ingestion' retrieved from /opt/airflow/dags/dag_01_batch_ingestion.py
[2026-05-23T14:57:51.014+0000] {logging_mixin.py:188} INFO - [2026-05-23T14:57:51.014+0000] {dag.py:3096} INFO - Sync 1 DAGs
[2026-05-23T14:57:51.034+0000] {logging_mixin.py:188} INFO - [2026-05-23T14:57:51.033+0000] {dag.py:3954} INFO - Setting next_dagrun for 01_metadata_driven_batch_ingestion to 2026-05-23 14:00:00+00:00, run_after=2026-05-23 15:00:00+00:00
[2026-05-23T14:57:51.049+0000] {processor.py:183} INFO - Processing /opt/airflow/dags/dag_01_batch_ingestion.py took 0.097 seconds
[2026-05-23T14:58:21.595+0000] {processor.py:161} INFO - Started process (PID=9766) to work on /opt/airflow/dags/dag_01_batch_ingestion.py
[2026-05-23T14:58:21.596+0000] {processor.py:830} INFO - Processing file /opt/airflow/dags/dag_01_batch_ingestion.py for tasks to queue
[2026-05-23T14:58:21.598+0000] {logging_mixin.py:188} INFO - [2026-05-23T14:58:21.598+0000] {dagbag.py:545} INFO - Filling up the DagBag from /opt/airflow/dags/dag_01_batch_ingestion.py
[2026-05-23T14:58:21.621+0000] {processor.py:840} INFO - DAG(s) '01_metadata_driven_batch_ingestion' retrieved from /opt/airflow/dags/dag_01_batch_ingestion.py
[2026-05-23T14:58:21.650+0000] {logging_mixin.py:188} INFO - [2026-05-23T14:58:21.649+0000] {dag.py:3096} INFO - Sync 1 DAGs
[2026-05-23T14:58:21.668+0000] {logging_mixin.py:188} INFO - [2026-05-23T14:58:21.667+0000] {dag.py:3954} INFO - Setting next_dagrun for 01_metadata_driven_batch_ingestion to 2026-05-23 14:00:00+00:00, run_after=2026-05-23 15:00:00+00:00
[2026-05-23T14:58:21.682+0000] {processor.py:183} INFO - Processing /opt/airflow/dags/dag_01_batch_ingestion.py took 0.097 seconds
[2026-05-23T14:58:52.114+0000] {processor.py:161} INFO - Started process (PID=9974) to work on /opt/airflow/dags/dag_01_batch_ingestion.py
[2026-05-23T14:58:52.115+0000] {processor.py:830} INFO - Processing file /opt/airflow/dags/dag_01_batch_ingestion.py for tasks to queue
[2026-05-23T14:58:52.116+0000] {logging_mixin.py:188} INFO - [2026-05-23T14:58:52.116+0000] {dagbag.py:545} INFO - Filling up the DagBag from /opt/airflow/dags/dag_01_batch_ingestion.py
[2026-05-23T14:58:52.148+0000] {processor.py:840} INFO - DAG(s) '01_metadata_driven_batch_ingestion' retrieved from /opt/airflow/dags/dag_01_batch_ingestion.py
[2026-05-23T14:58:52.181+0000] {logging_mixin.py:188} INFO - [2026-05-23T14:58:52.180+0000] {dag.py:3096} INFO - Sync 1 DAGs
[2026-05-23T14:58:52.204+0000] {logging_mixin.py:188} INFO - [2026-05-23T14:58:52.204+0000] {dag.py:3954} INFO - Setting next_dagrun for 01_metadata_driven_batch_ingestion to 2026-05-23 14:00:00+00:00, run_after=2026-05-23 15:00:00+00:00
[2026-05-23T14:58:52.228+0000] {processor.py:183} INFO - Processing /opt/airflow/dags/dag_01_batch_ingestion.py took 0.123 seconds
