[2026-05-23T14:23:31.724+0000] {processor.py:161} INFO - Started process (PID=185) to work on /opt/airflow/dags/dag_04_silver_to_gold.py
[2026-05-23T14:23:31.725+0000] {processor.py:830} INFO - Processing file /opt/airflow/dags/dag_04_silver_to_gold.py for tasks to queue
[2026-05-23T14:23:31.728+0000] {logging_mixin.py:188} INFO - [2026-05-23T14:23:31.727+0000] {dagbag.py:545} INFO - Filling up the DagBag from /opt/airflow/dags/dag_04_silver_to_gold.py
[2026-05-23T14:23:31.795+0000] {processor.py:840} INFO - DAG(s) '04_silver_to_gold_transformation' retrieved from /opt/airflow/dags/dag_04_silver_to_gold.py
[2026-05-23T14:23:32.197+0000] {logging_mixin.py:188} INFO - [2026-05-23T14:23:32.196+0000] {override.py:1829} INFO - Created Permission View: can read on DAG:04_silver_to_gold_transformation
[2026-05-23T14:23:32.222+0000] {logging_mixin.py:188} INFO - [2026-05-23T14:23:32.222+0000] {override.py:1829} INFO - Created Permission View: can delete on DAG:04_silver_to_gold_transformation
[2026-05-23T14:23:32.236+0000] {logging_mixin.py:188} INFO - [2026-05-23T14:23:32.236+0000] {override.py:1829} INFO - Created Permission View: can edit on DAG:04_silver_to_gold_transformation
[2026-05-23T14:23:32.238+0000] {logging_mixin.py:188} INFO - [2026-05-23T14:23:32.238+0000] {dag.py:3096} INFO - Sync 1 DAGs
[2026-05-23T14:23:32.260+0000] {logging_mixin.py:188} INFO - [2026-05-23T14:23:32.259+0000] {dag.py:3118} INFO - Creating ORM DAG for 04_silver_to_gold_transformation
[2026-05-23T14:23:32.288+0000] {logging_mixin.py:188} INFO - [2026-05-23T14:23:32.287+0000] {dag.py:3954} INFO - Setting next_dagrun for 04_silver_to_gold_transformation to 2026-05-23 13:00:00+00:00, run_after=2026-05-23 14:00:00+00:00
[2026-05-23T14:23:32.336+0000] {processor.py:183} INFO - Processing /opt/airflow/dags/dag_04_silver_to_gold.py took 0.622 seconds
[2026-05-23T14:24:02.567+0000] {processor.py:161} INFO - Started process (PID=482) to work on /opt/airflow/dags/dag_04_silver_to_gold.py
[2026-05-23T14:24:02.568+0000] {processor.py:830} INFO - Processing file /opt/airflow/dags/dag_04_silver_to_gold.py for tasks to queue
[2026-05-23T14:24:02.574+0000] {logging_mixin.py:188} INFO - [2026-05-23T14:24:02.574+0000] {dagbag.py:545} INFO - Filling up the DagBag from /opt/airflow/dags/dag_04_silver_to_gold.py
[2026-05-23T14:24:02.710+0000] {processor.py:840} INFO - DAG(s) '04_silver_to_gold_transformation' retrieved from /opt/airflow/dags/dag_04_silver_to_gold.py
[2026-05-23T14:24:02.848+0000] {logging_mixin.py:188} INFO - [2026-05-23T14:24:02.847+0000] {dag.py:3096} INFO - Sync 1 DAGs
[2026-05-23T14:24:02.995+0000] {logging_mixin.py:188} INFO - [2026-05-23T14:24:02.994+0000] {dag.py:3954} INFO - Setting next_dagrun for 04_silver_to_gold_transformation to 2026-05-23 14:00:00+00:00, run_after=2026-05-23 15:00:00+00:00
[2026-05-23T14:24:03.064+0000] {processor.py:183} INFO - Processing /opt/airflow/dags/dag_04_silver_to_gold.py took 0.512 seconds
[2026-05-23T14:24:33.983+0000] {processor.py:161} INFO - Started process (PID=582) to work on /opt/airflow/dags/dag_04_silver_to_gold.py
[2026-05-23T14:24:33.985+0000] {processor.py:830} INFO - Processing file /opt/airflow/dags/dag_04_silver_to_gold.py for tasks to queue
[2026-05-23T14:24:33.988+0000] {logging_mixin.py:188} INFO - [2026-05-23T14:24:33.987+0000] {dagbag.py:545} INFO - Filling up the DagBag from /opt/airflow/dags/dag_04_silver_to_gold.py
[2026-05-23T14:24:34.047+0000] {processor.py:840} INFO - DAG(s) '04_silver_to_gold_transformation' retrieved from /opt/airflow/dags/dag_04_silver_to_gold.py
[2026-05-23T14:24:34.638+0000] {logging_mixin.py:188} INFO - [2026-05-23T14:24:34.638+0000] {dag.py:3096} INFO - Sync 1 DAGs
[2026-05-23T14:24:34.675+0000] {logging_mixin.py:188} INFO - [2026-05-23T14:24:34.675+0000] {dag.py:3954} INFO - Setting next_dagrun for 04_silver_to_gold_transformation to 2026-05-23 14:00:00+00:00, run_after=2026-05-23 15:00:00+00:00
[2026-05-23T14:24:36.188+0000] {processor.py:183} INFO - Processing /opt/airflow/dags/dag_04_silver_to_gold.py took 2.219 seconds
[2026-05-23T14:25:07.206+0000] {processor.py:161} INFO - Started process (PID=1106) to work on /opt/airflow/dags/dag_04_silver_to_gold.py
[2026-05-23T14:25:07.207+0000] {processor.py:830} INFO - Processing file /opt/airflow/dags/dag_04_silver_to_gold.py for tasks to queue
[2026-05-23T14:25:07.211+0000] {logging_mixin.py:188} INFO - [2026-05-23T14:25:07.210+0000] {dagbag.py:545} INFO - Filling up the DagBag from /opt/airflow/dags/dag_04_silver_to_gold.py
[2026-05-23T14:25:07.247+0000] {processor.py:840} INFO - DAG(s) '04_silver_to_gold_transformation' retrieved from /opt/airflow/dags/dag_04_silver_to_gold.py
[2026-05-23T14:25:07.543+0000] {logging_mixin.py:188} INFO - [2026-05-23T14:25:07.543+0000] {dag.py:3096} INFO - Sync 1 DAGs
[2026-05-23T14:25:07.575+0000] {logging_mixin.py:188} INFO - [2026-05-23T14:25:07.574+0000] {dag.py:3954} INFO - Setting next_dagrun for 04_silver_to_gold_transformation to 2026-05-23 14:00:00+00:00, run_after=2026-05-23 15:00:00+00:00
[2026-05-23T14:25:07.615+0000] {processor.py:183} INFO - Processing /opt/airflow/dags/dag_04_silver_to_gold.py took 0.421 seconds
[2026-05-23T14:25:38.058+0000] {processor.py:161} INFO - Started process (PID=1239) to work on /opt/airflow/dags/dag_04_silver_to_gold.py
[2026-05-23T14:25:38.059+0000] {processor.py:830} INFO - Processing file /opt/airflow/dags/dag_04_silver_to_gold.py for tasks to queue
[2026-05-23T14:25:38.062+0000] {logging_mixin.py:188} INFO - [2026-05-23T14:25:38.061+0000] {dagbag.py:545} INFO - Filling up the DagBag from /opt/airflow/dags/dag_04_silver_to_gold.py
[2026-05-23T14:25:38.087+0000] {processor.py:840} INFO - DAG(s) '04_silver_to_gold_transformation' retrieved from /opt/airflow/dags/dag_04_silver_to_gold.py
[2026-05-23T14:25:38.121+0000] {logging_mixin.py:188} INFO - [2026-05-23T14:25:38.121+0000] {dag.py:3096} INFO - Sync 1 DAGs
[2026-05-23T14:25:38.143+0000] {logging_mixin.py:188} INFO - [2026-05-23T14:25:38.143+0000] {dag.py:3954} INFO - Setting next_dagrun for 04_silver_to_gold_transformation to 2026-05-23 14:00:00+00:00, run_after=2026-05-23 15:00:00+00:00
[2026-05-23T14:25:38.173+0000] {processor.py:183} INFO - Processing /opt/airflow/dags/dag_04_silver_to_gold.py took 0.126 seconds
[2026-05-23T14:26:08.720+0000] {processor.py:161} INFO - Started process (PID=1406) to work on /opt/airflow/dags/dag_04_silver_to_gold.py
[2026-05-23T14:26:08.722+0000] {processor.py:830} INFO - Processing file /opt/airflow/dags/dag_04_silver_to_gold.py for tasks to queue
[2026-05-23T14:26:08.724+0000] {logging_mixin.py:188} INFO - [2026-05-23T14:26:08.724+0000] {dagbag.py:545} INFO - Filling up the DagBag from /opt/airflow/dags/dag_04_silver_to_gold.py
[2026-05-23T14:26:08.749+0000] {processor.py:840} INFO - DAG(s) '04_silver_to_gold_transformation' retrieved from /opt/airflow/dags/dag_04_silver_to_gold.py
[2026-05-23T14:26:08.784+0000] {logging_mixin.py:188} INFO - [2026-05-23T14:26:08.783+0000] {dag.py:3096} INFO - Sync 1 DAGs
[2026-05-23T14:26:08.808+0000] {logging_mixin.py:188} INFO - [2026-05-23T14:26:08.808+0000] {dag.py:3954} INFO - Setting next_dagrun for 04_silver_to_gold_transformation to 2026-05-23 14:00:00+00:00, run_after=2026-05-23 15:00:00+00:00
[2026-05-23T14:26:08.829+0000] {processor.py:183} INFO - Processing /opt/airflow/dags/dag_04_silver_to_gold.py took 0.121 seconds
[2026-05-23T14:26:39.338+0000] {processor.py:161} INFO - Started process (PID=1713) to work on /opt/airflow/dags/dag_04_silver_to_gold.py
[2026-05-23T14:26:39.339+0000] {processor.py:830} INFO - Processing file /opt/airflow/dags/dag_04_silver_to_gold.py for tasks to queue
[2026-05-23T14:26:39.341+0000] {logging_mixin.py:188} INFO - [2026-05-23T14:26:39.340+0000] {dagbag.py:545} INFO - Filling up the DagBag from /opt/airflow/dags/dag_04_silver_to_gold.py
[2026-05-23T14:26:39.360+0000] {processor.py:840} INFO - DAG(s) '04_silver_to_gold_transformation' retrieved from /opt/airflow/dags/dag_04_silver_to_gold.py
[2026-05-23T14:26:39.387+0000] {logging_mixin.py:188} INFO - [2026-05-23T14:26:39.387+0000] {dag.py:3096} INFO - Sync 1 DAGs
[2026-05-23T14:26:39.417+0000] {logging_mixin.py:188} INFO - [2026-05-23T14:26:39.417+0000] {dag.py:3954} INFO - Setting next_dagrun for 04_silver_to_gold_transformation to 2026-05-23 14:00:00+00:00, run_after=2026-05-23 15:00:00+00:00
[2026-05-23T14:26:39.445+0000] {processor.py:183} INFO - Processing /opt/airflow/dags/dag_04_silver_to_gold.py took 0.116 seconds
[2026-05-23T14:27:09.876+0000] {processor.py:161} INFO - Started process (PID=1744) to work on /opt/airflow/dags/dag_04_silver_to_gold.py
[2026-05-23T14:27:09.877+0000] {processor.py:830} INFO - Processing file /opt/airflow/dags/dag_04_silver_to_gold.py for tasks to queue
[2026-05-23T14:27:09.879+0000] {logging_mixin.py:188} INFO - [2026-05-23T14:27:09.879+0000] {dagbag.py:545} INFO - Filling up the DagBag from /opt/airflow/dags/dag_04_silver_to_gold.py
[2026-05-23T14:27:09.901+0000] {processor.py:840} INFO - DAG(s) '04_silver_to_gold_transformation' retrieved from /opt/airflow/dags/dag_04_silver_to_gold.py
[2026-05-23T14:27:09.932+0000] {logging_mixin.py:188} INFO - [2026-05-23T14:27:09.932+0000] {dag.py:3096} INFO - Sync 1 DAGs
[2026-05-23T14:27:09.953+0000] {logging_mixin.py:188} INFO - [2026-05-23T14:27:09.953+0000] {dag.py:3954} INFO - Setting next_dagrun for 04_silver_to_gold_transformation to 2026-05-23 14:00:00+00:00, run_after=2026-05-23 15:00:00+00:00
[2026-05-23T14:27:09.969+0000] {processor.py:183} INFO - Processing /opt/airflow/dags/dag_04_silver_to_gold.py took 0.103 seconds
[2026-05-23T14:27:40.508+0000] {processor.py:161} INFO - Started process (PID=1896) to work on /opt/airflow/dags/dag_04_silver_to_gold.py
[2026-05-23T14:27:40.509+0000] {processor.py:830} INFO - Processing file /opt/airflow/dags/dag_04_silver_to_gold.py for tasks to queue
[2026-05-23T14:27:40.511+0000] {logging_mixin.py:188} INFO - [2026-05-23T14:27:40.511+0000] {dagbag.py:545} INFO - Filling up the DagBag from /opt/airflow/dags/dag_04_silver_to_gold.py
[2026-05-23T14:27:40.535+0000] {processor.py:840} INFO - DAG(s) '04_silver_to_gold_transformation' retrieved from /opt/airflow/dags/dag_04_silver_to_gold.py
[2026-05-23T14:27:40.569+0000] {logging_mixin.py:188} INFO - [2026-05-23T14:27:40.569+0000] {dag.py:3096} INFO - Sync 1 DAGs
[2026-05-23T14:27:40.597+0000] {logging_mixin.py:188} INFO - [2026-05-23T14:27:40.597+0000] {dag.py:3954} INFO - Setting next_dagrun for 04_silver_to_gold_transformation to 2026-05-23 14:00:00+00:00, run_after=2026-05-23 15:00:00+00:00
[2026-05-23T14:27:40.620+0000] {processor.py:183} INFO - Processing /opt/airflow/dags/dag_04_silver_to_gold.py took 0.121 seconds
[2026-05-23T14:28:11.110+0000] {processor.py:161} INFO - Started process (PID=1921) to work on /opt/airflow/dags/dag_04_silver_to_gold.py
[2026-05-23T14:28:11.111+0000] {processor.py:830} INFO - Processing file /opt/airflow/dags/dag_04_silver_to_gold.py for tasks to queue
[2026-05-23T14:28:11.113+0000] {logging_mixin.py:188} INFO - [2026-05-23T14:28:11.112+0000] {dagbag.py:545} INFO - Filling up the DagBag from /opt/airflow/dags/dag_04_silver_to_gold.py
[2026-05-23T14:28:11.133+0000] {processor.py:840} INFO - DAG(s) '04_silver_to_gold_transformation' retrieved from /opt/airflow/dags/dag_04_silver_to_gold.py
[2026-05-23T14:28:11.161+0000] {logging_mixin.py:188} INFO - [2026-05-23T14:28:11.160+0000] {dag.py:3096} INFO - Sync 1 DAGs
[2026-05-23T14:28:11.181+0000] {logging_mixin.py:188} INFO - [2026-05-23T14:28:11.180+0000] {dag.py:3954} INFO - Setting next_dagrun for 04_silver_to_gold_transformation to 2026-05-23 14:00:00+00:00, run_after=2026-05-23 15:00:00+00:00
[2026-05-23T14:28:11.201+0000] {processor.py:183} INFO - Processing /opt/airflow/dags/dag_04_silver_to_gold.py took 0.101 seconds
[2026-05-23T14:28:41.760+0000] {processor.py:161} INFO - Started process (PID=2022) to work on /opt/airflow/dags/dag_04_silver_to_gold.py
[2026-05-23T14:28:41.761+0000] {processor.py:830} INFO - Processing file /opt/airflow/dags/dag_04_silver_to_gold.py for tasks to queue
[2026-05-23T14:28:41.763+0000] {logging_mixin.py:188} INFO - [2026-05-23T14:28:41.763+0000] {dagbag.py:545} INFO - Filling up the DagBag from /opt/airflow/dags/dag_04_silver_to_gold.py
[2026-05-23T14:28:41.784+0000] {processor.py:840} INFO - DAG(s) '04_silver_to_gold_transformation' retrieved from /opt/airflow/dags/dag_04_silver_to_gold.py
[2026-05-23T14:28:41.813+0000] {logging_mixin.py:188} INFO - [2026-05-23T14:28:41.813+0000] {dag.py:3096} INFO - Sync 1 DAGs
[2026-05-23T14:28:41.834+0000] {logging_mixin.py:188} INFO - [2026-05-23T14:28:41.834+0000] {dag.py:3954} INFO - Setting next_dagrun for 04_silver_to_gold_transformation to 2026-05-23 14:00:00+00:00, run_after=2026-05-23 15:00:00+00:00
[2026-05-23T14:28:41.857+0000] {processor.py:183} INFO - Processing /opt/airflow/dags/dag_04_silver_to_gold.py took 0.107 seconds
[2026-05-23T14:29:12.224+0000] {processor.py:161} INFO - Started process (PID=2104) to work on /opt/airflow/dags/dag_04_silver_to_gold.py
[2026-05-23T14:29:12.225+0000] {processor.py:830} INFO - Processing file /opt/airflow/dags/dag_04_silver_to_gold.py for tasks to queue
[2026-05-23T14:29:12.227+0000] {logging_mixin.py:188} INFO - [2026-05-23T14:29:12.227+0000] {dagbag.py:545} INFO - Filling up the DagBag from /opt/airflow/dags/dag_04_silver_to_gold.py
[2026-05-23T14:29:12.247+0000] {processor.py:840} INFO - DAG(s) '04_silver_to_gold_transformation' retrieved from /opt/airflow/dags/dag_04_silver_to_gold.py
[2026-05-23T14:29:12.275+0000] {logging_mixin.py:188} INFO - [2026-05-23T14:29:12.275+0000] {dag.py:3096} INFO - Sync 1 DAGs
[2026-05-23T14:29:12.295+0000] {logging_mixin.py:188} INFO - [2026-05-23T14:29:12.294+0000] {dag.py:3954} INFO - Setting next_dagrun for 04_silver_to_gold_transformation to 2026-05-23 14:00:00+00:00, run_after=2026-05-23 15:00:00+00:00
[2026-05-23T14:29:12.317+0000] {processor.py:183} INFO - Processing /opt/airflow/dags/dag_04_silver_to_gold.py took 0.102 seconds
[2026-05-23T14:29:42.778+0000] {processor.py:161} INFO - Started process (PID=2135) to work on /opt/airflow/dags/dag_04_silver_to_gold.py
[2026-05-23T14:29:42.779+0000] {processor.py:830} INFO - Processing file /opt/airflow/dags/dag_04_silver_to_gold.py for tasks to queue
[2026-05-23T14:29:42.781+0000] {logging_mixin.py:188} INFO - [2026-05-23T14:29:42.781+0000] {dagbag.py:545} INFO - Filling up the DagBag from /opt/airflow/dags/dag_04_silver_to_gold.py
[2026-05-23T14:29:42.802+0000] {processor.py:840} INFO - DAG(s) '04_silver_to_gold_transformation' retrieved from /opt/airflow/dags/dag_04_silver_to_gold.py
[2026-05-23T14:29:42.833+0000] {logging_mixin.py:188} INFO - [2026-05-23T14:29:42.832+0000] {dag.py:3096} INFO - Sync 1 DAGs
[2026-05-23T14:29:42.857+0000] {logging_mixin.py:188} INFO - [2026-05-23T14:29:42.856+0000] {dag.py:3954} INFO - Setting next_dagrun for 04_silver_to_gold_transformation to 2026-05-23 14:00:00+00:00, run_after=2026-05-23 15:00:00+00:00
[2026-05-23T14:29:42.880+0000] {processor.py:183} INFO - Processing /opt/airflow/dags/dag_04_silver_to_gold.py took 0.112 seconds
[2026-05-23T14:30:13.482+0000] {processor.py:161} INFO - Started process (PID=2403) to work on /opt/airflow/dags/dag_04_silver_to_gold.py
[2026-05-23T14:30:13.483+0000] {processor.py:830} INFO - Processing file /opt/airflow/dags/dag_04_silver_to_gold.py for tasks to queue
[2026-05-23T14:30:13.485+0000] {logging_mixin.py:188} INFO - [2026-05-23T14:30:13.484+0000] {dagbag.py:545} INFO - Filling up the DagBag from /opt/airflow/dags/dag_04_silver_to_gold.py
[2026-05-23T14:30:13.512+0000] {processor.py:840} INFO - DAG(s) '04_silver_to_gold_transformation' retrieved from /opt/airflow/dags/dag_04_silver_to_gold.py
[2026-05-23T14:30:13.563+0000] {logging_mixin.py:188} INFO - [2026-05-23T14:30:13.562+0000] {dag.py:3096} INFO - Sync 1 DAGs
[2026-05-23T14:30:13.591+0000] {logging_mixin.py:188} INFO - [2026-05-23T14:30:13.591+0000] {dag.py:3954} INFO - Setting next_dagrun for 04_silver_to_gold_transformation to 2026-05-23 14:00:00+00:00, run_after=2026-05-23 15:00:00+00:00
[2026-05-23T14:30:13.617+0000] {processor.py:183} INFO - Processing /opt/airflow/dags/dag_04_silver_to_gold.py took 0.149 seconds
[2026-05-23T14:30:43.812+0000] {processor.py:161} INFO - Started process (PID=2434) to work on /opt/airflow/dags/dag_04_silver_to_gold.py
[2026-05-23T14:30:43.816+0000] {processor.py:830} INFO - Processing file /opt/airflow/dags/dag_04_silver_to_gold.py for tasks to queue
[2026-05-23T14:30:43.821+0000] {logging_mixin.py:188} INFO - [2026-05-23T14:30:43.820+0000] {dagbag.py:545} INFO - Filling up the DagBag from /opt/airflow/dags/dag_04_silver_to_gold.py
[2026-05-23T14:30:43.895+0000] {processor.py:840} INFO - DAG(s) '04_silver_to_gold_transformation' retrieved from /opt/airflow/dags/dag_04_silver_to_gold.py
[2026-05-23T14:30:43.972+0000] {logging_mixin.py:188} INFO - [2026-05-23T14:30:43.970+0000] {dag.py:3096} INFO - Sync 1 DAGs
[2026-05-23T14:30:44.073+0000] {logging_mixin.py:188} INFO - [2026-05-23T14:30:44.072+0000] {dag.py:3954} INFO - Setting next_dagrun for 04_silver_to_gold_transformation to 2026-05-23 14:00:00+00:00, run_after=2026-05-23 15:00:00+00:00
[2026-05-23T14:30:44.172+0000] {processor.py:183} INFO - Processing /opt/airflow/dags/dag_04_silver_to_gold.py took 0.391 seconds
[2026-05-23T14:31:14.923+0000] {processor.py:161} INFO - Started process (PID=2465) to work on /opt/airflow/dags/dag_04_silver_to_gold.py
[2026-05-23T14:31:14.924+0000] {processor.py:830} INFO - Processing file /opt/airflow/dags/dag_04_silver_to_gold.py for tasks to queue
[2026-05-23T14:31:14.926+0000] {logging_mixin.py:188} INFO - [2026-05-23T14:31:14.926+0000] {dagbag.py:545} INFO - Filling up the DagBag from /opt/airflow/dags/dag_04_silver_to_gold.py
[2026-05-23T14:31:14.951+0000] {processor.py:840} INFO - DAG(s) '04_silver_to_gold_transformation' retrieved from /opt/airflow/dags/dag_04_silver_to_gold.py
[2026-05-23T14:31:14.987+0000] {logging_mixin.py:188} INFO - [2026-05-23T14:31:14.986+0000] {dag.py:3096} INFO - Sync 1 DAGs
[2026-05-23T14:31:15.009+0000] {logging_mixin.py:188} INFO - [2026-05-23T14:31:15.009+0000] {dag.py:3954} INFO - Setting next_dagrun for 04_silver_to_gold_transformation to 2026-05-23 14:00:00+00:00, run_after=2026-05-23 15:00:00+00:00
[2026-05-23T14:31:15.028+0000] {processor.py:183} INFO - Processing /opt/airflow/dags/dag_04_silver_to_gold.py took 0.114 seconds
[2026-05-23T14:31:45.674+0000] {processor.py:161} INFO - Started process (PID=2755) to work on /opt/airflow/dags/dag_04_silver_to_gold.py
[2026-05-23T14:31:45.675+0000] {processor.py:830} INFO - Processing file /opt/airflow/dags/dag_04_silver_to_gold.py for tasks to queue
[2026-05-23T14:31:45.677+0000] {logging_mixin.py:188} INFO - [2026-05-23T14:31:45.677+0000] {dagbag.py:545} INFO - Filling up the DagBag from /opt/airflow/dags/dag_04_silver_to_gold.py
[2026-05-23T14:31:45.703+0000] {processor.py:840} INFO - DAG(s) '04_silver_to_gold_transformation' retrieved from /opt/airflow/dags/dag_04_silver_to_gold.py
[2026-05-23T14:31:45.731+0000] {logging_mixin.py:188} INFO - [2026-05-23T14:31:45.731+0000] {dag.py:3096} INFO - Sync 1 DAGs
[2026-05-23T14:31:45.752+0000] {logging_mixin.py:188} INFO - [2026-05-23T14:31:45.752+0000] {dag.py:3954} INFO - Setting next_dagrun for 04_silver_to_gold_transformation to 2026-05-23 14:00:00+00:00, run_after=2026-05-23 15:00:00+00:00
[2026-05-23T14:31:45.775+0000] {processor.py:183} INFO - Processing /opt/airflow/dags/dag_04_silver_to_gold.py took 0.111 seconds
[2026-05-23T14:32:16.166+0000] {processor.py:161} INFO - Started process (PID=2859) to work on /opt/airflow/dags/dag_04_silver_to_gold.py
[2026-05-23T14:32:16.167+0000] {processor.py:830} INFO - Processing file /opt/airflow/dags/dag_04_silver_to_gold.py for tasks to queue
[2026-05-23T14:32:16.168+0000] {logging_mixin.py:188} INFO - [2026-05-23T14:32:16.168+0000] {dagbag.py:545} INFO - Filling up the DagBag from /opt/airflow/dags/dag_04_silver_to_gold.py
[2026-05-23T14:32:16.188+0000] {processor.py:840} INFO - DAG(s) '04_silver_to_gold_transformation' retrieved from /opt/airflow/dags/dag_04_silver_to_gold.py
[2026-05-23T14:32:16.214+0000] {logging_mixin.py:188} INFO - [2026-05-23T14:32:16.214+0000] {dag.py:3096} INFO - Sync 1 DAGs
[2026-05-23T14:32:16.233+0000] {logging_mixin.py:188} INFO - [2026-05-23T14:32:16.233+0000] {dag.py:3954} INFO - Setting next_dagrun for 04_silver_to_gold_transformation to 2026-05-23 14:00:00+00:00, run_after=2026-05-23 15:00:00+00:00
[2026-05-23T14:32:16.247+0000] {processor.py:183} INFO - Processing /opt/airflow/dags/dag_04_silver_to_gold.py took 0.091 seconds
[2026-05-23T14:32:46.682+0000] {processor.py:161} INFO - Started process (PID=2926) to work on /opt/airflow/dags/dag_04_silver_to_gold.py
[2026-05-23T14:32:46.683+0000] {processor.py:830} INFO - Processing file /opt/airflow/dags/dag_04_silver_to_gold.py for tasks to queue
[2026-05-23T14:32:46.685+0000] {logging_mixin.py:188} INFO - [2026-05-23T14:32:46.685+0000] {dagbag.py:545} INFO - Filling up the DagBag from /opt/airflow/dags/dag_04_silver_to_gold.py
[2026-05-23T14:32:46.708+0000] {processor.py:840} INFO - DAG(s) '04_silver_to_gold_transformation' retrieved from /opt/airflow/dags/dag_04_silver_to_gold.py
[2026-05-23T14:32:46.742+0000] {logging_mixin.py:188} INFO - [2026-05-23T14:32:46.742+0000] {dag.py:3096} INFO - Sync 1 DAGs
[2026-05-23T14:32:46.767+0000] {logging_mixin.py:188} INFO - [2026-05-23T14:32:46.767+0000] {dag.py:3954} INFO - Setting next_dagrun for 04_silver_to_gold_transformation to 2026-05-23 14:00:00+00:00, run_after=2026-05-23 15:00:00+00:00
[2026-05-23T14:32:46.794+0000] {processor.py:183} INFO - Processing /opt/airflow/dags/dag_04_silver_to_gold.py took 0.125 seconds
[2026-05-23T14:33:17.390+0000] {processor.py:161} INFO - Started process (PID=3129) to work on /opt/airflow/dags/dag_04_silver_to_gold.py
[2026-05-23T14:33:17.391+0000] {processor.py:830} INFO - Processing file /opt/airflow/dags/dag_04_silver_to_gold.py for tasks to queue
[2026-05-23T14:33:17.393+0000] {logging_mixin.py:188} INFO - [2026-05-23T14:33:17.393+0000] {dagbag.py:545} INFO - Filling up the DagBag from /opt/airflow/dags/dag_04_silver_to_gold.py
[2026-05-23T14:33:17.419+0000] {processor.py:840} INFO - DAG(s) '04_silver_to_gold_transformation' retrieved from /opt/airflow/dags/dag_04_silver_to_gold.py
[2026-05-23T14:33:17.452+0000] {logging_mixin.py:188} INFO - [2026-05-23T14:33:17.451+0000] {dag.py:3096} INFO - Sync 1 DAGs
[2026-05-23T14:33:17.474+0000] {logging_mixin.py:188} INFO - [2026-05-23T14:33:17.474+0000] {dag.py:3954} INFO - Setting next_dagrun for 04_silver_to_gold_transformation to 2026-05-23 14:00:00+00:00, run_after=2026-05-23 15:00:00+00:00
[2026-05-23T14:33:17.494+0000] {processor.py:183} INFO - Processing /opt/airflow/dags/dag_04_silver_to_gold.py took 0.114 seconds
[2026-05-23T14:33:48.140+0000] {processor.py:161} INFO - Started process (PID=3194) to work on /opt/airflow/dags/dag_04_silver_to_gold.py
[2026-05-23T14:33:48.142+0000] {processor.py:830} INFO - Processing file /opt/airflow/dags/dag_04_silver_to_gold.py for tasks to queue
[2026-05-23T14:33:48.144+0000] {logging_mixin.py:188} INFO - [2026-05-23T14:33:48.144+0000] {dagbag.py:545} INFO - Filling up the DagBag from /opt/airflow/dags/dag_04_silver_to_gold.py
[2026-05-23T14:33:48.173+0000] {processor.py:840} INFO - DAG(s) '04_silver_to_gold_transformation' retrieved from /opt/airflow/dags/dag_04_silver_to_gold.py
[2026-05-23T14:33:48.214+0000] {logging_mixin.py:188} INFO - [2026-05-23T14:33:48.214+0000] {dag.py:3096} INFO - Sync 1 DAGs
[2026-05-23T14:33:48.253+0000] {logging_mixin.py:188} INFO - [2026-05-23T14:33:48.252+0000] {dag.py:3954} INFO - Setting next_dagrun for 04_silver_to_gold_transformation to 2026-05-23 14:00:00+00:00, run_after=2026-05-23 15:00:00+00:00
[2026-05-23T14:33:48.284+0000] {processor.py:183} INFO - Processing /opt/airflow/dags/dag_04_silver_to_gold.py took 0.158 seconds
[2026-05-23T14:34:18.812+0000] {processor.py:161} INFO - Started process (PID=3225) to work on /opt/airflow/dags/dag_04_silver_to_gold.py
[2026-05-23T14:34:18.813+0000] {processor.py:830} INFO - Processing file /opt/airflow/dags/dag_04_silver_to_gold.py for tasks to queue
[2026-05-23T14:34:18.815+0000] {logging_mixin.py:188} INFO - [2026-05-23T14:34:18.815+0000] {dagbag.py:545} INFO - Filling up the DagBag from /opt/airflow/dags/dag_04_silver_to_gold.py
[2026-05-23T14:34:18.836+0000] {processor.py:840} INFO - DAG(s) '04_silver_to_gold_transformation' retrieved from /opt/airflow/dags/dag_04_silver_to_gold.py
[2026-05-23T14:34:18.864+0000] {logging_mixin.py:188} INFO - [2026-05-23T14:34:18.863+0000] {dag.py:3096} INFO - Sync 1 DAGs
[2026-05-23T14:34:18.882+0000] {logging_mixin.py:188} INFO - [2026-05-23T14:34:18.882+0000] {dag.py:3954} INFO - Setting next_dagrun for 04_silver_to_gold_transformation to 2026-05-23 14:00:00+00:00, run_after=2026-05-23 15:00:00+00:00
[2026-05-23T14:34:18.896+0000] {processor.py:183} INFO - Processing /opt/airflow/dags/dag_04_silver_to_gold.py took 0.093 seconds
[2026-05-23T14:34:49.348+0000] {processor.py:161} INFO - Started process (PID=3377) to work on /opt/airflow/dags/dag_04_silver_to_gold.py
[2026-05-23T14:34:49.349+0000] {processor.py:830} INFO - Processing file /opt/airflow/dags/dag_04_silver_to_gold.py for tasks to queue
[2026-05-23T14:34:49.350+0000] {logging_mixin.py:188} INFO - [2026-05-23T14:34:49.350+0000] {dagbag.py:545} INFO - Filling up the DagBag from /opt/airflow/dags/dag_04_silver_to_gold.py
[2026-05-23T14:34:49.371+0000] {processor.py:840} INFO - DAG(s) '04_silver_to_gold_transformation' retrieved from /opt/airflow/dags/dag_04_silver_to_gold.py
[2026-05-23T14:34:49.398+0000] {logging_mixin.py:188} INFO - [2026-05-23T14:34:49.398+0000] {dag.py:3096} INFO - Sync 1 DAGs
[2026-05-23T14:34:49.418+0000] {logging_mixin.py:188} INFO - [2026-05-23T14:34:49.418+0000] {dag.py:3954} INFO - Setting next_dagrun for 04_silver_to_gold_transformation to 2026-05-23 14:00:00+00:00, run_after=2026-05-23 15:00:00+00:00
[2026-05-23T14:34:49.442+0000] {processor.py:183} INFO - Processing /opt/airflow/dags/dag_04_silver_to_gold.py took 0.103 seconds
[2026-05-23T14:35:19.847+0000] {processor.py:161} INFO - Started process (PID=3525) to work on /opt/airflow/dags/dag_04_silver_to_gold.py
[2026-05-23T14:35:19.848+0000] {processor.py:830} INFO - Processing file /opt/airflow/dags/dag_04_silver_to_gold.py for tasks to queue
[2026-05-23T14:35:19.850+0000] {logging_mixin.py:188} INFO - [2026-05-23T14:35:19.849+0000] {dagbag.py:545} INFO - Filling up the DagBag from /opt/airflow/dags/dag_04_silver_to_gold.py
[2026-05-23T14:35:19.868+0000] {processor.py:840} INFO - DAG(s) '04_silver_to_gold_transformation' retrieved from /opt/airflow/dags/dag_04_silver_to_gold.py
[2026-05-23T14:35:19.897+0000] {logging_mixin.py:188} INFO - [2026-05-23T14:35:19.897+0000] {dag.py:3096} INFO - Sync 1 DAGs
[2026-05-23T14:35:19.917+0000] {logging_mixin.py:188} INFO - [2026-05-23T14:35:19.916+0000] {dag.py:3954} INFO - Setting next_dagrun for 04_silver_to_gold_transformation to 2026-05-23 14:00:00+00:00, run_after=2026-05-23 15:00:00+00:00
[2026-05-23T14:35:19.932+0000] {processor.py:183} INFO - Processing /opt/airflow/dags/dag_04_silver_to_gold.py took 0.094 seconds
[2026-05-23T14:35:50.480+0000] {processor.py:161} INFO - Started process (PID=3609) to work on /opt/airflow/dags/dag_04_silver_to_gold.py
[2026-05-23T14:35:50.481+0000] {processor.py:830} INFO - Processing file /opt/airflow/dags/dag_04_silver_to_gold.py for tasks to queue
[2026-05-23T14:35:50.483+0000] {logging_mixin.py:188} INFO - [2026-05-23T14:35:50.483+0000] {dagbag.py:545} INFO - Filling up the DagBag from /opt/airflow/dags/dag_04_silver_to_gold.py
[2026-05-23T14:35:50.508+0000] {processor.py:840} INFO - DAG(s) '04_silver_to_gold_transformation' retrieved from /opt/airflow/dags/dag_04_silver_to_gold.py
[2026-05-23T14:35:50.538+0000] {logging_mixin.py:188} INFO - [2026-05-23T14:35:50.538+0000] {dag.py:3096} INFO - Sync 1 DAGs
[2026-05-23T14:35:50.557+0000] {logging_mixin.py:188} INFO - [2026-05-23T14:35:50.557+0000] {dag.py:3954} INFO - Setting next_dagrun for 04_silver_to_gold_transformation to 2026-05-23 14:00:00+00:00, run_after=2026-05-23 15:00:00+00:00
[2026-05-23T14:35:50.572+0000] {processor.py:183} INFO - Processing /opt/airflow/dags/dag_04_silver_to_gold.py took 0.103 seconds
[2026-05-23T14:36:21.120+0000] {processor.py:161} INFO - Started process (PID=3708) to work on /opt/airflow/dags/dag_04_silver_to_gold.py
[2026-05-23T14:36:21.121+0000] {processor.py:830} INFO - Processing file /opt/airflow/dags/dag_04_silver_to_gold.py for tasks to queue
[2026-05-23T14:36:21.123+0000] {logging_mixin.py:188} INFO - [2026-05-23T14:36:21.123+0000] {dagbag.py:545} INFO - Filling up the DagBag from /opt/airflow/dags/dag_04_silver_to_gold.py
[2026-05-23T14:36:21.141+0000] {processor.py:840} INFO - DAG(s) '04_silver_to_gold_transformation' retrieved from /opt/airflow/dags/dag_04_silver_to_gold.py
[2026-05-23T14:36:21.168+0000] {logging_mixin.py:188} INFO - [2026-05-23T14:36:21.168+0000] {dag.py:3096} INFO - Sync 1 DAGs
[2026-05-23T14:36:21.187+0000] {logging_mixin.py:188} INFO - [2026-05-23T14:36:21.187+0000] {dag.py:3954} INFO - Setting next_dagrun for 04_silver_to_gold_transformation to 2026-05-23 14:00:00+00:00, run_after=2026-05-23 15:00:00+00:00
[2026-05-23T14:36:21.210+0000] {processor.py:183} INFO - Processing /opt/airflow/dags/dag_04_silver_to_gold.py took 0.098 seconds
[2026-05-23T14:36:51.643+0000] {processor.py:161} INFO - Started process (PID=3739) to work on /opt/airflow/dags/dag_04_silver_to_gold.py
[2026-05-23T14:36:51.644+0000] {processor.py:830} INFO - Processing file /opt/airflow/dags/dag_04_silver_to_gold.py for tasks to queue
[2026-05-23T14:36:51.646+0000] {logging_mixin.py:188} INFO - [2026-05-23T14:36:51.645+0000] {dagbag.py:545} INFO - Filling up the DagBag from /opt/airflow/dags/dag_04_silver_to_gold.py
[2026-05-23T14:36:51.664+0000] {processor.py:840} INFO - DAG(s) '04_silver_to_gold_transformation' retrieved from /opt/airflow/dags/dag_04_silver_to_gold.py
[2026-05-23T14:36:51.691+0000] {logging_mixin.py:188} INFO - [2026-05-23T14:36:51.691+0000] {dag.py:3096} INFO - Sync 1 DAGs
[2026-05-23T14:36:51.712+0000] {logging_mixin.py:188} INFO - [2026-05-23T14:36:51.712+0000] {dag.py:3954} INFO - Setting next_dagrun for 04_silver_to_gold_transformation to 2026-05-23 14:00:00+00:00, run_after=2026-05-23 15:00:00+00:00
[2026-05-23T14:36:51.728+0000] {processor.py:183} INFO - Processing /opt/airflow/dags/dag_04_silver_to_gold.py took 0.095 seconds
[2026-05-23T14:37:22.212+0000] {processor.py:161} INFO - Started process (PID=3930) to work on /opt/airflow/dags/dag_04_silver_to_gold.py
[2026-05-23T14:37:22.214+0000] {processor.py:830} INFO - Processing file /opt/airflow/dags/dag_04_silver_to_gold.py for tasks to queue
[2026-05-23T14:37:22.217+0000] {logging_mixin.py:188} INFO - [2026-05-23T14:37:22.216+0000] {dagbag.py:545} INFO - Filling up the DagBag from /opt/airflow/dags/dag_04_silver_to_gold.py
[2026-05-23T14:37:22.252+0000] {processor.py:840} INFO - DAG(s) '04_silver_to_gold_transformation' retrieved from /opt/airflow/dags/dag_04_silver_to_gold.py
[2026-05-23T14:37:22.297+0000] {logging_mixin.py:188} INFO - [2026-05-23T14:37:22.296+0000] {dag.py:3096} INFO - Sync 1 DAGs
[2026-05-23T14:37:22.328+0000] {logging_mixin.py:188} INFO - [2026-05-23T14:37:22.328+0000] {dag.py:3954} INFO - Setting next_dagrun for 04_silver_to_gold_transformation to 2026-05-23 14:00:00+00:00, run_after=2026-05-23 15:00:00+00:00
[2026-05-23T14:37:22.353+0000] {processor.py:183} INFO - Processing /opt/airflow/dags/dag_04_silver_to_gold.py took 0.160 seconds
[2026-05-23T14:37:52.903+0000] {processor.py:161} INFO - Started process (PID=4137) to work on /opt/airflow/dags/dag_04_silver_to_gold.py
[2026-05-23T14:37:52.905+0000] {processor.py:830} INFO - Processing file /opt/airflow/dags/dag_04_silver_to_gold.py for tasks to queue
[2026-05-23T14:37:52.907+0000] {logging_mixin.py:188} INFO - [2026-05-23T14:37:52.907+0000] {dagbag.py:545} INFO - Filling up the DagBag from /opt/airflow/dags/dag_04_silver_to_gold.py
[2026-05-23T14:37:52.934+0000] {processor.py:840} INFO - DAG(s) '04_silver_to_gold_transformation' retrieved from /opt/airflow/dags/dag_04_silver_to_gold.py
[2026-05-23T14:37:52.978+0000] {logging_mixin.py:188} INFO - [2026-05-23T14:37:52.978+0000] {dag.py:3096} INFO - Sync 1 DAGs
[2026-05-23T14:37:53.006+0000] {logging_mixin.py:188} INFO - [2026-05-23T14:37:53.006+0000] {dag.py:3954} INFO - Setting next_dagrun for 04_silver_to_gold_transformation to 2026-05-23 14:00:00+00:00, run_after=2026-05-23 15:00:00+00:00
[2026-05-23T14:37:53.027+0000] {processor.py:183} INFO - Processing /opt/airflow/dags/dag_04_silver_to_gold.py took 0.137 seconds
[2026-05-23T14:38:23.613+0000] {processor.py:161} INFO - Started process (PID=4634) to work on /opt/airflow/dags/dag_04_silver_to_gold.py
[2026-05-23T14:38:23.615+0000] {processor.py:830} INFO - Processing file /opt/airflow/dags/dag_04_silver_to_gold.py for tasks to queue
[2026-05-23T14:38:23.616+0000] {logging_mixin.py:188} INFO - [2026-05-23T14:38:23.616+0000] {dagbag.py:545} INFO - Filling up the DagBag from /opt/airflow/dags/dag_04_silver_to_gold.py
[2026-05-23T14:38:23.639+0000] {processor.py:840} INFO - DAG(s) '04_silver_to_gold_transformation' retrieved from /opt/airflow/dags/dag_04_silver_to_gold.py
[2026-05-23T14:38:23.671+0000] {logging_mixin.py:188} INFO - [2026-05-23T14:38:23.671+0000] {dag.py:3096} INFO - Sync 1 DAGs
[2026-05-23T14:38:23.693+0000] {logging_mixin.py:188} INFO - [2026-05-23T14:38:23.693+0000] {dag.py:3954} INFO - Setting next_dagrun for 04_silver_to_gold_transformation to 2026-05-23 14:00:00+00:00, run_after=2026-05-23 15:00:00+00:00
[2026-05-23T14:38:23.709+0000] {processor.py:183} INFO - Processing /opt/airflow/dags/dag_04_silver_to_gold.py took 0.107 seconds
[2026-05-23T14:38:54.248+0000] {processor.py:161} INFO - Started process (PID=4767) to work on /opt/airflow/dags/dag_04_silver_to_gold.py
[2026-05-23T14:38:54.249+0000] {processor.py:830} INFO - Processing file /opt/airflow/dags/dag_04_silver_to_gold.py for tasks to queue
[2026-05-23T14:38:54.250+0000] {logging_mixin.py:188} INFO - [2026-05-23T14:38:54.250+0000] {dagbag.py:545} INFO - Filling up the DagBag from /opt/airflow/dags/dag_04_silver_to_gold.py
[2026-05-23T14:38:54.271+0000] {processor.py:840} INFO - DAG(s) '04_silver_to_gold_transformation' retrieved from /opt/airflow/dags/dag_04_silver_to_gold.py
[2026-05-23T14:38:54.298+0000] {logging_mixin.py:188} INFO - [2026-05-23T14:38:54.298+0000] {dag.py:3096} INFO - Sync 1 DAGs
[2026-05-23T14:38:54.317+0000] {logging_mixin.py:188} INFO - [2026-05-23T14:38:54.317+0000] {dag.py:3954} INFO - Setting next_dagrun for 04_silver_to_gold_transformation to 2026-05-23 14:00:00+00:00, run_after=2026-05-23 15:00:00+00:00
[2026-05-23T14:38:54.342+0000] {processor.py:183} INFO - Processing /opt/airflow/dags/dag_04_silver_to_gold.py took 0.103 seconds
[2026-05-23T14:39:24.822+0000] {processor.py:161} INFO - Started process (PID=4798) to work on /opt/airflow/dags/dag_04_silver_to_gold.py
[2026-05-23T14:39:24.823+0000] {processor.py:830} INFO - Processing file /opt/airflow/dags/dag_04_silver_to_gold.py for tasks to queue
[2026-05-23T14:39:24.824+0000] {logging_mixin.py:188} INFO - [2026-05-23T14:39:24.824+0000] {dagbag.py:545} INFO - Filling up the DagBag from /opt/airflow/dags/dag_04_silver_to_gold.py
[2026-05-23T14:39:24.844+0000] {processor.py:840} INFO - DAG(s) '04_silver_to_gold_transformation' retrieved from /opt/airflow/dags/dag_04_silver_to_gold.py
[2026-05-23T14:39:24.872+0000] {logging_mixin.py:188} INFO - [2026-05-23T14:39:24.872+0000] {dag.py:3096} INFO - Sync 1 DAGs
[2026-05-23T14:39:24.890+0000] {logging_mixin.py:188} INFO - [2026-05-23T14:39:24.890+0000] {dag.py:3954} INFO - Setting next_dagrun for 04_silver_to_gold_transformation to 2026-05-23 14:00:00+00:00, run_after=2026-05-23 15:00:00+00:00
[2026-05-23T14:39:24.905+0000] {processor.py:183} INFO - Processing /opt/airflow/dags/dag_04_silver_to_gold.py took 0.093 seconds
[2026-05-23T14:39:55.340+0000] {processor.py:161} INFO - Started process (PID=4933) to work on /opt/airflow/dags/dag_04_silver_to_gold.py
[2026-05-23T14:39:55.341+0000] {processor.py:830} INFO - Processing file /opt/airflow/dags/dag_04_silver_to_gold.py for tasks to queue
[2026-05-23T14:39:55.343+0000] {logging_mixin.py:188} INFO - [2026-05-23T14:39:55.343+0000] {dagbag.py:545} INFO - Filling up the DagBag from /opt/airflow/dags/dag_04_silver_to_gold.py
[2026-05-23T14:39:55.361+0000] {processor.py:840} INFO - DAG(s) '04_silver_to_gold_transformation' retrieved from /opt/airflow/dags/dag_04_silver_to_gold.py
[2026-05-23T14:39:55.391+0000] {logging_mixin.py:188} INFO - [2026-05-23T14:39:55.390+0000] {dag.py:3096} INFO - Sync 1 DAGs
[2026-05-23T14:39:55.416+0000] {logging_mixin.py:188} INFO - [2026-05-23T14:39:55.416+0000] {dag.py:3954} INFO - Setting next_dagrun for 04_silver_to_gold_transformation to 2026-05-23 14:00:00+00:00, run_after=2026-05-23 15:00:00+00:00
[2026-05-23T14:39:55.432+0000] {processor.py:183} INFO - Processing /opt/airflow/dags/dag_04_silver_to_gold.py took 0.101 seconds
[2026-05-23T14:40:25.883+0000] {processor.py:161} INFO - Started process (PID=5102) to work on /opt/airflow/dags/dag_04_silver_to_gold.py
[2026-05-23T14:40:25.884+0000] {processor.py:830} INFO - Processing file /opt/airflow/dags/dag_04_silver_to_gold.py for tasks to queue
[2026-05-23T14:40:25.887+0000] {logging_mixin.py:188} INFO - [2026-05-23T14:40:25.886+0000] {dagbag.py:545} INFO - Filling up the DagBag from /opt/airflow/dags/dag_04_silver_to_gold.py
[2026-05-23T14:40:25.915+0000] {processor.py:840} INFO - DAG(s) '04_silver_to_gold_transformation' retrieved from /opt/airflow/dags/dag_04_silver_to_gold.py
[2026-05-23T14:40:25.949+0000] {logging_mixin.py:188} INFO - [2026-05-23T14:40:25.949+0000] {dag.py:3096} INFO - Sync 1 DAGs
[2026-05-23T14:40:25.974+0000] {logging_mixin.py:188} INFO - [2026-05-23T14:40:25.974+0000] {dag.py:3954} INFO - Setting next_dagrun for 04_silver_to_gold_transformation to 2026-05-23 14:00:00+00:00, run_after=2026-05-23 15:00:00+00:00
[2026-05-23T14:40:25.996+0000] {processor.py:183} INFO - Processing /opt/airflow/dags/dag_04_silver_to_gold.py took 0.123 seconds
[2026-05-23T14:40:56.620+0000] {processor.py:161} INFO - Started process (PID=5139) to work on /opt/airflow/dags/dag_04_silver_to_gold.py
[2026-05-23T14:40:56.622+0000] {processor.py:830} INFO - Processing file /opt/airflow/dags/dag_04_silver_to_gold.py for tasks to queue
[2026-05-23T14:40:56.625+0000] {logging_mixin.py:188} INFO - [2026-05-23T14:40:56.624+0000] {dagbag.py:545} INFO - Filling up the DagBag from /opt/airflow/dags/dag_04_silver_to_gold.py
[2026-05-23T14:40:56.666+0000] {processor.py:840} INFO - DAG(s) '04_silver_to_gold_transformation' retrieved from /opt/airflow/dags/dag_04_silver_to_gold.py
[2026-05-23T14:40:56.752+0000] {logging_mixin.py:188} INFO - [2026-05-23T14:40:56.752+0000] {dag.py:3096} INFO - Sync 1 DAGs
[2026-05-23T14:40:56.829+0000] {logging_mixin.py:188} INFO - [2026-05-23T14:40:56.828+0000] {dag.py:3954} INFO - Setting next_dagrun for 04_silver_to_gold_transformation to 2026-05-23 14:00:00+00:00, run_after=2026-05-23 15:00:00+00:00
[2026-05-23T14:40:56.868+0000] {processor.py:183} INFO - Processing /opt/airflow/dags/dag_04_silver_to_gold.py took 0.261 seconds
[2026-05-23T14:41:27.006+0000] {processor.py:161} INFO - Started process (PID=5213) to work on /opt/airflow/dags/dag_04_silver_to_gold.py
[2026-05-23T14:41:27.008+0000] {processor.py:830} INFO - Processing file /opt/airflow/dags/dag_04_silver_to_gold.py for tasks to queue
[2026-05-23T14:41:27.010+0000] {logging_mixin.py:188} INFO - [2026-05-23T14:41:27.009+0000] {dagbag.py:545} INFO - Filling up the DagBag from /opt/airflow/dags/dag_04_silver_to_gold.py
[2026-05-23T14:41:27.031+0000] {processor.py:840} INFO - DAG(s) '04_silver_to_gold_transformation' retrieved from /opt/airflow/dags/dag_04_silver_to_gold.py
[2026-05-23T14:41:27.059+0000] {logging_mixin.py:188} INFO - [2026-05-23T14:41:27.058+0000] {dag.py:3096} INFO - Sync 1 DAGs
[2026-05-23T14:41:27.079+0000] {logging_mixin.py:188} INFO - [2026-05-23T14:41:27.079+0000] {dag.py:3954} INFO - Setting next_dagrun for 04_silver_to_gold_transformation to 2026-05-23 14:00:00+00:00, run_after=2026-05-23 15:00:00+00:00
[2026-05-23T14:41:27.098+0000] {processor.py:183} INFO - Processing /opt/airflow/dags/dag_04_silver_to_gold.py took 0.103 seconds
[2026-05-23T14:41:57.588+0000] {processor.py:161} INFO - Started process (PID=5328) to work on /opt/airflow/dags/dag_04_silver_to_gold.py
[2026-05-23T14:41:57.589+0000] {processor.py:830} INFO - Processing file /opt/airflow/dags/dag_04_silver_to_gold.py for tasks to queue
[2026-05-23T14:41:57.590+0000] {logging_mixin.py:188} INFO - [2026-05-23T14:41:57.590+0000] {dagbag.py:545} INFO - Filling up the DagBag from /opt/airflow/dags/dag_04_silver_to_gold.py
[2026-05-23T14:41:57.615+0000] {processor.py:840} INFO - DAG(s) '04_silver_to_gold_transformation' retrieved from /opt/airflow/dags/dag_04_silver_to_gold.py
[2026-05-23T14:41:57.641+0000] {logging_mixin.py:188} INFO - [2026-05-23T14:41:57.641+0000] {dag.py:3096} INFO - Sync 1 DAGs
[2026-05-23T14:41:57.661+0000] {logging_mixin.py:188} INFO - [2026-05-23T14:41:57.661+0000] {dag.py:3954} INFO - Setting next_dagrun for 04_silver_to_gold_transformation to 2026-05-23 14:00:00+00:00, run_after=2026-05-23 15:00:00+00:00
[2026-05-23T14:41:57.686+0000] {processor.py:183} INFO - Processing /opt/airflow/dags/dag_04_silver_to_gold.py took 0.107 seconds
[2026-05-23T14:42:28.207+0000] {processor.py:161} INFO - Started process (PID=5359) to work on /opt/airflow/dags/dag_04_silver_to_gold.py
[2026-05-23T14:42:28.208+0000] {processor.py:830} INFO - Processing file /opt/airflow/dags/dag_04_silver_to_gold.py for tasks to queue
[2026-05-23T14:42:28.209+0000] {logging_mixin.py:188} INFO - [2026-05-23T14:42:28.209+0000] {dagbag.py:545} INFO - Filling up the DagBag from /opt/airflow/dags/dag_04_silver_to_gold.py
[2026-05-23T14:42:28.237+0000] {processor.py:840} INFO - DAG(s) '04_silver_to_gold_transformation' retrieved from /opt/airflow/dags/dag_04_silver_to_gold.py
[2026-05-23T14:42:28.263+0000] {logging_mixin.py:188} INFO - [2026-05-23T14:42:28.263+0000] {dag.py:3096} INFO - Sync 1 DAGs
[2026-05-23T14:42:28.282+0000] {logging_mixin.py:188} INFO - [2026-05-23T14:42:28.282+0000] {dag.py:3954} INFO - Setting next_dagrun for 04_silver_to_gold_transformation to 2026-05-23 14:00:00+00:00, run_after=2026-05-23 15:00:00+00:00
[2026-05-23T14:42:28.309+0000] {processor.py:183} INFO - Processing /opt/airflow/dags/dag_04_silver_to_gold.py took 0.110 seconds
[2026-05-23T14:42:58.788+0000] {processor.py:161} INFO - Started process (PID=5517) to work on /opt/airflow/dags/dag_04_silver_to_gold.py
[2026-05-23T14:42:58.789+0000] {processor.py:830} INFO - Processing file /opt/airflow/dags/dag_04_silver_to_gold.py for tasks to queue
[2026-05-23T14:42:58.790+0000] {logging_mixin.py:188} INFO - [2026-05-23T14:42:58.790+0000] {dagbag.py:545} INFO - Filling up the DagBag from /opt/airflow/dags/dag_04_silver_to_gold.py
[2026-05-23T14:42:58.813+0000] {processor.py:840} INFO - DAG(s) '04_silver_to_gold_transformation' retrieved from /opt/airflow/dags/dag_04_silver_to_gold.py
[2026-05-23T14:42:58.842+0000] {logging_mixin.py:188} INFO - [2026-05-23T14:42:58.842+0000] {dag.py:3096} INFO - Sync 1 DAGs
[2026-05-23T14:42:58.872+0000] {logging_mixin.py:188} INFO - [2026-05-23T14:42:58.872+0000] {dag.py:3954} INFO - Setting next_dagrun for 04_silver_to_gold_transformation to 2026-05-23 14:00:00+00:00, run_after=2026-05-23 15:00:00+00:00
[2026-05-23T14:42:58.894+0000] {processor.py:183} INFO - Processing /opt/airflow/dags/dag_04_silver_to_gold.py took 0.115 seconds
[2026-05-23T14:43:29.337+0000] {processor.py:161} INFO - Started process (PID=5548) to work on /opt/airflow/dags/dag_04_silver_to_gold.py
[2026-05-23T14:43:29.338+0000] {processor.py:830} INFO - Processing file /opt/airflow/dags/dag_04_silver_to_gold.py for tasks to queue
[2026-05-23T14:43:29.340+0000] {logging_mixin.py:188} INFO - [2026-05-23T14:43:29.339+0000] {dagbag.py:545} INFO - Filling up the DagBag from /opt/airflow/dags/dag_04_silver_to_gold.py
[2026-05-23T14:43:29.362+0000] {processor.py:840} INFO - DAG(s) '04_silver_to_gold_transformation' retrieved from /opt/airflow/dags/dag_04_silver_to_gold.py
[2026-05-23T14:43:29.395+0000] {logging_mixin.py:188} INFO - [2026-05-23T14:43:29.395+0000] {dag.py:3096} INFO - Sync 1 DAGs
[2026-05-23T14:43:29.413+0000] {logging_mixin.py:188} INFO - [2026-05-23T14:43:29.413+0000] {dag.py:3954} INFO - Setting next_dagrun for 04_silver_to_gold_transformation to 2026-05-23 14:00:00+00:00, run_after=2026-05-23 15:00:00+00:00
[2026-05-23T14:43:29.430+0000] {processor.py:183} INFO - Processing /opt/airflow/dags/dag_04_silver_to_gold.py took 0.101 seconds
[2026-05-23T14:44:00.016+0000] {processor.py:161} INFO - Started process (PID=5598) to work on /opt/airflow/dags/dag_04_silver_to_gold.py
[2026-05-23T14:44:00.017+0000] {processor.py:830} INFO - Processing file /opt/airflow/dags/dag_04_silver_to_gold.py for tasks to queue
[2026-05-23T14:44:00.018+0000] {logging_mixin.py:188} INFO - [2026-05-23T14:44:00.018+0000] {dagbag.py:545} INFO - Filling up the DagBag from /opt/airflow/dags/dag_04_silver_to_gold.py
[2026-05-23T14:44:00.040+0000] {processor.py:840} INFO - DAG(s) '04_silver_to_gold_transformation' retrieved from /opt/airflow/dags/dag_04_silver_to_gold.py
[2026-05-23T14:44:00.069+0000] {logging_mixin.py:188} INFO - [2026-05-23T14:44:00.069+0000] {dag.py:3096} INFO - Sync 1 DAGs
[2026-05-23T14:44:00.090+0000] {logging_mixin.py:188} INFO - [2026-05-23T14:44:00.090+0000] {dag.py:3954} INFO - Setting next_dagrun for 04_silver_to_gold_transformation to 2026-05-23 14:00:00+00:00, run_after=2026-05-23 15:00:00+00:00
[2026-05-23T14:44:00.113+0000] {processor.py:183} INFO - Processing /opt/airflow/dags/dag_04_silver_to_gold.py took 0.107 seconds
[2026-05-23T14:44:30.488+0000] {processor.py:161} INFO - Started process (PID=5739) to work on /opt/airflow/dags/dag_04_silver_to_gold.py
[2026-05-23T14:44:30.490+0000] {processor.py:830} INFO - Processing file /opt/airflow/dags/dag_04_silver_to_gold.py for tasks to queue
[2026-05-23T14:44:30.492+0000] {logging_mixin.py:188} INFO - [2026-05-23T14:44:30.491+0000] {dagbag.py:545} INFO - Filling up the DagBag from /opt/airflow/dags/dag_04_silver_to_gold.py
[2026-05-23T14:44:30.514+0000] {processor.py:840} INFO - DAG(s) '04_silver_to_gold_transformation' retrieved from /opt/airflow/dags/dag_04_silver_to_gold.py
[2026-05-23T14:44:30.550+0000] {logging_mixin.py:188} INFO - [2026-05-23T14:44:30.549+0000] {dag.py:3096} INFO - Sync 1 DAGs
[2026-05-23T14:44:30.571+0000] {logging_mixin.py:188} INFO - [2026-05-23T14:44:30.571+0000] {dag.py:3954} INFO - Setting next_dagrun for 04_silver_to_gold_transformation to 2026-05-23 14:00:00+00:00, run_after=2026-05-23 15:00:00+00:00
[2026-05-23T14:44:30.589+0000] {processor.py:183} INFO - Processing /opt/airflow/dags/dag_04_silver_to_gold.py took 0.115 seconds
[2026-05-23T14:45:01.136+0000] {processor.py:161} INFO - Started process (PID=5805) to work on /opt/airflow/dags/dag_04_silver_to_gold.py
[2026-05-23T14:45:01.137+0000] {processor.py:830} INFO - Processing file /opt/airflow/dags/dag_04_silver_to_gold.py for tasks to queue
[2026-05-23T14:45:01.138+0000] {logging_mixin.py:188} INFO - [2026-05-23T14:45:01.138+0000] {dagbag.py:545} INFO - Filling up the DagBag from /opt/airflow/dags/dag_04_silver_to_gold.py
[2026-05-23T14:45:01.161+0000] {processor.py:840} INFO - DAG(s) '04_silver_to_gold_transformation' retrieved from /opt/airflow/dags/dag_04_silver_to_gold.py
[2026-05-23T14:45:01.194+0000] {logging_mixin.py:188} INFO - [2026-05-23T14:45:01.194+0000] {dag.py:3096} INFO - Sync 1 DAGs
[2026-05-23T14:45:01.236+0000] {logging_mixin.py:188} INFO - [2026-05-23T14:45:01.236+0000] {dag.py:3954} INFO - Setting next_dagrun for 04_silver_to_gold_transformation to 2026-05-23 14:00:00+00:00, run_after=2026-05-23 15:00:00+00:00
[2026-05-23T14:45:01.265+0000] {processor.py:183} INFO - Processing /opt/airflow/dags/dag_04_silver_to_gold.py took 0.138 seconds
[2026-05-23T14:45:31.818+0000] {processor.py:161} INFO - Started process (PID=6065) to work on /opt/airflow/dags/dag_04_silver_to_gold.py
[2026-05-23T14:45:31.820+0000] {processor.py:830} INFO - Processing file /opt/airflow/dags/dag_04_silver_to_gold.py for tasks to queue
[2026-05-23T14:45:31.823+0000] {logging_mixin.py:188} INFO - [2026-05-23T14:45:31.823+0000] {dagbag.py:545} INFO - Filling up the DagBag from /opt/airflow/dags/dag_04_silver_to_gold.py
[2026-05-23T14:45:31.863+0000] {processor.py:840} INFO - DAG(s) '04_silver_to_gold_transformation' retrieved from /opt/airflow/dags/dag_04_silver_to_gold.py
[2026-05-23T14:45:31.886+0000] {logging_mixin.py:188} INFO - [2026-05-23T14:45:31.886+0000] {dag.py:3096} INFO - Sync 1 DAGs
[2026-05-23T14:45:31.918+0000] {logging_mixin.py:188} INFO - [2026-05-23T14:45:31.917+0000] {dag.py:3954} INFO - Setting next_dagrun for 04_silver_to_gold_transformation to 2026-05-23 14:00:00+00:00, run_after=2026-05-23 15:00:00+00:00
[2026-05-23T14:45:31.940+0000] {processor.py:183} INFO - Processing /opt/airflow/dags/dag_04_silver_to_gold.py took 0.139 seconds
[2026-05-23T14:46:02.445+0000] {processor.py:161} INFO - Started process (PID=6221) to work on /opt/airflow/dags/dag_04_silver_to_gold.py
[2026-05-23T14:46:02.446+0000] {processor.py:830} INFO - Processing file /opt/airflow/dags/dag_04_silver_to_gold.py for tasks to queue
[2026-05-23T14:46:02.448+0000] {logging_mixin.py:188} INFO - [2026-05-23T14:46:02.448+0000] {dagbag.py:545} INFO - Filling up the DagBag from /opt/airflow/dags/dag_04_silver_to_gold.py
[2026-05-23T14:46:02.475+0000] {processor.py:840} INFO - DAG(s) '04_silver_to_gold_transformation' retrieved from /opt/airflow/dags/dag_04_silver_to_gold.py
[2026-05-23T14:46:02.628+0000] {logging_mixin.py:188} INFO - [2026-05-23T14:46:02.627+0000] {dag.py:3096} INFO - Sync 1 DAGs
[2026-05-23T14:46:02.647+0000] {logging_mixin.py:188} INFO - [2026-05-23T14:46:02.647+0000] {dag.py:3954} INFO - Setting next_dagrun for 04_silver_to_gold_transformation to 2026-05-23 14:00:00+00:00, run_after=2026-05-23 15:00:00+00:00
[2026-05-23T14:46:02.666+0000] {processor.py:183} INFO - Processing /opt/airflow/dags/dag_04_silver_to_gold.py took 0.234 seconds
[2026-05-23T14:46:32.925+0000] {processor.py:161} INFO - Started process (PID=6431) to work on /opt/airflow/dags/dag_04_silver_to_gold.py
[2026-05-23T14:46:32.926+0000] {processor.py:830} INFO - Processing file /opt/airflow/dags/dag_04_silver_to_gold.py for tasks to queue
[2026-05-23T14:46:32.928+0000] {logging_mixin.py:188} INFO - [2026-05-23T14:46:32.927+0000] {dagbag.py:545} INFO - Filling up the DagBag from /opt/airflow/dags/dag_04_silver_to_gold.py
[2026-05-23T14:46:32.948+0000] {processor.py:840} INFO - DAG(s) '04_silver_to_gold_transformation' retrieved from /opt/airflow/dags/dag_04_silver_to_gold.py
[2026-05-23T14:46:32.979+0000] {logging_mixin.py:188} INFO - [2026-05-23T14:46:32.979+0000] {dag.py:3096} INFO - Sync 1 DAGs
[2026-05-23T14:46:33.001+0000] {logging_mixin.py:188} INFO - [2026-05-23T14:46:33.000+0000] {dag.py:3954} INFO - Setting next_dagrun for 04_silver_to_gold_transformation to 2026-05-23 14:00:00+00:00, run_after=2026-05-23 15:00:00+00:00
[2026-05-23T14:46:33.017+0000] {processor.py:183} INFO - Processing /opt/airflow/dags/dag_04_silver_to_gold.py took 0.103 seconds
[2026-05-23T14:47:03.482+0000] {processor.py:161} INFO - Started process (PID=6583) to work on /opt/airflow/dags/dag_04_silver_to_gold.py
[2026-05-23T14:47:03.483+0000] {processor.py:830} INFO - Processing file /opt/airflow/dags/dag_04_silver_to_gold.py for tasks to queue
[2026-05-23T14:47:03.485+0000] {logging_mixin.py:188} INFO - [2026-05-23T14:47:03.485+0000] {dagbag.py:545} INFO - Filling up the DagBag from /opt/airflow/dags/dag_04_silver_to_gold.py
[2026-05-23T14:47:03.512+0000] {processor.py:840} INFO - DAG(s) '04_silver_to_gold_transformation' retrieved from /opt/airflow/dags/dag_04_silver_to_gold.py
[2026-05-23T14:47:03.555+0000] {logging_mixin.py:188} INFO - [2026-05-23T14:47:03.555+0000] {dag.py:3096} INFO - Sync 1 DAGs
[2026-05-23T14:47:03.582+0000] {logging_mixin.py:188} INFO - [2026-05-23T14:47:03.582+0000] {dag.py:3954} INFO - Setting next_dagrun for 04_silver_to_gold_transformation to 2026-05-23 14:00:00+00:00, run_after=2026-05-23 15:00:00+00:00
[2026-05-23T14:47:03.601+0000] {processor.py:183} INFO - Processing /opt/airflow/dags/dag_04_silver_to_gold.py took 0.132 seconds
[2026-05-23T14:47:34.168+0000] {processor.py:161} INFO - Started process (PID=6765) to work on /opt/airflow/dags/dag_04_silver_to_gold.py
[2026-05-23T14:47:34.169+0000] {processor.py:830} INFO - Processing file /opt/airflow/dags/dag_04_silver_to_gold.py for tasks to queue
[2026-05-23T14:47:34.171+0000] {logging_mixin.py:188} INFO - [2026-05-23T14:47:34.171+0000] {dagbag.py:545} INFO - Filling up the DagBag from /opt/airflow/dags/dag_04_silver_to_gold.py
[2026-05-23T14:47:34.191+0000] {processor.py:840} INFO - DAG(s) '04_silver_to_gold_transformation' retrieved from /opt/airflow/dags/dag_04_silver_to_gold.py
[2026-05-23T14:47:34.220+0000] {logging_mixin.py:188} INFO - [2026-05-23T14:47:34.220+0000] {dag.py:3096} INFO - Sync 1 DAGs
[2026-05-23T14:47:34.242+0000] {logging_mixin.py:188} INFO - [2026-05-23T14:47:34.242+0000] {dag.py:3954} INFO - Setting next_dagrun for 04_silver_to_gold_transformation to 2026-05-23 14:00:00+00:00, run_after=2026-05-23 15:00:00+00:00
[2026-05-23T14:47:34.262+0000] {processor.py:183} INFO - Processing /opt/airflow/dags/dag_04_silver_to_gold.py took 0.103 seconds
[2026-05-23T14:48:04.742+0000] {processor.py:161} INFO - Started process (PID=6971) to work on /opt/airflow/dags/dag_04_silver_to_gold.py
[2026-05-23T14:48:04.743+0000] {processor.py:830} INFO - Processing file /opt/airflow/dags/dag_04_silver_to_gold.py for tasks to queue
[2026-05-23T14:48:04.745+0000] {logging_mixin.py:188} INFO - [2026-05-23T14:48:04.744+0000] {dagbag.py:545} INFO - Filling up the DagBag from /opt/airflow/dags/dag_04_silver_to_gold.py
[2026-05-23T14:48:04.763+0000] {processor.py:840} INFO - DAG(s) '04_silver_to_gold_transformation' retrieved from /opt/airflow/dags/dag_04_silver_to_gold.py
[2026-05-23T14:48:04.789+0000] {logging_mixin.py:188} INFO - [2026-05-23T14:48:04.789+0000] {dag.py:3096} INFO - Sync 1 DAGs
[2026-05-23T14:48:04.809+0000] {logging_mixin.py:188} INFO - [2026-05-23T14:48:04.809+0000] {dag.py:3954} INFO - Setting next_dagrun for 04_silver_to_gold_transformation to 2026-05-23 14:00:00+00:00, run_after=2026-05-23 15:00:00+00:00
[2026-05-23T14:48:04.826+0000] {processor.py:183} INFO - Processing /opt/airflow/dags/dag_04_silver_to_gold.py took 0.092 seconds
[2026-05-23T14:48:35.266+0000] {processor.py:161} INFO - Started process (PID=7038) to work on /opt/airflow/dags/dag_04_silver_to_gold.py
[2026-05-23T14:48:35.267+0000] {processor.py:830} INFO - Processing file /opt/airflow/dags/dag_04_silver_to_gold.py for tasks to queue
[2026-05-23T14:48:35.269+0000] {logging_mixin.py:188} INFO - [2026-05-23T14:48:35.268+0000] {dagbag.py:545} INFO - Filling up the DagBag from /opt/airflow/dags/dag_04_silver_to_gold.py
[2026-05-23T14:48:35.288+0000] {processor.py:840} INFO - DAG(s) '04_silver_to_gold_transformation' retrieved from /opt/airflow/dags/dag_04_silver_to_gold.py
[2026-05-23T14:48:35.318+0000] {logging_mixin.py:188} INFO - [2026-05-23T14:48:35.318+0000] {dag.py:3096} INFO - Sync 1 DAGs
[2026-05-23T14:48:35.338+0000] {logging_mixin.py:188} INFO - [2026-05-23T14:48:35.338+0000] {dag.py:3954} INFO - Setting next_dagrun for 04_silver_to_gold_transformation to 2026-05-23 14:00:00+00:00, run_after=2026-05-23 15:00:00+00:00
[2026-05-23T14:48:35.355+0000] {processor.py:183} INFO - Processing /opt/airflow/dags/dag_04_silver_to_gold.py took 0.098 seconds
[2026-05-23T14:49:06.169+0000] {processor.py:161} INFO - Started process (PID=7336) to work on /opt/airflow/dags/dag_04_silver_to_gold.py
[2026-05-23T14:49:06.178+0000] {processor.py:830} INFO - Processing file /opt/airflow/dags/dag_04_silver_to_gold.py for tasks to queue
[2026-05-23T14:49:06.196+0000] {logging_mixin.py:188} INFO - [2026-05-23T14:49:06.193+0000] {dagbag.py:545} INFO - Filling up the DagBag from /opt/airflow/dags/dag_04_silver_to_gold.py
[2026-05-23T14:49:06.311+0000] {processor.py:840} INFO - DAG(s) '04_silver_to_gold_transformation' retrieved from /opt/airflow/dags/dag_04_silver_to_gold.py
[2026-05-23T14:49:06.552+0000] {logging_mixin.py:188} INFO - [2026-05-23T14:49:06.552+0000] {dag.py:3096} INFO - Sync 1 DAGs
[2026-05-23T14:49:06.659+0000] {logging_mixin.py:188} INFO - [2026-05-23T14:49:06.659+0000] {dag.py:3954} INFO - Setting next_dagrun for 04_silver_to_gold_transformation to 2026-05-23 14:00:00+00:00, run_after=2026-05-23 15:00:00+00:00
[2026-05-23T14:49:06.707+0000] {processor.py:183} INFO - Processing /opt/airflow/dags/dag_04_silver_to_gold.py took 0.631 seconds
[2026-05-23T14:49:37.364+0000] {processor.py:161} INFO - Started process (PID=7653) to work on /opt/airflow/dags/dag_04_silver_to_gold.py
[2026-05-23T14:49:37.365+0000] {processor.py:830} INFO - Processing file /opt/airflow/dags/dag_04_silver_to_gold.py for tasks to queue
[2026-05-23T14:49:37.366+0000] {logging_mixin.py:188} INFO - [2026-05-23T14:49:37.366+0000] {dagbag.py:545} INFO - Filling up the DagBag from /opt/airflow/dags/dag_04_silver_to_gold.py
[2026-05-23T14:49:37.387+0000] {processor.py:840} INFO - DAG(s) '04_silver_to_gold_transformation' retrieved from /opt/airflow/dags/dag_04_silver_to_gold.py
[2026-05-23T14:49:37.413+0000] {logging_mixin.py:188} INFO - [2026-05-23T14:49:37.413+0000] {dag.py:3096} INFO - Sync 1 DAGs
[2026-05-23T14:49:37.433+0000] {logging_mixin.py:188} INFO - [2026-05-23T14:49:37.433+0000] {dag.py:3954} INFO - Setting next_dagrun for 04_silver_to_gold_transformation to 2026-05-23 14:00:00+00:00, run_after=2026-05-23 15:00:00+00:00
[2026-05-23T14:49:37.448+0000] {processor.py:183} INFO - Processing /opt/airflow/dags/dag_04_silver_to_gold.py took 0.094 seconds
[2026-05-23T14:50:07.855+0000] {processor.py:161} INFO - Started process (PID=7805) to work on /opt/airflow/dags/dag_04_silver_to_gold.py
[2026-05-23T14:50:07.856+0000] {processor.py:830} INFO - Processing file /opt/airflow/dags/dag_04_silver_to_gold.py for tasks to queue
[2026-05-23T14:50:07.858+0000] {logging_mixin.py:188} INFO - [2026-05-23T14:50:07.857+0000] {dagbag.py:545} INFO - Filling up the DagBag from /opt/airflow/dags/dag_04_silver_to_gold.py
[2026-05-23T14:50:07.879+0000] {processor.py:840} INFO - DAG(s) '04_silver_to_gold_transformation' retrieved from /opt/airflow/dags/dag_04_silver_to_gold.py
[2026-05-23T14:50:07.909+0000] {logging_mixin.py:188} INFO - [2026-05-23T14:50:07.909+0000] {dag.py:3096} INFO - Sync 1 DAGs
[2026-05-23T14:50:07.931+0000] {logging_mixin.py:188} INFO - [2026-05-23T14:50:07.931+0000] {dag.py:3954} INFO - Setting next_dagrun for 04_silver_to_gold_transformation to 2026-05-23 14:00:00+00:00, run_after=2026-05-23 15:00:00+00:00
[2026-05-23T14:50:07.948+0000] {processor.py:183} INFO - Processing /opt/airflow/dags/dag_04_silver_to_gold.py took 0.103 seconds
[2026-05-23T14:50:38.401+0000] {processor.py:161} INFO - Started process (PID=7836) to work on /opt/airflow/dags/dag_04_silver_to_gold.py
[2026-05-23T14:50:38.402+0000] {processor.py:830} INFO - Processing file /opt/airflow/dags/dag_04_silver_to_gold.py for tasks to queue
[2026-05-23T14:50:38.404+0000] {logging_mixin.py:188} INFO - [2026-05-23T14:50:38.403+0000] {dagbag.py:545} INFO - Filling up the DagBag from /opt/airflow/dags/dag_04_silver_to_gold.py
[2026-05-23T14:50:38.423+0000] {processor.py:840} INFO - DAG(s) '04_silver_to_gold_transformation' retrieved from /opt/airflow/dags/dag_04_silver_to_gold.py
[2026-05-23T14:50:38.450+0000] {logging_mixin.py:188} INFO - [2026-05-23T14:50:38.450+0000] {dag.py:3096} INFO - Sync 1 DAGs
[2026-05-23T14:50:38.469+0000] {logging_mixin.py:188} INFO - [2026-05-23T14:50:38.469+0000] {dag.py:3954} INFO - Setting next_dagrun for 04_silver_to_gold_transformation to 2026-05-23 14:00:00+00:00, run_after=2026-05-23 15:00:00+00:00
[2026-05-23T14:50:38.483+0000] {processor.py:183} INFO - Processing /opt/airflow/dags/dag_04_silver_to_gold.py took 0.091 seconds
[2026-05-23T14:51:09.043+0000] {processor.py:161} INFO - Started process (PID=7867) to work on /opt/airflow/dags/dag_04_silver_to_gold.py
[2026-05-23T14:51:09.045+0000] {processor.py:830} INFO - Processing file /opt/airflow/dags/dag_04_silver_to_gold.py for tasks to queue
[2026-05-23T14:51:09.047+0000] {logging_mixin.py:188} INFO - [2026-05-23T14:51:09.047+0000] {dagbag.py:545} INFO - Filling up the DagBag from /opt/airflow/dags/dag_04_silver_to_gold.py
[2026-05-23T14:51:09.072+0000] {processor.py:840} INFO - DAG(s) '04_silver_to_gold_transformation' retrieved from /opt/airflow/dags/dag_04_silver_to_gold.py
[2026-05-23T14:51:09.113+0000] {logging_mixin.py:188} INFO - [2026-05-23T14:51:09.113+0000] {dag.py:3096} INFO - Sync 1 DAGs
[2026-05-23T14:51:09.139+0000] {logging_mixin.py:188} INFO - [2026-05-23T14:51:09.139+0000] {dag.py:3954} INFO - Setting next_dagrun for 04_silver_to_gold_transformation to 2026-05-23 14:00:00+00:00, run_after=2026-05-23 15:00:00+00:00
[2026-05-23T14:51:09.168+0000] {processor.py:183} INFO - Processing /opt/airflow/dags/dag_04_silver_to_gold.py took 0.135 seconds
[2026-05-23T14:51:39.678+0000] {processor.py:161} INFO - Started process (PID=8019) to work on /opt/airflow/dags/dag_04_silver_to_gold.py
[2026-05-23T14:51:39.681+0000] {processor.py:830} INFO - Processing file /opt/airflow/dags/dag_04_silver_to_gold.py for tasks to queue
[2026-05-23T14:51:39.685+0000] {logging_mixin.py:188} INFO - [2026-05-23T14:51:39.685+0000] {dagbag.py:545} INFO - Filling up the DagBag from /opt/airflow/dags/dag_04_silver_to_gold.py
[2026-05-23T14:51:39.718+0000] {processor.py:840} INFO - DAG(s) '04_silver_to_gold_transformation' retrieved from /opt/airflow/dags/dag_04_silver_to_gold.py
[2026-05-23T14:51:39.751+0000] {logging_mixin.py:188} INFO - [2026-05-23T14:51:39.751+0000] {dag.py:3096} INFO - Sync 1 DAGs
[2026-05-23T14:51:39.776+0000] {logging_mixin.py:188} INFO - [2026-05-23T14:51:39.776+0000] {dag.py:3954} INFO - Setting next_dagrun for 04_silver_to_gold_transformation to 2026-05-23 14:00:00+00:00, run_after=2026-05-23 15:00:00+00:00
[2026-05-23T14:51:39.792+0000] {processor.py:183} INFO - Processing /opt/airflow/dags/dag_04_silver_to_gold.py took 0.150 seconds
[2026-05-23T14:52:10.324+0000] {processor.py:161} INFO - Started process (PID=8051) to work on /opt/airflow/dags/dag_04_silver_to_gold.py
[2026-05-23T14:52:10.325+0000] {processor.py:830} INFO - Processing file /opt/airflow/dags/dag_04_silver_to_gold.py for tasks to queue
[2026-05-23T14:52:10.326+0000] {logging_mixin.py:188} INFO - [2026-05-23T14:52:10.326+0000] {dagbag.py:545} INFO - Filling up the DagBag from /opt/airflow/dags/dag_04_silver_to_gold.py
[2026-05-23T14:52:10.346+0000] {processor.py:840} INFO - DAG(s) '04_silver_to_gold_transformation' retrieved from /opt/airflow/dags/dag_04_silver_to_gold.py
[2026-05-23T14:52:10.373+0000] {logging_mixin.py:188} INFO - [2026-05-23T14:52:10.373+0000] {dag.py:3096} INFO - Sync 1 DAGs
[2026-05-23T14:52:10.391+0000] {logging_mixin.py:188} INFO - [2026-05-23T14:52:10.391+0000] {dag.py:3954} INFO - Setting next_dagrun for 04_silver_to_gold_transformation to 2026-05-23 14:00:00+00:00, run_after=2026-05-23 15:00:00+00:00
[2026-05-23T14:52:10.406+0000] {processor.py:183} INFO - Processing /opt/airflow/dags/dag_04_silver_to_gold.py took 0.091 seconds
[2026-05-23T14:52:40.884+0000] {processor.py:161} INFO - Started process (PID=8101) to work on /opt/airflow/dags/dag_04_silver_to_gold.py
[2026-05-23T14:52:40.886+0000] {processor.py:830} INFO - Processing file /opt/airflow/dags/dag_04_silver_to_gold.py for tasks to queue
[2026-05-23T14:52:40.888+0000] {logging_mixin.py:188} INFO - [2026-05-23T14:52:40.887+0000] {dagbag.py:545} INFO - Filling up the DagBag from /opt/airflow/dags/dag_04_silver_to_gold.py
[2026-05-23T14:52:40.910+0000] {processor.py:840} INFO - DAG(s) '04_silver_to_gold_transformation' retrieved from /opt/airflow/dags/dag_04_silver_to_gold.py
[2026-05-23T14:52:40.946+0000] {logging_mixin.py:188} INFO - [2026-05-23T14:52:40.945+0000] {dag.py:3096} INFO - Sync 1 DAGs
[2026-05-23T14:52:40.968+0000] {logging_mixin.py:188} INFO - [2026-05-23T14:52:40.968+0000] {dag.py:3954} INFO - Setting next_dagrun for 04_silver_to_gold_transformation to 2026-05-23 14:00:00+00:00, run_after=2026-05-23 15:00:00+00:00
[2026-05-23T14:52:40.985+0000] {processor.py:183} INFO - Processing /opt/airflow/dags/dag_04_silver_to_gold.py took 0.113 seconds
[2026-05-23T14:53:11.450+0000] {processor.py:161} INFO - Started process (PID=8234) to work on /opt/airflow/dags/dag_04_silver_to_gold.py
[2026-05-23T14:53:11.451+0000] {processor.py:830} INFO - Processing file /opt/airflow/dags/dag_04_silver_to_gold.py for tasks to queue
[2026-05-23T14:53:11.453+0000] {logging_mixin.py:188} INFO - [2026-05-23T14:53:11.452+0000] {dagbag.py:545} INFO - Filling up the DagBag from /opt/airflow/dags/dag_04_silver_to_gold.py
[2026-05-23T14:53:11.473+0000] {processor.py:840} INFO - DAG(s) '04_silver_to_gold_transformation' retrieved from /opt/airflow/dags/dag_04_silver_to_gold.py
[2026-05-23T14:53:11.500+0000] {logging_mixin.py:188} INFO - [2026-05-23T14:53:11.500+0000] {dag.py:3096} INFO - Sync 1 DAGs
[2026-05-23T14:53:11.519+0000] {logging_mixin.py:188} INFO - [2026-05-23T14:53:11.519+0000] {dag.py:3954} INFO - Setting next_dagrun for 04_silver_to_gold_transformation to 2026-05-23 14:00:00+00:00, run_after=2026-05-23 15:00:00+00:00
[2026-05-23T14:53:11.534+0000] {processor.py:183} INFO - Processing /opt/airflow/dags/dag_04_silver_to_gold.py took 0.093 seconds
[2026-05-23T14:53:42.099+0000] {processor.py:161} INFO - Started process (PID=8265) to work on /opt/airflow/dags/dag_04_silver_to_gold.py
[2026-05-23T14:53:42.100+0000] {processor.py:830} INFO - Processing file /opt/airflow/dags/dag_04_silver_to_gold.py for tasks to queue
[2026-05-23T14:53:42.102+0000] {logging_mixin.py:188} INFO - [2026-05-23T14:53:42.101+0000] {dagbag.py:545} INFO - Filling up the DagBag from /opt/airflow/dags/dag_04_silver_to_gold.py
[2026-05-23T14:53:42.122+0000] {processor.py:840} INFO - DAG(s) '04_silver_to_gold_transformation' retrieved from /opt/airflow/dags/dag_04_silver_to_gold.py
[2026-05-23T14:53:42.156+0000] {logging_mixin.py:188} INFO - [2026-05-23T14:53:42.156+0000] {dag.py:3096} INFO - Sync 1 DAGs
[2026-05-23T14:53:42.176+0000] {logging_mixin.py:188} INFO - [2026-05-23T14:53:42.176+0000] {dag.py:3954} INFO - Setting next_dagrun for 04_silver_to_gold_transformation to 2026-05-23 14:00:00+00:00, run_after=2026-05-23 15:00:00+00:00
[2026-05-23T14:53:42.191+0000] {processor.py:183} INFO - Processing /opt/airflow/dags/dag_04_silver_to_gold.py took 0.102 seconds
[2026-05-23T14:54:12.726+0000] {processor.py:161} INFO - Started process (PID=8383) to work on /opt/airflow/dags/dag_04_silver_to_gold.py
[2026-05-23T14:54:12.727+0000] {processor.py:830} INFO - Processing file /opt/airflow/dags/dag_04_silver_to_gold.py for tasks to queue
[2026-05-23T14:54:12.729+0000] {logging_mixin.py:188} INFO - [2026-05-23T14:54:12.729+0000] {dagbag.py:545} INFO - Filling up the DagBag from /opt/airflow/dags/dag_04_silver_to_gold.py
[2026-05-23T14:54:12.772+0000] {processor.py:840} INFO - DAG(s) '04_silver_to_gold_transformation' retrieved from /opt/airflow/dags/dag_04_silver_to_gold.py
[2026-05-23T14:54:12.811+0000] {logging_mixin.py:188} INFO - [2026-05-23T14:54:12.811+0000] {dag.py:3096} INFO - Sync 1 DAGs
[2026-05-23T14:54:12.841+0000] {logging_mixin.py:188} INFO - [2026-05-23T14:54:12.841+0000] {dag.py:3954} INFO - Setting next_dagrun for 04_silver_to_gold_transformation to 2026-05-23 14:00:00+00:00, run_after=2026-05-23 15:00:00+00:00
[2026-05-23T14:54:12.864+0000] {processor.py:183} INFO - Processing /opt/airflow/dags/dag_04_silver_to_gold.py took 0.153 seconds
[2026-05-23T14:54:43.278+0000] {processor.py:161} INFO - Started process (PID=8721) to work on /opt/airflow/dags/dag_04_silver_to_gold.py
[2026-05-23T14:54:43.279+0000] {processor.py:830} INFO - Processing file /opt/airflow/dags/dag_04_silver_to_gold.py for tasks to queue
[2026-05-23T14:54:43.282+0000] {logging_mixin.py:188} INFO - [2026-05-23T14:54:43.281+0000] {dagbag.py:545} INFO - Filling up the DagBag from /opt/airflow/dags/dag_04_silver_to_gold.py
[2026-05-23T14:54:43.311+0000] {processor.py:840} INFO - DAG(s) '04_silver_to_gold_transformation' retrieved from /opt/airflow/dags/dag_04_silver_to_gold.py
[2026-05-23T14:54:43.345+0000] {logging_mixin.py:188} INFO - [2026-05-23T14:54:43.345+0000] {dag.py:3096} INFO - Sync 1 DAGs
[2026-05-23T14:54:43.369+0000] {logging_mixin.py:188} INFO - [2026-05-23T14:54:43.368+0000] {dag.py:3954} INFO - Setting next_dagrun for 04_silver_to_gold_transformation to 2026-05-23 14:00:00+00:00, run_after=2026-05-23 15:00:00+00:00
[2026-05-23T14:54:43.388+0000] {processor.py:183} INFO - Processing /opt/airflow/dags/dag_04_silver_to_gold.py took 0.130 seconds
[2026-05-23T14:55:13.951+0000] {processor.py:161} INFO - Started process (PID=8746) to work on /opt/airflow/dags/dag_04_silver_to_gold.py
[2026-05-23T14:55:13.952+0000] {processor.py:830} INFO - Processing file /opt/airflow/dags/dag_04_silver_to_gold.py for tasks to queue
[2026-05-23T14:55:13.953+0000] {logging_mixin.py:188} INFO - [2026-05-23T14:55:13.953+0000] {dagbag.py:545} INFO - Filling up the DagBag from /opt/airflow/dags/dag_04_silver_to_gold.py
[2026-05-23T14:55:13.972+0000] {processor.py:840} INFO - DAG(s) '04_silver_to_gold_transformation' retrieved from /opt/airflow/dags/dag_04_silver_to_gold.py
[2026-05-23T14:55:13.999+0000] {logging_mixin.py:188} INFO - [2026-05-23T14:55:13.998+0000] {dag.py:3096} INFO - Sync 1 DAGs
[2026-05-23T14:55:14.017+0000] {logging_mixin.py:188} INFO - [2026-05-23T14:55:14.017+0000] {dag.py:3954} INFO - Setting next_dagrun for 04_silver_to_gold_transformation to 2026-05-23 14:00:00+00:00, run_after=2026-05-23 15:00:00+00:00
[2026-05-23T14:55:14.033+0000] {processor.py:183} INFO - Processing /opt/airflow/dags/dag_04_silver_to_gold.py took 0.090 seconds
[2026-05-23T14:55:44.472+0000] {processor.py:161} INFO - Started process (PID=8796) to work on /opt/airflow/dags/dag_04_silver_to_gold.py
[2026-05-23T14:55:44.473+0000] {processor.py:830} INFO - Processing file /opt/airflow/dags/dag_04_silver_to_gold.py for tasks to queue
[2026-05-23T14:55:44.475+0000] {logging_mixin.py:188} INFO - [2026-05-23T14:55:44.474+0000] {dagbag.py:545} INFO - Filling up the DagBag from /opt/airflow/dags/dag_04_silver_to_gold.py
[2026-05-23T14:55:44.495+0000] {processor.py:840} INFO - DAG(s) '04_silver_to_gold_transformation' retrieved from /opt/airflow/dags/dag_04_silver_to_gold.py
[2026-05-23T14:55:44.536+0000] {logging_mixin.py:188} INFO - [2026-05-23T14:55:44.536+0000] {dag.py:3096} INFO - Sync 1 DAGs
[2026-05-23T14:55:44.559+0000] {logging_mixin.py:188} INFO - [2026-05-23T14:55:44.559+0000] {dag.py:3954} INFO - Setting next_dagrun for 04_silver_to_gold_transformation to 2026-05-23 14:00:00+00:00, run_after=2026-05-23 15:00:00+00:00
[2026-05-23T14:55:44.576+0000] {processor.py:183} INFO - Processing /opt/airflow/dags/dag_04_silver_to_gold.py took 0.114 seconds
[2026-05-23T14:56:15.578+0000] {processor.py:161} INFO - Started process (PID=9103) to work on /opt/airflow/dags/dag_04_silver_to_gold.py
[2026-05-23T14:56:15.629+0000] {processor.py:830} INFO - Processing file /opt/airflow/dags/dag_04_silver_to_gold.py for tasks to queue
[2026-05-23T14:56:15.634+0000] {logging_mixin.py:188} INFO - [2026-05-23T14:56:15.633+0000] {dagbag.py:545} INFO - Filling up the DagBag from /opt/airflow/dags/dag_04_silver_to_gold.py
[2026-05-23T14:56:15.926+0000] {processor.py:840} INFO - DAG(s) '04_silver_to_gold_transformation' retrieved from /opt/airflow/dags/dag_04_silver_to_gold.py
[2026-05-23T14:56:16.080+0000] {logging_mixin.py:188} INFO - [2026-05-23T14:56:16.079+0000] {dag.py:3096} INFO - Sync 1 DAGs
[2026-05-23T14:56:16.107+0000] {logging_mixin.py:188} INFO - [2026-05-23T14:56:16.107+0000] {dag.py:3954} INFO - Setting next_dagrun for 04_silver_to_gold_transformation to 2026-05-23 14:00:00+00:00, run_after=2026-05-23 15:00:00+00:00
[2026-05-23T14:56:16.130+0000] {processor.py:183} INFO - Processing /opt/airflow/dags/dag_04_silver_to_gold.py took 0.619 seconds
[2026-05-23T14:56:46.730+0000] {processor.py:161} INFO - Started process (PID=9382) to work on /opt/airflow/dags/dag_04_silver_to_gold.py
[2026-05-23T14:56:46.731+0000] {processor.py:830} INFO - Processing file /opt/airflow/dags/dag_04_silver_to_gold.py for tasks to queue
[2026-05-23T14:56:46.733+0000] {logging_mixin.py:188} INFO - [2026-05-23T14:56:46.732+0000] {dagbag.py:545} INFO - Filling up the DagBag from /opt/airflow/dags/dag_04_silver_to_gold.py
[2026-05-23T14:56:46.754+0000] {processor.py:840} INFO - DAG(s) '04_silver_to_gold_transformation' retrieved from /opt/airflow/dags/dag_04_silver_to_gold.py
[2026-05-23T14:56:46.784+0000] {logging_mixin.py:188} INFO - [2026-05-23T14:56:46.783+0000] {dag.py:3096} INFO - Sync 1 DAGs
[2026-05-23T14:56:46.803+0000] {logging_mixin.py:188} INFO - [2026-05-23T14:56:46.803+0000] {dag.py:3954} INFO - Setting next_dagrun for 04_silver_to_gold_transformation to 2026-05-23 14:00:00+00:00, run_after=2026-05-23 15:00:00+00:00
[2026-05-23T14:56:46.819+0000] {processor.py:183} INFO - Processing /opt/airflow/dags/dag_04_silver_to_gold.py took 0.099 seconds
[2026-05-23T14:57:17.267+0000] {processor.py:161} INFO - Started process (PID=9449) to work on /opt/airflow/dags/dag_04_silver_to_gold.py
[2026-05-23T14:57:17.268+0000] {processor.py:830} INFO - Processing file /opt/airflow/dags/dag_04_silver_to_gold.py for tasks to queue
[2026-05-23T14:57:17.269+0000] {logging_mixin.py:188} INFO - [2026-05-23T14:57:17.269+0000] {dagbag.py:545} INFO - Filling up the DagBag from /opt/airflow/dags/dag_04_silver_to_gold.py
[2026-05-23T14:57:17.288+0000] {processor.py:840} INFO - DAG(s) '04_silver_to_gold_transformation' retrieved from /opt/airflow/dags/dag_04_silver_to_gold.py
[2026-05-23T14:57:17.316+0000] {logging_mixin.py:188} INFO - [2026-05-23T14:57:17.315+0000] {dag.py:3096} INFO - Sync 1 DAGs
[2026-05-23T14:57:17.334+0000] {logging_mixin.py:188} INFO - [2026-05-23T14:57:17.334+0000] {dag.py:3954} INFO - Setting next_dagrun for 04_silver_to_gold_transformation to 2026-05-23 14:00:00+00:00, run_after=2026-05-23 15:00:00+00:00
[2026-05-23T14:57:17.349+0000] {processor.py:183} INFO - Processing /opt/airflow/dags/dag_04_silver_to_gold.py took 0.091 seconds
[2026-05-23T14:57:47.782+0000] {processor.py:161} INFO - Started process (PID=9565) to work on /opt/airflow/dags/dag_04_silver_to_gold.py
[2026-05-23T14:57:47.783+0000] {processor.py:830} INFO - Processing file /opt/airflow/dags/dag_04_silver_to_gold.py for tasks to queue
[2026-05-23T14:57:47.784+0000] {logging_mixin.py:188} INFO - [2026-05-23T14:57:47.784+0000] {dagbag.py:545} INFO - Filling up the DagBag from /opt/airflow/dags/dag_04_silver_to_gold.py
[2026-05-23T14:57:47.802+0000] {processor.py:840} INFO - DAG(s) '04_silver_to_gold_transformation' retrieved from /opt/airflow/dags/dag_04_silver_to_gold.py
[2026-05-23T14:57:47.829+0000] {logging_mixin.py:188} INFO - [2026-05-23T14:57:47.829+0000] {dag.py:3096} INFO - Sync 1 DAGs
[2026-05-23T14:57:47.848+0000] {logging_mixin.py:188} INFO - [2026-05-23T14:57:47.848+0000] {dag.py:3954} INFO - Setting next_dagrun for 04_silver_to_gold_transformation to 2026-05-23 14:00:00+00:00, run_after=2026-05-23 15:00:00+00:00
[2026-05-23T14:57:47.870+0000] {processor.py:183} INFO - Processing /opt/airflow/dags/dag_04_silver_to_gold.py took 0.097 seconds
[2026-05-23T14:58:18.310+0000] {processor.py:161} INFO - Started process (PID=9734) to work on /opt/airflow/dags/dag_04_silver_to_gold.py
[2026-05-23T14:58:18.312+0000] {processor.py:830} INFO - Processing file /opt/airflow/dags/dag_04_silver_to_gold.py for tasks to queue
[2026-05-23T14:58:18.313+0000] {logging_mixin.py:188} INFO - [2026-05-23T14:58:18.313+0000] {dagbag.py:545} INFO - Filling up the DagBag from /opt/airflow/dags/dag_04_silver_to_gold.py
[2026-05-23T14:58:18.334+0000] {processor.py:840} INFO - DAG(s) '04_silver_to_gold_transformation' retrieved from /opt/airflow/dags/dag_04_silver_to_gold.py
[2026-05-23T14:58:18.371+0000] {logging_mixin.py:188} INFO - [2026-05-23T14:58:18.371+0000] {dag.py:3096} INFO - Sync 1 DAGs
[2026-05-23T14:58:18.389+0000] {logging_mixin.py:188} INFO - [2026-05-23T14:58:18.389+0000] {dag.py:3954} INFO - Setting next_dagrun for 04_silver_to_gold_transformation to 2026-05-23 14:00:00+00:00, run_after=2026-05-23 15:00:00+00:00
[2026-05-23T14:58:18.404+0000] {processor.py:183} INFO - Processing /opt/airflow/dags/dag_04_silver_to_gold.py took 0.104 seconds
[2026-05-23T14:58:48.931+0000] {processor.py:161} INFO - Started process (PID=9959) to work on /opt/airflow/dags/dag_04_silver_to_gold.py
[2026-05-23T14:58:48.932+0000] {processor.py:830} INFO - Processing file /opt/airflow/dags/dag_04_silver_to_gold.py for tasks to queue
[2026-05-23T14:58:48.934+0000] {logging_mixin.py:188} INFO - [2026-05-23T14:58:48.934+0000] {dagbag.py:545} INFO - Filling up the DagBag from /opt/airflow/dags/dag_04_silver_to_gold.py
[2026-05-23T14:58:48.954+0000] {processor.py:840} INFO - DAG(s) '04_silver_to_gold_transformation' retrieved from /opt/airflow/dags/dag_04_silver_to_gold.py
[2026-05-23T14:58:48.981+0000] {logging_mixin.py:188} INFO - [2026-05-23T14:58:48.981+0000] {dag.py:3096} INFO - Sync 1 DAGs
[2026-05-23T14:58:49.001+0000] {logging_mixin.py:188} INFO - [2026-05-23T14:58:49.001+0000] {dag.py:3954} INFO - Setting next_dagrun for 04_silver_to_gold_transformation to 2026-05-23 14:00:00+00:00, run_after=2026-05-23 15:00:00+00:00
[2026-05-23T14:58:49.022+0000] {processor.py:183} INFO - Processing /opt/airflow/dags/dag_04_silver_to_gold.py took 0.101 seconds
