[2026-05-23T14:23:32.460+0000] {processor.py:161} INFO - Started process (PID=192) to work on /opt/airflow/dags/dag_03_bronze_to_silver.py
[2026-05-23T14:23:32.462+0000] {processor.py:830} INFO - Processing file /opt/airflow/dags/dag_03_bronze_to_silver.py for tasks to queue
[2026-05-23T14:23:32.466+0000] {logging_mixin.py:188} INFO - [2026-05-23T14:23:32.465+0000] {dagbag.py:545} INFO - Filling up the DagBag from /opt/airflow/dags/dag_03_bronze_to_silver.py
[2026-05-23T14:23:32.514+0000] {processor.py:840} INFO - DAG(s) '03_bronze_to_silver_transformation' retrieved from /opt/airflow/dags/dag_03_bronze_to_silver.py
[2026-05-23T14:23:32.703+0000] {logging_mixin.py:188} INFO - [2026-05-23T14:23:32.702+0000] {override.py:1829} INFO - Created Permission View: can read on DAG:03_bronze_to_silver_transformation
[2026-05-23T14:23:32.727+0000] {logging_mixin.py:188} INFO - [2026-05-23T14:23:32.726+0000] {override.py:1829} INFO - Created Permission View: can delete on DAG:03_bronze_to_silver_transformation
[2026-05-23T14:23:32.738+0000] {logging_mixin.py:188} INFO - [2026-05-23T14:23:32.738+0000] {override.py:1829} INFO - Created Permission View: can edit on DAG:03_bronze_to_silver_transformation
[2026-05-23T14:23:32.739+0000] {logging_mixin.py:188} INFO - [2026-05-23T14:23:32.739+0000] {dag.py:3096} INFO - Sync 1 DAGs
[2026-05-23T14:23:32.756+0000] {logging_mixin.py:188} INFO - [2026-05-23T14:23:32.756+0000] {dag.py:3118} INFO - Creating ORM DAG for 03_bronze_to_silver_transformation
[2026-05-23T14:23:32.778+0000] {logging_mixin.py:188} INFO - [2026-05-23T14:23:32.777+0000] {dag.py:3954} INFO - Setting next_dagrun for 03_bronze_to_silver_transformation to 2026-05-23 13:00:00+00:00, run_after=2026-05-23 14:00:00+00:00
[2026-05-23T14:23:32.809+0000] {processor.py:183} INFO - Processing /opt/airflow/dags/dag_03_bronze_to_silver.py took 0.360 seconds
[2026-05-23T14:24:03.132+0000] {processor.py:161} INFO - Started process (PID=489) to work on /opt/airflow/dags/dag_03_bronze_to_silver.py
[2026-05-23T14:24:03.133+0000] {processor.py:830} INFO - Processing file /opt/airflow/dags/dag_03_bronze_to_silver.py for tasks to queue
[2026-05-23T14:24:03.135+0000] {logging_mixin.py:188} INFO - [2026-05-23T14:24:03.135+0000] {dagbag.py:545} INFO - Filling up the DagBag from /opt/airflow/dags/dag_03_bronze_to_silver.py
[2026-05-23T14:24:03.162+0000] {processor.py:840} INFO - DAG(s) '03_bronze_to_silver_transformation' retrieved from /opt/airflow/dags/dag_03_bronze_to_silver.py
[2026-05-23T14:24:03.197+0000] {logging_mixin.py:188} INFO - [2026-05-23T14:24:03.196+0000] {dag.py:3096} INFO - Sync 1 DAGs
[2026-05-23T14:24:03.221+0000] {logging_mixin.py:188} INFO - [2026-05-23T14:24:03.221+0000] {dag.py:3954} INFO - Setting next_dagrun for 03_bronze_to_silver_transformation to 2026-05-23 14:00:00+00:00, run_after=2026-05-23 15:00:00+00:00
[2026-05-23T14:24:03.244+0000] {processor.py:183} INFO - Processing /opt/airflow/dags/dag_03_bronze_to_silver.py took 0.122 seconds
[2026-05-23T14:24:34.701+0000] {processor.py:161} INFO - Started process (PID=587) to work on /opt/airflow/dags/dag_03_bronze_to_silver.py
[2026-05-23T14:24:34.703+0000] {processor.py:830} INFO - Processing file /opt/airflow/dags/dag_03_bronze_to_silver.py for tasks to queue
[2026-05-23T14:24:34.706+0000] {logging_mixin.py:188} INFO - [2026-05-23T14:24:34.705+0000] {dagbag.py:545} INFO - Filling up the DagBag from /opt/airflow/dags/dag_03_bronze_to_silver.py
[2026-05-23T14:24:34.741+0000] {processor.py:840} INFO - DAG(s) '03_bronze_to_silver_transformation' retrieved from /opt/airflow/dags/dag_03_bronze_to_silver.py
[2026-05-23T14:24:34.784+0000] {logging_mixin.py:188} INFO - [2026-05-23T14:24:34.783+0000] {dag.py:3096} INFO - Sync 1 DAGs
[2026-05-23T14:24:34.813+0000] {logging_mixin.py:188} INFO - [2026-05-23T14:24:34.813+0000] {dag.py:3954} INFO - Setting next_dagrun for 03_bronze_to_silver_transformation to 2026-05-23 14:00:00+00:00, run_after=2026-05-23 15:00:00+00:00
[2026-05-23T14:24:38.900+0000] {processor.py:183} INFO - Processing /opt/airflow/dags/dag_03_bronze_to_silver.py took 4.212 seconds
[2026-05-23T14:25:09.256+0000] {processor.py:161} INFO - Started process (PID=1111) to work on /opt/airflow/dags/dag_03_bronze_to_silver.py
[2026-05-23T14:25:09.258+0000] {processor.py:830} INFO - Processing file /opt/airflow/dags/dag_03_bronze_to_silver.py for tasks to queue
[2026-05-23T14:25:09.260+0000] {logging_mixin.py:188} INFO - [2026-05-23T14:25:09.260+0000] {dagbag.py:545} INFO - Filling up the DagBag from /opt/airflow/dags/dag_03_bronze_to_silver.py
[2026-05-23T14:25:09.293+0000] {processor.py:840} INFO - DAG(s) '03_bronze_to_silver_transformation' retrieved from /opt/airflow/dags/dag_03_bronze_to_silver.py
[2026-05-23T14:25:09.525+0000] {logging_mixin.py:188} INFO - [2026-05-23T14:25:09.525+0000] {dag.py:3096} INFO - Sync 1 DAGs
[2026-05-23T14:25:09.545+0000] {logging_mixin.py:188} INFO - [2026-05-23T14:25:09.545+0000] {dag.py:3954} INFO - Setting next_dagrun for 03_bronze_to_silver_transformation to 2026-05-23 14:00:00+00:00, run_after=2026-05-23 15:00:00+00:00
[2026-05-23T14:25:09.566+0000] {processor.py:183} INFO - Processing /opt/airflow/dags/dag_03_bronze_to_silver.py took 0.324 seconds
[2026-05-23T14:25:40.219+0000] {processor.py:161} INFO - Started process (PID=1244) to work on /opt/airflow/dags/dag_03_bronze_to_silver.py
[2026-05-23T14:25:40.221+0000] {processor.py:830} INFO - Processing file /opt/airflow/dags/dag_03_bronze_to_silver.py for tasks to queue
[2026-05-23T14:25:40.223+0000] {logging_mixin.py:188} INFO - [2026-05-23T14:25:40.222+0000] {dagbag.py:545} INFO - Filling up the DagBag from /opt/airflow/dags/dag_03_bronze_to_silver.py
[2026-05-23T14:25:40.249+0000] {processor.py:840} INFO - DAG(s) '03_bronze_to_silver_transformation' retrieved from /opt/airflow/dags/dag_03_bronze_to_silver.py
[2026-05-23T14:25:40.287+0000] {logging_mixin.py:188} INFO - [2026-05-23T14:25:40.287+0000] {dag.py:3096} INFO - Sync 1 DAGs
[2026-05-23T14:25:40.320+0000] {logging_mixin.py:188} INFO - [2026-05-23T14:25:40.320+0000] {dag.py:3954} INFO - Setting next_dagrun for 03_bronze_to_silver_transformation to 2026-05-23 14:00:00+00:00, run_after=2026-05-23 15:00:00+00:00
[2026-05-23T14:25:40.358+0000] {processor.py:183} INFO - Processing /opt/airflow/dags/dag_03_bronze_to_silver.py took 0.153 seconds
[2026-05-23T14:26:10.897+0000] {processor.py:161} INFO - Started process (PID=1462) to work on /opt/airflow/dags/dag_03_bronze_to_silver.py
[2026-05-23T14:26:10.898+0000] {processor.py:830} INFO - Processing file /opt/airflow/dags/dag_03_bronze_to_silver.py for tasks to queue
[2026-05-23T14:26:10.900+0000] {logging_mixin.py:188} INFO - [2026-05-23T14:26:10.900+0000] {dagbag.py:545} INFO - Filling up the DagBag from /opt/airflow/dags/dag_03_bronze_to_silver.py
[2026-05-23T14:26:10.927+0000] {processor.py:840} INFO - DAG(s) '03_bronze_to_silver_transformation' retrieved from /opt/airflow/dags/dag_03_bronze_to_silver.py
[2026-05-23T14:26:10.963+0000] {logging_mixin.py:188} INFO - [2026-05-23T14:26:10.963+0000] {dag.py:3096} INFO - Sync 1 DAGs
[2026-05-23T14:26:10.991+0000] {logging_mixin.py:188} INFO - [2026-05-23T14:26:10.991+0000] {dag.py:3954} INFO - Setting next_dagrun for 03_bronze_to_silver_transformation to 2026-05-23 14:00:00+00:00, run_after=2026-05-23 15:00:00+00:00
[2026-05-23T14:26:11.013+0000] {processor.py:183} INFO - Processing /opt/airflow/dags/dag_03_bronze_to_silver.py took 0.129 seconds
[2026-05-23T14:26:41.372+0000] {processor.py:161} INFO - Started process (PID=1718) to work on /opt/airflow/dags/dag_03_bronze_to_silver.py
[2026-05-23T14:26:41.373+0000] {processor.py:830} INFO - Processing file /opt/airflow/dags/dag_03_bronze_to_silver.py for tasks to queue
[2026-05-23T14:26:41.375+0000] {logging_mixin.py:188} INFO - [2026-05-23T14:26:41.374+0000] {dagbag.py:545} INFO - Filling up the DagBag from /opt/airflow/dags/dag_03_bronze_to_silver.py
[2026-05-23T14:26:41.393+0000] {processor.py:840} INFO - DAG(s) '03_bronze_to_silver_transformation' retrieved from /opt/airflow/dags/dag_03_bronze_to_silver.py
[2026-05-23T14:26:41.421+0000] {logging_mixin.py:188} INFO - [2026-05-23T14:26:41.421+0000] {dag.py:3096} INFO - Sync 1 DAGs
[2026-05-23T14:26:41.443+0000] {logging_mixin.py:188} INFO - [2026-05-23T14:26:41.443+0000] {dag.py:3954} INFO - Setting next_dagrun for 03_bronze_to_silver_transformation to 2026-05-23 14:00:00+00:00, run_after=2026-05-23 15:00:00+00:00
[2026-05-23T14:26:41.468+0000] {processor.py:183} INFO - Processing /opt/airflow/dags/dag_03_bronze_to_silver.py took 0.105 seconds
[2026-05-23T14:27:11.956+0000] {processor.py:161} INFO - Started process (PID=1752) to work on /opt/airflow/dags/dag_03_bronze_to_silver.py
[2026-05-23T14:27:11.958+0000] {processor.py:830} INFO - Processing file /opt/airflow/dags/dag_03_bronze_to_silver.py for tasks to queue
[2026-05-23T14:27:11.961+0000] {logging_mixin.py:188} INFO - [2026-05-23T14:27:11.961+0000] {dagbag.py:545} INFO - Filling up the DagBag from /opt/airflow/dags/dag_03_bronze_to_silver.py
[2026-05-23T14:27:12.002+0000] {processor.py:840} INFO - DAG(s) '03_bronze_to_silver_transformation' retrieved from /opt/airflow/dags/dag_03_bronze_to_silver.py
[2026-05-23T14:27:12.050+0000] {logging_mixin.py:188} INFO - [2026-05-23T14:27:12.050+0000] {dag.py:3096} INFO - Sync 1 DAGs
[2026-05-23T14:27:12.087+0000] {logging_mixin.py:188} INFO - [2026-05-23T14:27:12.086+0000] {dag.py:3954} INFO - Setting next_dagrun for 03_bronze_to_silver_transformation to 2026-05-23 14:00:00+00:00, run_after=2026-05-23 15:00:00+00:00
[2026-05-23T14:27:12.127+0000] {processor.py:183} INFO - Processing /opt/airflow/dags/dag_03_bronze_to_silver.py took 0.190 seconds
[2026-05-23T14:27:42.661+0000] {processor.py:161} INFO - Started process (PID=1901) to work on /opt/airflow/dags/dag_03_bronze_to_silver.py
[2026-05-23T14:27:42.662+0000] {processor.py:830} INFO - Processing file /opt/airflow/dags/dag_03_bronze_to_silver.py for tasks to queue
[2026-05-23T14:27:42.664+0000] {logging_mixin.py:188} INFO - [2026-05-23T14:27:42.664+0000] {dagbag.py:545} INFO - Filling up the DagBag from /opt/airflow/dags/dag_03_bronze_to_silver.py
[2026-05-23T14:27:42.687+0000] {processor.py:840} INFO - DAG(s) '03_bronze_to_silver_transformation' retrieved from /opt/airflow/dags/dag_03_bronze_to_silver.py
[2026-05-23T14:27:42.718+0000] {logging_mixin.py:188} INFO - [2026-05-23T14:27:42.718+0000] {dag.py:3096} INFO - Sync 1 DAGs
[2026-05-23T14:27:42.741+0000] {logging_mixin.py:188} INFO - [2026-05-23T14:27:42.741+0000] {dag.py:3954} INFO - Setting next_dagrun for 03_bronze_to_silver_transformation to 2026-05-23 14:00:00+00:00, run_after=2026-05-23 15:00:00+00:00
[2026-05-23T14:27:42.759+0000] {processor.py:183} INFO - Processing /opt/airflow/dags/dag_03_bronze_to_silver.py took 0.110 seconds
[2026-05-23T14:28:13.249+0000] {processor.py:161} INFO - Started process (PID=1932) to work on /opt/airflow/dags/dag_03_bronze_to_silver.py
[2026-05-23T14:28:13.249+0000] {processor.py:830} INFO - Processing file /opt/airflow/dags/dag_03_bronze_to_silver.py for tasks to queue
[2026-05-23T14:28:13.251+0000] {logging_mixin.py:188} INFO - [2026-05-23T14:28:13.251+0000] {dagbag.py:545} INFO - Filling up the DagBag from /opt/airflow/dags/dag_03_bronze_to_silver.py
[2026-05-23T14:28:13.277+0000] {processor.py:840} INFO - DAG(s) '03_bronze_to_silver_transformation' retrieved from /opt/airflow/dags/dag_03_bronze_to_silver.py
[2026-05-23T14:28:13.310+0000] {logging_mixin.py:188} INFO - [2026-05-23T14:28:13.309+0000] {dag.py:3096} INFO - Sync 1 DAGs
[2026-05-23T14:28:13.333+0000] {logging_mixin.py:188} INFO - [2026-05-23T14:28:13.332+0000] {dag.py:3954} INFO - Setting next_dagrun for 03_bronze_to_silver_transformation to 2026-05-23 14:00:00+00:00, run_after=2026-05-23 15:00:00+00:00
[2026-05-23T14:28:13.352+0000] {processor.py:183} INFO - Processing /opt/airflow/dags/dag_03_bronze_to_silver.py took 0.114 seconds
[2026-05-23T14:28:43.917+0000] {processor.py:161} INFO - Started process (PID=2034) to work on /opt/airflow/dags/dag_03_bronze_to_silver.py
[2026-05-23T14:28:43.918+0000] {processor.py:830} INFO - Processing file /opt/airflow/dags/dag_03_bronze_to_silver.py for tasks to queue
[2026-05-23T14:28:43.920+0000] {logging_mixin.py:188} INFO - [2026-05-23T14:28:43.920+0000] {dagbag.py:545} INFO - Filling up the DagBag from /opt/airflow/dags/dag_03_bronze_to_silver.py
[2026-05-23T14:28:43.953+0000] {processor.py:840} INFO - DAG(s) '03_bronze_to_silver_transformation' retrieved from /opt/airflow/dags/dag_03_bronze_to_silver.py
[2026-05-23T14:28:44.025+0000] {logging_mixin.py:188} INFO - [2026-05-23T14:28:44.024+0000] {dag.py:3096} INFO - Sync 1 DAGs
[2026-05-23T14:28:44.060+0000] {logging_mixin.py:188} INFO - [2026-05-23T14:28:44.060+0000] {dag.py:3954} INFO - Setting next_dagrun for 03_bronze_to_silver_transformation to 2026-05-23 14:00:00+00:00, run_after=2026-05-23 15:00:00+00:00
[2026-05-23T14:28:44.090+0000] {processor.py:183} INFO - Processing /opt/airflow/dags/dag_03_bronze_to_silver.py took 0.190 seconds
[2026-05-23T14:29:14.364+0000] {processor.py:161} INFO - Started process (PID=2109) to work on /opt/airflow/dags/dag_03_bronze_to_silver.py
[2026-05-23T14:29:14.365+0000] {processor.py:830} INFO - Processing file /opt/airflow/dags/dag_03_bronze_to_silver.py for tasks to queue
[2026-05-23T14:29:14.367+0000] {logging_mixin.py:188} INFO - [2026-05-23T14:29:14.367+0000] {dagbag.py:545} INFO - Filling up the DagBag from /opt/airflow/dags/dag_03_bronze_to_silver.py
[2026-05-23T14:29:14.387+0000] {processor.py:840} INFO - DAG(s) '03_bronze_to_silver_transformation' retrieved from /opt/airflow/dags/dag_03_bronze_to_silver.py
[2026-05-23T14:29:14.417+0000] {logging_mixin.py:188} INFO - [2026-05-23T14:29:14.417+0000] {dag.py:3096} INFO - Sync 1 DAGs
[2026-05-23T14:29:14.437+0000] {logging_mixin.py:188} INFO - [2026-05-23T14:29:14.437+0000] {dag.py:3954} INFO - Setting next_dagrun for 03_bronze_to_silver_transformation to 2026-05-23 14:00:00+00:00, run_after=2026-05-23 15:00:00+00:00
[2026-05-23T14:29:14.455+0000] {processor.py:183} INFO - Processing /opt/airflow/dags/dag_03_bronze_to_silver.py took 0.100 seconds
[2026-05-23T14:29:44.933+0000] {processor.py:161} INFO - Started process (PID=2140) to work on /opt/airflow/dags/dag_03_bronze_to_silver.py
[2026-05-23T14:29:44.934+0000] {processor.py:830} INFO - Processing file /opt/airflow/dags/dag_03_bronze_to_silver.py for tasks to queue
[2026-05-23T14:29:44.936+0000] {logging_mixin.py:188} INFO - [2026-05-23T14:29:44.935+0000] {dagbag.py:545} INFO - Filling up the DagBag from /opt/airflow/dags/dag_03_bronze_to_silver.py
[2026-05-23T14:29:44.959+0000] {processor.py:840} INFO - DAG(s) '03_bronze_to_silver_transformation' retrieved from /opt/airflow/dags/dag_03_bronze_to_silver.py
[2026-05-23T14:29:44.994+0000] {logging_mixin.py:188} INFO - [2026-05-23T14:29:44.994+0000] {dag.py:3096} INFO - Sync 1 DAGs
[2026-05-23T14:29:45.020+0000] {logging_mixin.py:188} INFO - [2026-05-23T14:29:45.020+0000] {dag.py:3954} INFO - Setting next_dagrun for 03_bronze_to_silver_transformation to 2026-05-23 14:00:00+00:00, run_after=2026-05-23 15:00:00+00:00
[2026-05-23T14:29:45.040+0000] {processor.py:183} INFO - Processing /opt/airflow/dags/dag_03_bronze_to_silver.py took 0.118 seconds
[2026-05-23T14:30:15.576+0000] {processor.py:161} INFO - Started process (PID=2408) to work on /opt/airflow/dags/dag_03_bronze_to_silver.py
[2026-05-23T14:30:15.577+0000] {processor.py:830} INFO - Processing file /opt/airflow/dags/dag_03_bronze_to_silver.py for tasks to queue
[2026-05-23T14:30:15.579+0000] {logging_mixin.py:188} INFO - [2026-05-23T14:30:15.579+0000] {dagbag.py:545} INFO - Filling up the DagBag from /opt/airflow/dags/dag_03_bronze_to_silver.py
[2026-05-23T14:30:15.600+0000] {processor.py:840} INFO - DAG(s) '03_bronze_to_silver_transformation' retrieved from /opt/airflow/dags/dag_03_bronze_to_silver.py
[2026-05-23T14:30:15.631+0000] {logging_mixin.py:188} INFO - [2026-05-23T14:30:15.630+0000] {dag.py:3096} INFO - Sync 1 DAGs
[2026-05-23T14:30:15.652+0000] {logging_mixin.py:188} INFO - [2026-05-23T14:30:15.651+0000] {dag.py:3954} INFO - Setting next_dagrun for 03_bronze_to_silver_transformation to 2026-05-23 14:00:00+00:00, run_after=2026-05-23 15:00:00+00:00
[2026-05-23T14:30:15.671+0000] {processor.py:183} INFO - Processing /opt/airflow/dags/dag_03_bronze_to_silver.py took 0.106 seconds
[2026-05-23T14:30:46.273+0000] {processor.py:161} INFO - Started process (PID=2439) to work on /opt/airflow/dags/dag_03_bronze_to_silver.py
[2026-05-23T14:30:46.277+0000] {processor.py:830} INFO - Processing file /opt/airflow/dags/dag_03_bronze_to_silver.py for tasks to queue
[2026-05-23T14:30:46.282+0000] {logging_mixin.py:188} INFO - [2026-05-23T14:30:46.281+0000] {dagbag.py:545} INFO - Filling up the DagBag from /opt/airflow/dags/dag_03_bronze_to_silver.py
[2026-05-23T14:30:46.347+0000] {processor.py:840} INFO - DAG(s) '03_bronze_to_silver_transformation' retrieved from /opt/airflow/dags/dag_03_bronze_to_silver.py
[2026-05-23T14:30:46.471+0000] {logging_mixin.py:188} INFO - [2026-05-23T14:30:46.471+0000] {dag.py:3096} INFO - Sync 1 DAGs
[2026-05-23T14:30:46.566+0000] {logging_mixin.py:188} INFO - [2026-05-23T14:30:46.566+0000] {dag.py:3954} INFO - Setting next_dagrun for 03_bronze_to_silver_transformation to 2026-05-23 14:00:00+00:00, run_after=2026-05-23 15:00:00+00:00
[2026-05-23T14:30:46.622+0000] {processor.py:183} INFO - Processing /opt/airflow/dags/dag_03_bronze_to_silver.py took 0.395 seconds
[2026-05-23T14:31:17.074+0000] {processor.py:161} INFO - Started process (PID=2489) to work on /opt/airflow/dags/dag_03_bronze_to_silver.py
[2026-05-23T14:31:17.075+0000] {processor.py:830} INFO - Processing file /opt/airflow/dags/dag_03_bronze_to_silver.py for tasks to queue
[2026-05-23T14:31:17.077+0000] {logging_mixin.py:188} INFO - [2026-05-23T14:31:17.077+0000] {dagbag.py:545} INFO - Filling up the DagBag from /opt/airflow/dags/dag_03_bronze_to_silver.py
[2026-05-23T14:31:17.099+0000] {processor.py:840} INFO - DAG(s) '03_bronze_to_silver_transformation' retrieved from /opt/airflow/dags/dag_03_bronze_to_silver.py
[2026-05-23T14:31:17.135+0000] {logging_mixin.py:188} INFO - [2026-05-23T14:31:17.134+0000] {dag.py:3096} INFO - Sync 1 DAGs
[2026-05-23T14:31:17.160+0000] {logging_mixin.py:188} INFO - [2026-05-23T14:31:17.159+0000] {dag.py:3954} INFO - Setting next_dagrun for 03_bronze_to_silver_transformation to 2026-05-23 14:00:00+00:00, run_after=2026-05-23 15:00:00+00:00
[2026-05-23T14:31:17.182+0000] {processor.py:183} INFO - Processing /opt/airflow/dags/dag_03_bronze_to_silver.py took 0.122 seconds
[2026-05-23T14:31:47.735+0000] {processor.py:161} INFO - Started process (PID=2777) to work on /opt/airflow/dags/dag_03_bronze_to_silver.py
[2026-05-23T14:31:47.736+0000] {processor.py:830} INFO - Processing file /opt/airflow/dags/dag_03_bronze_to_silver.py for tasks to queue
[2026-05-23T14:31:47.738+0000] {logging_mixin.py:188} INFO - [2026-05-23T14:31:47.738+0000] {dagbag.py:545} INFO - Filling up the DagBag from /opt/airflow/dags/dag_03_bronze_to_silver.py
[2026-05-23T14:31:47.761+0000] {processor.py:840} INFO - DAG(s) '03_bronze_to_silver_transformation' retrieved from /opt/airflow/dags/dag_03_bronze_to_silver.py
[2026-05-23T14:31:47.792+0000] {logging_mixin.py:188} INFO - [2026-05-23T14:31:47.792+0000] {dag.py:3096} INFO - Sync 1 DAGs
[2026-05-23T14:31:47.815+0000] {logging_mixin.py:188} INFO - [2026-05-23T14:31:47.815+0000] {dag.py:3954} INFO - Setting next_dagrun for 03_bronze_to_silver_transformation to 2026-05-23 14:00:00+00:00, run_after=2026-05-23 15:00:00+00:00
[2026-05-23T14:31:47.833+0000] {processor.py:183} INFO - Processing /opt/airflow/dags/dag_03_bronze_to_silver.py took 0.109 seconds
[2026-05-23T14:32:18.190+0000] {processor.py:161} INFO - Started process (PID=2864) to work on /opt/airflow/dags/dag_03_bronze_to_silver.py
[2026-05-23T14:32:18.191+0000] {processor.py:830} INFO - Processing file /opt/airflow/dags/dag_03_bronze_to_silver.py for tasks to queue
[2026-05-23T14:32:18.192+0000] {logging_mixin.py:188} INFO - [2026-05-23T14:32:18.192+0000] {dagbag.py:545} INFO - Filling up the DagBag from /opt/airflow/dags/dag_03_bronze_to_silver.py
[2026-05-23T14:32:18.212+0000] {processor.py:840} INFO - DAG(s) '03_bronze_to_silver_transformation' retrieved from /opt/airflow/dags/dag_03_bronze_to_silver.py
[2026-05-23T14:32:18.242+0000] {logging_mixin.py:188} INFO - [2026-05-23T14:32:18.241+0000] {dag.py:3096} INFO - Sync 1 DAGs
[2026-05-23T14:32:18.261+0000] {logging_mixin.py:188} INFO - [2026-05-23T14:32:18.261+0000] {dag.py:3954} INFO - Setting next_dagrun for 03_bronze_to_silver_transformation to 2026-05-23 14:00:00+00:00, run_after=2026-05-23 15:00:00+00:00
[2026-05-23T14:32:18.276+0000] {processor.py:183} INFO - Processing /opt/airflow/dags/dag_03_bronze_to_silver.py took 0.096 seconds
[2026-05-23T14:32:48.817+0000] {processor.py:161} INFO - Started process (PID=2948) to work on /opt/airflow/dags/dag_03_bronze_to_silver.py
[2026-05-23T14:32:48.819+0000] {processor.py:830} INFO - Processing file /opt/airflow/dags/dag_03_bronze_to_silver.py for tasks to queue
[2026-05-23T14:32:48.821+0000] {logging_mixin.py:188} INFO - [2026-05-23T14:32:48.821+0000] {dagbag.py:545} INFO - Filling up the DagBag from /opt/airflow/dags/dag_03_bronze_to_silver.py
[2026-05-23T14:32:48.853+0000] {processor.py:840} INFO - DAG(s) '03_bronze_to_silver_transformation' retrieved from /opt/airflow/dags/dag_03_bronze_to_silver.py
[2026-05-23T14:32:48.893+0000] {logging_mixin.py:188} INFO - [2026-05-23T14:32:48.893+0000] {dag.py:3096} INFO - Sync 1 DAGs
[2026-05-23T14:32:48.929+0000] {logging_mixin.py:188} INFO - [2026-05-23T14:32:48.928+0000] {dag.py:3954} INFO - Setting next_dagrun for 03_bronze_to_silver_transformation to 2026-05-23 14:00:00+00:00, run_after=2026-05-23 15:00:00+00:00
[2026-05-23T14:32:48.955+0000] {processor.py:183} INFO - Processing /opt/airflow/dags/dag_03_bronze_to_silver.py took 0.156 seconds
[2026-05-23T14:33:19.564+0000] {processor.py:161} INFO - Started process (PID=3151) to work on /opt/airflow/dags/dag_03_bronze_to_silver.py
[2026-05-23T14:33:19.565+0000] {processor.py:830} INFO - Processing file /opt/airflow/dags/dag_03_bronze_to_silver.py for tasks to queue
[2026-05-23T14:33:19.567+0000] {logging_mixin.py:188} INFO - [2026-05-23T14:33:19.567+0000] {dagbag.py:545} INFO - Filling up the DagBag from /opt/airflow/dags/dag_03_bronze_to_silver.py
[2026-05-23T14:33:19.595+0000] {processor.py:840} INFO - DAG(s) '03_bronze_to_silver_transformation' retrieved from /opt/airflow/dags/dag_03_bronze_to_silver.py
[2026-05-23T14:33:19.636+0000] {logging_mixin.py:188} INFO - [2026-05-23T14:33:19.635+0000] {dag.py:3096} INFO - Sync 1 DAGs
[2026-05-23T14:33:19.666+0000] {logging_mixin.py:188} INFO - [2026-05-23T14:33:19.666+0000] {dag.py:3954} INFO - Setting next_dagrun for 03_bronze_to_silver_transformation to 2026-05-23 14:00:00+00:00, run_after=2026-05-23 15:00:00+00:00
[2026-05-23T14:33:19.690+0000] {processor.py:183} INFO - Processing /opt/airflow/dags/dag_03_bronze_to_silver.py took 0.141 seconds
[2026-05-23T14:33:50.326+0000] {processor.py:161} INFO - Started process (PID=3199) to work on /opt/airflow/dags/dag_03_bronze_to_silver.py
[2026-05-23T14:33:50.327+0000] {processor.py:830} INFO - Processing file /opt/airflow/dags/dag_03_bronze_to_silver.py for tasks to queue
[2026-05-23T14:33:50.330+0000] {logging_mixin.py:188} INFO - [2026-05-23T14:33:50.330+0000] {dagbag.py:545} INFO - Filling up the DagBag from /opt/airflow/dags/dag_03_bronze_to_silver.py
[2026-05-23T14:33:50.360+0000] {processor.py:840} INFO - DAG(s) '03_bronze_to_silver_transformation' retrieved from /opt/airflow/dags/dag_03_bronze_to_silver.py
[2026-05-23T14:33:50.405+0000] {logging_mixin.py:188} INFO - [2026-05-23T14:33:50.405+0000] {dag.py:3096} INFO - Sync 1 DAGs
[2026-05-23T14:33:50.436+0000] {logging_mixin.py:188} INFO - [2026-05-23T14:33:50.436+0000] {dag.py:3954} INFO - Setting next_dagrun for 03_bronze_to_silver_transformation to 2026-05-23 14:00:00+00:00, run_after=2026-05-23 15:00:00+00:00
[2026-05-23T14:33:50.463+0000] {processor.py:183} INFO - Processing /opt/airflow/dags/dag_03_bronze_to_silver.py took 0.151 seconds
[2026-05-23T14:34:20.957+0000] {processor.py:161} INFO - Started process (PID=3230) to work on /opt/airflow/dags/dag_03_bronze_to_silver.py
[2026-05-23T14:34:20.957+0000] {processor.py:830} INFO - Processing file /opt/airflow/dags/dag_03_bronze_to_silver.py for tasks to queue
[2026-05-23T14:34:20.959+0000] {logging_mixin.py:188} INFO - [2026-05-23T14:34:20.959+0000] {dagbag.py:545} INFO - Filling up the DagBag from /opt/airflow/dags/dag_03_bronze_to_silver.py
[2026-05-23T14:34:20.979+0000] {processor.py:840} INFO - DAG(s) '03_bronze_to_silver_transformation' retrieved from /opt/airflow/dags/dag_03_bronze_to_silver.py
[2026-05-23T14:34:21.006+0000] {logging_mixin.py:188} INFO - [2026-05-23T14:34:21.006+0000] {dag.py:3096} INFO - Sync 1 DAGs
[2026-05-23T14:34:21.025+0000] {logging_mixin.py:188} INFO - [2026-05-23T14:34:21.025+0000] {dag.py:3954} INFO - Setting next_dagrun for 03_bronze_to_silver_transformation to 2026-05-23 14:00:00+00:00, run_after=2026-05-23 15:00:00+00:00
[2026-05-23T14:34:21.040+0000] {processor.py:183} INFO - Processing /opt/airflow/dags/dag_03_bronze_to_silver.py took 0.093 seconds
[2026-05-23T14:34:51.461+0000] {processor.py:161} INFO - Started process (PID=3382) to work on /opt/airflow/dags/dag_03_bronze_to_silver.py
[2026-05-23T14:34:51.462+0000] {processor.py:830} INFO - Processing file /opt/airflow/dags/dag_03_bronze_to_silver.py for tasks to queue
[2026-05-23T14:34:51.463+0000] {logging_mixin.py:188} INFO - [2026-05-23T14:34:51.463+0000] {dagbag.py:545} INFO - Filling up the DagBag from /opt/airflow/dags/dag_03_bronze_to_silver.py
[2026-05-23T14:34:51.483+0000] {processor.py:840} INFO - DAG(s) '03_bronze_to_silver_transformation' retrieved from /opt/airflow/dags/dag_03_bronze_to_silver.py
[2026-05-23T14:34:51.510+0000] {logging_mixin.py:188} INFO - [2026-05-23T14:34:51.510+0000] {dag.py:3096} INFO - Sync 1 DAGs
[2026-05-23T14:34:51.530+0000] {logging_mixin.py:188} INFO - [2026-05-23T14:34:51.530+0000] {dag.py:3954} INFO - Setting next_dagrun for 03_bronze_to_silver_transformation to 2026-05-23 14:00:00+00:00, run_after=2026-05-23 15:00:00+00:00
[2026-05-23T14:34:51.553+0000] {processor.py:183} INFO - Processing /opt/airflow/dags/dag_03_bronze_to_silver.py took 0.102 seconds
[2026-05-23T14:35:21.981+0000] {processor.py:161} INFO - Started process (PID=3530) to work on /opt/airflow/dags/dag_03_bronze_to_silver.py
[2026-05-23T14:35:21.983+0000] {processor.py:830} INFO - Processing file /opt/airflow/dags/dag_03_bronze_to_silver.py for tasks to queue
[2026-05-23T14:35:21.985+0000] {logging_mixin.py:188} INFO - [2026-05-23T14:35:21.984+0000] {dagbag.py:545} INFO - Filling up the DagBag from /opt/airflow/dags/dag_03_bronze_to_silver.py
[2026-05-23T14:35:22.011+0000] {processor.py:840} INFO - DAG(s) '03_bronze_to_silver_transformation' retrieved from /opt/airflow/dags/dag_03_bronze_to_silver.py
[2026-05-23T14:35:22.046+0000] {logging_mixin.py:188} INFO - [2026-05-23T14:35:22.046+0000] {dag.py:3096} INFO - Sync 1 DAGs
[2026-05-23T14:35:22.068+0000] {logging_mixin.py:188} INFO - [2026-05-23T14:35:22.068+0000] {dag.py:3954} INFO - Setting next_dagrun for 03_bronze_to_silver_transformation to 2026-05-23 14:00:00+00:00, run_after=2026-05-23 15:00:00+00:00
[2026-05-23T14:35:22.085+0000] {processor.py:183} INFO - Processing /opt/airflow/dags/dag_03_bronze_to_silver.py took 0.119 seconds
[2026-05-23T14:35:52.612+0000] {processor.py:161} INFO - Started process (PID=3631) to work on /opt/airflow/dags/dag_03_bronze_to_silver.py
[2026-05-23T14:35:52.613+0000] {processor.py:830} INFO - Processing file /opt/airflow/dags/dag_03_bronze_to_silver.py for tasks to queue
[2026-05-23T14:35:52.615+0000] {logging_mixin.py:188} INFO - [2026-05-23T14:35:52.614+0000] {dagbag.py:545} INFO - Filling up the DagBag from /opt/airflow/dags/dag_03_bronze_to_silver.py
[2026-05-23T14:35:52.634+0000] {processor.py:840} INFO - DAG(s) '03_bronze_to_silver_transformation' retrieved from /opt/airflow/dags/dag_03_bronze_to_silver.py
[2026-05-23T14:35:52.667+0000] {logging_mixin.py:188} INFO - [2026-05-23T14:35:52.666+0000] {dag.py:3096} INFO - Sync 1 DAGs
[2026-05-23T14:35:52.692+0000] {logging_mixin.py:188} INFO - [2026-05-23T14:35:52.691+0000] {dag.py:3954} INFO - Setting next_dagrun for 03_bronze_to_silver_transformation to 2026-05-23 14:00:00+00:00, run_after=2026-05-23 15:00:00+00:00
[2026-05-23T14:35:52.712+0000] {processor.py:183} INFO - Processing /opt/airflow/dags/dag_03_bronze_to_silver.py took 0.112 seconds
[2026-05-23T14:36:23.160+0000] {processor.py:161} INFO - Started process (PID=3713) to work on /opt/airflow/dags/dag_03_bronze_to_silver.py
[2026-05-23T14:36:23.161+0000] {processor.py:830} INFO - Processing file /opt/airflow/dags/dag_03_bronze_to_silver.py for tasks to queue
[2026-05-23T14:36:23.162+0000] {logging_mixin.py:188} INFO - [2026-05-23T14:36:23.162+0000] {dagbag.py:545} INFO - Filling up the DagBag from /opt/airflow/dags/dag_03_bronze_to_silver.py
[2026-05-23T14:36:23.182+0000] {processor.py:840} INFO - DAG(s) '03_bronze_to_silver_transformation' retrieved from /opt/airflow/dags/dag_03_bronze_to_silver.py
[2026-05-23T14:36:23.211+0000] {logging_mixin.py:188} INFO - [2026-05-23T14:36:23.210+0000] {dag.py:3096} INFO - Sync 1 DAGs
[2026-05-23T14:36:23.233+0000] {logging_mixin.py:188} INFO - [2026-05-23T14:36:23.233+0000] {dag.py:3954} INFO - Setting next_dagrun for 03_bronze_to_silver_transformation to 2026-05-23 14:00:00+00:00, run_after=2026-05-23 15:00:00+00:00
[2026-05-23T14:36:23.259+0000] {processor.py:183} INFO - Processing /opt/airflow/dags/dag_03_bronze_to_silver.py took 0.108 seconds
[2026-05-23T14:36:53.756+0000] {processor.py:161} INFO - Started process (PID=3744) to work on /opt/airflow/dags/dag_03_bronze_to_silver.py
[2026-05-23T14:36:53.757+0000] {processor.py:830} INFO - Processing file /opt/airflow/dags/dag_03_bronze_to_silver.py for tasks to queue
[2026-05-23T14:36:53.759+0000] {logging_mixin.py:188} INFO - [2026-05-23T14:36:53.759+0000] {dagbag.py:545} INFO - Filling up the DagBag from /opt/airflow/dags/dag_03_bronze_to_silver.py
[2026-05-23T14:36:53.780+0000] {processor.py:840} INFO - DAG(s) '03_bronze_to_silver_transformation' retrieved from /opt/airflow/dags/dag_03_bronze_to_silver.py
[2026-05-23T14:36:53.811+0000] {logging_mixin.py:188} INFO - [2026-05-23T14:36:53.811+0000] {dag.py:3096} INFO - Sync 1 DAGs
[2026-05-23T14:36:53.834+0000] {logging_mixin.py:188} INFO - [2026-05-23T14:36:53.834+0000] {dag.py:3954} INFO - Setting next_dagrun for 03_bronze_to_silver_transformation to 2026-05-23 14:00:00+00:00, run_after=2026-05-23 15:00:00+00:00
[2026-05-23T14:36:53.860+0000] {processor.py:183} INFO - Processing /opt/airflow/dags/dag_03_bronze_to_silver.py took 0.112 seconds
[2026-05-23T14:37:24.360+0000] {processor.py:161} INFO - Started process (PID=3935) to work on /opt/airflow/dags/dag_03_bronze_to_silver.py
[2026-05-23T14:37:24.361+0000] {processor.py:830} INFO - Processing file /opt/airflow/dags/dag_03_bronze_to_silver.py for tasks to queue
[2026-05-23T14:37:24.363+0000] {logging_mixin.py:188} INFO - [2026-05-23T14:37:24.363+0000] {dagbag.py:545} INFO - Filling up the DagBag from /opt/airflow/dags/dag_03_bronze_to_silver.py
[2026-05-23T14:37:24.382+0000] {processor.py:840} INFO - DAG(s) '03_bronze_to_silver_transformation' retrieved from /opt/airflow/dags/dag_03_bronze_to_silver.py
[2026-05-23T14:37:24.411+0000] {logging_mixin.py:188} INFO - [2026-05-23T14:37:24.411+0000] {dag.py:3096} INFO - Sync 1 DAGs
[2026-05-23T14:37:24.430+0000] {logging_mixin.py:188} INFO - [2026-05-23T14:37:24.430+0000] {dag.py:3954} INFO - Setting next_dagrun for 03_bronze_to_silver_transformation to 2026-05-23 14:00:00+00:00, run_after=2026-05-23 15:00:00+00:00
[2026-05-23T14:37:24.447+0000] {processor.py:183} INFO - Processing /opt/airflow/dags/dag_03_bronze_to_silver.py took 0.097 seconds
[2026-05-23T14:37:55.029+0000] {processor.py:161} INFO - Started process (PID=4148) to work on /opt/airflow/dags/dag_03_bronze_to_silver.py
[2026-05-23T14:37:55.031+0000] {processor.py:830} INFO - Processing file /opt/airflow/dags/dag_03_bronze_to_silver.py for tasks to queue
[2026-05-23T14:37:55.036+0000] {logging_mixin.py:188} INFO - [2026-05-23T14:37:55.035+0000] {dagbag.py:545} INFO - Filling up the DagBag from /opt/airflow/dags/dag_03_bronze_to_silver.py
[2026-05-23T14:37:55.081+0000] {processor.py:840} INFO - DAG(s) '03_bronze_to_silver_transformation' retrieved from /opt/airflow/dags/dag_03_bronze_to_silver.py
[2026-05-23T14:37:55.141+0000] {logging_mixin.py:188} INFO - [2026-05-23T14:37:55.140+0000] {dag.py:3096} INFO - Sync 1 DAGs
[2026-05-23T14:37:55.183+0000] {logging_mixin.py:188} INFO - [2026-05-23T14:37:55.182+0000] {dag.py:3954} INFO - Setting next_dagrun for 03_bronze_to_silver_transformation to 2026-05-23 14:00:00+00:00, run_after=2026-05-23 15:00:00+00:00
[2026-05-23T14:37:55.215+0000] {processor.py:183} INFO - Processing /opt/airflow/dags/dag_03_bronze_to_silver.py took 0.207 seconds
[2026-05-23T14:38:25.757+0000] {processor.py:161} INFO - Started process (PID=4639) to work on /opt/airflow/dags/dag_03_bronze_to_silver.py
[2026-05-23T14:38:25.758+0000] {processor.py:830} INFO - Processing file /opt/airflow/dags/dag_03_bronze_to_silver.py for tasks to queue
[2026-05-23T14:38:25.760+0000] {logging_mixin.py:188} INFO - [2026-05-23T14:38:25.759+0000] {dagbag.py:545} INFO - Filling up the DagBag from /opt/airflow/dags/dag_03_bronze_to_silver.py
[2026-05-23T14:38:25.779+0000] {processor.py:840} INFO - DAG(s) '03_bronze_to_silver_transformation' retrieved from /opt/airflow/dags/dag_03_bronze_to_silver.py
[2026-05-23T14:38:25.807+0000] {logging_mixin.py:188} INFO - [2026-05-23T14:38:25.807+0000] {dag.py:3096} INFO - Sync 1 DAGs
[2026-05-23T14:38:25.826+0000] {logging_mixin.py:188} INFO - [2026-05-23T14:38:25.826+0000] {dag.py:3954} INFO - Setting next_dagrun for 03_bronze_to_silver_transformation to 2026-05-23 14:00:00+00:00, run_after=2026-05-23 15:00:00+00:00
[2026-05-23T14:38:25.841+0000] {processor.py:183} INFO - Processing /opt/airflow/dags/dag_03_bronze_to_silver.py took 0.095 seconds
[2026-05-23T14:38:56.389+0000] {processor.py:161} INFO - Started process (PID=4772) to work on /opt/airflow/dags/dag_03_bronze_to_silver.py
[2026-05-23T14:38:56.390+0000] {processor.py:830} INFO - Processing file /opt/airflow/dags/dag_03_bronze_to_silver.py for tasks to queue
[2026-05-23T14:38:56.391+0000] {logging_mixin.py:188} INFO - [2026-05-23T14:38:56.391+0000] {dagbag.py:545} INFO - Filling up the DagBag from /opt/airflow/dags/dag_03_bronze_to_silver.py
[2026-05-23T14:38:56.409+0000] {processor.py:840} INFO - DAG(s) '03_bronze_to_silver_transformation' retrieved from /opt/airflow/dags/dag_03_bronze_to_silver.py
[2026-05-23T14:38:56.436+0000] {logging_mixin.py:188} INFO - [2026-05-23T14:38:56.436+0000] {dag.py:3096} INFO - Sync 1 DAGs
[2026-05-23T14:38:56.455+0000] {logging_mixin.py:188} INFO - [2026-05-23T14:38:56.455+0000] {dag.py:3954} INFO - Setting next_dagrun for 03_bronze_to_silver_transformation to 2026-05-23 14:00:00+00:00, run_after=2026-05-23 15:00:00+00:00
[2026-05-23T14:38:56.478+0000] {processor.py:183} INFO - Processing /opt/airflow/dags/dag_03_bronze_to_silver.py took 0.098 seconds
[2026-05-23T14:39:26.943+0000] {processor.py:161} INFO - Started process (PID=4803) to work on /opt/airflow/dags/dag_03_bronze_to_silver.py
[2026-05-23T14:39:26.944+0000] {processor.py:830} INFO - Processing file /opt/airflow/dags/dag_03_bronze_to_silver.py for tasks to queue
[2026-05-23T14:39:26.946+0000] {logging_mixin.py:188} INFO - [2026-05-23T14:39:26.945+0000] {dagbag.py:545} INFO - Filling up the DagBag from /opt/airflow/dags/dag_03_bronze_to_silver.py
[2026-05-23T14:39:26.966+0000] {processor.py:840} INFO - DAG(s) '03_bronze_to_silver_transformation' retrieved from /opt/airflow/dags/dag_03_bronze_to_silver.py
[2026-05-23T14:39:26.994+0000] {logging_mixin.py:188} INFO - [2026-05-23T14:39:26.994+0000] {dag.py:3096} INFO - Sync 1 DAGs
[2026-05-23T14:39:27.014+0000] {logging_mixin.py:188} INFO - [2026-05-23T14:39:27.014+0000] {dag.py:3954} INFO - Setting next_dagrun for 03_bronze_to_silver_transformation to 2026-05-23 14:00:00+00:00, run_after=2026-05-23 15:00:00+00:00
[2026-05-23T14:39:27.029+0000] {processor.py:183} INFO - Processing /opt/airflow/dags/dag_03_bronze_to_silver.py took 0.096 seconds
[2026-05-23T14:39:57.472+0000] {processor.py:161} INFO - Started process (PID=4955) to work on /opt/airflow/dags/dag_03_bronze_to_silver.py
[2026-05-23T14:39:57.473+0000] {processor.py:830} INFO - Processing file /opt/airflow/dags/dag_03_bronze_to_silver.py for tasks to queue
[2026-05-23T14:39:57.475+0000] {logging_mixin.py:188} INFO - [2026-05-23T14:39:57.475+0000] {dagbag.py:545} INFO - Filling up the DagBag from /opt/airflow/dags/dag_03_bronze_to_silver.py
[2026-05-23T14:39:57.496+0000] {processor.py:840} INFO - DAG(s) '03_bronze_to_silver_transformation' retrieved from /opt/airflow/dags/dag_03_bronze_to_silver.py
[2026-05-23T14:39:57.526+0000] {logging_mixin.py:188} INFO - [2026-05-23T14:39:57.526+0000] {dag.py:3096} INFO - Sync 1 DAGs
[2026-05-23T14:39:57.549+0000] {logging_mixin.py:188} INFO - [2026-05-23T14:39:57.548+0000] {dag.py:3954} INFO - Setting next_dagrun for 03_bronze_to_silver_transformation to 2026-05-23 14:00:00+00:00, run_after=2026-05-23 15:00:00+00:00
[2026-05-23T14:39:57.572+0000] {processor.py:183} INFO - Processing /opt/airflow/dags/dag_03_bronze_to_silver.py took 0.111 seconds
[2026-05-23T14:40:28.004+0000] {processor.py:161} INFO - Started process (PID=5107) to work on /opt/airflow/dags/dag_03_bronze_to_silver.py
[2026-05-23T14:40:28.005+0000] {processor.py:830} INFO - Processing file /opt/airflow/dags/dag_03_bronze_to_silver.py for tasks to queue
[2026-05-23T14:40:28.007+0000] {logging_mixin.py:188} INFO - [2026-05-23T14:40:28.007+0000] {dagbag.py:545} INFO - Filling up the DagBag from /opt/airflow/dags/dag_03_bronze_to_silver.py
[2026-05-23T14:40:28.025+0000] {processor.py:840} INFO - DAG(s) '03_bronze_to_silver_transformation' retrieved from /opt/airflow/dags/dag_03_bronze_to_silver.py
[2026-05-23T14:40:28.055+0000] {logging_mixin.py:188} INFO - [2026-05-23T14:40:28.055+0000] {dag.py:3096} INFO - Sync 1 DAGs
[2026-05-23T14:40:28.078+0000] {logging_mixin.py:188} INFO - [2026-05-23T14:40:28.078+0000] {dag.py:3954} INFO - Setting next_dagrun for 03_bronze_to_silver_transformation to 2026-05-23 14:00:00+00:00, run_after=2026-05-23 15:00:00+00:00
[2026-05-23T14:40:28.102+0000] {processor.py:183} INFO - Processing /opt/airflow/dags/dag_03_bronze_to_silver.py took 0.107 seconds
[2026-05-23T14:40:59.002+0000] {processor.py:161} INFO - Started process (PID=5144) to work on /opt/airflow/dags/dag_03_bronze_to_silver.py
[2026-05-23T14:40:59.003+0000] {processor.py:830} INFO - Processing file /opt/airflow/dags/dag_03_bronze_to_silver.py for tasks to queue
[2026-05-23T14:40:59.005+0000] {logging_mixin.py:188} INFO - [2026-05-23T14:40:59.005+0000] {dagbag.py:545} INFO - Filling up the DagBag from /opt/airflow/dags/dag_03_bronze_to_silver.py
[2026-05-23T14:40:59.037+0000] {processor.py:840} INFO - DAG(s) '03_bronze_to_silver_transformation' retrieved from /opt/airflow/dags/dag_03_bronze_to_silver.py
[2026-05-23T14:40:59.114+0000] {logging_mixin.py:188} INFO - [2026-05-23T14:40:59.113+0000] {dag.py:3096} INFO - Sync 1 DAGs
[2026-05-23T14:40:59.185+0000] {logging_mixin.py:188} INFO - [2026-05-23T14:40:59.185+0000] {dag.py:3954} INFO - Setting next_dagrun for 03_bronze_to_silver_transformation to 2026-05-23 14:00:00+00:00, run_after=2026-05-23 15:00:00+00:00
[2026-05-23T14:40:59.245+0000] {processor.py:183} INFO - Processing /opt/airflow/dags/dag_03_bronze_to_silver.py took 0.281 seconds
[2026-05-23T14:41:30.048+0000] {processor.py:161} INFO - Started process (PID=5251) to work on /opt/airflow/dags/dag_03_bronze_to_silver.py
[2026-05-23T14:41:30.050+0000] {processor.py:830} INFO - Processing file /opt/airflow/dags/dag_03_bronze_to_silver.py for tasks to queue
[2026-05-23T14:41:30.051+0000] {logging_mixin.py:188} INFO - [2026-05-23T14:41:30.051+0000] {dagbag.py:545} INFO - Filling up the DagBag from /opt/airflow/dags/dag_03_bronze_to_silver.py
[2026-05-23T14:41:30.078+0000] {processor.py:840} INFO - DAG(s) '03_bronze_to_silver_transformation' retrieved from /opt/airflow/dags/dag_03_bronze_to_silver.py
[2026-05-23T14:41:30.110+0000] {logging_mixin.py:188} INFO - [2026-05-23T14:41:30.110+0000] {dag.py:3096} INFO - Sync 1 DAGs
[2026-05-23T14:41:30.132+0000] {logging_mixin.py:188} INFO - [2026-05-23T14:41:30.132+0000] {dag.py:3954} INFO - Setting next_dagrun for 03_bronze_to_silver_transformation to 2026-05-23 14:00:00+00:00, run_after=2026-05-23 15:00:00+00:00
[2026-05-23T14:41:30.152+0000] {processor.py:183} INFO - Processing /opt/airflow/dags/dag_03_bronze_to_silver.py took 0.114 seconds
[2026-05-23T14:42:00.635+0000] {processor.py:161} INFO - Started process (PID=5333) to work on /opt/airflow/dags/dag_03_bronze_to_silver.py
[2026-05-23T14:42:00.636+0000] {processor.py:830} INFO - Processing file /opt/airflow/dags/dag_03_bronze_to_silver.py for tasks to queue
[2026-05-23T14:42:00.638+0000] {logging_mixin.py:188} INFO - [2026-05-23T14:42:00.637+0000] {dagbag.py:545} INFO - Filling up the DagBag from /opt/airflow/dags/dag_03_bronze_to_silver.py
[2026-05-23T14:42:00.666+0000] {processor.py:840} INFO - DAG(s) '03_bronze_to_silver_transformation' retrieved from /opt/airflow/dags/dag_03_bronze_to_silver.py
[2026-05-23T14:42:00.695+0000] {logging_mixin.py:188} INFO - [2026-05-23T14:42:00.695+0000] {dag.py:3096} INFO - Sync 1 DAGs
[2026-05-23T14:42:00.716+0000] {logging_mixin.py:188} INFO - [2026-05-23T14:42:00.716+0000] {dag.py:3954} INFO - Setting next_dagrun for 03_bronze_to_silver_transformation to 2026-05-23 14:00:00+00:00, run_after=2026-05-23 15:00:00+00:00
[2026-05-23T14:42:00.744+0000] {processor.py:183} INFO - Processing /opt/airflow/dags/dag_03_bronze_to_silver.py took 0.118 seconds
[2026-05-23T14:42:31.262+0000] {processor.py:161} INFO - Started process (PID=5364) to work on /opt/airflow/dags/dag_03_bronze_to_silver.py
[2026-05-23T14:42:31.263+0000] {processor.py:830} INFO - Processing file /opt/airflow/dags/dag_03_bronze_to_silver.py for tasks to queue
[2026-05-23T14:42:31.265+0000] {logging_mixin.py:188} INFO - [2026-05-23T14:42:31.264+0000] {dagbag.py:545} INFO - Filling up the DagBag from /opt/airflow/dags/dag_03_bronze_to_silver.py
[2026-05-23T14:42:31.285+0000] {processor.py:840} INFO - DAG(s) '03_bronze_to_silver_transformation' retrieved from /opt/airflow/dags/dag_03_bronze_to_silver.py
[2026-05-23T14:42:31.321+0000] {logging_mixin.py:188} INFO - [2026-05-23T14:42:31.320+0000] {dag.py:3096} INFO - Sync 1 DAGs
[2026-05-23T14:42:31.342+0000] {logging_mixin.py:188} INFO - [2026-05-23T14:42:31.342+0000] {dag.py:3954} INFO - Setting next_dagrun for 03_bronze_to_silver_transformation to 2026-05-23 14:00:00+00:00, run_after=2026-05-23 15:00:00+00:00
[2026-05-23T14:42:31.366+0000] {processor.py:183} INFO - Processing /opt/airflow/dags/dag_03_bronze_to_silver.py took 0.114 seconds
[2026-05-23T14:43:01.836+0000] {processor.py:161} INFO - Started process (PID=5522) to work on /opt/airflow/dags/dag_03_bronze_to_silver.py
[2026-05-23T14:43:01.837+0000] {processor.py:830} INFO - Processing file /opt/airflow/dags/dag_03_bronze_to_silver.py for tasks to queue
[2026-05-23T14:43:01.839+0000] {logging_mixin.py:188} INFO - [2026-05-23T14:43:01.839+0000] {dagbag.py:545} INFO - Filling up the DagBag from /opt/airflow/dags/dag_03_bronze_to_silver.py
[2026-05-23T14:43:01.858+0000] {processor.py:840} INFO - DAG(s) '03_bronze_to_silver_transformation' retrieved from /opt/airflow/dags/dag_03_bronze_to_silver.py
[2026-05-23T14:43:01.886+0000] {logging_mixin.py:188} INFO - [2026-05-23T14:43:01.885+0000] {dag.py:3096} INFO - Sync 1 DAGs
[2026-05-23T14:43:01.908+0000] {logging_mixin.py:188} INFO - [2026-05-23T14:43:01.907+0000] {dag.py:3954} INFO - Setting next_dagrun for 03_bronze_to_silver_transformation to 2026-05-23 14:00:00+00:00, run_after=2026-05-23 15:00:00+00:00
[2026-05-23T14:43:01.925+0000] {processor.py:183} INFO - Processing /opt/airflow/dags/dag_03_bronze_to_silver.py took 0.097 seconds
[2026-05-23T14:43:32.483+0000] {processor.py:161} INFO - Started process (PID=5553) to work on /opt/airflow/dags/dag_03_bronze_to_silver.py
[2026-05-23T14:43:32.484+0000] {processor.py:830} INFO - Processing file /opt/airflow/dags/dag_03_bronze_to_silver.py for tasks to queue
[2026-05-23T14:43:32.486+0000] {logging_mixin.py:188} INFO - [2026-05-23T14:43:32.485+0000] {dagbag.py:545} INFO - Filling up the DagBag from /opt/airflow/dags/dag_03_bronze_to_silver.py
[2026-05-23T14:43:32.506+0000] {processor.py:840} INFO - DAG(s) '03_bronze_to_silver_transformation' retrieved from /opt/airflow/dags/dag_03_bronze_to_silver.py
[2026-05-23T14:43:32.536+0000] {logging_mixin.py:188} INFO - [2026-05-23T14:43:32.535+0000] {dag.py:3096} INFO - Sync 1 DAGs
[2026-05-23T14:43:32.556+0000] {logging_mixin.py:188} INFO - [2026-05-23T14:43:32.556+0000] {dag.py:3954} INFO - Setting next_dagrun for 03_bronze_to_silver_transformation to 2026-05-23 14:00:00+00:00, run_after=2026-05-23 15:00:00+00:00
[2026-05-23T14:43:32.585+0000] {processor.py:183} INFO - Processing /opt/airflow/dags/dag_03_bronze_to_silver.py took 0.112 seconds
[2026-05-23T14:44:03.079+0000] {processor.py:161} INFO - Started process (PID=5620) to work on /opt/airflow/dags/dag_03_bronze_to_silver.py
[2026-05-23T14:44:03.081+0000] {processor.py:830} INFO - Processing file /opt/airflow/dags/dag_03_bronze_to_silver.py for tasks to queue
[2026-05-23T14:44:03.083+0000] {logging_mixin.py:188} INFO - [2026-05-23T14:44:03.082+0000] {dagbag.py:545} INFO - Filling up the DagBag from /opt/airflow/dags/dag_03_bronze_to_silver.py
[2026-05-23T14:44:03.104+0000] {processor.py:840} INFO - DAG(s) '03_bronze_to_silver_transformation' retrieved from /opt/airflow/dags/dag_03_bronze_to_silver.py
[2026-05-23T14:44:03.137+0000] {logging_mixin.py:188} INFO - [2026-05-23T14:44:03.137+0000] {dag.py:3096} INFO - Sync 1 DAGs
[2026-05-23T14:44:03.160+0000] {logging_mixin.py:188} INFO - [2026-05-23T14:44:03.160+0000] {dag.py:3954} INFO - Setting next_dagrun for 03_bronze_to_silver_transformation to 2026-05-23 14:00:00+00:00, run_after=2026-05-23 15:00:00+00:00
[2026-05-23T14:44:03.177+0000] {processor.py:183} INFO - Processing /opt/airflow/dags/dag_03_bronze_to_silver.py took 0.108 seconds
[2026-05-23T14:44:33.641+0000] {processor.py:161} INFO - Started process (PID=5744) to work on /opt/airflow/dags/dag_03_bronze_to_silver.py
[2026-05-23T14:44:33.642+0000] {processor.py:830} INFO - Processing file /opt/airflow/dags/dag_03_bronze_to_silver.py for tasks to queue
[2026-05-23T14:44:33.644+0000] {logging_mixin.py:188} INFO - [2026-05-23T14:44:33.643+0000] {dagbag.py:545} INFO - Filling up the DagBag from /opt/airflow/dags/dag_03_bronze_to_silver.py
[2026-05-23T14:44:33.663+0000] {processor.py:840} INFO - DAG(s) '03_bronze_to_silver_transformation' retrieved from /opt/airflow/dags/dag_03_bronze_to_silver.py
[2026-05-23T14:44:33.695+0000] {logging_mixin.py:188} INFO - [2026-05-23T14:44:33.695+0000] {dag.py:3096} INFO - Sync 1 DAGs
[2026-05-23T14:44:33.716+0000] {logging_mixin.py:188} INFO - [2026-05-23T14:44:33.716+0000] {dag.py:3954} INFO - Setting next_dagrun for 03_bronze_to_silver_transformation to 2026-05-23 14:00:00+00:00, run_after=2026-05-23 15:00:00+00:00
[2026-05-23T14:44:33.738+0000] {processor.py:183} INFO - Processing /opt/airflow/dags/dag_03_bronze_to_silver.py took 0.106 seconds
[2026-05-23T14:45:04.238+0000] {processor.py:161} INFO - Started process (PID=5827) to work on /opt/airflow/dags/dag_03_bronze_to_silver.py
[2026-05-23T14:45:04.240+0000] {processor.py:830} INFO - Processing file /opt/airflow/dags/dag_03_bronze_to_silver.py for tasks to queue
[2026-05-23T14:45:04.244+0000] {logging_mixin.py:188} INFO - [2026-05-23T14:45:04.243+0000] {dagbag.py:545} INFO - Filling up the DagBag from /opt/airflow/dags/dag_03_bronze_to_silver.py
[2026-05-23T14:45:04.283+0000] {processor.py:840} INFO - DAG(s) '03_bronze_to_silver_transformation' retrieved from /opt/airflow/dags/dag_03_bronze_to_silver.py
[2026-05-23T14:45:04.330+0000] {logging_mixin.py:188} INFO - [2026-05-23T14:45:04.330+0000] {dag.py:3096} INFO - Sync 1 DAGs
[2026-05-23T14:45:04.355+0000] {logging_mixin.py:188} INFO - [2026-05-23T14:45:04.355+0000] {dag.py:3954} INFO - Setting next_dagrun for 03_bronze_to_silver_transformation to 2026-05-23 14:00:00+00:00, run_after=2026-05-23 15:00:00+00:00
[2026-05-23T14:45:04.375+0000] {processor.py:183} INFO - Processing /opt/airflow/dags/dag_03_bronze_to_silver.py took 0.154 seconds
[2026-05-23T14:45:34.853+0000] {processor.py:161} INFO - Started process (PID=6120) to work on /opt/airflow/dags/dag_03_bronze_to_silver.py
[2026-05-23T14:45:34.854+0000] {processor.py:830} INFO - Processing file /opt/airflow/dags/dag_03_bronze_to_silver.py for tasks to queue
[2026-05-23T14:45:34.856+0000] {logging_mixin.py:188} INFO - [2026-05-23T14:45:34.855+0000] {dagbag.py:545} INFO - Filling up the DagBag from /opt/airflow/dags/dag_03_bronze_to_silver.py
[2026-05-23T14:45:34.877+0000] {processor.py:840} INFO - DAG(s) '03_bronze_to_silver_transformation' retrieved from /opt/airflow/dags/dag_03_bronze_to_silver.py
[2026-05-23T14:45:34.894+0000] {logging_mixin.py:188} INFO - [2026-05-23T14:45:34.894+0000] {dag.py:3096} INFO - Sync 1 DAGs
[2026-05-23T14:45:34.917+0000] {logging_mixin.py:188} INFO - [2026-05-23T14:45:34.917+0000] {dag.py:3954} INFO - Setting next_dagrun for 03_bronze_to_silver_transformation to 2026-05-23 14:00:00+00:00, run_after=2026-05-23 15:00:00+00:00
[2026-05-23T14:45:34.934+0000] {processor.py:183} INFO - Processing /opt/airflow/dags/dag_03_bronze_to_silver.py took 0.090 seconds
[2026-05-23T14:46:05.467+0000] {processor.py:161} INFO - Started process (PID=6243) to work on /opt/airflow/dags/dag_03_bronze_to_silver.py
[2026-05-23T14:46:05.468+0000] {processor.py:830} INFO - Processing file /opt/airflow/dags/dag_03_bronze_to_silver.py for tasks to queue
[2026-05-23T14:46:05.470+0000] {logging_mixin.py:188} INFO - [2026-05-23T14:46:05.469+0000] {dagbag.py:545} INFO - Filling up the DagBag from /opt/airflow/dags/dag_03_bronze_to_silver.py
[2026-05-23T14:46:05.492+0000] {processor.py:840} INFO - DAG(s) '03_bronze_to_silver_transformation' retrieved from /opt/airflow/dags/dag_03_bronze_to_silver.py
[2026-05-23T14:46:05.586+0000] {logging_mixin.py:188} INFO - [2026-05-23T14:46:05.586+0000] {dag.py:3096} INFO - Sync 1 DAGs
[2026-05-23T14:46:05.605+0000] {logging_mixin.py:188} INFO - [2026-05-23T14:46:05.605+0000] {dag.py:3954} INFO - Setting next_dagrun for 03_bronze_to_silver_transformation to 2026-05-23 14:00:00+00:00, run_after=2026-05-23 15:00:00+00:00
[2026-05-23T14:46:05.624+0000] {processor.py:183} INFO - Processing /opt/airflow/dags/dag_03_bronze_to_silver.py took 0.166 seconds
[2026-05-23T14:46:35.960+0000] {processor.py:161} INFO - Started process (PID=6436) to work on /opt/airflow/dags/dag_03_bronze_to_silver.py
[2026-05-23T14:46:35.961+0000] {processor.py:830} INFO - Processing file /opt/airflow/dags/dag_03_bronze_to_silver.py for tasks to queue
[2026-05-23T14:46:35.962+0000] {logging_mixin.py:188} INFO - [2026-05-23T14:46:35.962+0000] {dagbag.py:545} INFO - Filling up the DagBag from /opt/airflow/dags/dag_03_bronze_to_silver.py
[2026-05-23T14:46:35.982+0000] {processor.py:840} INFO - DAG(s) '03_bronze_to_silver_transformation' retrieved from /opt/airflow/dags/dag_03_bronze_to_silver.py
[2026-05-23T14:46:36.014+0000] {logging_mixin.py:188} INFO - [2026-05-23T14:46:36.014+0000] {dag.py:3096} INFO - Sync 1 DAGs
[2026-05-23T14:46:36.035+0000] {logging_mixin.py:188} INFO - [2026-05-23T14:46:36.035+0000] {dag.py:3954} INFO - Setting next_dagrun for 03_bronze_to_silver_transformation to 2026-05-23 14:00:00+00:00, run_after=2026-05-23 15:00:00+00:00
[2026-05-23T14:46:36.056+0000] {processor.py:183} INFO - Processing /opt/airflow/dags/dag_03_bronze_to_silver.py took 0.106 seconds
[2026-05-23T14:47:06.629+0000] {processor.py:161} INFO - Started process (PID=6588) to work on /opt/airflow/dags/dag_03_bronze_to_silver.py
[2026-05-23T14:47:06.631+0000] {processor.py:830} INFO - Processing file /opt/airflow/dags/dag_03_bronze_to_silver.py for tasks to queue
[2026-05-23T14:47:06.633+0000] {logging_mixin.py:188} INFO - [2026-05-23T14:47:06.633+0000] {dagbag.py:545} INFO - Filling up the DagBag from /opt/airflow/dags/dag_03_bronze_to_silver.py
[2026-05-23T14:47:06.662+0000] {processor.py:840} INFO - DAG(s) '03_bronze_to_silver_transformation' retrieved from /opt/airflow/dags/dag_03_bronze_to_silver.py
[2026-05-23T14:47:06.703+0000] {logging_mixin.py:188} INFO - [2026-05-23T14:47:06.703+0000] {dag.py:3096} INFO - Sync 1 DAGs
[2026-05-23T14:47:06.726+0000] {logging_mixin.py:188} INFO - [2026-05-23T14:47:06.726+0000] {dag.py:3954} INFO - Setting next_dagrun for 03_bronze_to_silver_transformation to 2026-05-23 14:00:00+00:00, run_after=2026-05-23 15:00:00+00:00
[2026-05-23T14:47:06.747+0000] {processor.py:183} INFO - Processing /opt/airflow/dags/dag_03_bronze_to_silver.py took 0.131 seconds
[2026-05-23T14:47:37.214+0000] {processor.py:161} INFO - Started process (PID=6793) to work on /opt/airflow/dags/dag_03_bronze_to_silver.py
[2026-05-23T14:47:37.215+0000] {processor.py:830} INFO - Processing file /opt/airflow/dags/dag_03_bronze_to_silver.py for tasks to queue
[2026-05-23T14:47:37.216+0000] {logging_mixin.py:188} INFO - [2026-05-23T14:47:37.216+0000] {dagbag.py:545} INFO - Filling up the DagBag from /opt/airflow/dags/dag_03_bronze_to_silver.py
[2026-05-23T14:47:37.239+0000] {processor.py:840} INFO - DAG(s) '03_bronze_to_silver_transformation' retrieved from /opt/airflow/dags/dag_03_bronze_to_silver.py
[2026-05-23T14:47:37.270+0000] {logging_mixin.py:188} INFO - [2026-05-23T14:47:37.270+0000] {dag.py:3096} INFO - Sync 1 DAGs
[2026-05-23T14:47:37.290+0000] {logging_mixin.py:188} INFO - [2026-05-23T14:47:37.290+0000] {dag.py:3954} INFO - Setting next_dagrun for 03_bronze_to_silver_transformation to 2026-05-23 14:00:00+00:00, run_after=2026-05-23 15:00:00+00:00
[2026-05-23T14:47:37.311+0000] {processor.py:183} INFO - Processing /opt/airflow/dags/dag_03_bronze_to_silver.py took 0.108 seconds
[2026-05-23T14:48:07.791+0000] {processor.py:161} INFO - Started process (PID=6982) to work on /opt/airflow/dags/dag_03_bronze_to_silver.py
[2026-05-23T14:48:07.792+0000] {processor.py:830} INFO - Processing file /opt/airflow/dags/dag_03_bronze_to_silver.py for tasks to queue
[2026-05-23T14:48:07.794+0000] {logging_mixin.py:188} INFO - [2026-05-23T14:48:07.794+0000] {dagbag.py:545} INFO - Filling up the DagBag from /opt/airflow/dags/dag_03_bronze_to_silver.py
[2026-05-23T14:48:07.815+0000] {processor.py:840} INFO - DAG(s) '03_bronze_to_silver_transformation' retrieved from /opt/airflow/dags/dag_03_bronze_to_silver.py
[2026-05-23T14:48:07.850+0000] {logging_mixin.py:188} INFO - [2026-05-23T14:48:07.849+0000] {dag.py:3096} INFO - Sync 1 DAGs
[2026-05-23T14:48:07.872+0000] {logging_mixin.py:188} INFO - [2026-05-23T14:48:07.872+0000] {dag.py:3954} INFO - Setting next_dagrun for 03_bronze_to_silver_transformation to 2026-05-23 14:00:00+00:00, run_after=2026-05-23 15:00:00+00:00
[2026-05-23T14:48:07.888+0000] {processor.py:183} INFO - Processing /opt/airflow/dags/dag_03_bronze_to_silver.py took 0.111 seconds
[2026-05-23T14:48:38.414+0000] {processor.py:161} INFO - Started process (PID=7060) to work on /opt/airflow/dags/dag_03_bronze_to_silver.py
[2026-05-23T14:48:38.415+0000] {processor.py:830} INFO - Processing file /opt/airflow/dags/dag_03_bronze_to_silver.py for tasks to queue
[2026-05-23T14:48:38.417+0000] {logging_mixin.py:188} INFO - [2026-05-23T14:48:38.416+0000] {dagbag.py:545} INFO - Filling up the DagBag from /opt/airflow/dags/dag_03_bronze_to_silver.py
[2026-05-23T14:48:38.439+0000] {processor.py:840} INFO - DAG(s) '03_bronze_to_silver_transformation' retrieved from /opt/airflow/dags/dag_03_bronze_to_silver.py
[2026-05-23T14:48:38.473+0000] {logging_mixin.py:188} INFO - [2026-05-23T14:48:38.473+0000] {dag.py:3096} INFO - Sync 1 DAGs
[2026-05-23T14:48:38.500+0000] {logging_mixin.py:188} INFO - [2026-05-23T14:48:38.500+0000] {dag.py:3954} INFO - Setting next_dagrun for 03_bronze_to_silver_transformation to 2026-05-23 14:00:00+00:00, run_after=2026-05-23 15:00:00+00:00
[2026-05-23T14:48:38.524+0000] {processor.py:183} INFO - Processing /opt/airflow/dags/dag_03_bronze_to_silver.py took 0.119 seconds
[2026-05-23T14:49:08.813+0000] {processor.py:161} INFO - Started process (PID=7410) to work on /opt/airflow/dags/dag_03_bronze_to_silver.py
[2026-05-23T14:49:08.814+0000] {processor.py:830} INFO - Processing file /opt/airflow/dags/dag_03_bronze_to_silver.py for tasks to queue
[2026-05-23T14:49:08.817+0000] {logging_mixin.py:188} INFO - [2026-05-23T14:49:08.816+0000] {dagbag.py:545} INFO - Filling up the DagBag from /opt/airflow/dags/dag_03_bronze_to_silver.py
[2026-05-23T14:49:08.854+0000] {processor.py:840} INFO - DAG(s) '03_bronze_to_silver_transformation' retrieved from /opt/airflow/dags/dag_03_bronze_to_silver.py
[2026-05-23T14:49:08.908+0000] {logging_mixin.py:188} INFO - [2026-05-23T14:49:08.907+0000] {dag.py:3096} INFO - Sync 1 DAGs
[2026-05-23T14:49:08.950+0000] {logging_mixin.py:188} INFO - [2026-05-23T14:49:08.950+0000] {dag.py:3954} INFO - Setting next_dagrun for 03_bronze_to_silver_transformation to 2026-05-23 14:00:00+00:00, run_after=2026-05-23 15:00:00+00:00
[2026-05-23T14:49:08.981+0000] {processor.py:183} INFO - Processing /opt/airflow/dags/dag_03_bronze_to_silver.py took 0.187 seconds
[2026-05-23T14:49:39.395+0000] {processor.py:161} INFO - Started process (PID=7658) to work on /opt/airflow/dags/dag_03_bronze_to_silver.py
[2026-05-23T14:49:39.396+0000] {processor.py:830} INFO - Processing file /opt/airflow/dags/dag_03_bronze_to_silver.py for tasks to queue
[2026-05-23T14:49:39.397+0000] {logging_mixin.py:188} INFO - [2026-05-23T14:49:39.397+0000] {dagbag.py:545} INFO - Filling up the DagBag from /opt/airflow/dags/dag_03_bronze_to_silver.py
[2026-05-23T14:49:39.416+0000] {processor.py:840} INFO - DAG(s) '03_bronze_to_silver_transformation' retrieved from /opt/airflow/dags/dag_03_bronze_to_silver.py
[2026-05-23T14:49:39.446+0000] {logging_mixin.py:188} INFO - [2026-05-23T14:49:39.446+0000] {dag.py:3096} INFO - Sync 1 DAGs
[2026-05-23T14:49:39.467+0000] {logging_mixin.py:188} INFO - [2026-05-23T14:49:39.467+0000] {dag.py:3954} INFO - Setting next_dagrun for 03_bronze_to_silver_transformation to 2026-05-23 14:00:00+00:00, run_after=2026-05-23 15:00:00+00:00
[2026-05-23T14:49:39.486+0000] {processor.py:183} INFO - Processing /opt/airflow/dags/dag_03_bronze_to_silver.py took 0.101 seconds
[2026-05-23T14:50:09.937+0000] {processor.py:161} INFO - Started process (PID=7810) to work on /opt/airflow/dags/dag_03_bronze_to_silver.py
[2026-05-23T14:50:09.938+0000] {processor.py:830} INFO - Processing file /opt/airflow/dags/dag_03_bronze_to_silver.py for tasks to queue
[2026-05-23T14:50:09.940+0000] {logging_mixin.py:188} INFO - [2026-05-23T14:50:09.939+0000] {dagbag.py:545} INFO - Filling up the DagBag from /opt/airflow/dags/dag_03_bronze_to_silver.py
[2026-05-23T14:50:09.962+0000] {processor.py:840} INFO - DAG(s) '03_bronze_to_silver_transformation' retrieved from /opt/airflow/dags/dag_03_bronze_to_silver.py
[2026-05-23T14:50:09.995+0000] {logging_mixin.py:188} INFO - [2026-05-23T14:50:09.994+0000] {dag.py:3096} INFO - Sync 1 DAGs
[2026-05-23T14:50:10.015+0000] {logging_mixin.py:188} INFO - [2026-05-23T14:50:10.014+0000] {dag.py:3954} INFO - Setting next_dagrun for 03_bronze_to_silver_transformation to 2026-05-23 14:00:00+00:00, run_after=2026-05-23 15:00:00+00:00
[2026-05-23T14:50:10.032+0000] {processor.py:183} INFO - Processing /opt/airflow/dags/dag_03_bronze_to_silver.py took 0.105 seconds
[2026-05-23T14:50:40.484+0000] {processor.py:161} INFO - Started process (PID=7841) to work on /opt/airflow/dags/dag_03_bronze_to_silver.py
[2026-05-23T14:50:40.485+0000] {processor.py:830} INFO - Processing file /opt/airflow/dags/dag_03_bronze_to_silver.py for tasks to queue
[2026-05-23T14:50:40.486+0000] {logging_mixin.py:188} INFO - [2026-05-23T14:50:40.486+0000] {dagbag.py:545} INFO - Filling up the DagBag from /opt/airflow/dags/dag_03_bronze_to_silver.py
[2026-05-23T14:50:40.506+0000] {processor.py:840} INFO - DAG(s) '03_bronze_to_silver_transformation' retrieved from /opt/airflow/dags/dag_03_bronze_to_silver.py
[2026-05-23T14:50:40.535+0000] {logging_mixin.py:188} INFO - [2026-05-23T14:50:40.535+0000] {dag.py:3096} INFO - Sync 1 DAGs
[2026-05-23T14:50:40.557+0000] {logging_mixin.py:188} INFO - [2026-05-23T14:50:40.557+0000] {dag.py:3954} INFO - Setting next_dagrun for 03_bronze_to_silver_transformation to 2026-05-23 14:00:00+00:00, run_after=2026-05-23 15:00:00+00:00
[2026-05-23T14:50:40.577+0000] {processor.py:183} INFO - Processing /opt/airflow/dags/dag_03_bronze_to_silver.py took 0.102 seconds
[2026-05-23T14:51:11.165+0000] {processor.py:161} INFO - Started process (PID=7891) to work on /opt/airflow/dags/dag_03_bronze_to_silver.py
[2026-05-23T14:51:11.168+0000] {processor.py:830} INFO - Processing file /opt/airflow/dags/dag_03_bronze_to_silver.py for tasks to queue
[2026-05-23T14:51:11.174+0000] {logging_mixin.py:188} INFO - [2026-05-23T14:51:11.173+0000] {dagbag.py:545} INFO - Filling up the DagBag from /opt/airflow/dags/dag_03_bronze_to_silver.py
[2026-05-23T14:51:11.245+0000] {processor.py:840} INFO - DAG(s) '03_bronze_to_silver_transformation' retrieved from /opt/airflow/dags/dag_03_bronze_to_silver.py
[2026-05-23T14:51:11.575+0000] {logging_mixin.py:188} INFO - [2026-05-23T14:51:11.575+0000] {dag.py:3096} INFO - Sync 1 DAGs
[2026-05-23T14:51:11.657+0000] {logging_mixin.py:188} INFO - [2026-05-23T14:51:11.657+0000] {dag.py:3954} INFO - Setting next_dagrun for 03_bronze_to_silver_transformation to 2026-05-23 14:00:00+00:00, run_after=2026-05-23 15:00:00+00:00
[2026-05-23T14:51:11.720+0000] {processor.py:183} INFO - Processing /opt/airflow/dags/dag_03_bronze_to_silver.py took 0.628 seconds
[2026-05-23T14:51:41.867+0000] {processor.py:161} INFO - Started process (PID=8024) to work on /opt/airflow/dags/dag_03_bronze_to_silver.py
[2026-05-23T14:51:41.868+0000] {processor.py:830} INFO - Processing file /opt/airflow/dags/dag_03_bronze_to_silver.py for tasks to queue
[2026-05-23T14:51:41.870+0000] {logging_mixin.py:188} INFO - [2026-05-23T14:51:41.869+0000] {dagbag.py:545} INFO - Filling up the DagBag from /opt/airflow/dags/dag_03_bronze_to_silver.py
[2026-05-23T14:51:41.899+0000] {processor.py:840} INFO - DAG(s) '03_bronze_to_silver_transformation' retrieved from /opt/airflow/dags/dag_03_bronze_to_silver.py
[2026-05-23T14:51:41.939+0000] {logging_mixin.py:188} INFO - [2026-05-23T14:51:41.939+0000] {dag.py:3096} INFO - Sync 1 DAGs
[2026-05-23T14:51:41.962+0000] {logging_mixin.py:188} INFO - [2026-05-23T14:51:41.962+0000] {dag.py:3954} INFO - Setting next_dagrun for 03_bronze_to_silver_transformation to 2026-05-23 14:00:00+00:00, run_after=2026-05-23 15:00:00+00:00
[2026-05-23T14:51:41.983+0000] {processor.py:183} INFO - Processing /opt/airflow/dags/dag_03_bronze_to_silver.py took 0.126 seconds
[2026-05-23T14:52:12.458+0000] {processor.py:161} INFO - Started process (PID=8056) to work on /opt/airflow/dags/dag_03_bronze_to_silver.py
[2026-05-23T14:52:12.459+0000] {processor.py:830} INFO - Processing file /opt/airflow/dags/dag_03_bronze_to_silver.py for tasks to queue
[2026-05-23T14:52:12.461+0000] {logging_mixin.py:188} INFO - [2026-05-23T14:52:12.460+0000] {dagbag.py:545} INFO - Filling up the DagBag from /opt/airflow/dags/dag_03_bronze_to_silver.py
[2026-05-23T14:52:12.488+0000] {processor.py:840} INFO - DAG(s) '03_bronze_to_silver_transformation' retrieved from /opt/airflow/dags/dag_03_bronze_to_silver.py
[2026-05-23T14:52:12.522+0000] {logging_mixin.py:188} INFO - [2026-05-23T14:52:12.521+0000] {dag.py:3096} INFO - Sync 1 DAGs
[2026-05-23T14:52:12.540+0000] {logging_mixin.py:188} INFO - [2026-05-23T14:52:12.540+0000] {dag.py:3954} INFO - Setting next_dagrun for 03_bronze_to_silver_transformation to 2026-05-23 14:00:00+00:00, run_after=2026-05-23 15:00:00+00:00
[2026-05-23T14:52:12.556+0000] {processor.py:183} INFO - Processing /opt/airflow/dags/dag_03_bronze_to_silver.py took 0.108 seconds
[2026-05-23T14:52:43.016+0000] {processor.py:161} INFO - Started process (PID=8123) to work on /opt/airflow/dags/dag_03_bronze_to_silver.py
[2026-05-23T14:52:43.018+0000] {processor.py:830} INFO - Processing file /opt/airflow/dags/dag_03_bronze_to_silver.py for tasks to queue
[2026-05-23T14:52:43.021+0000] {logging_mixin.py:188} INFO - [2026-05-23T14:52:43.020+0000] {dagbag.py:545} INFO - Filling up the DagBag from /opt/airflow/dags/dag_03_bronze_to_silver.py
[2026-05-23T14:52:43.045+0000] {processor.py:840} INFO - DAG(s) '03_bronze_to_silver_transformation' retrieved from /opt/airflow/dags/dag_03_bronze_to_silver.py
[2026-05-23T14:52:43.082+0000] {logging_mixin.py:188} INFO - [2026-05-23T14:52:43.082+0000] {dag.py:3096} INFO - Sync 1 DAGs
[2026-05-23T14:52:43.108+0000] {logging_mixin.py:188} INFO - [2026-05-23T14:52:43.108+0000] {dag.py:3954} INFO - Setting next_dagrun for 03_bronze_to_silver_transformation to 2026-05-23 14:00:00+00:00, run_after=2026-05-23 15:00:00+00:00
[2026-05-23T14:52:43.131+0000] {processor.py:183} INFO - Processing /opt/airflow/dags/dag_03_bronze_to_silver.py took 0.128 seconds
[2026-05-23T14:53:13.579+0000] {processor.py:161} INFO - Started process (PID=8239) to work on /opt/airflow/dags/dag_03_bronze_to_silver.py
[2026-05-23T14:53:13.581+0000] {processor.py:830} INFO - Processing file /opt/airflow/dags/dag_03_bronze_to_silver.py for tasks to queue
[2026-05-23T14:53:13.582+0000] {logging_mixin.py:188} INFO - [2026-05-23T14:53:13.582+0000] {dagbag.py:545} INFO - Filling up the DagBag from /opt/airflow/dags/dag_03_bronze_to_silver.py
[2026-05-23T14:53:13.602+0000] {processor.py:840} INFO - DAG(s) '03_bronze_to_silver_transformation' retrieved from /opt/airflow/dags/dag_03_bronze_to_silver.py
[2026-05-23T14:53:13.632+0000] {logging_mixin.py:188} INFO - [2026-05-23T14:53:13.631+0000] {dag.py:3096} INFO - Sync 1 DAGs
[2026-05-23T14:53:13.651+0000] {logging_mixin.py:188} INFO - [2026-05-23T14:53:13.651+0000] {dag.py:3954} INFO - Setting next_dagrun for 03_bronze_to_silver_transformation to 2026-05-23 14:00:00+00:00, run_after=2026-05-23 15:00:00+00:00
[2026-05-23T14:53:13.667+0000] {processor.py:183} INFO - Processing /opt/airflow/dags/dag_03_bronze_to_silver.py took 0.098 seconds
[2026-05-23T14:53:44.240+0000] {processor.py:161} INFO - Started process (PID=8270) to work on /opt/airflow/dags/dag_03_bronze_to_silver.py
[2026-05-23T14:53:44.241+0000] {processor.py:830} INFO - Processing file /opt/airflow/dags/dag_03_bronze_to_silver.py for tasks to queue
[2026-05-23T14:53:44.243+0000] {logging_mixin.py:188} INFO - [2026-05-23T14:53:44.243+0000] {dagbag.py:545} INFO - Filling up the DagBag from /opt/airflow/dags/dag_03_bronze_to_silver.py
[2026-05-23T14:53:44.266+0000] {processor.py:840} INFO - DAG(s) '03_bronze_to_silver_transformation' retrieved from /opt/airflow/dags/dag_03_bronze_to_silver.py
[2026-05-23T14:53:44.303+0000] {logging_mixin.py:188} INFO - [2026-05-23T14:53:44.303+0000] {dag.py:3096} INFO - Sync 1 DAGs
[2026-05-23T14:53:44.322+0000] {logging_mixin.py:188} INFO - [2026-05-23T14:53:44.322+0000] {dag.py:3954} INFO - Setting next_dagrun for 03_bronze_to_silver_transformation to 2026-05-23 14:00:00+00:00, run_after=2026-05-23 15:00:00+00:00
[2026-05-23T14:53:44.340+0000] {processor.py:183} INFO - Processing /opt/airflow/dags/dag_03_bronze_to_silver.py took 0.111 seconds
[2026-05-23T14:54:14.777+0000] {processor.py:161} INFO - Started process (PID=8408) to work on /opt/airflow/dags/dag_03_bronze_to_silver.py
[2026-05-23T14:54:14.779+0000] {processor.py:830} INFO - Processing file /opt/airflow/dags/dag_03_bronze_to_silver.py for tasks to queue
[2026-05-23T14:54:14.782+0000] {logging_mixin.py:188} INFO - [2026-05-23T14:54:14.781+0000] {dagbag.py:545} INFO - Filling up the DagBag from /opt/airflow/dags/dag_03_bronze_to_silver.py
[2026-05-23T14:54:14.820+0000] {processor.py:840} INFO - DAG(s) '03_bronze_to_silver_transformation' retrieved from /opt/airflow/dags/dag_03_bronze_to_silver.py
[2026-05-23T14:54:14.866+0000] {logging_mixin.py:188} INFO - [2026-05-23T14:54:14.866+0000] {dag.py:3096} INFO - Sync 1 DAGs
[2026-05-23T14:54:14.904+0000] {logging_mixin.py:188} INFO - [2026-05-23T14:54:14.903+0000] {dag.py:3954} INFO - Setting next_dagrun for 03_bronze_to_silver_transformation to 2026-05-23 14:00:00+00:00, run_after=2026-05-23 15:00:00+00:00
[2026-05-23T14:54:14.932+0000] {processor.py:183} INFO - Processing /opt/airflow/dags/dag_03_bronze_to_silver.py took 0.172 seconds
[2026-05-23T14:54:45.431+0000] {processor.py:161} INFO - Started process (PID=8726) to work on /opt/airflow/dags/dag_03_bronze_to_silver.py
[2026-05-23T14:54:45.433+0000] {processor.py:830} INFO - Processing file /opt/airflow/dags/dag_03_bronze_to_silver.py for tasks to queue
[2026-05-23T14:54:45.434+0000] {logging_mixin.py:188} INFO - [2026-05-23T14:54:45.434+0000] {dagbag.py:545} INFO - Filling up the DagBag from /opt/airflow/dags/dag_03_bronze_to_silver.py
[2026-05-23T14:54:45.454+0000] {processor.py:840} INFO - DAG(s) '03_bronze_to_silver_transformation' retrieved from /opt/airflow/dags/dag_03_bronze_to_silver.py
[2026-05-23T14:54:45.483+0000] {logging_mixin.py:188} INFO - [2026-05-23T14:54:45.482+0000] {dag.py:3096} INFO - Sync 1 DAGs
[2026-05-23T14:54:45.504+0000] {logging_mixin.py:188} INFO - [2026-05-23T14:54:45.504+0000] {dag.py:3954} INFO - Setting next_dagrun for 03_bronze_to_silver_transformation to 2026-05-23 14:00:00+00:00, run_after=2026-05-23 15:00:00+00:00
[2026-05-23T14:54:45.523+0000] {processor.py:183} INFO - Processing /opt/airflow/dags/dag_03_bronze_to_silver.py took 0.107 seconds
[2026-05-23T14:55:15.989+0000] {processor.py:161} INFO - Started process (PID=8757) to work on /opt/airflow/dags/dag_03_bronze_to_silver.py
[2026-05-23T14:55:15.991+0000] {processor.py:830} INFO - Processing file /opt/airflow/dags/dag_03_bronze_to_silver.py for tasks to queue
[2026-05-23T14:55:15.993+0000] {logging_mixin.py:188} INFO - [2026-05-23T14:55:15.992+0000] {dagbag.py:545} INFO - Filling up the DagBag from /opt/airflow/dags/dag_03_bronze_to_silver.py
[2026-05-23T14:55:16.014+0000] {processor.py:840} INFO - DAG(s) '03_bronze_to_silver_transformation' retrieved from /opt/airflow/dags/dag_03_bronze_to_silver.py
[2026-05-23T14:55:16.048+0000] {logging_mixin.py:188} INFO - [2026-05-23T14:55:16.048+0000] {dag.py:3096} INFO - Sync 1 DAGs
[2026-05-23T14:55:16.074+0000] {logging_mixin.py:188} INFO - [2026-05-23T14:55:16.074+0000] {dag.py:3954} INFO - Setting next_dagrun for 03_bronze_to_silver_transformation to 2026-05-23 14:00:00+00:00, run_after=2026-05-23 15:00:00+00:00
[2026-05-23T14:55:16.100+0000] {processor.py:183} INFO - Processing /opt/airflow/dags/dag_03_bronze_to_silver.py took 0.122 seconds
[2026-05-23T14:55:46.599+0000] {processor.py:161} INFO - Started process (PID=8804) to work on /opt/airflow/dags/dag_03_bronze_to_silver.py
[2026-05-23T14:55:46.601+0000] {processor.py:830} INFO - Processing file /opt/airflow/dags/dag_03_bronze_to_silver.py for tasks to queue
[2026-05-23T14:55:46.603+0000] {logging_mixin.py:188} INFO - [2026-05-23T14:55:46.602+0000] {dagbag.py:545} INFO - Filling up the DagBag from /opt/airflow/dags/dag_03_bronze_to_silver.py
[2026-05-23T14:55:46.635+0000] {processor.py:840} INFO - DAG(s) '03_bronze_to_silver_transformation' retrieved from /opt/airflow/dags/dag_03_bronze_to_silver.py
[2026-05-23T14:55:46.682+0000] {logging_mixin.py:188} INFO - [2026-05-23T14:55:46.682+0000] {dag.py:3096} INFO - Sync 1 DAGs
[2026-05-23T14:55:46.708+0000] {logging_mixin.py:188} INFO - [2026-05-23T14:55:46.707+0000] {dag.py:3954} INFO - Setting next_dagrun for 03_bronze_to_silver_transformation to 2026-05-23 14:00:00+00:00, run_after=2026-05-23 15:00:00+00:00
[2026-05-23T14:55:46.735+0000] {processor.py:183} INFO - Processing /opt/airflow/dags/dag_03_bronze_to_silver.py took 0.149 seconds
[2026-05-23T14:56:17.222+0000] {processor.py:161} INFO - Started process (PID=9109) to work on /opt/airflow/dags/dag_03_bronze_to_silver.py
[2026-05-23T14:56:17.224+0000] {processor.py:830} INFO - Processing file /opt/airflow/dags/dag_03_bronze_to_silver.py for tasks to queue
[2026-05-23T14:56:17.226+0000] {logging_mixin.py:188} INFO - [2026-05-23T14:56:17.226+0000] {dagbag.py:545} INFO - Filling up the DagBag from /opt/airflow/dags/dag_03_bronze_to_silver.py
[2026-05-23T14:56:17.259+0000] {processor.py:840} INFO - DAG(s) '03_bronze_to_silver_transformation' retrieved from /opt/airflow/dags/dag_03_bronze_to_silver.py
[2026-05-23T14:56:17.314+0000] {logging_mixin.py:188} INFO - [2026-05-23T14:56:17.313+0000] {dag.py:3096} INFO - Sync 1 DAGs
[2026-05-23T14:56:17.349+0000] {logging_mixin.py:188} INFO - [2026-05-23T14:56:17.349+0000] {dag.py:3954} INFO - Setting next_dagrun for 03_bronze_to_silver_transformation to 2026-05-23 14:00:00+00:00, run_after=2026-05-23 15:00:00+00:00
[2026-05-23T14:56:17.373+0000] {processor.py:183} INFO - Processing /opt/airflow/dags/dag_03_bronze_to_silver.py took 0.170 seconds
[2026-05-23T14:56:47.858+0000] {processor.py:161} INFO - Started process (PID=9387) to work on /opt/airflow/dags/dag_03_bronze_to_silver.py
[2026-05-23T14:56:47.859+0000] {processor.py:830} INFO - Processing file /opt/airflow/dags/dag_03_bronze_to_silver.py for tasks to queue
[2026-05-23T14:56:47.866+0000] {logging_mixin.py:188} INFO - [2026-05-23T14:56:47.866+0000] {dagbag.py:545} INFO - Filling up the DagBag from /opt/airflow/dags/dag_03_bronze_to_silver.py
[2026-05-23T14:56:47.887+0000] {processor.py:840} INFO - DAG(s) '03_bronze_to_silver_transformation' retrieved from /opt/airflow/dags/dag_03_bronze_to_silver.py
[2026-05-23T14:56:47.916+0000] {logging_mixin.py:188} INFO - [2026-05-23T14:56:47.916+0000] {dag.py:3096} INFO - Sync 1 DAGs
[2026-05-23T14:56:47.935+0000] {logging_mixin.py:188} INFO - [2026-05-23T14:56:47.935+0000] {dag.py:3954} INFO - Setting next_dagrun for 03_bronze_to_silver_transformation to 2026-05-23 14:00:00+00:00, run_after=2026-05-23 15:00:00+00:00
[2026-05-23T14:56:47.951+0000] {processor.py:183} INFO - Processing /opt/airflow/dags/dag_03_bronze_to_silver.py took 0.103 seconds
[2026-05-23T14:57:18.312+0000] {processor.py:161} INFO - Started process (PID=9471) to work on /opt/airflow/dags/dag_03_bronze_to_silver.py
[2026-05-23T14:57:18.314+0000] {processor.py:830} INFO - Processing file /opt/airflow/dags/dag_03_bronze_to_silver.py for tasks to queue
[2026-05-23T14:57:18.317+0000] {logging_mixin.py:188} INFO - [2026-05-23T14:57:18.317+0000] {dagbag.py:545} INFO - Filling up the DagBag from /opt/airflow/dags/dag_03_bronze_to_silver.py
[2026-05-23T14:57:18.357+0000] {processor.py:840} INFO - DAG(s) '03_bronze_to_silver_transformation' retrieved from /opt/airflow/dags/dag_03_bronze_to_silver.py
[2026-05-23T14:57:18.405+0000] {logging_mixin.py:188} INFO - [2026-05-23T14:57:18.405+0000] {dag.py:3096} INFO - Sync 1 DAGs
[2026-05-23T14:57:18.433+0000] {logging_mixin.py:188} INFO - [2026-05-23T14:57:18.433+0000] {dag.py:3954} INFO - Setting next_dagrun for 03_bronze_to_silver_transformation to 2026-05-23 14:00:00+00:00, run_after=2026-05-23 15:00:00+00:00
[2026-05-23T14:57:18.452+0000] {processor.py:183} INFO - Processing /opt/airflow/dags/dag_03_bronze_to_silver.py took 0.157 seconds
[2026-05-23T14:57:48.909+0000] {processor.py:161} INFO - Started process (PID=9570) to work on /opt/airflow/dags/dag_03_bronze_to_silver.py
[2026-05-23T14:57:48.910+0000] {processor.py:830} INFO - Processing file /opt/airflow/dags/dag_03_bronze_to_silver.py for tasks to queue
[2026-05-23T14:57:48.912+0000] {logging_mixin.py:188} INFO - [2026-05-23T14:57:48.912+0000] {dagbag.py:545} INFO - Filling up the DagBag from /opt/airflow/dags/dag_03_bronze_to_silver.py
[2026-05-23T14:57:48.930+0000] {processor.py:840} INFO - DAG(s) '03_bronze_to_silver_transformation' retrieved from /opt/airflow/dags/dag_03_bronze_to_silver.py
[2026-05-23T14:57:48.957+0000] {logging_mixin.py:188} INFO - [2026-05-23T14:57:48.957+0000] {dag.py:3096} INFO - Sync 1 DAGs
[2026-05-23T14:57:48.977+0000] {logging_mixin.py:188} INFO - [2026-05-23T14:57:48.977+0000] {dag.py:3954} INFO - Setting next_dagrun for 03_bronze_to_silver_transformation to 2026-05-23 14:00:00+00:00, run_after=2026-05-23 15:00:00+00:00
[2026-05-23T14:57:49.003+0000] {processor.py:183} INFO - Processing /opt/airflow/dags/dag_03_bronze_to_silver.py took 0.104 seconds
[2026-05-23T14:58:19.431+0000] {processor.py:161} INFO - Started process (PID=9739) to work on /opt/airflow/dags/dag_03_bronze_to_silver.py
[2026-05-23T14:58:19.431+0000] {processor.py:830} INFO - Processing file /opt/airflow/dags/dag_03_bronze_to_silver.py for tasks to queue
[2026-05-23T14:58:19.433+0000] {logging_mixin.py:188} INFO - [2026-05-23T14:58:19.433+0000] {dagbag.py:545} INFO - Filling up the DagBag from /opt/airflow/dags/dag_03_bronze_to_silver.py
[2026-05-23T14:58:19.453+0000] {processor.py:840} INFO - DAG(s) '03_bronze_to_silver_transformation' retrieved from /opt/airflow/dags/dag_03_bronze_to_silver.py
[2026-05-23T14:58:19.484+0000] {logging_mixin.py:188} INFO - [2026-05-23T14:58:19.484+0000] {dag.py:3096} INFO - Sync 1 DAGs
[2026-05-23T14:58:19.508+0000] {logging_mixin.py:188} INFO - [2026-05-23T14:58:19.508+0000] {dag.py:3954} INFO - Setting next_dagrun for 03_bronze_to_silver_transformation to 2026-05-23 14:00:00+00:00, run_after=2026-05-23 15:00:00+00:00
[2026-05-23T14:58:19.529+0000] {processor.py:183} INFO - Processing /opt/airflow/dags/dag_03_bronze_to_silver.py took 0.108 seconds
[2026-05-23T14:58:50.033+0000] {processor.py:161} INFO - Started process (PID=9964) to work on /opt/airflow/dags/dag_03_bronze_to_silver.py
[2026-05-23T14:58:50.035+0000] {processor.py:830} INFO - Processing file /opt/airflow/dags/dag_03_bronze_to_silver.py for tasks to queue
[2026-05-23T14:58:50.039+0000] {logging_mixin.py:188} INFO - [2026-05-23T14:58:50.038+0000] {dagbag.py:545} INFO - Filling up the DagBag from /opt/airflow/dags/dag_03_bronze_to_silver.py
[2026-05-23T14:58:50.066+0000] {processor.py:840} INFO - DAG(s) '03_bronze_to_silver_transformation' retrieved from /opt/airflow/dags/dag_03_bronze_to_silver.py
[2026-05-23T14:58:50.102+0000] {logging_mixin.py:188} INFO - [2026-05-23T14:58:50.101+0000] {dag.py:3096} INFO - Sync 1 DAGs
[2026-05-23T14:58:50.128+0000] {logging_mixin.py:188} INFO - [2026-05-23T14:58:50.128+0000] {dag.py:3954} INFO - Setting next_dagrun for 03_bronze_to_silver_transformation to 2026-05-23 14:00:00+00:00, run_after=2026-05-23 15:00:00+00:00
[2026-05-23T14:58:50.154+0000] {processor.py:183} INFO - Processing /opt/airflow/dags/dag_03_bronze_to_silver.py took 0.134 seconds
