[2026-05-23T14:23:32.477+0000] {processor.py:161} INFO - Started process (PID=195) to work on /opt/airflow/dags/dag_02_kafka_ingestion.py
[2026-05-23T14:23:32.479+0000] {processor.py:830} INFO - Processing file /opt/airflow/dags/dag_02_kafka_ingestion.py for tasks to queue
[2026-05-23T14:23:32.482+0000] {logging_mixin.py:188} INFO - [2026-05-23T14:23:32.482+0000] {dagbag.py:545} INFO - Filling up the DagBag from /opt/airflow/dags/dag_02_kafka_ingestion.py
[2026-05-23T14:23:32.565+0000] {processor.py:840} INFO - DAG(s) '02_kafka_stream_ingestion' retrieved from /opt/airflow/dags/dag_02_kafka_ingestion.py
[2026-05-23T14:23:32.744+0000] {logging_mixin.py:188} INFO - [2026-05-23T14:23:32.743+0000] {override.py:1829} INFO - Created Permission View: can read on DAG:02_kafka_stream_ingestion
[2026-05-23T14:23:32.772+0000] {logging_mixin.py:188} INFO - [2026-05-23T14:23:32.771+0000] {override.py:1829} INFO - Created Permission View: can delete on DAG:02_kafka_stream_ingestion
[2026-05-23T14:23:32.793+0000] {logging_mixin.py:188} INFO - [2026-05-23T14:23:32.793+0000] {override.py:1829} INFO - Created Permission View: can edit on DAG:02_kafka_stream_ingestion
[2026-05-23T14:23:32.794+0000] {logging_mixin.py:188} INFO - [2026-05-23T14:23:32.794+0000] {dag.py:3096} INFO - Sync 1 DAGs
[2026-05-23T14:23:32.808+0000] {logging_mixin.py:188} INFO - [2026-05-23T14:23:32.807+0000] {dag.py:3118} INFO - Creating ORM DAG for 02_kafka_stream_ingestion
[2026-05-23T14:23:32.824+0000] {logging_mixin.py:188} INFO - [2026-05-23T14:23:32.824+0000] {dag.py:3954} INFO - Setting next_dagrun for 02_kafka_stream_ingestion to 2026-05-23 14:15:00+00:00, run_after=2026-05-23 14:20:00+00:00
[2026-05-23T14:23:32.859+0000] {processor.py:183} INFO - Processing /opt/airflow/dags/dag_02_kafka_ingestion.py took 0.392 seconds
[2026-05-23T14:24:03.301+0000] {processor.py:161} INFO - Started process (PID=494) to work on /opt/airflow/dags/dag_02_kafka_ingestion.py
[2026-05-23T14:24:03.302+0000] {processor.py:830} INFO - Processing file /opt/airflow/dags/dag_02_kafka_ingestion.py for tasks to queue
[2026-05-23T14:24:03.305+0000] {logging_mixin.py:188} INFO - [2026-05-23T14:24:03.304+0000] {dagbag.py:545} INFO - Filling up the DagBag from /opt/airflow/dags/dag_02_kafka_ingestion.py
[2026-05-23T14:24:03.339+0000] {processor.py:840} INFO - DAG(s) '02_kafka_stream_ingestion' retrieved from /opt/airflow/dags/dag_02_kafka_ingestion.py
[2026-05-23T14:24:03.372+0000] {logging_mixin.py:188} INFO - [2026-05-23T14:24:03.372+0000] {dag.py:3096} INFO - Sync 1 DAGs
[2026-05-23T14:24:03.413+0000] {processor.py:183} INFO - Processing /opt/airflow/dags/dag_02_kafka_ingestion.py took 0.123 seconds
[2026-05-23T14:24:36.346+0000] {processor.py:161} INFO - Started process (PID=608) to work on /opt/airflow/dags/dag_02_kafka_ingestion.py
[2026-05-23T14:24:36.349+0000] {processor.py:830} INFO - Processing file /opt/airflow/dags/dag_02_kafka_ingestion.py for tasks to queue
[2026-05-23T14:24:36.354+0000] {logging_mixin.py:188} INFO - [2026-05-23T14:24:36.353+0000] {dagbag.py:545} INFO - Filling up the DagBag from /opt/airflow/dags/dag_02_kafka_ingestion.py
[2026-05-23T14:24:36.405+0000] {processor.py:840} INFO - DAG(s) '02_kafka_stream_ingestion' retrieved from /opt/airflow/dags/dag_02_kafka_ingestion.py
[2026-05-23T14:24:36.495+0000] {logging_mixin.py:188} INFO - [2026-05-23T14:24:36.494+0000] {dag.py:3096} INFO - Sync 1 DAGs
[2026-05-23T14:24:38.921+0000] {processor.py:183} INFO - Processing /opt/airflow/dags/dag_02_kafka_ingestion.py took 2.598 seconds
[2026-05-23T14:25:09.265+0000] {processor.py:161} INFO - Started process (PID=1114) to work on /opt/airflow/dags/dag_02_kafka_ingestion.py
[2026-05-23T14:25:09.266+0000] {processor.py:830} INFO - Processing file /opt/airflow/dags/dag_02_kafka_ingestion.py for tasks to queue
[2026-05-23T14:25:09.269+0000] {logging_mixin.py:188} INFO - [2026-05-23T14:25:09.268+0000] {dagbag.py:545} INFO - Filling up the DagBag from /opt/airflow/dags/dag_02_kafka_ingestion.py
[2026-05-23T14:25:09.310+0000] {processor.py:840} INFO - DAG(s) '02_kafka_stream_ingestion' retrieved from /opt/airflow/dags/dag_02_kafka_ingestion.py
[2026-05-23T14:25:09.530+0000] {logging_mixin.py:188} INFO - [2026-05-23T14:25:09.529+0000] {dag.py:3096} INFO - Sync 1 DAGs
[2026-05-23T14:25:09.568+0000] {processor.py:183} INFO - Processing /opt/airflow/dags/dag_02_kafka_ingestion.py took 0.315 seconds
[2026-05-23T14:25:40.229+0000] {processor.py:161} INFO - Started process (PID=1247) to work on /opt/airflow/dags/dag_02_kafka_ingestion.py
[2026-05-23T14:25:40.230+0000] {processor.py:830} INFO - Processing file /opt/airflow/dags/dag_02_kafka_ingestion.py for tasks to queue
[2026-05-23T14:25:40.232+0000] {logging_mixin.py:188} INFO - [2026-05-23T14:25:40.232+0000] {dagbag.py:545} INFO - Filling up the DagBag from /opt/airflow/dags/dag_02_kafka_ingestion.py
[2026-05-23T14:25:40.262+0000] {processor.py:840} INFO - DAG(s) '02_kafka_stream_ingestion' retrieved from /opt/airflow/dags/dag_02_kafka_ingestion.py
[2026-05-23T14:25:40.313+0000] {logging_mixin.py:188} INFO - [2026-05-23T14:25:40.313+0000] {dag.py:3096} INFO - Sync 1 DAGs
[2026-05-23T14:25:40.378+0000] {processor.py:183} INFO - Processing /opt/airflow/dags/dag_02_kafka_ingestion.py took 0.160 seconds
[2026-05-23T14:26:10.908+0000] {processor.py:161} INFO - Started process (PID=1465) to work on /opt/airflow/dags/dag_02_kafka_ingestion.py
[2026-05-23T14:26:10.909+0000] {processor.py:830} INFO - Processing file /opt/airflow/dags/dag_02_kafka_ingestion.py for tasks to queue
[2026-05-23T14:26:10.911+0000] {logging_mixin.py:188} INFO - [2026-05-23T14:26:10.911+0000] {dagbag.py:545} INFO - Filling up the DagBag from /opt/airflow/dags/dag_02_kafka_ingestion.py
[2026-05-23T14:26:10.942+0000] {processor.py:840} INFO - DAG(s) '02_kafka_stream_ingestion' retrieved from /opt/airflow/dags/dag_02_kafka_ingestion.py
[2026-05-23T14:26:10.979+0000] {logging_mixin.py:188} INFO - [2026-05-23T14:26:10.978+0000] {dag.py:3096} INFO - Sync 1 DAGs
[2026-05-23T14:26:11.022+0000] {processor.py:183} INFO - Processing /opt/airflow/dags/dag_02_kafka_ingestion.py took 0.126 seconds
[2026-05-23T14:26:41.381+0000] {processor.py:161} INFO - Started process (PID=1721) to work on /opt/airflow/dags/dag_02_kafka_ingestion.py
[2026-05-23T14:26:41.381+0000] {processor.py:830} INFO - Processing file /opt/airflow/dags/dag_02_kafka_ingestion.py for tasks to queue
[2026-05-23T14:26:41.383+0000] {logging_mixin.py:188} INFO - [2026-05-23T14:26:41.383+0000] {dagbag.py:545} INFO - Filling up the DagBag from /opt/airflow/dags/dag_02_kafka_ingestion.py
[2026-05-23T14:26:41.404+0000] {processor.py:840} INFO - DAG(s) '02_kafka_stream_ingestion' retrieved from /opt/airflow/dags/dag_02_kafka_ingestion.py
[2026-05-23T14:26:41.432+0000] {logging_mixin.py:188} INFO - [2026-05-23T14:26:41.432+0000] {dag.py:3096} INFO - Sync 1 DAGs
[2026-05-23T14:26:41.469+0000] {processor.py:183} INFO - Processing /opt/airflow/dags/dag_02_kafka_ingestion.py took 0.097 seconds
[2026-05-23T14:27:11.973+0000] {processor.py:161} INFO - Started process (PID=1755) to work on /opt/airflow/dags/dag_02_kafka_ingestion.py
[2026-05-23T14:27:11.975+0000] {processor.py:830} INFO - Processing file /opt/airflow/dags/dag_02_kafka_ingestion.py for tasks to queue
[2026-05-23T14:27:11.979+0000] {logging_mixin.py:188} INFO - [2026-05-23T14:27:11.978+0000] {dagbag.py:545} INFO - Filling up the DagBag from /opt/airflow/dags/dag_02_kafka_ingestion.py
[2026-05-23T14:27:12.024+0000] {processor.py:840} INFO - DAG(s) '02_kafka_stream_ingestion' retrieved from /opt/airflow/dags/dag_02_kafka_ingestion.py
[2026-05-23T14:27:12.067+0000] {logging_mixin.py:188} INFO - [2026-05-23T14:27:12.067+0000] {dag.py:3096} INFO - Sync 1 DAGs
[2026-05-23T14:27:12.150+0000] {processor.py:183} INFO - Processing /opt/airflow/dags/dag_02_kafka_ingestion.py took 0.195 seconds
[2026-05-23T14:27:42.675+0000] {processor.py:161} INFO - Started process (PID=1904) to work on /opt/airflow/dags/dag_02_kafka_ingestion.py
[2026-05-23T14:27:42.676+0000] {processor.py:830} INFO - Processing file /opt/airflow/dags/dag_02_kafka_ingestion.py for tasks to queue
[2026-05-23T14:27:42.677+0000] {logging_mixin.py:188} INFO - [2026-05-23T14:27:42.677+0000] {dagbag.py:545} INFO - Filling up the DagBag from /opt/airflow/dags/dag_02_kafka_ingestion.py
[2026-05-23T14:27:42.704+0000] {processor.py:840} INFO - DAG(s) '02_kafka_stream_ingestion' retrieved from /opt/airflow/dags/dag_02_kafka_ingestion.py
[2026-05-23T14:27:42.733+0000] {logging_mixin.py:188} INFO - [2026-05-23T14:27:42.733+0000] {dag.py:3096} INFO - Sync 1 DAGs
[2026-05-23T14:27:42.768+0000] {processor.py:183} INFO - Processing /opt/airflow/dags/dag_02_kafka_ingestion.py took 0.105 seconds
[2026-05-23T14:28:13.260+0000] {processor.py:161} INFO - Started process (PID=1935) to work on /opt/airflow/dags/dag_02_kafka_ingestion.py
[2026-05-23T14:28:13.261+0000] {processor.py:830} INFO - Processing file /opt/airflow/dags/dag_02_kafka_ingestion.py for tasks to queue
[2026-05-23T14:28:13.263+0000] {logging_mixin.py:188} INFO - [2026-05-23T14:28:13.263+0000] {dagbag.py:545} INFO - Filling up the DagBag from /opt/airflow/dags/dag_02_kafka_ingestion.py
[2026-05-23T14:28:13.293+0000] {processor.py:840} INFO - DAG(s) '02_kafka_stream_ingestion' retrieved from /opt/airflow/dags/dag_02_kafka_ingestion.py
[2026-05-23T14:28:13.323+0000] {logging_mixin.py:188} INFO - [2026-05-23T14:28:13.323+0000] {dag.py:3096} INFO - Sync 1 DAGs
[2026-05-23T14:28:13.361+0000] {processor.py:183} INFO - Processing /opt/airflow/dags/dag_02_kafka_ingestion.py took 0.111 seconds
[2026-05-23T14:28:43.930+0000] {processor.py:161} INFO - Started process (PID=2037) to work on /opt/airflow/dags/dag_02_kafka_ingestion.py
[2026-05-23T14:28:43.931+0000] {processor.py:830} INFO - Processing file /opt/airflow/dags/dag_02_kafka_ingestion.py for tasks to queue
[2026-05-23T14:28:43.934+0000] {logging_mixin.py:188} INFO - [2026-05-23T14:28:43.934+0000] {dagbag.py:545} INFO - Filling up the DagBag from /opt/airflow/dags/dag_02_kafka_ingestion.py
[2026-05-23T14:28:43.980+0000] {processor.py:840} INFO - DAG(s) '02_kafka_stream_ingestion' retrieved from /opt/airflow/dags/dag_02_kafka_ingestion.py
[2026-05-23T14:28:44.043+0000] {logging_mixin.py:188} INFO - [2026-05-23T14:28:44.042+0000] {dag.py:3096} INFO - Sync 1 DAGs
[2026-05-23T14:28:44.098+0000] {processor.py:183} INFO - Processing /opt/airflow/dags/dag_02_kafka_ingestion.py took 0.184 seconds
[2026-05-23T14:29:14.373+0000] {processor.py:161} INFO - Started process (PID=2112) to work on /opt/airflow/dags/dag_02_kafka_ingestion.py
[2026-05-23T14:29:14.373+0000] {processor.py:830} INFO - Processing file /opt/airflow/dags/dag_02_kafka_ingestion.py for tasks to queue
[2026-05-23T14:29:14.375+0000] {logging_mixin.py:188} INFO - [2026-05-23T14:29:14.375+0000] {dagbag.py:545} INFO - Filling up the DagBag from /opt/airflow/dags/dag_02_kafka_ingestion.py
[2026-05-23T14:29:14.399+0000] {processor.py:840} INFO - DAG(s) '02_kafka_stream_ingestion' retrieved from /opt/airflow/dags/dag_02_kafka_ingestion.py
[2026-05-23T14:29:14.426+0000] {logging_mixin.py:188} INFO - [2026-05-23T14:29:14.425+0000] {dag.py:3096} INFO - Sync 1 DAGs
[2026-05-23T14:29:14.459+0000] {processor.py:183} INFO - Processing /opt/airflow/dags/dag_02_kafka_ingestion.py took 0.095 seconds
[2026-05-23T14:29:44.944+0000] {processor.py:161} INFO - Started process (PID=2143) to work on /opt/airflow/dags/dag_02_kafka_ingestion.py
[2026-05-23T14:29:44.944+0000] {processor.py:830} INFO - Processing file /opt/airflow/dags/dag_02_kafka_ingestion.py for tasks to queue
[2026-05-23T14:29:44.946+0000] {logging_mixin.py:188} INFO - [2026-05-23T14:29:44.946+0000] {dagbag.py:545} INFO - Filling up the DagBag from /opt/airflow/dags/dag_02_kafka_ingestion.py
[2026-05-23T14:29:44.976+0000] {processor.py:840} INFO - DAG(s) '02_kafka_stream_ingestion' retrieved from /opt/airflow/dags/dag_02_kafka_ingestion.py
[2026-05-23T14:29:45.008+0000] {logging_mixin.py:188} INFO - [2026-05-23T14:29:45.008+0000] {dag.py:3096} INFO - Sync 1 DAGs
[2026-05-23T14:29:45.051+0000] {processor.py:183} INFO - Processing /opt/airflow/dags/dag_02_kafka_ingestion.py took 0.117 seconds
[2026-05-23T14:30:15.586+0000] {processor.py:161} INFO - Started process (PID=2411) to work on /opt/airflow/dags/dag_02_kafka_ingestion.py
[2026-05-23T14:30:15.588+0000] {processor.py:830} INFO - Processing file /opt/airflow/dags/dag_02_kafka_ingestion.py for tasks to queue
[2026-05-23T14:30:15.589+0000] {logging_mixin.py:188} INFO - [2026-05-23T14:30:15.589+0000] {dagbag.py:545} INFO - Filling up the DagBag from /opt/airflow/dags/dag_02_kafka_ingestion.py
[2026-05-23T14:30:15.613+0000] {processor.py:840} INFO - DAG(s) '02_kafka_stream_ingestion' retrieved from /opt/airflow/dags/dag_02_kafka_ingestion.py
[2026-05-23T14:30:15.643+0000] {logging_mixin.py:188} INFO - [2026-05-23T14:30:15.643+0000] {dag.py:3096} INFO - Sync 1 DAGs
[2026-05-23T14:30:15.679+0000] {processor.py:183} INFO - Processing /opt/airflow/dags/dag_02_kafka_ingestion.py took 0.103 seconds
[2026-05-23T14:30:46.294+0000] {processor.py:161} INFO - Started process (PID=2442) to work on /opt/airflow/dags/dag_02_kafka_ingestion.py
[2026-05-23T14:30:46.297+0000] {processor.py:830} INFO - Processing file /opt/airflow/dags/dag_02_kafka_ingestion.py for tasks to queue
[2026-05-23T14:30:46.302+0000] {logging_mixin.py:188} INFO - [2026-05-23T14:30:46.301+0000] {dagbag.py:545} INFO - Filling up the DagBag from /opt/airflow/dags/dag_02_kafka_ingestion.py
[2026-05-23T14:30:46.402+0000] {processor.py:840} INFO - DAG(s) '02_kafka_stream_ingestion' retrieved from /opt/airflow/dags/dag_02_kafka_ingestion.py
[2026-05-23T14:30:46.495+0000] {logging_mixin.py:188} INFO - [2026-05-23T14:30:46.495+0000] {dag.py:3096} INFO - Sync 1 DAGs
[2026-05-23T14:30:46.624+0000] {processor.py:183} INFO - Processing /opt/airflow/dags/dag_02_kafka_ingestion.py took 0.366 seconds
[2026-05-23T14:31:17.085+0000] {processor.py:161} INFO - Started process (PID=2492) to work on /opt/airflow/dags/dag_02_kafka_ingestion.py
[2026-05-23T14:31:17.086+0000] {processor.py:830} INFO - Processing file /opt/airflow/dags/dag_02_kafka_ingestion.py for tasks to queue
[2026-05-23T14:31:17.088+0000] {logging_mixin.py:188} INFO - [2026-05-23T14:31:17.088+0000] {dagbag.py:545} INFO - Filling up the DagBag from /opt/airflow/dags/dag_02_kafka_ingestion.py
[2026-05-23T14:31:17.114+0000] {processor.py:840} INFO - DAG(s) '02_kafka_stream_ingestion' retrieved from /opt/airflow/dags/dag_02_kafka_ingestion.py
[2026-05-23T14:31:17.148+0000] {logging_mixin.py:188} INFO - [2026-05-23T14:31:17.148+0000] {dag.py:3096} INFO - Sync 1 DAGs
[2026-05-23T14:31:17.190+0000] {processor.py:183} INFO - Processing /opt/airflow/dags/dag_02_kafka_ingestion.py took 0.116 seconds
[2026-05-23T14:31:47.745+0000] {processor.py:161} INFO - Started process (PID=2780) to work on /opt/airflow/dags/dag_02_kafka_ingestion.py
[2026-05-23T14:31:47.746+0000] {processor.py:830} INFO - Processing file /opt/airflow/dags/dag_02_kafka_ingestion.py for tasks to queue
[2026-05-23T14:31:47.748+0000] {logging_mixin.py:188} INFO - [2026-05-23T14:31:47.747+0000] {dagbag.py:545} INFO - Filling up the DagBag from /opt/airflow/dags/dag_02_kafka_ingestion.py
[2026-05-23T14:31:47.775+0000] {processor.py:840} INFO - DAG(s) '02_kafka_stream_ingestion' retrieved from /opt/airflow/dags/dag_02_kafka_ingestion.py
[2026-05-23T14:31:47.805+0000] {logging_mixin.py:188} INFO - [2026-05-23T14:31:47.805+0000] {dag.py:3096} INFO - Sync 1 DAGs
[2026-05-23T14:31:47.846+0000] {processor.py:183} INFO - Processing /opt/airflow/dags/dag_02_kafka_ingestion.py took 0.111 seconds
[2026-05-23T14:32:18.200+0000] {processor.py:161} INFO - Started process (PID=2867) to work on /opt/airflow/dags/dag_02_kafka_ingestion.py
[2026-05-23T14:32:18.201+0000] {processor.py:830} INFO - Processing file /opt/airflow/dags/dag_02_kafka_ingestion.py for tasks to queue
[2026-05-23T14:32:18.203+0000] {logging_mixin.py:188} INFO - [2026-05-23T14:32:18.203+0000] {dagbag.py:545} INFO - Filling up the DagBag from /opt/airflow/dags/dag_02_kafka_ingestion.py
[2026-05-23T14:32:18.228+0000] {processor.py:840} INFO - DAG(s) '02_kafka_stream_ingestion' retrieved from /opt/airflow/dags/dag_02_kafka_ingestion.py
[2026-05-23T14:32:18.256+0000] {logging_mixin.py:188} INFO - [2026-05-23T14:32:18.255+0000] {dag.py:3096} INFO - Sync 1 DAGs
[2026-05-23T14:32:18.289+0000] {processor.py:183} INFO - Processing /opt/airflow/dags/dag_02_kafka_ingestion.py took 0.098 seconds
[2026-05-23T14:32:48.834+0000] {processor.py:161} INFO - Started process (PID=2951) to work on /opt/airflow/dags/dag_02_kafka_ingestion.py
[2026-05-23T14:32:48.835+0000] {processor.py:830} INFO - Processing file /opt/airflow/dags/dag_02_kafka_ingestion.py for tasks to queue
[2026-05-23T14:32:48.837+0000] {logging_mixin.py:188} INFO - [2026-05-23T14:32:48.837+0000] {dagbag.py:545} INFO - Filling up the DagBag from /opt/airflow/dags/dag_02_kafka_ingestion.py
[2026-05-23T14:32:48.871+0000] {processor.py:840} INFO - DAG(s) '02_kafka_stream_ingestion' retrieved from /opt/airflow/dags/dag_02_kafka_ingestion.py
[2026-05-23T14:32:48.914+0000] {logging_mixin.py:188} INFO - [2026-05-23T14:32:48.913+0000] {dag.py:3096} INFO - Sync 1 DAGs
[2026-05-23T14:32:48.973+0000] {processor.py:183} INFO - Processing /opt/airflow/dags/dag_02_kafka_ingestion.py took 0.160 seconds
[2026-05-23T14:33:19.573+0000] {processor.py:161} INFO - Started process (PID=3154) to work on /opt/airflow/dags/dag_02_kafka_ingestion.py
[2026-05-23T14:33:19.574+0000] {processor.py:830} INFO - Processing file /opt/airflow/dags/dag_02_kafka_ingestion.py for tasks to queue
[2026-05-23T14:33:19.577+0000] {logging_mixin.py:188} INFO - [2026-05-23T14:33:19.576+0000] {dagbag.py:545} INFO - Filling up the DagBag from /opt/airflow/dags/dag_02_kafka_ingestion.py
[2026-05-23T14:33:19.610+0000] {processor.py:840} INFO - DAG(s) '02_kafka_stream_ingestion' retrieved from /opt/airflow/dags/dag_02_kafka_ingestion.py
[2026-05-23T14:33:19.649+0000] {logging_mixin.py:188} INFO - [2026-05-23T14:33:19.649+0000] {dag.py:3096} INFO - Sync 1 DAGs
[2026-05-23T14:33:19.700+0000] {processor.py:183} INFO - Processing /opt/airflow/dags/dag_02_kafka_ingestion.py took 0.139 seconds
[2026-05-23T14:33:50.342+0000] {processor.py:161} INFO - Started process (PID=3202) to work on /opt/airflow/dags/dag_02_kafka_ingestion.py
[2026-05-23T14:33:50.343+0000] {processor.py:830} INFO - Processing file /opt/airflow/dags/dag_02_kafka_ingestion.py for tasks to queue
[2026-05-23T14:33:50.345+0000] {logging_mixin.py:188} INFO - [2026-05-23T14:33:50.345+0000] {dagbag.py:545} INFO - Filling up the DagBag from /opt/airflow/dags/dag_02_kafka_ingestion.py
[2026-05-23T14:33:50.380+0000] {processor.py:840} INFO - DAG(s) '02_kafka_stream_ingestion' retrieved from /opt/airflow/dags/dag_02_kafka_ingestion.py
[2026-05-23T14:33:50.423+0000] {logging_mixin.py:188} INFO - [2026-05-23T14:33:50.423+0000] {dag.py:3096} INFO - Sync 1 DAGs
[2026-05-23T14:33:50.478+0000] {processor.py:183} INFO - Processing /opt/airflow/dags/dag_02_kafka_ingestion.py took 0.152 seconds
[2026-05-23T14:34:20.964+0000] {processor.py:161} INFO - Started process (PID=3233) to work on /opt/airflow/dags/dag_02_kafka_ingestion.py
[2026-05-23T14:34:20.966+0000] {processor.py:830} INFO - Processing file /opt/airflow/dags/dag_02_kafka_ingestion.py for tasks to queue
[2026-05-23T14:34:20.967+0000] {logging_mixin.py:188} INFO - [2026-05-23T14:34:20.967+0000] {dagbag.py:545} INFO - Filling up the DagBag from /opt/airflow/dags/dag_02_kafka_ingestion.py
[2026-05-23T14:34:20.990+0000] {processor.py:840} INFO - DAG(s) '02_kafka_stream_ingestion' retrieved from /opt/airflow/dags/dag_02_kafka_ingestion.py
[2026-05-23T14:34:21.015+0000] {logging_mixin.py:188} INFO - [2026-05-23T14:34:21.015+0000] {dag.py:3096} INFO - Sync 1 DAGs
[2026-05-23T14:34:21.045+0000] {processor.py:183} INFO - Processing /opt/airflow/dags/dag_02_kafka_ingestion.py took 0.091 seconds
[2026-05-23T14:34:51.470+0000] {processor.py:161} INFO - Started process (PID=3385) to work on /opt/airflow/dags/dag_02_kafka_ingestion.py
[2026-05-23T14:34:51.471+0000] {processor.py:830} INFO - Processing file /opt/airflow/dags/dag_02_kafka_ingestion.py for tasks to queue
[2026-05-23T14:34:51.473+0000] {logging_mixin.py:188} INFO - [2026-05-23T14:34:51.472+0000] {dagbag.py:545} INFO - Filling up the DagBag from /opt/airflow/dags/dag_02_kafka_ingestion.py
[2026-05-23T14:34:51.495+0000] {processor.py:840} INFO - DAG(s) '02_kafka_stream_ingestion' retrieved from /opt/airflow/dags/dag_02_kafka_ingestion.py
[2026-05-23T14:34:51.520+0000] {logging_mixin.py:188} INFO - [2026-05-23T14:34:51.520+0000] {dag.py:3096} INFO - Sync 1 DAGs
[2026-05-23T14:34:51.554+0000] {processor.py:183} INFO - Processing /opt/airflow/dags/dag_02_kafka_ingestion.py took 0.093 seconds
[2026-05-23T14:35:21.992+0000] {processor.py:161} INFO - Started process (PID=3533) to work on /opt/airflow/dags/dag_02_kafka_ingestion.py
[2026-05-23T14:35:21.993+0000] {processor.py:830} INFO - Processing file /opt/airflow/dags/dag_02_kafka_ingestion.py for tasks to queue
[2026-05-23T14:35:21.995+0000] {logging_mixin.py:188} INFO - [2026-05-23T14:35:21.994+0000] {dagbag.py:545} INFO - Filling up the DagBag from /opt/airflow/dags/dag_02_kafka_ingestion.py
[2026-05-23T14:35:22.024+0000] {processor.py:840} INFO - DAG(s) '02_kafka_stream_ingestion' retrieved from /opt/airflow/dags/dag_02_kafka_ingestion.py
[2026-05-23T14:35:22.058+0000] {logging_mixin.py:188} INFO - [2026-05-23T14:35:22.058+0000] {dag.py:3096} INFO - Sync 1 DAGs
[2026-05-23T14:35:22.092+0000] {processor.py:183} INFO - Processing /opt/airflow/dags/dag_02_kafka_ingestion.py took 0.114 seconds
[2026-05-23T14:35:52.620+0000] {processor.py:161} INFO - Started process (PID=3634) to work on /opt/airflow/dags/dag_02_kafka_ingestion.py
[2026-05-23T14:35:52.621+0000] {processor.py:830} INFO - Processing file /opt/airflow/dags/dag_02_kafka_ingestion.py for tasks to queue
[2026-05-23T14:35:52.622+0000] {logging_mixin.py:188} INFO - [2026-05-23T14:35:52.622+0000] {dagbag.py:545} INFO - Filling up the DagBag from /opt/airflow/dags/dag_02_kafka_ingestion.py
[2026-05-23T14:35:52.645+0000] {processor.py:840} INFO - DAG(s) '02_kafka_stream_ingestion' retrieved from /opt/airflow/dags/dag_02_kafka_ingestion.py
[2026-05-23T14:35:52.677+0000] {logging_mixin.py:188} INFO - [2026-05-23T14:35:52.676+0000] {dag.py:3096} INFO - Sync 1 DAGs
[2026-05-23T14:35:52.719+0000] {processor.py:183} INFO - Processing /opt/airflow/dags/dag_02_kafka_ingestion.py took 0.108 seconds
[2026-05-23T14:36:23.169+0000] {processor.py:161} INFO - Started process (PID=3716) to work on /opt/airflow/dags/dag_02_kafka_ingestion.py
[2026-05-23T14:36:23.170+0000] {processor.py:830} INFO - Processing file /opt/airflow/dags/dag_02_kafka_ingestion.py for tasks to queue
[2026-05-23T14:36:23.172+0000] {logging_mixin.py:188} INFO - [2026-05-23T14:36:23.171+0000] {dagbag.py:545} INFO - Filling up the DagBag from /opt/airflow/dags/dag_02_kafka_ingestion.py
[2026-05-23T14:36:23.194+0000] {processor.py:840} INFO - DAG(s) '02_kafka_stream_ingestion' retrieved from /opt/airflow/dags/dag_02_kafka_ingestion.py
[2026-05-23T14:36:23.224+0000] {logging_mixin.py:188} INFO - [2026-05-23T14:36:23.223+0000] {dag.py:3096} INFO - Sync 1 DAGs
[2026-05-23T14:36:23.259+0000] {processor.py:183} INFO - Processing /opt/airflow/dags/dag_02_kafka_ingestion.py took 0.100 seconds
[2026-05-23T14:36:53.768+0000] {processor.py:161} INFO - Started process (PID=3747) to work on /opt/airflow/dags/dag_02_kafka_ingestion.py
[2026-05-23T14:36:53.770+0000] {processor.py:830} INFO - Processing file /opt/airflow/dags/dag_02_kafka_ingestion.py for tasks to queue
[2026-05-23T14:36:53.772+0000] {logging_mixin.py:188} INFO - [2026-05-23T14:36:53.771+0000] {dagbag.py:545} INFO - Filling up the DagBag from /opt/airflow/dags/dag_02_kafka_ingestion.py
[2026-05-23T14:36:53.796+0000] {processor.py:840} INFO - DAG(s) '02_kafka_stream_ingestion' retrieved from /opt/airflow/dags/dag_02_kafka_ingestion.py
[2026-05-23T14:36:53.825+0000] {logging_mixin.py:188} INFO - [2026-05-23T14:36:53.825+0000] {dag.py:3096} INFO - Sync 1 DAGs
[2026-05-23T14:36:53.861+0000] {processor.py:183} INFO - Processing /opt/airflow/dags/dag_02_kafka_ingestion.py took 0.104 seconds
[2026-05-23T14:37:24.371+0000] {processor.py:161} INFO - Started process (PID=3938) to work on /opt/airflow/dags/dag_02_kafka_ingestion.py
[2026-05-23T14:37:24.372+0000] {processor.py:830} INFO - Processing file /opt/airflow/dags/dag_02_kafka_ingestion.py for tasks to queue
[2026-05-23T14:37:24.373+0000] {logging_mixin.py:188} INFO - [2026-05-23T14:37:24.373+0000] {dagbag.py:545} INFO - Filling up the DagBag from /opt/airflow/dags/dag_02_kafka_ingestion.py
[2026-05-23T14:37:24.397+0000] {processor.py:840} INFO - DAG(s) '02_kafka_stream_ingestion' retrieved from /opt/airflow/dags/dag_02_kafka_ingestion.py
[2026-05-23T14:37:24.423+0000] {logging_mixin.py:188} INFO - [2026-05-23T14:37:24.423+0000] {dag.py:3096} INFO - Sync 1 DAGs
[2026-05-23T14:37:24.456+0000] {processor.py:183} INFO - Processing /opt/airflow/dags/dag_02_kafka_ingestion.py took 0.096 seconds
[2026-05-23T14:37:55.053+0000] {processor.py:161} INFO - Started process (PID=4151) to work on /opt/airflow/dags/dag_02_kafka_ingestion.py
[2026-05-23T14:37:55.055+0000] {processor.py:830} INFO - Processing file /opt/airflow/dags/dag_02_kafka_ingestion.py for tasks to queue
[2026-05-23T14:37:55.059+0000] {logging_mixin.py:188} INFO - [2026-05-23T14:37:55.058+0000] {dagbag.py:545} INFO - Filling up the DagBag from /opt/airflow/dags/dag_02_kafka_ingestion.py
[2026-05-23T14:37:55.113+0000] {processor.py:840} INFO - DAG(s) '02_kafka_stream_ingestion' retrieved from /opt/airflow/dags/dag_02_kafka_ingestion.py
[2026-05-23T14:37:55.166+0000] {logging_mixin.py:188} INFO - [2026-05-23T14:37:55.165+0000] {dag.py:3096} INFO - Sync 1 DAGs
[2026-05-23T14:37:55.230+0000] {processor.py:183} INFO - Processing /opt/airflow/dags/dag_02_kafka_ingestion.py took 0.199 seconds
[2026-05-23T14:38:25.766+0000] {processor.py:161} INFO - Started process (PID=4642) to work on /opt/airflow/dags/dag_02_kafka_ingestion.py
[2026-05-23T14:38:25.767+0000] {processor.py:830} INFO - Processing file /opt/airflow/dags/dag_02_kafka_ingestion.py for tasks to queue
[2026-05-23T14:38:25.769+0000] {logging_mixin.py:188} INFO - [2026-05-23T14:38:25.768+0000] {dagbag.py:545} INFO - Filling up the DagBag from /opt/airflow/dags/dag_02_kafka_ingestion.py
[2026-05-23T14:38:25.790+0000] {processor.py:840} INFO - DAG(s) '02_kafka_stream_ingestion' retrieved from /opt/airflow/dags/dag_02_kafka_ingestion.py
[2026-05-23T14:38:25.816+0000] {logging_mixin.py:188} INFO - [2026-05-23T14:38:25.816+0000] {dag.py:3096} INFO - Sync 1 DAGs
[2026-05-23T14:38:25.847+0000] {processor.py:183} INFO - Processing /opt/airflow/dags/dag_02_kafka_ingestion.py took 0.090 seconds
[2026-05-23T14:38:56.397+0000] {processor.py:161} INFO - Started process (PID=4775) to work on /opt/airflow/dags/dag_02_kafka_ingestion.py
[2026-05-23T14:38:56.398+0000] {processor.py:830} INFO - Processing file /opt/airflow/dags/dag_02_kafka_ingestion.py for tasks to queue
[2026-05-23T14:38:56.399+0000] {logging_mixin.py:188} INFO - [2026-05-23T14:38:56.399+0000] {dagbag.py:545} INFO - Filling up the DagBag from /opt/airflow/dags/dag_02_kafka_ingestion.py
[2026-05-23T14:38:56.421+0000] {processor.py:840} INFO - DAG(s) '02_kafka_stream_ingestion' retrieved from /opt/airflow/dags/dag_02_kafka_ingestion.py
[2026-05-23T14:38:56.447+0000] {logging_mixin.py:188} INFO - [2026-05-23T14:38:56.447+0000] {dag.py:3096} INFO - Sync 1 DAGs
[2026-05-23T14:38:56.478+0000] {processor.py:183} INFO - Processing /opt/airflow/dags/dag_02_kafka_ingestion.py took 0.089 seconds
[2026-05-23T14:39:26.952+0000] {processor.py:161} INFO - Started process (PID=4806) to work on /opt/airflow/dags/dag_02_kafka_ingestion.py
[2026-05-23T14:39:26.953+0000] {processor.py:830} INFO - Processing file /opt/airflow/dags/dag_02_kafka_ingestion.py for tasks to queue
[2026-05-23T14:39:26.954+0000] {logging_mixin.py:188} INFO - [2026-05-23T14:39:26.954+0000] {dagbag.py:545} INFO - Filling up the DagBag from /opt/airflow/dags/dag_02_kafka_ingestion.py
[2026-05-23T14:39:26.976+0000] {processor.py:840} INFO - DAG(s) '02_kafka_stream_ingestion' retrieved from /opt/airflow/dags/dag_02_kafka_ingestion.py
[2026-05-23T14:39:27.002+0000] {logging_mixin.py:188} INFO - [2026-05-23T14:39:27.002+0000] {dag.py:3096} INFO - Sync 1 DAGs
[2026-05-23T14:39:27.034+0000] {processor.py:183} INFO - Processing /opt/airflow/dags/dag_02_kafka_ingestion.py took 0.091 seconds
[2026-05-23T14:39:57.479+0000] {processor.py:161} INFO - Started process (PID=4958) to work on /opt/airflow/dags/dag_02_kafka_ingestion.py
[2026-05-23T14:39:57.480+0000] {processor.py:830} INFO - Processing file /opt/airflow/dags/dag_02_kafka_ingestion.py for tasks to queue
[2026-05-23T14:39:57.482+0000] {logging_mixin.py:188} INFO - [2026-05-23T14:39:57.481+0000] {dagbag.py:545} INFO - Filling up the DagBag from /opt/airflow/dags/dag_02_kafka_ingestion.py
[2026-05-23T14:39:57.504+0000] {processor.py:840} INFO - DAG(s) '02_kafka_stream_ingestion' retrieved from /opt/airflow/dags/dag_02_kafka_ingestion.py
[2026-05-23T14:39:57.533+0000] {logging_mixin.py:188} INFO - [2026-05-23T14:39:57.532+0000] {dag.py:3096} INFO - Sync 1 DAGs
[2026-05-23T14:39:57.573+0000] {processor.py:183} INFO - Processing /opt/airflow/dags/dag_02_kafka_ingestion.py took 0.102 seconds
[2026-05-23T14:40:28.014+0000] {processor.py:161} INFO - Started process (PID=5110) to work on /opt/airflow/dags/dag_02_kafka_ingestion.py
[2026-05-23T14:40:28.015+0000] {processor.py:830} INFO - Processing file /opt/airflow/dags/dag_02_kafka_ingestion.py for tasks to queue
[2026-05-23T14:40:28.016+0000] {logging_mixin.py:188} INFO - [2026-05-23T14:40:28.016+0000] {dagbag.py:545} INFO - Filling up the DagBag from /opt/airflow/dags/dag_02_kafka_ingestion.py
[2026-05-23T14:40:28.038+0000] {processor.py:840} INFO - DAG(s) '02_kafka_stream_ingestion' retrieved from /opt/airflow/dags/dag_02_kafka_ingestion.py
[2026-05-23T14:40:28.066+0000] {logging_mixin.py:188} INFO - [2026-05-23T14:40:28.066+0000] {dag.py:3096} INFO - Sync 1 DAGs
[2026-05-23T14:40:28.103+0000] {processor.py:183} INFO - Processing /opt/airflow/dags/dag_02_kafka_ingestion.py took 0.098 seconds
[2026-05-23T14:40:59.002+0000] {processor.py:161} INFO - Started process (PID=5147) to work on /opt/airflow/dags/dag_02_kafka_ingestion.py
[2026-05-23T14:40:59.003+0000] {processor.py:830} INFO - Processing file /opt/airflow/dags/dag_02_kafka_ingestion.py for tasks to queue
[2026-05-23T14:40:59.005+0000] {logging_mixin.py:188} INFO - [2026-05-23T14:40:59.005+0000] {dagbag.py:545} INFO - Filling up the DagBag from /opt/airflow/dags/dag_02_kafka_ingestion.py
[2026-05-23T14:40:59.045+0000] {processor.py:840} INFO - DAG(s) '02_kafka_stream_ingestion' retrieved from /opt/airflow/dags/dag_02_kafka_ingestion.py
[2026-05-23T14:40:59.172+0000] {logging_mixin.py:188} INFO - [2026-05-23T14:40:59.171+0000] {dag.py:3096} INFO - Sync 1 DAGs
[2026-05-23T14:40:59.248+0000] {processor.py:183} INFO - Processing /opt/airflow/dags/dag_02_kafka_ingestion.py took 0.267 seconds
[2026-05-23T14:41:30.069+0000] {processor.py:161} INFO - Started process (PID=5254) to work on /opt/airflow/dags/dag_02_kafka_ingestion.py
[2026-05-23T14:41:30.070+0000] {processor.py:830} INFO - Processing file /opt/airflow/dags/dag_02_kafka_ingestion.py for tasks to queue
[2026-05-23T14:41:30.072+0000] {logging_mixin.py:188} INFO - [2026-05-23T14:41:30.072+0000] {dagbag.py:545} INFO - Filling up the DagBag from /opt/airflow/dags/dag_02_kafka_ingestion.py
[2026-05-23T14:41:30.098+0000] {processor.py:840} INFO - DAG(s) '02_kafka_stream_ingestion' retrieved from /opt/airflow/dags/dag_02_kafka_ingestion.py
[2026-05-23T14:41:30.128+0000] {logging_mixin.py:188} INFO - [2026-05-23T14:41:30.127+0000] {dag.py:3096} INFO - Sync 1 DAGs
[2026-05-23T14:41:30.161+0000] {processor.py:183} INFO - Processing /opt/airflow/dags/dag_02_kafka_ingestion.py took 0.109 seconds
[2026-05-23T14:42:00.643+0000] {processor.py:161} INFO - Started process (PID=5336) to work on /opt/airflow/dags/dag_02_kafka_ingestion.py
[2026-05-23T14:42:00.650+0000] {processor.py:830} INFO - Processing file /opt/airflow/dags/dag_02_kafka_ingestion.py for tasks to queue
[2026-05-23T14:42:00.651+0000] {logging_mixin.py:188} INFO - [2026-05-23T14:42:00.651+0000] {dagbag.py:545} INFO - Filling up the DagBag from /opt/airflow/dags/dag_02_kafka_ingestion.py
[2026-05-23T14:42:00.674+0000] {processor.py:840} INFO - DAG(s) '02_kafka_stream_ingestion' retrieved from /opt/airflow/dags/dag_02_kafka_ingestion.py
[2026-05-23T14:42:00.703+0000] {logging_mixin.py:188} INFO - [2026-05-23T14:42:00.703+0000] {dag.py:3096} INFO - Sync 1 DAGs
[2026-05-23T14:42:00.744+0000] {processor.py:183} INFO - Processing /opt/airflow/dags/dag_02_kafka_ingestion.py took 0.109 seconds
[2026-05-23T14:42:31.270+0000] {processor.py:161} INFO - Started process (PID=5367) to work on /opt/airflow/dags/dag_02_kafka_ingestion.py
[2026-05-23T14:42:31.271+0000] {processor.py:830} INFO - Processing file /opt/airflow/dags/dag_02_kafka_ingestion.py for tasks to queue
[2026-05-23T14:42:31.273+0000] {logging_mixin.py:188} INFO - [2026-05-23T14:42:31.273+0000] {dagbag.py:545} INFO - Filling up the DagBag from /opt/airflow/dags/dag_02_kafka_ingestion.py
[2026-05-23T14:42:31.304+0000] {processor.py:840} INFO - DAG(s) '02_kafka_stream_ingestion' retrieved from /opt/airflow/dags/dag_02_kafka_ingestion.py
[2026-05-23T14:42:31.335+0000] {logging_mixin.py:188} INFO - [2026-05-23T14:42:31.334+0000] {dag.py:3096} INFO - Sync 1 DAGs
[2026-05-23T14:42:31.372+0000] {processor.py:183} INFO - Processing /opt/airflow/dags/dag_02_kafka_ingestion.py took 0.112 seconds
[2026-05-23T14:43:01.845+0000] {processor.py:161} INFO - Started process (PID=5525) to work on /opt/airflow/dags/dag_02_kafka_ingestion.py
[2026-05-23T14:43:01.846+0000] {processor.py:830} INFO - Processing file /opt/airflow/dags/dag_02_kafka_ingestion.py for tasks to queue
[2026-05-23T14:43:01.847+0000] {logging_mixin.py:188} INFO - [2026-05-23T14:43:01.847+0000] {dagbag.py:545} INFO - Filling up the DagBag from /opt/airflow/dags/dag_02_kafka_ingestion.py
[2026-05-23T14:43:01.868+0000] {processor.py:840} INFO - DAG(s) '02_kafka_stream_ingestion' retrieved from /opt/airflow/dags/dag_02_kafka_ingestion.py
[2026-05-23T14:43:01.896+0000] {logging_mixin.py:188} INFO - [2026-05-23T14:43:01.896+0000] {dag.py:3096} INFO - Sync 1 DAGs
[2026-05-23T14:43:01.931+0000] {processor.py:183} INFO - Processing /opt/airflow/dags/dag_02_kafka_ingestion.py took 0.095 seconds
[2026-05-23T14:43:32.492+0000] {processor.py:161} INFO - Started process (PID=5556) to work on /opt/airflow/dags/dag_02_kafka_ingestion.py
[2026-05-23T14:43:32.493+0000] {processor.py:830} INFO - Processing file /opt/airflow/dags/dag_02_kafka_ingestion.py for tasks to queue
[2026-05-23T14:43:32.495+0000] {logging_mixin.py:188} INFO - [2026-05-23T14:43:32.494+0000] {dagbag.py:545} INFO - Filling up the DagBag from /opt/airflow/dags/dag_02_kafka_ingestion.py
[2026-05-23T14:43:32.518+0000] {processor.py:840} INFO - DAG(s) '02_kafka_stream_ingestion' retrieved from /opt/airflow/dags/dag_02_kafka_ingestion.py
[2026-05-23T14:43:32.546+0000] {logging_mixin.py:188} INFO - [2026-05-23T14:43:32.546+0000] {dag.py:3096} INFO - Sync 1 DAGs
[2026-05-23T14:43:32.587+0000] {processor.py:183} INFO - Processing /opt/airflow/dags/dag_02_kafka_ingestion.py took 0.104 seconds
[2026-05-23T14:44:03.084+0000] {processor.py:161} INFO - Started process (PID=5623) to work on /opt/airflow/dags/dag_02_kafka_ingestion.py
[2026-05-23T14:44:03.086+0000] {processor.py:830} INFO - Processing file /opt/airflow/dags/dag_02_kafka_ingestion.py for tasks to queue
[2026-05-23T14:44:03.088+0000] {logging_mixin.py:188} INFO - [2026-05-23T14:44:03.087+0000] {dagbag.py:545} INFO - Filling up the DagBag from /opt/airflow/dags/dag_02_kafka_ingestion.py
[2026-05-23T14:44:03.115+0000] {processor.py:840} INFO - DAG(s) '02_kafka_stream_ingestion' retrieved from /opt/airflow/dags/dag_02_kafka_ingestion.py
[2026-05-23T14:44:03.148+0000] {logging_mixin.py:188} INFO - [2026-05-23T14:44:03.147+0000] {dag.py:3096} INFO - Sync 1 DAGs
[2026-05-23T14:44:03.182+0000] {processor.py:183} INFO - Processing /opt/airflow/dags/dag_02_kafka_ingestion.py took 0.110 seconds
[2026-05-23T14:44:33.643+0000] {processor.py:161} INFO - Started process (PID=5747) to work on /opt/airflow/dags/dag_02_kafka_ingestion.py
[2026-05-23T14:44:33.644+0000] {processor.py:830} INFO - Processing file /opt/airflow/dags/dag_02_kafka_ingestion.py for tasks to queue
[2026-05-23T14:44:33.645+0000] {logging_mixin.py:188} INFO - [2026-05-23T14:44:33.645+0000] {dagbag.py:545} INFO - Filling up the DagBag from /opt/airflow/dags/dag_02_kafka_ingestion.py
[2026-05-23T14:44:33.668+0000] {processor.py:840} INFO - DAG(s) '02_kafka_stream_ingestion' retrieved from /opt/airflow/dags/dag_02_kafka_ingestion.py
[2026-05-23T14:44:33.697+0000] {logging_mixin.py:188} INFO - [2026-05-23T14:44:33.696+0000] {dag.py:3096} INFO - Sync 1 DAGs
[2026-05-23T14:44:33.740+0000] {processor.py:183} INFO - Processing /opt/airflow/dags/dag_02_kafka_ingestion.py took 0.105 seconds
[2026-05-23T14:45:04.260+0000] {processor.py:161} INFO - Started process (PID=5830) to work on /opt/airflow/dags/dag_02_kafka_ingestion.py
[2026-05-23T14:45:04.262+0000] {processor.py:830} INFO - Processing file /opt/airflow/dags/dag_02_kafka_ingestion.py for tasks to queue
[2026-05-23T14:45:04.265+0000] {logging_mixin.py:188} INFO - [2026-05-23T14:45:04.265+0000] {dagbag.py:545} INFO - Filling up the DagBag from /opt/airflow/dags/dag_02_kafka_ingestion.py
[2026-05-23T14:45:04.310+0000] {processor.py:840} INFO - DAG(s) '02_kafka_stream_ingestion' retrieved from /opt/airflow/dags/dag_02_kafka_ingestion.py
[2026-05-23T14:45:04.350+0000] {logging_mixin.py:188} INFO - [2026-05-23T14:45:04.350+0000] {dag.py:3096} INFO - Sync 1 DAGs
[2026-05-23T14:45:04.389+0000] {processor.py:183} INFO - Processing /opt/airflow/dags/dag_02_kafka_ingestion.py took 0.146 seconds
[2026-05-23T14:45:34.863+0000] {processor.py:161} INFO - Started process (PID=6123) to work on /opt/airflow/dags/dag_02_kafka_ingestion.py
[2026-05-23T14:45:34.864+0000] {processor.py:830} INFO - Processing file /opt/airflow/dags/dag_02_kafka_ingestion.py for tasks to queue
[2026-05-23T14:45:34.866+0000] {logging_mixin.py:188} INFO - [2026-05-23T14:45:34.865+0000] {dagbag.py:545} INFO - Filling up the DagBag from /opt/airflow/dags/dag_02_kafka_ingestion.py
[2026-05-23T14:45:34.891+0000] {processor.py:840} INFO - DAG(s) '02_kafka_stream_ingestion' retrieved from /opt/airflow/dags/dag_02_kafka_ingestion.py
[2026-05-23T14:45:34.906+0000] {logging_mixin.py:188} INFO - [2026-05-23T14:45:34.905+0000] {dag.py:3096} INFO - Sync 1 DAGs
[2026-05-23T14:45:34.940+0000] {processor.py:183} INFO - Processing /opt/airflow/dags/dag_02_kafka_ingestion.py took 0.087 seconds
[2026-05-23T14:46:05.479+0000] {processor.py:161} INFO - Started process (PID=6246) to work on /opt/airflow/dags/dag_02_kafka_ingestion.py
[2026-05-23T14:46:05.481+0000] {processor.py:830} INFO - Processing file /opt/airflow/dags/dag_02_kafka_ingestion.py for tasks to queue
[2026-05-23T14:46:05.483+0000] {logging_mixin.py:188} INFO - [2026-05-23T14:46:05.482+0000] {dagbag.py:545} INFO - Filling up the DagBag from /opt/airflow/dags/dag_02_kafka_ingestion.py
[2026-05-23T14:46:05.506+0000] {processor.py:840} INFO - DAG(s) '02_kafka_stream_ingestion' retrieved from /opt/airflow/dags/dag_02_kafka_ingestion.py
[2026-05-23T14:46:05.609+0000] {logging_mixin.py:188} INFO - [2026-05-23T14:46:05.609+0000] {dag.py:3096} INFO - Sync 1 DAGs
[2026-05-23T14:46:05.644+0000] {processor.py:183} INFO - Processing /opt/airflow/dags/dag_02_kafka_ingestion.py took 0.177 seconds
[2026-05-23T14:46:35.970+0000] {processor.py:161} INFO - Started process (PID=6439) to work on /opt/airflow/dags/dag_02_kafka_ingestion.py
[2026-05-23T14:46:35.971+0000] {processor.py:830} INFO - Processing file /opt/airflow/dags/dag_02_kafka_ingestion.py for tasks to queue
[2026-05-23T14:46:35.972+0000] {logging_mixin.py:188} INFO - [2026-05-23T14:46:35.972+0000] {dagbag.py:545} INFO - Filling up the DagBag from /opt/airflow/dags/dag_02_kafka_ingestion.py
[2026-05-23T14:46:35.998+0000] {processor.py:840} INFO - DAG(s) '02_kafka_stream_ingestion' retrieved from /opt/airflow/dags/dag_02_kafka_ingestion.py
[2026-05-23T14:46:36.028+0000] {logging_mixin.py:188} INFO - [2026-05-23T14:46:36.028+0000] {dag.py:3096} INFO - Sync 1 DAGs
[2026-05-23T14:46:36.072+0000] {processor.py:183} INFO - Processing /opt/airflow/dags/dag_02_kafka_ingestion.py took 0.111 seconds
[2026-05-23T14:47:06.642+0000] {processor.py:161} INFO - Started process (PID=6591) to work on /opt/airflow/dags/dag_02_kafka_ingestion.py
[2026-05-23T14:47:06.643+0000] {processor.py:830} INFO - Processing file /opt/airflow/dags/dag_02_kafka_ingestion.py for tasks to queue
[2026-05-23T14:47:06.645+0000] {logging_mixin.py:188} INFO - [2026-05-23T14:47:06.645+0000] {dagbag.py:545} INFO - Filling up the DagBag from /opt/airflow/dags/dag_02_kafka_ingestion.py
[2026-05-23T14:47:06.679+0000] {processor.py:840} INFO - DAG(s) '02_kafka_stream_ingestion' retrieved from /opt/airflow/dags/dag_02_kafka_ingestion.py
[2026-05-23T14:47:06.712+0000] {logging_mixin.py:188} INFO - [2026-05-23T14:47:06.712+0000] {dag.py:3096} INFO - Sync 1 DAGs
[2026-05-23T14:47:06.736+0000] {logging_mixin.py:188} INFO - [2026-05-23T14:47:06.736+0000] {dag.py:3954} INFO - Setting next_dagrun for 02_kafka_stream_ingestion to 2026-05-23 14:40:00+00:00, run_after=2026-05-23 14:45:00+00:00
[2026-05-23T14:47:06.758+0000] {processor.py:183} INFO - Processing /opt/airflow/dags/dag_02_kafka_ingestion.py took 0.129 seconds
[2026-05-23T14:47:37.226+0000] {processor.py:161} INFO - Started process (PID=6796) to work on /opt/airflow/dags/dag_02_kafka_ingestion.py
[2026-05-23T14:47:37.227+0000] {processor.py:830} INFO - Processing file /opt/airflow/dags/dag_02_kafka_ingestion.py for tasks to queue
[2026-05-23T14:47:37.229+0000] {logging_mixin.py:188} INFO - [2026-05-23T14:47:37.229+0000] {dagbag.py:545} INFO - Filling up the DagBag from /opt/airflow/dags/dag_02_kafka_ingestion.py
[2026-05-23T14:47:37.255+0000] {processor.py:840} INFO - DAG(s) '02_kafka_stream_ingestion' retrieved from /opt/airflow/dags/dag_02_kafka_ingestion.py
[2026-05-23T14:47:37.284+0000] {logging_mixin.py:188} INFO - [2026-05-23T14:47:37.284+0000] {dag.py:3096} INFO - Sync 1 DAGs
[2026-05-23T14:47:37.324+0000] {processor.py:183} INFO - Processing /opt/airflow/dags/dag_02_kafka_ingestion.py took 0.109 seconds
[2026-05-23T14:48:07.797+0000] {processor.py:161} INFO - Started process (PID=6985) to work on /opt/airflow/dags/dag_02_kafka_ingestion.py
[2026-05-23T14:48:07.798+0000] {processor.py:830} INFO - Processing file /opt/airflow/dags/dag_02_kafka_ingestion.py for tasks to queue
[2026-05-23T14:48:07.799+0000] {logging_mixin.py:188} INFO - [2026-05-23T14:48:07.799+0000] {dagbag.py:545} INFO - Filling up the DagBag from /opt/airflow/dags/dag_02_kafka_ingestion.py
[2026-05-23T14:48:07.826+0000] {processor.py:840} INFO - DAG(s) '02_kafka_stream_ingestion' retrieved from /opt/airflow/dags/dag_02_kafka_ingestion.py
[2026-05-23T14:48:07.857+0000] {logging_mixin.py:188} INFO - [2026-05-23T14:48:07.857+0000] {dag.py:3096} INFO - Sync 1 DAGs
[2026-05-23T14:48:07.892+0000] {processor.py:183} INFO - Processing /opt/airflow/dags/dag_02_kafka_ingestion.py took 0.105 seconds
[2026-05-23T14:48:38.424+0000] {processor.py:161} INFO - Started process (PID=7063) to work on /opt/airflow/dags/dag_02_kafka_ingestion.py
[2026-05-23T14:48:38.425+0000] {processor.py:830} INFO - Processing file /opt/airflow/dags/dag_02_kafka_ingestion.py for tasks to queue
[2026-05-23T14:48:38.427+0000] {logging_mixin.py:188} INFO - [2026-05-23T14:48:38.426+0000] {dagbag.py:545} INFO - Filling up the DagBag from /opt/airflow/dags/dag_02_kafka_ingestion.py
[2026-05-23T14:48:38.453+0000] {processor.py:840} INFO - DAG(s) '02_kafka_stream_ingestion' retrieved from /opt/airflow/dags/dag_02_kafka_ingestion.py
[2026-05-23T14:48:38.487+0000] {logging_mixin.py:188} INFO - [2026-05-23T14:48:38.487+0000] {dag.py:3096} INFO - Sync 1 DAGs
[2026-05-23T14:48:38.533+0000] {processor.py:183} INFO - Processing /opt/airflow/dags/dag_02_kafka_ingestion.py took 0.118 seconds
[2026-05-23T14:49:08.828+0000] {processor.py:161} INFO - Started process (PID=7414) to work on /opt/airflow/dags/dag_02_kafka_ingestion.py
[2026-05-23T14:49:08.829+0000] {processor.py:830} INFO - Processing file /opt/airflow/dags/dag_02_kafka_ingestion.py for tasks to queue
[2026-05-23T14:49:08.832+0000] {logging_mixin.py:188} INFO - [2026-05-23T14:49:08.832+0000] {dagbag.py:545} INFO - Filling up the DagBag from /opt/airflow/dags/dag_02_kafka_ingestion.py
[2026-05-23T14:49:08.874+0000] {processor.py:840} INFO - DAG(s) '02_kafka_stream_ingestion' retrieved from /opt/airflow/dags/dag_02_kafka_ingestion.py
[2026-05-23T14:49:08.922+0000] {logging_mixin.py:188} INFO - [2026-05-23T14:49:08.921+0000] {dag.py:3096} INFO - Sync 1 DAGs
[2026-05-23T14:49:08.987+0000] {processor.py:183} INFO - Processing /opt/airflow/dags/dag_02_kafka_ingestion.py took 0.178 seconds
[2026-05-23T14:49:39.405+0000] {processor.py:161} INFO - Started process (PID=7661) to work on /opt/airflow/dags/dag_02_kafka_ingestion.py
[2026-05-23T14:49:39.406+0000] {processor.py:830} INFO - Processing file /opt/airflow/dags/dag_02_kafka_ingestion.py for tasks to queue
[2026-05-23T14:49:39.407+0000] {logging_mixin.py:188} INFO - [2026-05-23T14:49:39.407+0000] {dagbag.py:545} INFO - Filling up the DagBag from /opt/airflow/dags/dag_02_kafka_ingestion.py
[2026-05-23T14:49:39.430+0000] {processor.py:840} INFO - DAG(s) '02_kafka_stream_ingestion' retrieved from /opt/airflow/dags/dag_02_kafka_ingestion.py
[2026-05-23T14:49:39.456+0000] {logging_mixin.py:188} INFO - [2026-05-23T14:49:39.455+0000] {dag.py:3096} INFO - Sync 1 DAGs
[2026-05-23T14:49:39.489+0000] {processor.py:183} INFO - Processing /opt/airflow/dags/dag_02_kafka_ingestion.py took 0.094 seconds
[2026-05-23T14:50:09.946+0000] {processor.py:161} INFO - Started process (PID=7813) to work on /opt/airflow/dags/dag_02_kafka_ingestion.py
[2026-05-23T14:50:09.947+0000] {processor.py:830} INFO - Processing file /opt/airflow/dags/dag_02_kafka_ingestion.py for tasks to queue
[2026-05-23T14:50:09.949+0000] {logging_mixin.py:188} INFO - [2026-05-23T14:50:09.949+0000] {dagbag.py:545} INFO - Filling up the DagBag from /opt/airflow/dags/dag_02_kafka_ingestion.py
[2026-05-23T14:50:09.975+0000] {processor.py:840} INFO - DAG(s) '02_kafka_stream_ingestion' retrieved from /opt/airflow/dags/dag_02_kafka_ingestion.py
[2026-05-23T14:50:10.003+0000] {logging_mixin.py:188} INFO - [2026-05-23T14:50:10.003+0000] {dag.py:3096} INFO - Sync 1 DAGs
[2026-05-23T14:50:10.037+0000] {processor.py:183} INFO - Processing /opt/airflow/dags/dag_02_kafka_ingestion.py took 0.101 seconds
[2026-05-23T14:50:40.493+0000] {processor.py:161} INFO - Started process (PID=7844) to work on /opt/airflow/dags/dag_02_kafka_ingestion.py
[2026-05-23T14:50:40.494+0000] {processor.py:830} INFO - Processing file /opt/airflow/dags/dag_02_kafka_ingestion.py for tasks to queue
[2026-05-23T14:50:40.496+0000] {logging_mixin.py:188} INFO - [2026-05-23T14:50:40.496+0000] {dagbag.py:545} INFO - Filling up the DagBag from /opt/airflow/dags/dag_02_kafka_ingestion.py
[2026-05-23T14:50:40.522+0000] {processor.py:840} INFO - DAG(s) '02_kafka_stream_ingestion' retrieved from /opt/airflow/dags/dag_02_kafka_ingestion.py
[2026-05-23T14:50:40.554+0000] {logging_mixin.py:188} INFO - [2026-05-23T14:50:40.554+0000] {dag.py:3096} INFO - Sync 1 DAGs
[2026-05-23T14:50:40.592+0000] {processor.py:183} INFO - Processing /opt/airflow/dags/dag_02_kafka_ingestion.py took 0.108 seconds
[2026-05-23T14:51:11.192+0000] {processor.py:161} INFO - Started process (PID=7894) to work on /opt/airflow/dags/dag_02_kafka_ingestion.py
[2026-05-23T14:51:11.212+0000] {processor.py:830} INFO - Processing file /opt/airflow/dags/dag_02_kafka_ingestion.py for tasks to queue
[2026-05-23T14:51:11.218+0000] {logging_mixin.py:188} INFO - [2026-05-23T14:51:11.217+0000] {dagbag.py:545} INFO - Filling up the DagBag from /opt/airflow/dags/dag_02_kafka_ingestion.py
[2026-05-23T14:51:11.501+0000] {processor.py:840} INFO - DAG(s) '02_kafka_stream_ingestion' retrieved from /opt/airflow/dags/dag_02_kafka_ingestion.py
[2026-05-23T14:51:11.604+0000] {logging_mixin.py:188} INFO - [2026-05-23T14:51:11.603+0000] {dag.py:3096} INFO - Sync 1 DAGs
[2026-05-23T14:51:11.731+0000] {processor.py:183} INFO - Processing /opt/airflow/dags/dag_02_kafka_ingestion.py took 0.572 seconds
[2026-05-23T14:51:41.884+0000] {processor.py:161} INFO - Started process (PID=8027) to work on /opt/airflow/dags/dag_02_kafka_ingestion.py
[2026-05-23T14:51:41.886+0000] {processor.py:830} INFO - Processing file /opt/airflow/dags/dag_02_kafka_ingestion.py for tasks to queue
[2026-05-23T14:51:41.888+0000] {logging_mixin.py:188} INFO - [2026-05-23T14:51:41.888+0000] {dagbag.py:545} INFO - Filling up the DagBag from /opt/airflow/dags/dag_02_kafka_ingestion.py
[2026-05-23T14:51:41.934+0000] {processor.py:840} INFO - DAG(s) '02_kafka_stream_ingestion' retrieved from /opt/airflow/dags/dag_02_kafka_ingestion.py
[2026-05-23T14:51:41.968+0000] {logging_mixin.py:188} INFO - [2026-05-23T14:51:41.968+0000] {dag.py:3096} INFO - Sync 1 DAGs
[2026-05-23T14:51:42.004+0000] {processor.py:183} INFO - Processing /opt/airflow/dags/dag_02_kafka_ingestion.py took 0.135 seconds
[2026-05-23T14:52:12.467+0000] {processor.py:161} INFO - Started process (PID=8059) to work on /opt/airflow/dags/dag_02_kafka_ingestion.py
[2026-05-23T14:52:12.472+0000] {processor.py:830} INFO - Processing file /opt/airflow/dags/dag_02_kafka_ingestion.py for tasks to queue
[2026-05-23T14:52:12.474+0000] {logging_mixin.py:188} INFO - [2026-05-23T14:52:12.473+0000] {dagbag.py:545} INFO - Filling up the DagBag from /opt/airflow/dags/dag_02_kafka_ingestion.py
[2026-05-23T14:52:12.499+0000] {processor.py:840} INFO - DAG(s) '02_kafka_stream_ingestion' retrieved from /opt/airflow/dags/dag_02_kafka_ingestion.py
[2026-05-23T14:52:12.529+0000] {logging_mixin.py:188} INFO - [2026-05-23T14:52:12.529+0000] {dag.py:3096} INFO - Sync 1 DAGs
[2026-05-23T14:52:12.560+0000] {processor.py:183} INFO - Processing /opt/airflow/dags/dag_02_kafka_ingestion.py took 0.102 seconds
[2026-05-23T14:52:43.026+0000] {processor.py:161} INFO - Started process (PID=8126) to work on /opt/airflow/dags/dag_02_kafka_ingestion.py
[2026-05-23T14:52:43.028+0000] {processor.py:830} INFO - Processing file /opt/airflow/dags/dag_02_kafka_ingestion.py for tasks to queue
[2026-05-23T14:52:43.030+0000] {logging_mixin.py:188} INFO - [2026-05-23T14:52:43.029+0000] {dagbag.py:545} INFO - Filling up the DagBag from /opt/airflow/dags/dag_02_kafka_ingestion.py
[2026-05-23T14:52:43.059+0000] {processor.py:840} INFO - DAG(s) '02_kafka_stream_ingestion' retrieved from /opt/airflow/dags/dag_02_kafka_ingestion.py
[2026-05-23T14:52:43.093+0000] {logging_mixin.py:188} INFO - [2026-05-23T14:52:43.093+0000] {dag.py:3096} INFO - Sync 1 DAGs
[2026-05-23T14:52:43.139+0000] {processor.py:183} INFO - Processing /opt/airflow/dags/dag_02_kafka_ingestion.py took 0.124 seconds
[2026-05-23T14:53:13.591+0000] {processor.py:161} INFO - Started process (PID=8242) to work on /opt/airflow/dags/dag_02_kafka_ingestion.py
[2026-05-23T14:53:13.592+0000] {processor.py:830} INFO - Processing file /opt/airflow/dags/dag_02_kafka_ingestion.py for tasks to queue
[2026-05-23T14:53:13.593+0000] {logging_mixin.py:188} INFO - [2026-05-23T14:53:13.593+0000] {dagbag.py:545} INFO - Filling up the DagBag from /opt/airflow/dags/dag_02_kafka_ingestion.py
[2026-05-23T14:53:13.617+0000] {processor.py:840} INFO - DAG(s) '02_kafka_stream_ingestion' retrieved from /opt/airflow/dags/dag_02_kafka_ingestion.py
[2026-05-23T14:53:14.057+0000] {logging_mixin.py:188} INFO - [2026-05-23T14:53:14.057+0000] {dag.py:3096} INFO - Sync 1 DAGs
[2026-05-23T14:53:14.091+0000] {processor.py:183} INFO - Processing /opt/airflow/dags/dag_02_kafka_ingestion.py took 0.510 seconds
[2026-05-23T14:53:44.249+0000] {processor.py:161} INFO - Started process (PID=8273) to work on /opt/airflow/dags/dag_02_kafka_ingestion.py
[2026-05-23T14:53:44.250+0000] {processor.py:830} INFO - Processing file /opt/airflow/dags/dag_02_kafka_ingestion.py for tasks to queue
[2026-05-23T14:53:44.252+0000] {logging_mixin.py:188} INFO - [2026-05-23T14:53:44.251+0000] {dagbag.py:545} INFO - Filling up the DagBag from /opt/airflow/dags/dag_02_kafka_ingestion.py
[2026-05-23T14:53:44.285+0000] {processor.py:840} INFO - DAG(s) '02_kafka_stream_ingestion' retrieved from /opt/airflow/dags/dag_02_kafka_ingestion.py
[2026-05-23T14:53:44.312+0000] {logging_mixin.py:188} INFO - [2026-05-23T14:53:44.312+0000] {dag.py:3096} INFO - Sync 1 DAGs
[2026-05-23T14:53:44.345+0000] {processor.py:183} INFO - Processing /opt/airflow/dags/dag_02_kafka_ingestion.py took 0.106 seconds
[2026-05-23T14:54:14.798+0000] {processor.py:161} INFO - Started process (PID=8411) to work on /opt/airflow/dags/dag_02_kafka_ingestion.py
[2026-05-23T14:54:14.800+0000] {processor.py:830} INFO - Processing file /opt/airflow/dags/dag_02_kafka_ingestion.py for tasks to queue
[2026-05-23T14:54:14.802+0000] {logging_mixin.py:188} INFO - [2026-05-23T14:54:14.802+0000] {dagbag.py:545} INFO - Filling up the DagBag from /opt/airflow/dags/dag_02_kafka_ingestion.py
[2026-05-23T14:54:14.847+0000] {processor.py:840} INFO - DAG(s) '02_kafka_stream_ingestion' retrieved from /opt/airflow/dags/dag_02_kafka_ingestion.py
[2026-05-23T14:54:14.895+0000] {logging_mixin.py:188} INFO - [2026-05-23T14:54:14.895+0000] {dag.py:3096} INFO - Sync 1 DAGs
[2026-05-23T14:54:14.954+0000] {processor.py:183} INFO - Processing /opt/airflow/dags/dag_02_kafka_ingestion.py took 0.178 seconds
[2026-05-23T14:54:45.440+0000] {processor.py:161} INFO - Started process (PID=8729) to work on /opt/airflow/dags/dag_02_kafka_ingestion.py
[2026-05-23T14:54:45.441+0000] {processor.py:830} INFO - Processing file /opt/airflow/dags/dag_02_kafka_ingestion.py for tasks to queue
[2026-05-23T14:54:45.443+0000] {logging_mixin.py:188} INFO - [2026-05-23T14:54:45.443+0000] {dagbag.py:545} INFO - Filling up the DagBag from /opt/airflow/dags/dag_02_kafka_ingestion.py
[2026-05-23T14:54:45.466+0000] {processor.py:840} INFO - DAG(s) '02_kafka_stream_ingestion' retrieved from /opt/airflow/dags/dag_02_kafka_ingestion.py
[2026-05-23T14:54:45.495+0000] {logging_mixin.py:188} INFO - [2026-05-23T14:54:45.494+0000] {dag.py:3096} INFO - Sync 1 DAGs
[2026-05-23T14:54:45.531+0000] {processor.py:183} INFO - Processing /opt/airflow/dags/dag_02_kafka_ingestion.py took 0.100 seconds
[2026-05-23T14:55:16.000+0000] {processor.py:161} INFO - Started process (PID=8760) to work on /opt/airflow/dags/dag_02_kafka_ingestion.py
[2026-05-23T14:55:16.001+0000] {processor.py:830} INFO - Processing file /opt/airflow/dags/dag_02_kafka_ingestion.py for tasks to queue
[2026-05-23T14:55:16.003+0000] {logging_mixin.py:188} INFO - [2026-05-23T14:55:16.003+0000] {dagbag.py:545} INFO - Filling up the DagBag from /opt/airflow/dags/dag_02_kafka_ingestion.py
[2026-05-23T14:55:16.031+0000] {processor.py:840} INFO - DAG(s) '02_kafka_stream_ingestion' retrieved from /opt/airflow/dags/dag_02_kafka_ingestion.py
[2026-05-23T14:55:16.065+0000] {logging_mixin.py:188} INFO - [2026-05-23T14:55:16.065+0000] {dag.py:3096} INFO - Sync 1 DAGs
[2026-05-23T14:55:16.126+0000] {processor.py:183} INFO - Processing /opt/airflow/dags/dag_02_kafka_ingestion.py took 0.138 seconds
[2026-05-23T14:55:46.612+0000] {processor.py:161} INFO - Started process (PID=8808) to work on /opt/airflow/dags/dag_02_kafka_ingestion.py
[2026-05-23T14:55:46.613+0000] {processor.py:830} INFO - Processing file /opt/airflow/dags/dag_02_kafka_ingestion.py for tasks to queue
[2026-05-23T14:55:46.616+0000] {logging_mixin.py:188} INFO - [2026-05-23T14:55:46.615+0000] {dagbag.py:545} INFO - Filling up the DagBag from /opt/airflow/dags/dag_02_kafka_ingestion.py
[2026-05-23T14:55:46.650+0000] {processor.py:840} INFO - DAG(s) '02_kafka_stream_ingestion' retrieved from /opt/airflow/dags/dag_02_kafka_ingestion.py
[2026-05-23T14:55:46.693+0000] {logging_mixin.py:188} INFO - [2026-05-23T14:55:46.693+0000] {dag.py:3096} INFO - Sync 1 DAGs
[2026-05-23T14:55:46.747+0000] {processor.py:183} INFO - Processing /opt/airflow/dags/dag_02_kafka_ingestion.py took 0.148 seconds
[2026-05-23T14:56:17.240+0000] {processor.py:161} INFO - Started process (PID=9112) to work on /opt/airflow/dags/dag_02_kafka_ingestion.py
[2026-05-23T14:56:17.242+0000] {processor.py:830} INFO - Processing file /opt/airflow/dags/dag_02_kafka_ingestion.py for tasks to queue
[2026-05-23T14:56:17.245+0000] {logging_mixin.py:188} INFO - [2026-05-23T14:56:17.244+0000] {dagbag.py:545} INFO - Filling up the DagBag from /opt/airflow/dags/dag_02_kafka_ingestion.py
[2026-05-23T14:56:17.287+0000] {processor.py:840} INFO - DAG(s) '02_kafka_stream_ingestion' retrieved from /opt/airflow/dags/dag_02_kafka_ingestion.py
[2026-05-23T14:56:17.335+0000] {logging_mixin.py:188} INFO - [2026-05-23T14:56:17.334+0000] {dag.py:3096} INFO - Sync 1 DAGs
[2026-05-23T14:56:17.385+0000] {processor.py:183} INFO - Processing /opt/airflow/dags/dag_02_kafka_ingestion.py took 0.163 seconds
[2026-05-23T14:56:47.866+0000] {processor.py:161} INFO - Started process (PID=9390) to work on /opt/airflow/dags/dag_02_kafka_ingestion.py
[2026-05-23T14:56:47.867+0000] {processor.py:830} INFO - Processing file /opt/airflow/dags/dag_02_kafka_ingestion.py for tasks to queue
[2026-05-23T14:56:47.868+0000] {logging_mixin.py:188} INFO - [2026-05-23T14:56:47.868+0000] {dagbag.py:545} INFO - Filling up the DagBag from /opt/airflow/dags/dag_02_kafka_ingestion.py
[2026-05-23T14:56:47.891+0000] {processor.py:840} INFO - DAG(s) '02_kafka_stream_ingestion' retrieved from /opt/airflow/dags/dag_02_kafka_ingestion.py
[2026-05-23T14:56:47.916+0000] {logging_mixin.py:188} INFO - [2026-05-23T14:56:47.916+0000] {dag.py:3096} INFO - Sync 1 DAGs
[2026-05-23T14:56:47.950+0000] {processor.py:183} INFO - Processing /opt/airflow/dags/dag_02_kafka_ingestion.py took 0.093 seconds
[2026-05-23T14:57:18.317+0000] {processor.py:161} INFO - Started process (PID=9474) to work on /opt/airflow/dags/dag_02_kafka_ingestion.py
[2026-05-23T14:57:18.318+0000] {processor.py:830} INFO - Processing file /opt/airflow/dags/dag_02_kafka_ingestion.py for tasks to queue
[2026-05-23T14:57:18.321+0000] {logging_mixin.py:188} INFO - [2026-05-23T14:57:18.321+0000] {dagbag.py:545} INFO - Filling up the DagBag from /opt/airflow/dags/dag_02_kafka_ingestion.py
[2026-05-23T14:57:18.363+0000] {processor.py:840} INFO - DAG(s) '02_kafka_stream_ingestion' retrieved from /opt/airflow/dags/dag_02_kafka_ingestion.py
[2026-05-23T14:57:18.406+0000] {logging_mixin.py:188} INFO - [2026-05-23T14:57:18.405+0000] {dag.py:3096} INFO - Sync 1 DAGs
[2026-05-23T14:57:18.451+0000] {processor.py:183} INFO - Processing /opt/airflow/dags/dag_02_kafka_ingestion.py took 0.153 seconds
[2026-05-23T14:57:48.921+0000] {processor.py:161} INFO - Started process (PID=9573) to work on /opt/airflow/dags/dag_02_kafka_ingestion.py
[2026-05-23T14:57:48.921+0000] {processor.py:830} INFO - Processing file /opt/airflow/dags/dag_02_kafka_ingestion.py for tasks to queue
[2026-05-23T14:57:48.923+0000] {logging_mixin.py:188} INFO - [2026-05-23T14:57:48.923+0000] {dagbag.py:545} INFO - Filling up the DagBag from /opt/airflow/dags/dag_02_kafka_ingestion.py
[2026-05-23T14:57:48.944+0000] {processor.py:840} INFO - DAG(s) '02_kafka_stream_ingestion' retrieved from /opt/airflow/dags/dag_02_kafka_ingestion.py
[2026-05-23T14:57:48.969+0000] {logging_mixin.py:188} INFO - [2026-05-23T14:57:48.968+0000] {dag.py:3096} INFO - Sync 1 DAGs
[2026-05-23T14:57:49.003+0000] {processor.py:183} INFO - Processing /opt/airflow/dags/dag_02_kafka_ingestion.py took 0.094 seconds
[2026-05-23T14:58:19.440+0000] {processor.py:161} INFO - Started process (PID=9742) to work on /opt/airflow/dags/dag_02_kafka_ingestion.py
[2026-05-23T14:58:19.441+0000] {processor.py:830} INFO - Processing file /opt/airflow/dags/dag_02_kafka_ingestion.py for tasks to queue
[2026-05-23T14:58:19.443+0000] {logging_mixin.py:188} INFO - [2026-05-23T14:58:19.443+0000] {dagbag.py:545} INFO - Filling up the DagBag from /opt/airflow/dags/dag_02_kafka_ingestion.py
[2026-05-23T14:58:19.469+0000] {processor.py:840} INFO - DAG(s) '02_kafka_stream_ingestion' retrieved from /opt/airflow/dags/dag_02_kafka_ingestion.py
[2026-05-23T14:58:19.500+0000] {logging_mixin.py:188} INFO - [2026-05-23T14:58:19.500+0000] {dag.py:3096} INFO - Sync 1 DAGs
[2026-05-23T14:58:19.541+0000] {processor.py:183} INFO - Processing /opt/airflow/dags/dag_02_kafka_ingestion.py took 0.110 seconds
[2026-05-23T14:58:50.042+0000] {processor.py:161} INFO - Started process (PID=9967) to work on /opt/airflow/dags/dag_02_kafka_ingestion.py
[2026-05-23T14:58:50.044+0000] {processor.py:830} INFO - Processing file /opt/airflow/dags/dag_02_kafka_ingestion.py for tasks to queue
[2026-05-23T14:58:50.046+0000] {logging_mixin.py:188} INFO - [2026-05-23T14:58:50.046+0000] {dagbag.py:545} INFO - Filling up the DagBag from /opt/airflow/dags/dag_02_kafka_ingestion.py
[2026-05-23T14:58:50.077+0000] {processor.py:840} INFO - DAG(s) '02_kafka_stream_ingestion' retrieved from /opt/airflow/dags/dag_02_kafka_ingestion.py
[2026-05-23T14:58:50.111+0000] {logging_mixin.py:188} INFO - [2026-05-23T14:58:50.111+0000] {dag.py:3096} INFO - Sync 1 DAGs
[2026-05-23T14:58:50.152+0000] {processor.py:183} INFO - Processing /opt/airflow/dags/dag_02_kafka_ingestion.py took 0.123 seconds
