[2026-05-23T14:23:31.701+0000] {processor.py:161} INFO - Started process (PID=182) to work on /opt/airflow/dags/dag_05_data_quality.py
[2026-05-23T14:23:31.705+0000] {processor.py:830} INFO - Processing file /opt/airflow/dags/dag_05_data_quality.py for tasks to queue
[2026-05-23T14:23:31.708+0000] {logging_mixin.py:188} INFO - [2026-05-23T14:23:31.707+0000] {dagbag.py:545} INFO - Filling up the DagBag from /opt/airflow/dags/dag_05_data_quality.py
[2026-05-23T14:23:31.794+0000] {processor.py:840} INFO - DAG(s) '05_data_quality_validation' retrieved from /opt/airflow/dags/dag_05_data_quality.py
[2026-05-23T14:23:32.194+0000] {logging_mixin.py:188} INFO - [2026-05-23T14:23:32.193+0000] {override.py:1829} INFO - Created Permission View: can read on DAG:05_data_quality_validation
[2026-05-23T14:23:32.213+0000] {logging_mixin.py:188} INFO - [2026-05-23T14:23:32.213+0000] {override.py:1829} INFO - Created Permission View: can delete on DAG:05_data_quality_validation
[2026-05-23T14:23:32.235+0000] {logging_mixin.py:188} INFO - [2026-05-23T14:23:32.235+0000] {override.py:1829} INFO - Created Permission View: can edit on DAG:05_data_quality_validation
[2026-05-23T14:23:32.237+0000] {logging_mixin.py:188} INFO - [2026-05-23T14:23:32.237+0000] {dag.py:3096} INFO - Sync 1 DAGs
[2026-05-23T14:23:32.262+0000] {logging_mixin.py:188} INFO - [2026-05-23T14:23:32.261+0000] {dag.py:3118} INFO - Creating ORM DAG for 05_data_quality_validation
[2026-05-23T14:23:32.285+0000] {logging_mixin.py:188} INFO - [2026-05-23T14:23:32.285+0000] {dag.py:3954} INFO - Setting next_dagrun for 05_data_quality_validation to 2026-05-23 13:00:00+00:00, run_after=2026-05-23 14:00:00+00:00
[2026-05-23T14:23:32.336+0000] {processor.py:183} INFO - Processing /opt/airflow/dags/dag_05_data_quality.py took 0.651 seconds
[2026-05-23T14:24:02.555+0000] {processor.py:161} INFO - Started process (PID=479) to work on /opt/airflow/dags/dag_05_data_quality.py
[2026-05-23T14:24:02.557+0000] {processor.py:830} INFO - Processing file /opt/airflow/dags/dag_05_data_quality.py for tasks to queue
[2026-05-23T14:24:02.562+0000] {logging_mixin.py:188} INFO - [2026-05-23T14:24:02.561+0000] {dagbag.py:545} INFO - Filling up the DagBag from /opt/airflow/dags/dag_05_data_quality.py
[2026-05-23T14:24:02.712+0000] {processor.py:840} INFO - DAG(s) '05_data_quality_validation' retrieved from /opt/airflow/dags/dag_05_data_quality.py
[2026-05-23T14:24:02.846+0000] {logging_mixin.py:188} INFO - [2026-05-23T14:24:02.846+0000] {dag.py:3096} INFO - Sync 1 DAGs
[2026-05-23T14:24:02.998+0000] {logging_mixin.py:188} INFO - [2026-05-23T14:24:02.998+0000] {dag.py:3954} INFO - Setting next_dagrun for 05_data_quality_validation to 2026-05-23 14:00:00+00:00, run_after=2026-05-23 15:00:00+00:00
[2026-05-23T14:24:03.060+0000] {processor.py:183} INFO - Processing /opt/airflow/dags/dag_05_data_quality.py took 0.520 seconds
[2026-05-23T14:24:33.863+0000] {processor.py:161} INFO - Started process (PID=578) to work on /opt/airflow/dags/dag_05_data_quality.py
[2026-05-23T14:24:33.865+0000] {processor.py:830} INFO - Processing file /opt/airflow/dags/dag_05_data_quality.py for tasks to queue
[2026-05-23T14:24:33.867+0000] {logging_mixin.py:188} INFO - [2026-05-23T14:24:33.867+0000] {dagbag.py:545} INFO - Filling up the DagBag from /opt/airflow/dags/dag_05_data_quality.py
[2026-05-23T14:24:33.904+0000] {processor.py:840} INFO - DAG(s) '05_data_quality_validation' retrieved from /opt/airflow/dags/dag_05_data_quality.py
[2026-05-23T14:24:33.970+0000] {logging_mixin.py:188} INFO - [2026-05-23T14:24:33.970+0000] {dag.py:3096} INFO - Sync 1 DAGs
[2026-05-23T14:24:34.053+0000] {logging_mixin.py:188} INFO - [2026-05-23T14:24:34.053+0000] {dag.py:3954} INFO - Setting next_dagrun for 05_data_quality_validation to 2026-05-23 14:00:00+00:00, run_after=2026-05-23 15:00:00+00:00
[2026-05-23T14:24:34.254+0000] {processor.py:183} INFO - Processing /opt/airflow/dags/dag_05_data_quality.py took 0.411 seconds
[2026-05-23T14:25:04.836+0000] {processor.py:161} INFO - Started process (PID=1101) to work on /opt/airflow/dags/dag_05_data_quality.py
[2026-05-23T14:25:04.838+0000] {processor.py:830} INFO - Processing file /opt/airflow/dags/dag_05_data_quality.py for tasks to queue
[2026-05-23T14:25:04.840+0000] {logging_mixin.py:188} INFO - [2026-05-23T14:25:04.839+0000] {dagbag.py:545} INFO - Filling up the DagBag from /opt/airflow/dags/dag_05_data_quality.py
[2026-05-23T14:25:04.864+0000] {processor.py:840} INFO - DAG(s) '05_data_quality_validation' retrieved from /opt/airflow/dags/dag_05_data_quality.py
[2026-05-23T14:25:04.897+0000] {logging_mixin.py:188} INFO - [2026-05-23T14:25:04.897+0000] {dag.py:3096} INFO - Sync 1 DAGs
[2026-05-23T14:25:05.114+0000] {logging_mixin.py:188} INFO - [2026-05-23T14:25:05.113+0000] {dag.py:3954} INFO - Setting next_dagrun for 05_data_quality_validation to 2026-05-23 14:00:00+00:00, run_after=2026-05-23 15:00:00+00:00
[2026-05-23T14:25:05.147+0000] {processor.py:183} INFO - Processing /opt/airflow/dags/dag_05_data_quality.py took 0.321 seconds
[2026-05-23T14:25:36.020+0000] {processor.py:161} INFO - Started process (PID=1234) to work on /opt/airflow/dags/dag_05_data_quality.py
[2026-05-23T14:25:36.021+0000] {processor.py:830} INFO - Processing file /opt/airflow/dags/dag_05_data_quality.py for tasks to queue
[2026-05-23T14:25:36.023+0000] {logging_mixin.py:188} INFO - [2026-05-23T14:25:36.022+0000] {dagbag.py:545} INFO - Filling up the DagBag from /opt/airflow/dags/dag_05_data_quality.py
[2026-05-23T14:25:36.042+0000] {processor.py:840} INFO - DAG(s) '05_data_quality_validation' retrieved from /opt/airflow/dags/dag_05_data_quality.py
[2026-05-23T14:25:36.071+0000] {logging_mixin.py:188} INFO - [2026-05-23T14:25:36.071+0000] {dag.py:3096} INFO - Sync 1 DAGs
[2026-05-23T14:25:36.092+0000] {logging_mixin.py:188} INFO - [2026-05-23T14:25:36.092+0000] {dag.py:3954} INFO - Setting next_dagrun for 05_data_quality_validation to 2026-05-23 14:00:00+00:00, run_after=2026-05-23 15:00:00+00:00
[2026-05-23T14:25:36.123+0000] {processor.py:183} INFO - Processing /opt/airflow/dags/dag_05_data_quality.py took 0.113 seconds
[2026-05-23T14:26:06.677+0000] {processor.py:161} INFO - Started process (PID=1384) to work on /opt/airflow/dags/dag_05_data_quality.py
[2026-05-23T14:26:06.678+0000] {processor.py:830} INFO - Processing file /opt/airflow/dags/dag_05_data_quality.py for tasks to queue
[2026-05-23T14:26:06.680+0000] {logging_mixin.py:188} INFO - [2026-05-23T14:26:06.680+0000] {dagbag.py:545} INFO - Filling up the DagBag from /opt/airflow/dags/dag_05_data_quality.py
[2026-05-23T14:26:06.707+0000] {processor.py:840} INFO - DAG(s) '05_data_quality_validation' retrieved from /opt/airflow/dags/dag_05_data_quality.py
[2026-05-23T14:26:06.744+0000] {logging_mixin.py:188} INFO - [2026-05-23T14:26:06.744+0000] {dag.py:3096} INFO - Sync 1 DAGs
[2026-05-23T14:26:06.770+0000] {logging_mixin.py:188} INFO - [2026-05-23T14:26:06.769+0000] {dag.py:3954} INFO - Setting next_dagrun for 05_data_quality_validation to 2026-05-23 14:00:00+00:00, run_after=2026-05-23 15:00:00+00:00
[2026-05-23T14:26:06.793+0000] {processor.py:183} INFO - Processing /opt/airflow/dags/dag_05_data_quality.py took 0.128 seconds
[2026-05-23T14:26:37.307+0000] {processor.py:161} INFO - Started process (PID=1708) to work on /opt/airflow/dags/dag_05_data_quality.py
[2026-05-23T14:26:37.311+0000] {processor.py:830} INFO - Processing file /opt/airflow/dags/dag_05_data_quality.py for tasks to queue
[2026-05-23T14:26:37.313+0000] {logging_mixin.py:188} INFO - [2026-05-23T14:26:37.313+0000] {dagbag.py:545} INFO - Filling up the DagBag from /opt/airflow/dags/dag_05_data_quality.py
[2026-05-23T14:26:37.342+0000] {processor.py:840} INFO - DAG(s) '05_data_quality_validation' retrieved from /opt/airflow/dags/dag_05_data_quality.py
[2026-05-23T14:26:37.376+0000] {logging_mixin.py:188} INFO - [2026-05-23T14:26:37.375+0000] {dag.py:3096} INFO - Sync 1 DAGs
[2026-05-23T14:26:37.401+0000] {logging_mixin.py:188} INFO - [2026-05-23T14:26:37.401+0000] {dag.py:3954} INFO - Setting next_dagrun for 05_data_quality_validation to 2026-05-23 14:00:00+00:00, run_after=2026-05-23 15:00:00+00:00
[2026-05-23T14:26:37.424+0000] {processor.py:183} INFO - Processing /opt/airflow/dags/dag_05_data_quality.py took 0.128 seconds
[2026-05-23T14:27:07.761+0000] {processor.py:161} INFO - Started process (PID=1739) to work on /opt/airflow/dags/dag_05_data_quality.py
[2026-05-23T14:27:07.762+0000] {processor.py:830} INFO - Processing file /opt/airflow/dags/dag_05_data_quality.py for tasks to queue
[2026-05-23T14:27:07.764+0000] {logging_mixin.py:188} INFO - [2026-05-23T14:27:07.764+0000] {dagbag.py:545} INFO - Filling up the DagBag from /opt/airflow/dags/dag_05_data_quality.py
[2026-05-23T14:27:07.785+0000] {processor.py:840} INFO - DAG(s) '05_data_quality_validation' retrieved from /opt/airflow/dags/dag_05_data_quality.py
[2026-05-23T14:27:07.815+0000] {logging_mixin.py:188} INFO - [2026-05-23T14:27:07.815+0000] {dag.py:3096} INFO - Sync 1 DAGs
[2026-05-23T14:27:07.836+0000] {logging_mixin.py:188} INFO - [2026-05-23T14:27:07.836+0000] {dag.py:3954} INFO - Setting next_dagrun for 05_data_quality_validation to 2026-05-23 14:00:00+00:00, run_after=2026-05-23 15:00:00+00:00
[2026-05-23T14:27:07.860+0000] {processor.py:183} INFO - Processing /opt/airflow/dags/dag_05_data_quality.py took 0.110 seconds
[2026-05-23T14:27:38.482+0000] {processor.py:161} INFO - Started process (PID=1885) to work on /opt/airflow/dags/dag_05_data_quality.py
[2026-05-23T14:27:38.483+0000] {processor.py:830} INFO - Processing file /opt/airflow/dags/dag_05_data_quality.py for tasks to queue
[2026-05-23T14:27:38.485+0000] {logging_mixin.py:188} INFO - [2026-05-23T14:27:38.484+0000] {dagbag.py:545} INFO - Filling up the DagBag from /opt/airflow/dags/dag_05_data_quality.py
[2026-05-23T14:27:38.504+0000] {processor.py:840} INFO - DAG(s) '05_data_quality_validation' retrieved from /opt/airflow/dags/dag_05_data_quality.py
[2026-05-23T14:27:38.533+0000] {logging_mixin.py:188} INFO - [2026-05-23T14:27:38.532+0000] {dag.py:3096} INFO - Sync 1 DAGs
[2026-05-23T14:27:38.553+0000] {logging_mixin.py:188} INFO - [2026-05-23T14:27:38.552+0000] {dag.py:3954} INFO - Setting next_dagrun for 05_data_quality_validation to 2026-05-23 14:00:00+00:00, run_after=2026-05-23 15:00:00+00:00
[2026-05-23T14:27:38.571+0000] {processor.py:183} INFO - Processing /opt/airflow/dags/dag_05_data_quality.py took 0.099 seconds
[2026-05-23T14:28:09.078+0000] {processor.py:161} INFO - Started process (PID=1916) to work on /opt/airflow/dags/dag_05_data_quality.py
[2026-05-23T14:28:09.079+0000] {processor.py:830} INFO - Processing file /opt/airflow/dags/dag_05_data_quality.py for tasks to queue
[2026-05-23T14:28:09.081+0000] {logging_mixin.py:188} INFO - [2026-05-23T14:28:09.080+0000] {dagbag.py:545} INFO - Filling up the DagBag from /opt/airflow/dags/dag_05_data_quality.py
[2026-05-23T14:28:09.101+0000] {processor.py:840} INFO - DAG(s) '05_data_quality_validation' retrieved from /opt/airflow/dags/dag_05_data_quality.py
[2026-05-23T14:28:09.128+0000] {logging_mixin.py:188} INFO - [2026-05-23T14:28:09.128+0000] {dag.py:3096} INFO - Sync 1 DAGs
[2026-05-23T14:28:09.147+0000] {logging_mixin.py:188} INFO - [2026-05-23T14:28:09.147+0000] {dag.py:3954} INFO - Setting next_dagrun for 05_data_quality_validation to 2026-05-23 14:00:00+00:00, run_after=2026-05-23 15:00:00+00:00
[2026-05-23T14:28:09.165+0000] {processor.py:183} INFO - Processing /opt/airflow/dags/dag_05_data_quality.py took 0.096 seconds
[2026-05-23T14:28:39.713+0000] {processor.py:161} INFO - Started process (PID=2000) to work on /opt/airflow/dags/dag_05_data_quality.py
[2026-05-23T14:28:39.714+0000] {processor.py:830} INFO - Processing file /opt/airflow/dags/dag_05_data_quality.py for tasks to queue
[2026-05-23T14:28:39.716+0000] {logging_mixin.py:188} INFO - [2026-05-23T14:28:39.716+0000] {dagbag.py:545} INFO - Filling up the DagBag from /opt/airflow/dags/dag_05_data_quality.py
[2026-05-23T14:28:39.735+0000] {processor.py:840} INFO - DAG(s) '05_data_quality_validation' retrieved from /opt/airflow/dags/dag_05_data_quality.py
[2026-05-23T14:28:39.762+0000] {logging_mixin.py:188} INFO - [2026-05-23T14:28:39.761+0000] {dag.py:3096} INFO - Sync 1 DAGs
[2026-05-23T14:28:39.787+0000] {logging_mixin.py:188} INFO - [2026-05-23T14:28:39.787+0000] {dag.py:3954} INFO - Setting next_dagrun for 05_data_quality_validation to 2026-05-23 14:00:00+00:00, run_after=2026-05-23 15:00:00+00:00
[2026-05-23T14:28:39.810+0000] {processor.py:183} INFO - Processing /opt/airflow/dags/dag_05_data_quality.py took 0.106 seconds
[2026-05-23T14:29:10.192+0000] {processor.py:161} INFO - Started process (PID=2099) to work on /opt/airflow/dags/dag_05_data_quality.py
[2026-05-23T14:29:10.193+0000] {processor.py:830} INFO - Processing file /opt/airflow/dags/dag_05_data_quality.py for tasks to queue
[2026-05-23T14:29:10.195+0000] {logging_mixin.py:188} INFO - [2026-05-23T14:29:10.194+0000] {dagbag.py:545} INFO - Filling up the DagBag from /opt/airflow/dags/dag_05_data_quality.py
[2026-05-23T14:29:10.215+0000] {processor.py:840} INFO - DAG(s) '05_data_quality_validation' retrieved from /opt/airflow/dags/dag_05_data_quality.py
[2026-05-23T14:29:10.242+0000] {logging_mixin.py:188} INFO - [2026-05-23T14:29:10.242+0000] {dag.py:3096} INFO - Sync 1 DAGs
[2026-05-23T14:29:10.262+0000] {logging_mixin.py:188} INFO - [2026-05-23T14:29:10.262+0000] {dag.py:3954} INFO - Setting next_dagrun for 05_data_quality_validation to 2026-05-23 14:00:00+00:00, run_after=2026-05-23 15:00:00+00:00
[2026-05-23T14:29:10.278+0000] {processor.py:183} INFO - Processing /opt/airflow/dags/dag_05_data_quality.py took 0.096 seconds
[2026-05-23T14:29:40.738+0000] {processor.py:161} INFO - Started process (PID=2130) to work on /opt/airflow/dags/dag_05_data_quality.py
[2026-05-23T14:29:40.739+0000] {processor.py:830} INFO - Processing file /opt/airflow/dags/dag_05_data_quality.py for tasks to queue
[2026-05-23T14:29:40.741+0000] {logging_mixin.py:188} INFO - [2026-05-23T14:29:40.740+0000] {dagbag.py:545} INFO - Filling up the DagBag from /opt/airflow/dags/dag_05_data_quality.py
[2026-05-23T14:29:40.760+0000] {processor.py:840} INFO - DAG(s) '05_data_quality_validation' retrieved from /opt/airflow/dags/dag_05_data_quality.py
[2026-05-23T14:29:40.790+0000] {logging_mixin.py:188} INFO - [2026-05-23T14:29:40.790+0000] {dag.py:3096} INFO - Sync 1 DAGs
[2026-05-23T14:29:40.814+0000] {logging_mixin.py:188} INFO - [2026-05-23T14:29:40.814+0000] {dag.py:3954} INFO - Setting next_dagrun for 05_data_quality_validation to 2026-05-23 14:00:00+00:00, run_after=2026-05-23 15:00:00+00:00
[2026-05-23T14:29:40.839+0000] {processor.py:183} INFO - Processing /opt/airflow/dags/dag_05_data_quality.py took 0.111 seconds
[2026-05-23T14:30:11.354+0000] {processor.py:161} INFO - Started process (PID=2381) to work on /opt/airflow/dags/dag_05_data_quality.py
[2026-05-23T14:30:11.355+0000] {processor.py:830} INFO - Processing file /opt/airflow/dags/dag_05_data_quality.py for tasks to queue
[2026-05-23T14:30:11.358+0000] {logging_mixin.py:188} INFO - [2026-05-23T14:30:11.357+0000] {dagbag.py:545} INFO - Filling up the DagBag from /opt/airflow/dags/dag_05_data_quality.py
[2026-05-23T14:30:11.382+0000] {processor.py:840} INFO - DAG(s) '05_data_quality_validation' retrieved from /opt/airflow/dags/dag_05_data_quality.py
[2026-05-23T14:30:11.419+0000] {logging_mixin.py:188} INFO - [2026-05-23T14:30:11.419+0000] {dag.py:3096} INFO - Sync 1 DAGs
[2026-05-23T14:30:11.450+0000] {logging_mixin.py:188} INFO - [2026-05-23T14:30:11.450+0000] {dag.py:3954} INFO - Setting next_dagrun for 05_data_quality_validation to 2026-05-23 14:00:00+00:00, run_after=2026-05-23 15:00:00+00:00
[2026-05-23T14:30:11.483+0000] {processor.py:183} INFO - Processing /opt/airflow/dags/dag_05_data_quality.py took 0.141 seconds
[2026-05-23T14:30:42.046+0000] {processor.py:161} INFO - Started process (PID=2429) to work on /opt/airflow/dags/dag_05_data_quality.py
[2026-05-23T14:30:42.048+0000] {processor.py:830} INFO - Processing file /opt/airflow/dags/dag_05_data_quality.py for tasks to queue
[2026-05-23T14:30:42.052+0000] {logging_mixin.py:188} INFO - [2026-05-23T14:30:42.051+0000] {dagbag.py:545} INFO - Filling up the DagBag from /opt/airflow/dags/dag_05_data_quality.py
[2026-05-23T14:30:42.190+0000] {processor.py:840} INFO - DAG(s) '05_data_quality_validation' retrieved from /opt/airflow/dags/dag_05_data_quality.py
[2026-05-23T14:30:42.385+0000] {logging_mixin.py:188} INFO - [2026-05-23T14:30:42.385+0000] {dag.py:3096} INFO - Sync 1 DAGs
[2026-05-23T14:30:42.553+0000] {logging_mixin.py:188} INFO - [2026-05-23T14:30:42.552+0000] {dag.py:3954} INFO - Setting next_dagrun for 05_data_quality_validation to 2026-05-23 14:00:00+00:00, run_after=2026-05-23 15:00:00+00:00
[2026-05-23T14:30:42.658+0000] {processor.py:183} INFO - Processing /opt/airflow/dags/dag_05_data_quality.py took 0.643 seconds
[2026-05-23T14:31:12.893+0000] {processor.py:161} INFO - Started process (PID=2460) to work on /opt/airflow/dags/dag_05_data_quality.py
[2026-05-23T14:31:12.894+0000] {processor.py:830} INFO - Processing file /opt/airflow/dags/dag_05_data_quality.py for tasks to queue
[2026-05-23T14:31:12.896+0000] {logging_mixin.py:188} INFO - [2026-05-23T14:31:12.896+0000] {dagbag.py:545} INFO - Filling up the DagBag from /opt/airflow/dags/dag_05_data_quality.py
[2026-05-23T14:31:12.917+0000] {processor.py:840} INFO - DAG(s) '05_data_quality_validation' retrieved from /opt/airflow/dags/dag_05_data_quality.py
[2026-05-23T14:31:12.948+0000] {logging_mixin.py:188} INFO - [2026-05-23T14:31:12.947+0000] {dag.py:3096} INFO - Sync 1 DAGs
[2026-05-23T14:31:12.969+0000] {logging_mixin.py:188} INFO - [2026-05-23T14:31:12.969+0000] {dag.py:3954} INFO - Setting next_dagrun for 05_data_quality_validation to 2026-05-23 14:00:00+00:00, run_after=2026-05-23 15:00:00+00:00
[2026-05-23T14:31:12.986+0000] {processor.py:183} INFO - Processing /opt/airflow/dags/dag_05_data_quality.py took 0.103 seconds
[2026-05-23T14:31:43.514+0000] {processor.py:161} INFO - Started process (PID=2750) to work on /opt/airflow/dags/dag_05_data_quality.py
[2026-05-23T14:31:43.515+0000] {processor.py:830} INFO - Processing file /opt/airflow/dags/dag_05_data_quality.py for tasks to queue
[2026-05-23T14:31:43.519+0000] {logging_mixin.py:188} INFO - [2026-05-23T14:31:43.518+0000] {dagbag.py:545} INFO - Filling up the DagBag from /opt/airflow/dags/dag_05_data_quality.py
[2026-05-23T14:31:43.547+0000] {processor.py:840} INFO - DAG(s) '05_data_quality_validation' retrieved from /opt/airflow/dags/dag_05_data_quality.py
[2026-05-23T14:31:43.590+0000] {logging_mixin.py:188} INFO - [2026-05-23T14:31:43.590+0000] {dag.py:3096} INFO - Sync 1 DAGs
[2026-05-23T14:31:43.620+0000] {logging_mixin.py:188} INFO - [2026-05-23T14:31:43.620+0000] {dag.py:3954} INFO - Setting next_dagrun for 05_data_quality_validation to 2026-05-23 14:00:00+00:00, run_after=2026-05-23 15:00:00+00:00
[2026-05-23T14:31:43.646+0000] {processor.py:183} INFO - Processing /opt/airflow/dags/dag_05_data_quality.py took 0.145 seconds
[2026-05-23T14:32:14.135+0000] {processor.py:161} INFO - Started process (PID=2854) to work on /opt/airflow/dags/dag_05_data_quality.py
[2026-05-23T14:32:14.136+0000] {processor.py:830} INFO - Processing file /opt/airflow/dags/dag_05_data_quality.py for tasks to queue
[2026-05-23T14:32:14.138+0000] {logging_mixin.py:188} INFO - [2026-05-23T14:32:14.137+0000] {dagbag.py:545} INFO - Filling up the DagBag from /opt/airflow/dags/dag_05_data_quality.py
[2026-05-23T14:32:14.159+0000] {processor.py:840} INFO - DAG(s) '05_data_quality_validation' retrieved from /opt/airflow/dags/dag_05_data_quality.py
[2026-05-23T14:32:14.188+0000] {logging_mixin.py:188} INFO - [2026-05-23T14:32:14.188+0000] {dag.py:3096} INFO - Sync 1 DAGs
[2026-05-23T14:32:14.209+0000] {logging_mixin.py:188} INFO - [2026-05-23T14:32:14.209+0000] {dag.py:3954} INFO - Setting next_dagrun for 05_data_quality_validation to 2026-05-23 14:00:00+00:00, run_after=2026-05-23 15:00:00+00:00
[2026-05-23T14:32:14.225+0000] {processor.py:183} INFO - Processing /opt/airflow/dags/dag_05_data_quality.py took 0.100 seconds
[2026-05-23T14:32:44.600+0000] {processor.py:161} INFO - Started process (PID=2921) to work on /opt/airflow/dags/dag_05_data_quality.py
[2026-05-23T14:32:44.601+0000] {processor.py:830} INFO - Processing file /opt/airflow/dags/dag_05_data_quality.py for tasks to queue
[2026-05-23T14:32:44.604+0000] {logging_mixin.py:188} INFO - [2026-05-23T14:32:44.603+0000] {dagbag.py:545} INFO - Filling up the DagBag from /opt/airflow/dags/dag_05_data_quality.py
[2026-05-23T14:32:44.634+0000] {processor.py:840} INFO - DAG(s) '05_data_quality_validation' retrieved from /opt/airflow/dags/dag_05_data_quality.py
[2026-05-23T14:32:44.672+0000] {logging_mixin.py:188} INFO - [2026-05-23T14:32:44.672+0000] {dag.py:3096} INFO - Sync 1 DAGs
[2026-05-23T14:32:44.698+0000] {logging_mixin.py:188} INFO - [2026-05-23T14:32:44.698+0000] {dag.py:3954} INFO - Setting next_dagrun for 05_data_quality_validation to 2026-05-23 14:00:00+00:00, run_after=2026-05-23 15:00:00+00:00
[2026-05-23T14:32:44.721+0000] {processor.py:183} INFO - Processing /opt/airflow/dags/dag_05_data_quality.py took 0.138 seconds
[2026-05-23T14:33:15.315+0000] {processor.py:161} INFO - Started process (PID=3107) to work on /opt/airflow/dags/dag_05_data_quality.py
[2026-05-23T14:33:15.317+0000] {processor.py:830} INFO - Processing file /opt/airflow/dags/dag_05_data_quality.py for tasks to queue
[2026-05-23T14:33:15.319+0000] {logging_mixin.py:188} INFO - [2026-05-23T14:33:15.319+0000] {dagbag.py:545} INFO - Filling up the DagBag from /opt/airflow/dags/dag_05_data_quality.py
[2026-05-23T14:33:15.354+0000] {processor.py:840} INFO - DAG(s) '05_data_quality_validation' retrieved from /opt/airflow/dags/dag_05_data_quality.py
[2026-05-23T14:33:15.394+0000] {logging_mixin.py:188} INFO - [2026-05-23T14:33:15.394+0000] {dag.py:3096} INFO - Sync 1 DAGs
[2026-05-23T14:33:15.425+0000] {logging_mixin.py:188} INFO - [2026-05-23T14:33:15.425+0000] {dag.py:3954} INFO - Setting next_dagrun for 05_data_quality_validation to 2026-05-23 14:00:00+00:00, run_after=2026-05-23 15:00:00+00:00
[2026-05-23T14:33:15.461+0000] {processor.py:183} INFO - Processing /opt/airflow/dags/dag_05_data_quality.py took 0.160 seconds
[2026-05-23T14:33:46.098+0000] {processor.py:161} INFO - Started process (PID=3189) to work on /opt/airflow/dags/dag_05_data_quality.py
[2026-05-23T14:33:46.100+0000] {processor.py:830} INFO - Processing file /opt/airflow/dags/dag_05_data_quality.py for tasks to queue
[2026-05-23T14:33:46.103+0000] {logging_mixin.py:188} INFO - [2026-05-23T14:33:46.102+0000] {dagbag.py:545} INFO - Filling up the DagBag from /opt/airflow/dags/dag_05_data_quality.py
[2026-05-23T14:33:46.128+0000] {processor.py:840} INFO - DAG(s) '05_data_quality_validation' retrieved from /opt/airflow/dags/dag_05_data_quality.py
[2026-05-23T14:33:46.164+0000] {logging_mixin.py:188} INFO - [2026-05-23T14:33:46.164+0000] {dag.py:3096} INFO - Sync 1 DAGs
[2026-05-23T14:33:46.196+0000] {logging_mixin.py:188} INFO - [2026-05-23T14:33:46.196+0000] {dag.py:3954} INFO - Setting next_dagrun for 05_data_quality_validation to 2026-05-23 14:00:00+00:00, run_after=2026-05-23 15:00:00+00:00
[2026-05-23T14:33:46.224+0000] {processor.py:183} INFO - Processing /opt/airflow/dags/dag_05_data_quality.py took 0.138 seconds
[2026-05-23T14:34:16.781+0000] {processor.py:161} INFO - Started process (PID=3220) to work on /opt/airflow/dags/dag_05_data_quality.py
[2026-05-23T14:34:16.782+0000] {processor.py:830} INFO - Processing file /opt/airflow/dags/dag_05_data_quality.py for tasks to queue
[2026-05-23T14:34:16.783+0000] {logging_mixin.py:188} INFO - [2026-05-23T14:34:16.783+0000] {dagbag.py:545} INFO - Filling up the DagBag from /opt/airflow/dags/dag_05_data_quality.py
[2026-05-23T14:34:16.805+0000] {processor.py:840} INFO - DAG(s) '05_data_quality_validation' retrieved from /opt/airflow/dags/dag_05_data_quality.py
[2026-05-23T14:34:16.833+0000] {logging_mixin.py:188} INFO - [2026-05-23T14:34:16.833+0000] {dag.py:3096} INFO - Sync 1 DAGs
[2026-05-23T14:34:16.855+0000] {logging_mixin.py:188} INFO - [2026-05-23T14:34:16.855+0000] {dag.py:3954} INFO - Setting next_dagrun for 05_data_quality_validation to 2026-05-23 14:00:00+00:00, run_after=2026-05-23 15:00:00+00:00
[2026-05-23T14:34:16.873+0000] {processor.py:183} INFO - Processing /opt/airflow/dags/dag_05_data_quality.py took 0.102 seconds
[2026-05-23T14:34:47.298+0000] {processor.py:161} INFO - Started process (PID=3372) to work on /opt/airflow/dags/dag_05_data_quality.py
[2026-05-23T14:34:47.299+0000] {processor.py:830} INFO - Processing file /opt/airflow/dags/dag_05_data_quality.py for tasks to queue
[2026-05-23T14:34:47.301+0000] {logging_mixin.py:188} INFO - [2026-05-23T14:34:47.301+0000] {dagbag.py:545} INFO - Filling up the DagBag from /opt/airflow/dags/dag_05_data_quality.py
[2026-05-23T14:34:47.320+0000] {processor.py:840} INFO - DAG(s) '05_data_quality_validation' retrieved from /opt/airflow/dags/dag_05_data_quality.py
[2026-05-23T14:34:47.346+0000] {logging_mixin.py:188} INFO - [2026-05-23T14:34:47.346+0000] {dag.py:3096} INFO - Sync 1 DAGs
[2026-05-23T14:34:47.367+0000] {logging_mixin.py:188} INFO - [2026-05-23T14:34:47.366+0000] {dag.py:3954} INFO - Setting next_dagrun for 05_data_quality_validation to 2026-05-23 14:00:00+00:00, run_after=2026-05-23 15:00:00+00:00
[2026-05-23T14:34:47.382+0000] {processor.py:183} INFO - Processing /opt/airflow/dags/dag_05_data_quality.py took 0.093 seconds
[2026-05-23T14:35:17.809+0000] {processor.py:161} INFO - Started process (PID=3520) to work on /opt/airflow/dags/dag_05_data_quality.py
[2026-05-23T14:35:17.810+0000] {processor.py:830} INFO - Processing file /opt/airflow/dags/dag_05_data_quality.py for tasks to queue
[2026-05-23T14:35:17.811+0000] {logging_mixin.py:188} INFO - [2026-05-23T14:35:17.811+0000] {dagbag.py:545} INFO - Filling up the DagBag from /opt/airflow/dags/dag_05_data_quality.py
[2026-05-23T14:35:17.833+0000] {processor.py:840} INFO - DAG(s) '05_data_quality_validation' retrieved from /opt/airflow/dags/dag_05_data_quality.py
[2026-05-23T14:35:17.859+0000] {logging_mixin.py:188} INFO - [2026-05-23T14:35:17.859+0000] {dag.py:3096} INFO - Sync 1 DAGs
[2026-05-23T14:35:17.878+0000] {logging_mixin.py:188} INFO - [2026-05-23T14:35:17.877+0000] {dag.py:3954} INFO - Setting next_dagrun for 05_data_quality_validation to 2026-05-23 14:00:00+00:00, run_after=2026-05-23 15:00:00+00:00
[2026-05-23T14:35:17.892+0000] {processor.py:183} INFO - Processing /opt/airflow/dags/dag_05_data_quality.py took 0.093 seconds
[2026-05-23T14:35:48.390+0000] {processor.py:161} INFO - Started process (PID=3587) to work on /opt/airflow/dags/dag_05_data_quality.py
[2026-05-23T14:35:48.391+0000] {processor.py:830} INFO - Processing file /opt/airflow/dags/dag_05_data_quality.py for tasks to queue
[2026-05-23T14:35:48.393+0000] {logging_mixin.py:188} INFO - [2026-05-23T14:35:48.393+0000] {dagbag.py:545} INFO - Filling up the DagBag from /opt/airflow/dags/dag_05_data_quality.py
[2026-05-23T14:35:48.415+0000] {processor.py:840} INFO - DAG(s) '05_data_quality_validation' retrieved from /opt/airflow/dags/dag_05_data_quality.py
[2026-05-23T14:35:48.451+0000] {logging_mixin.py:188} INFO - [2026-05-23T14:35:48.450+0000] {dag.py:3096} INFO - Sync 1 DAGs
[2026-05-23T14:35:48.478+0000] {logging_mixin.py:188} INFO - [2026-05-23T14:35:48.478+0000] {dag.py:3954} INFO - Setting next_dagrun for 05_data_quality_validation to 2026-05-23 14:00:00+00:00, run_after=2026-05-23 15:00:00+00:00
[2026-05-23T14:35:48.506+0000] {processor.py:183} INFO - Processing /opt/airflow/dags/dag_05_data_quality.py took 0.128 seconds
[2026-05-23T14:36:18.982+0000] {processor.py:161} INFO - Started process (PID=3703) to work on /opt/airflow/dags/dag_05_data_quality.py
[2026-05-23T14:36:18.983+0000] {processor.py:830} INFO - Processing file /opt/airflow/dags/dag_05_data_quality.py for tasks to queue
[2026-05-23T14:36:18.984+0000] {logging_mixin.py:188} INFO - [2026-05-23T14:36:18.984+0000] {dagbag.py:545} INFO - Filling up the DagBag from /opt/airflow/dags/dag_05_data_quality.py
[2026-05-23T14:36:19.003+0000] {processor.py:840} INFO - DAG(s) '05_data_quality_validation' retrieved from /opt/airflow/dags/dag_05_data_quality.py
[2026-05-23T14:36:19.030+0000] {logging_mixin.py:188} INFO - [2026-05-23T14:36:19.029+0000] {dag.py:3096} INFO - Sync 1 DAGs
[2026-05-23T14:36:19.048+0000] {logging_mixin.py:188} INFO - [2026-05-23T14:36:19.048+0000] {dag.py:3954} INFO - Setting next_dagrun for 05_data_quality_validation to 2026-05-23 14:00:00+00:00, run_after=2026-05-23 15:00:00+00:00
[2026-05-23T14:36:19.064+0000] {processor.py:183} INFO - Processing /opt/airflow/dags/dag_05_data_quality.py took 0.092 seconds
[2026-05-23T14:36:49.552+0000] {processor.py:161} INFO - Started process (PID=3734) to work on /opt/airflow/dags/dag_05_data_quality.py
[2026-05-23T14:36:49.554+0000] {processor.py:830} INFO - Processing file /opt/airflow/dags/dag_05_data_quality.py for tasks to queue
[2026-05-23T14:36:49.556+0000] {logging_mixin.py:188} INFO - [2026-05-23T14:36:49.556+0000] {dagbag.py:545} INFO - Filling up the DagBag from /opt/airflow/dags/dag_05_data_quality.py
[2026-05-23T14:36:49.582+0000] {processor.py:840} INFO - DAG(s) '05_data_quality_validation' retrieved from /opt/airflow/dags/dag_05_data_quality.py
[2026-05-23T14:36:49.618+0000] {logging_mixin.py:188} INFO - [2026-05-23T14:36:49.618+0000] {dag.py:3096} INFO - Sync 1 DAGs
[2026-05-23T14:36:49.646+0000] {logging_mixin.py:188} INFO - [2026-05-23T14:36:49.645+0000] {dag.py:3954} INFO - Setting next_dagrun for 05_data_quality_validation to 2026-05-23 14:00:00+00:00, run_after=2026-05-23 15:00:00+00:00
[2026-05-23T14:36:49.668+0000] {processor.py:183} INFO - Processing /opt/airflow/dags/dag_05_data_quality.py took 0.129 seconds
[2026-05-23T14:37:20.138+0000] {processor.py:161} INFO - Started process (PID=3919) to work on /opt/airflow/dags/dag_05_data_quality.py
[2026-05-23T14:37:20.139+0000] {processor.py:830} INFO - Processing file /opt/airflow/dags/dag_05_data_quality.py for tasks to queue
[2026-05-23T14:37:20.141+0000] {logging_mixin.py:188} INFO - [2026-05-23T14:37:20.141+0000] {dagbag.py:545} INFO - Filling up the DagBag from /opt/airflow/dags/dag_05_data_quality.py
[2026-05-23T14:37:20.168+0000] {processor.py:840} INFO - DAG(s) '05_data_quality_validation' retrieved from /opt/airflow/dags/dag_05_data_quality.py
[2026-05-23T14:37:20.209+0000] {logging_mixin.py:188} INFO - [2026-05-23T14:37:20.208+0000] {dag.py:3096} INFO - Sync 1 DAGs
[2026-05-23T14:37:20.242+0000] {logging_mixin.py:188} INFO - [2026-05-23T14:37:20.241+0000] {dag.py:3954} INFO - Setting next_dagrun for 05_data_quality_validation to 2026-05-23 14:00:00+00:00, run_after=2026-05-23 15:00:00+00:00
[2026-05-23T14:37:20.265+0000] {processor.py:183} INFO - Processing /opt/airflow/dags/dag_05_data_quality.py took 0.139 seconds
[2026-05-23T14:37:50.759+0000] {processor.py:161} INFO - Started process (PID=4081) to work on /opt/airflow/dags/dag_05_data_quality.py
[2026-05-23T14:37:50.760+0000] {processor.py:830} INFO - Processing file /opt/airflow/dags/dag_05_data_quality.py for tasks to queue
[2026-05-23T14:37:50.763+0000] {logging_mixin.py:188} INFO - [2026-05-23T14:37:50.762+0000] {dagbag.py:545} INFO - Filling up the DagBag from /opt/airflow/dags/dag_05_data_quality.py
[2026-05-23T14:37:50.789+0000] {processor.py:840} INFO - DAG(s) '05_data_quality_validation' retrieved from /opt/airflow/dags/dag_05_data_quality.py
[2026-05-23T14:37:50.826+0000] {logging_mixin.py:188} INFO - [2026-05-23T14:37:50.825+0000] {dag.py:3096} INFO - Sync 1 DAGs
[2026-05-23T14:37:50.861+0000] {logging_mixin.py:188} INFO - [2026-05-23T14:37:50.860+0000] {dag.py:3954} INFO - Setting next_dagrun for 05_data_quality_validation to 2026-05-23 14:00:00+00:00, run_after=2026-05-23 15:00:00+00:00
[2026-05-23T14:37:50.883+0000] {processor.py:183} INFO - Processing /opt/airflow/dags/dag_05_data_quality.py took 0.137 seconds
[2026-05-23T14:38:21.587+0000] {processor.py:161} INFO - Started process (PID=4610) to work on /opt/airflow/dags/dag_05_data_quality.py
[2026-05-23T14:38:21.588+0000] {processor.py:830} INFO - Processing file /opt/airflow/dags/dag_05_data_quality.py for tasks to queue
[2026-05-23T14:38:21.590+0000] {logging_mixin.py:188} INFO - [2026-05-23T14:38:21.590+0000] {dagbag.py:545} INFO - Filling up the DagBag from /opt/airflow/dags/dag_05_data_quality.py
[2026-05-23T14:38:21.608+0000] {processor.py:840} INFO - DAG(s) '05_data_quality_validation' retrieved from /opt/airflow/dags/dag_05_data_quality.py
[2026-05-23T14:38:21.636+0000] {logging_mixin.py:188} INFO - [2026-05-23T14:38:21.636+0000] {dag.py:3096} INFO - Sync 1 DAGs
[2026-05-23T14:38:21.654+0000] {logging_mixin.py:188} INFO - [2026-05-23T14:38:21.654+0000] {dag.py:3954} INFO - Setting next_dagrun for 05_data_quality_validation to 2026-05-23 14:00:00+00:00, run_after=2026-05-23 15:00:00+00:00
[2026-05-23T14:38:21.670+0000] {processor.py:183} INFO - Processing /opt/airflow/dags/dag_05_data_quality.py took 0.092 seconds
[2026-05-23T14:38:52.209+0000] {processor.py:161} INFO - Started process (PID=4762) to work on /opt/airflow/dags/dag_05_data_quality.py
[2026-05-23T14:38:52.210+0000] {processor.py:830} INFO - Processing file /opt/airflow/dags/dag_05_data_quality.py for tasks to queue
[2026-05-23T14:38:52.211+0000] {logging_mixin.py:188} INFO - [2026-05-23T14:38:52.211+0000] {dagbag.py:545} INFO - Filling up the DagBag from /opt/airflow/dags/dag_05_data_quality.py
[2026-05-23T14:38:52.231+0000] {processor.py:840} INFO - DAG(s) '05_data_quality_validation' retrieved from /opt/airflow/dags/dag_05_data_quality.py
[2026-05-23T14:38:52.256+0000] {logging_mixin.py:188} INFO - [2026-05-23T14:38:52.255+0000] {dag.py:3096} INFO - Sync 1 DAGs
[2026-05-23T14:38:52.275+0000] {logging_mixin.py:188} INFO - [2026-05-23T14:38:52.275+0000] {dag.py:3954} INFO - Setting next_dagrun for 05_data_quality_validation to 2026-05-23 14:00:00+00:00, run_after=2026-05-23 15:00:00+00:00
[2026-05-23T14:38:52.296+0000] {processor.py:183} INFO - Processing /opt/airflow/dags/dag_05_data_quality.py took 0.097 seconds
[2026-05-23T14:39:22.779+0000] {processor.py:161} INFO - Started process (PID=4793) to work on /opt/airflow/dags/dag_05_data_quality.py
[2026-05-23T14:39:22.780+0000] {processor.py:830} INFO - Processing file /opt/airflow/dags/dag_05_data_quality.py for tasks to queue
[2026-05-23T14:39:22.781+0000] {logging_mixin.py:188} INFO - [2026-05-23T14:39:22.781+0000] {dagbag.py:545} INFO - Filling up the DagBag from /opt/airflow/dags/dag_05_data_quality.py
[2026-05-23T14:39:22.801+0000] {processor.py:840} INFO - DAG(s) '05_data_quality_validation' retrieved from /opt/airflow/dags/dag_05_data_quality.py
[2026-05-23T14:39:22.826+0000] {logging_mixin.py:188} INFO - [2026-05-23T14:39:22.825+0000] {dag.py:3096} INFO - Sync 1 DAGs
[2026-05-23T14:39:22.843+0000] {logging_mixin.py:188} INFO - [2026-05-23T14:39:22.843+0000] {dag.py:3954} INFO - Setting next_dagrun for 05_data_quality_validation to 2026-05-23 14:00:00+00:00, run_after=2026-05-23 15:00:00+00:00
[2026-05-23T14:39:22.859+0000] {processor.py:183} INFO - Processing /opt/airflow/dags/dag_05_data_quality.py took 0.089 seconds
[2026-05-23T14:39:53.304+0000] {processor.py:161} INFO - Started process (PID=4911) to work on /opt/airflow/dags/dag_05_data_quality.py
[2026-05-23T14:39:53.305+0000] {processor.py:830} INFO - Processing file /opt/airflow/dags/dag_05_data_quality.py for tasks to queue
[2026-05-23T14:39:53.306+0000] {logging_mixin.py:188} INFO - [2026-05-23T14:39:53.306+0000] {dagbag.py:545} INFO - Filling up the DagBag from /opt/airflow/dags/dag_05_data_quality.py
[2026-05-23T14:39:53.325+0000] {processor.py:840} INFO - DAG(s) '05_data_quality_validation' retrieved from /opt/airflow/dags/dag_05_data_quality.py
[2026-05-23T14:39:53.353+0000] {logging_mixin.py:188} INFO - [2026-05-23T14:39:53.353+0000] {dag.py:3096} INFO - Sync 1 DAGs
[2026-05-23T14:39:53.373+0000] {logging_mixin.py:188} INFO - [2026-05-23T14:39:53.373+0000] {dag.py:3954} INFO - Setting next_dagrun for 05_data_quality_validation to 2026-05-23 14:00:00+00:00, run_after=2026-05-23 15:00:00+00:00
[2026-05-23T14:39:53.394+0000] {processor.py:183} INFO - Processing /opt/airflow/dags/dag_05_data_quality.py took 0.099 seconds
[2026-05-23T14:40:23.839+0000] {processor.py:161} INFO - Started process (PID=5097) to work on /opt/airflow/dags/dag_05_data_quality.py
[2026-05-23T14:40:23.840+0000] {processor.py:830} INFO - Processing file /opt/airflow/dags/dag_05_data_quality.py for tasks to queue
[2026-05-23T14:40:23.842+0000] {logging_mixin.py:188} INFO - [2026-05-23T14:40:23.841+0000] {dagbag.py:545} INFO - Filling up the DagBag from /opt/airflow/dags/dag_05_data_quality.py
[2026-05-23T14:40:23.860+0000] {processor.py:840} INFO - DAG(s) '05_data_quality_validation' retrieved from /opt/airflow/dags/dag_05_data_quality.py
[2026-05-23T14:40:23.885+0000] {logging_mixin.py:188} INFO - [2026-05-23T14:40:23.885+0000] {dag.py:3096} INFO - Sync 1 DAGs
[2026-05-23T14:40:23.904+0000] {logging_mixin.py:188} INFO - [2026-05-23T14:40:23.904+0000] {dag.py:3954} INFO - Setting next_dagrun for 05_data_quality_validation to 2026-05-23 14:00:00+00:00, run_after=2026-05-23 15:00:00+00:00
[2026-05-23T14:40:23.921+0000] {processor.py:183} INFO - Processing /opt/airflow/dags/dag_05_data_quality.py took 0.091 seconds
[2026-05-23T14:40:54.568+0000] {processor.py:161} INFO - Started process (PID=5134) to work on /opt/airflow/dags/dag_05_data_quality.py
[2026-05-23T14:40:54.570+0000] {processor.py:830} INFO - Processing file /opt/airflow/dags/dag_05_data_quality.py for tasks to queue
[2026-05-23T14:40:54.573+0000] {logging_mixin.py:188} INFO - [2026-05-23T14:40:54.573+0000] {dagbag.py:545} INFO - Filling up the DagBag from /opt/airflow/dags/dag_05_data_quality.py
[2026-05-23T14:40:54.606+0000] {processor.py:840} INFO - DAG(s) '05_data_quality_validation' retrieved from /opt/airflow/dags/dag_05_data_quality.py
[2026-05-23T14:40:54.713+0000] {logging_mixin.py:188} INFO - [2026-05-23T14:40:54.713+0000] {dag.py:3096} INFO - Sync 1 DAGs
[2026-05-23T14:40:54.788+0000] {logging_mixin.py:188} INFO - [2026-05-23T14:40:54.787+0000] {dag.py:3954} INFO - Setting next_dagrun for 05_data_quality_validation to 2026-05-23 14:00:00+00:00, run_after=2026-05-23 15:00:00+00:00
[2026-05-23T14:40:54.825+0000] {processor.py:183} INFO - Processing /opt/airflow/dags/dag_05_data_quality.py took 0.275 seconds
[2026-05-23T14:41:24.979+0000] {processor.py:161} INFO - Started process (PID=5207) to work on /opt/airflow/dags/dag_05_data_quality.py
[2026-05-23T14:41:24.986+0000] {processor.py:830} INFO - Processing file /opt/airflow/dags/dag_05_data_quality.py for tasks to queue
[2026-05-23T14:41:24.988+0000] {logging_mixin.py:188} INFO - [2026-05-23T14:41:24.987+0000] {dagbag.py:545} INFO - Filling up the DagBag from /opt/airflow/dags/dag_05_data_quality.py
[2026-05-23T14:41:25.009+0000] {processor.py:840} INFO - DAG(s) '05_data_quality_validation' retrieved from /opt/airflow/dags/dag_05_data_quality.py
[2026-05-23T14:41:25.037+0000] {logging_mixin.py:188} INFO - [2026-05-23T14:41:25.037+0000] {dag.py:3096} INFO - Sync 1 DAGs
[2026-05-23T14:41:25.058+0000] {logging_mixin.py:188} INFO - [2026-05-23T14:41:25.058+0000] {dag.py:3954} INFO - Setting next_dagrun for 05_data_quality_validation to 2026-05-23 14:00:00+00:00, run_after=2026-05-23 15:00:00+00:00
[2026-05-23T14:41:25.084+0000] {processor.py:183} INFO - Processing /opt/airflow/dags/dag_05_data_quality.py took 0.115 seconds
[2026-05-23T14:41:55.460+0000] {processor.py:161} INFO - Started process (PID=5323) to work on /opt/airflow/dags/dag_05_data_quality.py
[2026-05-23T14:41:55.461+0000] {processor.py:830} INFO - Processing file /opt/airflow/dags/dag_05_data_quality.py for tasks to queue
[2026-05-23T14:41:55.463+0000] {logging_mixin.py:188} INFO - [2026-05-23T14:41:55.462+0000] {dagbag.py:545} INFO - Filling up the DagBag from /opt/airflow/dags/dag_05_data_quality.py
[2026-05-23T14:41:55.481+0000] {processor.py:840} INFO - DAG(s) '05_data_quality_validation' retrieved from /opt/airflow/dags/dag_05_data_quality.py
[2026-05-23T14:41:55.508+0000] {logging_mixin.py:188} INFO - [2026-05-23T14:41:55.507+0000] {dag.py:3096} INFO - Sync 1 DAGs
[2026-05-23T14:41:55.527+0000] {logging_mixin.py:188} INFO - [2026-05-23T14:41:55.527+0000] {dag.py:3954} INFO - Setting next_dagrun for 05_data_quality_validation to 2026-05-23 14:00:00+00:00, run_after=2026-05-23 15:00:00+00:00
[2026-05-23T14:41:55.546+0000] {processor.py:183} INFO - Processing /opt/airflow/dags/dag_05_data_quality.py took 0.095 seconds
[2026-05-23T14:42:26.057+0000] {processor.py:161} INFO - Started process (PID=5354) to work on /opt/airflow/dags/dag_05_data_quality.py
[2026-05-23T14:42:26.066+0000] {processor.py:830} INFO - Processing file /opt/airflow/dags/dag_05_data_quality.py for tasks to queue
[2026-05-23T14:42:26.068+0000] {logging_mixin.py:188} INFO - [2026-05-23T14:42:26.067+0000] {dagbag.py:545} INFO - Filling up the DagBag from /opt/airflow/dags/dag_05_data_quality.py
[2026-05-23T14:42:26.087+0000] {processor.py:840} INFO - DAG(s) '05_data_quality_validation' retrieved from /opt/airflow/dags/dag_05_data_quality.py
[2026-05-23T14:42:26.113+0000] {logging_mixin.py:188} INFO - [2026-05-23T14:42:26.113+0000] {dag.py:3096} INFO - Sync 1 DAGs
[2026-05-23T14:42:26.132+0000] {logging_mixin.py:188} INFO - [2026-05-23T14:42:26.132+0000] {dag.py:3954} INFO - Setting next_dagrun for 05_data_quality_validation to 2026-05-23 14:00:00+00:00, run_after=2026-05-23 15:00:00+00:00
[2026-05-23T14:42:26.151+0000] {processor.py:183} INFO - Processing /opt/airflow/dags/dag_05_data_quality.py took 0.103 seconds
[2026-05-23T14:42:56.641+0000] {processor.py:161} INFO - Started process (PID=5512) to work on /opt/airflow/dags/dag_05_data_quality.py
[2026-05-23T14:42:56.642+0000] {processor.py:830} INFO - Processing file /opt/airflow/dags/dag_05_data_quality.py for tasks to queue
[2026-05-23T14:42:56.644+0000] {logging_mixin.py:188} INFO - [2026-05-23T14:42:56.644+0000] {dagbag.py:545} INFO - Filling up the DagBag from /opt/airflow/dags/dag_05_data_quality.py
[2026-05-23T14:42:56.663+0000] {processor.py:840} INFO - DAG(s) '05_data_quality_validation' retrieved from /opt/airflow/dags/dag_05_data_quality.py
[2026-05-23T14:42:56.689+0000] {logging_mixin.py:188} INFO - [2026-05-23T14:42:56.688+0000] {dag.py:3096} INFO - Sync 1 DAGs
[2026-05-23T14:42:56.709+0000] {logging_mixin.py:188} INFO - [2026-05-23T14:42:56.709+0000] {dag.py:3954} INFO - Setting next_dagrun for 05_data_quality_validation to 2026-05-23 14:00:00+00:00, run_after=2026-05-23 15:00:00+00:00
[2026-05-23T14:42:56.734+0000] {processor.py:183} INFO - Processing /opt/airflow/dags/dag_05_data_quality.py took 0.104 seconds
[2026-05-23T14:43:27.198+0000] {processor.py:161} INFO - Started process (PID=5543) to work on /opt/airflow/dags/dag_05_data_quality.py
[2026-05-23T14:43:27.199+0000] {processor.py:830} INFO - Processing file /opt/airflow/dags/dag_05_data_quality.py for tasks to queue
[2026-05-23T14:43:27.201+0000] {logging_mixin.py:188} INFO - [2026-05-23T14:43:27.201+0000] {dagbag.py:545} INFO - Filling up the DagBag from /opt/airflow/dags/dag_05_data_quality.py
[2026-05-23T14:43:27.229+0000] {processor.py:840} INFO - DAG(s) '05_data_quality_validation' retrieved from /opt/airflow/dags/dag_05_data_quality.py
[2026-05-23T14:43:27.255+0000] {logging_mixin.py:188} INFO - [2026-05-23T14:43:27.255+0000] {dag.py:3096} INFO - Sync 1 DAGs
[2026-05-23T14:43:27.274+0000] {logging_mixin.py:188} INFO - [2026-05-23T14:43:27.274+0000] {dag.py:3954} INFO - Setting next_dagrun for 05_data_quality_validation to 2026-05-23 14:00:00+00:00, run_after=2026-05-23 15:00:00+00:00
[2026-05-23T14:43:27.298+0000] {processor.py:183} INFO - Processing /opt/airflow/dags/dag_05_data_quality.py took 0.108 seconds
[2026-05-23T14:43:57.879+0000] {processor.py:161} INFO - Started process (PID=5574) to work on /opt/airflow/dags/dag_05_data_quality.py
[2026-05-23T14:43:57.880+0000] {processor.py:830} INFO - Processing file /opt/airflow/dags/dag_05_data_quality.py for tasks to queue
[2026-05-23T14:43:57.882+0000] {logging_mixin.py:188} INFO - [2026-05-23T14:43:57.882+0000] {dagbag.py:545} INFO - Filling up the DagBag from /opt/airflow/dags/dag_05_data_quality.py
[2026-05-23T14:43:57.905+0000] {processor.py:840} INFO - DAG(s) '05_data_quality_validation' retrieved from /opt/airflow/dags/dag_05_data_quality.py
[2026-05-23T14:43:57.937+0000] {logging_mixin.py:188} INFO - [2026-05-23T14:43:57.937+0000] {dag.py:3096} INFO - Sync 1 DAGs
[2026-05-23T14:43:57.960+0000] {logging_mixin.py:188} INFO - [2026-05-23T14:43:57.960+0000] {dag.py:3954} INFO - Setting next_dagrun for 05_data_quality_validation to 2026-05-23 14:00:00+00:00, run_after=2026-05-23 15:00:00+00:00
[2026-05-23T14:43:57.982+0000] {processor.py:183} INFO - Processing /opt/airflow/dags/dag_05_data_quality.py took 0.112 seconds
[2026-05-23T14:44:28.446+0000] {processor.py:161} INFO - Started process (PID=5734) to work on /opt/airflow/dags/dag_05_data_quality.py
[2026-05-23T14:44:28.447+0000] {processor.py:830} INFO - Processing file /opt/airflow/dags/dag_05_data_quality.py for tasks to queue
[2026-05-23T14:44:28.449+0000] {logging_mixin.py:188} INFO - [2026-05-23T14:44:28.449+0000] {dagbag.py:545} INFO - Filling up the DagBag from /opt/airflow/dags/dag_05_data_quality.py
[2026-05-23T14:44:28.471+0000] {processor.py:840} INFO - DAG(s) '05_data_quality_validation' retrieved from /opt/airflow/dags/dag_05_data_quality.py
[2026-05-23T14:44:28.502+0000] {logging_mixin.py:188} INFO - [2026-05-23T14:44:28.502+0000] {dag.py:3096} INFO - Sync 1 DAGs
[2026-05-23T14:44:28.524+0000] {logging_mixin.py:188} INFO - [2026-05-23T14:44:28.523+0000] {dag.py:3954} INFO - Setting next_dagrun for 05_data_quality_validation to 2026-05-23 14:00:00+00:00, run_after=2026-05-23 15:00:00+00:00
[2026-05-23T14:44:28.538+0000] {processor.py:183} INFO - Processing /opt/airflow/dags/dag_05_data_quality.py took 0.103 seconds
[2026-05-23T14:44:59.033+0000] {processor.py:161} INFO - Started process (PID=5781) to work on /opt/airflow/dags/dag_05_data_quality.py
[2026-05-23T14:44:59.036+0000] {processor.py:830} INFO - Processing file /opt/airflow/dags/dag_05_data_quality.py for tasks to queue
[2026-05-23T14:44:59.038+0000] {logging_mixin.py:188} INFO - [2026-05-23T14:44:59.038+0000] {dagbag.py:545} INFO - Filling up the DagBag from /opt/airflow/dags/dag_05_data_quality.py
[2026-05-23T14:44:59.063+0000] {processor.py:840} INFO - DAG(s) '05_data_quality_validation' retrieved from /opt/airflow/dags/dag_05_data_quality.py
[2026-05-23T14:44:59.095+0000] {logging_mixin.py:188} INFO - [2026-05-23T14:44:59.095+0000] {dag.py:3096} INFO - Sync 1 DAGs
[2026-05-23T14:44:59.117+0000] {logging_mixin.py:188} INFO - [2026-05-23T14:44:59.117+0000] {dag.py:3954} INFO - Setting next_dagrun for 05_data_quality_validation to 2026-05-23 14:00:00+00:00, run_after=2026-05-23 15:00:00+00:00
[2026-05-23T14:44:59.134+0000] {processor.py:183} INFO - Processing /opt/airflow/dags/dag_05_data_quality.py took 0.113 seconds
[2026-05-23T14:45:29.672+0000] {processor.py:161} INFO - Started process (PID=6021) to work on /opt/airflow/dags/dag_05_data_quality.py
[2026-05-23T14:45:29.673+0000] {processor.py:830} INFO - Processing file /opt/airflow/dags/dag_05_data_quality.py for tasks to queue
[2026-05-23T14:45:29.676+0000] {logging_mixin.py:188} INFO - [2026-05-23T14:45:29.675+0000] {dagbag.py:545} INFO - Filling up the DagBag from /opt/airflow/dags/dag_05_data_quality.py
[2026-05-23T14:45:29.700+0000] {processor.py:840} INFO - DAG(s) '05_data_quality_validation' retrieved from /opt/airflow/dags/dag_05_data_quality.py
[2026-05-23T14:45:29.716+0000] {logging_mixin.py:188} INFO - [2026-05-23T14:45:29.716+0000] {dag.py:3096} INFO - Sync 1 DAGs
[2026-05-23T14:45:29.740+0000] {logging_mixin.py:188} INFO - [2026-05-23T14:45:29.740+0000] {dag.py:3954} INFO - Setting next_dagrun for 05_data_quality_validation to 2026-05-23 14:00:00+00:00, run_after=2026-05-23 15:00:00+00:00
[2026-05-23T14:45:29.758+0000] {processor.py:183} INFO - Processing /opt/airflow/dags/dag_05_data_quality.py took 0.098 seconds
[2026-05-23T14:46:00.371+0000] {processor.py:161} INFO - Started process (PID=6199) to work on /opt/airflow/dags/dag_05_data_quality.py
[2026-05-23T14:46:00.372+0000] {processor.py:830} INFO - Processing file /opt/airflow/dags/dag_05_data_quality.py for tasks to queue
[2026-05-23T14:46:00.374+0000] {logging_mixin.py:188} INFO - [2026-05-23T14:46:00.374+0000] {dagbag.py:545} INFO - Filling up the DagBag from /opt/airflow/dags/dag_05_data_quality.py
[2026-05-23T14:46:00.396+0000] {processor.py:840} INFO - DAG(s) '05_data_quality_validation' retrieved from /opt/airflow/dags/dag_05_data_quality.py
[2026-05-23T14:46:00.761+0000] {logging_mixin.py:188} INFO - [2026-05-23T14:46:00.761+0000] {dag.py:3096} INFO - Sync 1 DAGs
[2026-05-23T14:46:00.783+0000] {logging_mixin.py:188} INFO - [2026-05-23T14:46:00.783+0000] {dag.py:3954} INFO - Setting next_dagrun for 05_data_quality_validation to 2026-05-23 14:00:00+00:00, run_after=2026-05-23 15:00:00+00:00
[2026-05-23T14:46:00.802+0000] {processor.py:183} INFO - Processing /opt/airflow/dags/dag_05_data_quality.py took 0.444 seconds
[2026-05-23T14:46:30.897+0000] {processor.py:161} INFO - Started process (PID=6426) to work on /opt/airflow/dags/dag_05_data_quality.py
[2026-05-23T14:46:30.898+0000] {processor.py:830} INFO - Processing file /opt/airflow/dags/dag_05_data_quality.py for tasks to queue
[2026-05-23T14:46:30.900+0000] {logging_mixin.py:188} INFO - [2026-05-23T14:46:30.900+0000] {dagbag.py:545} INFO - Filling up the DagBag from /opt/airflow/dags/dag_05_data_quality.py
[2026-05-23T14:46:30.926+0000] {processor.py:840} INFO - DAG(s) '05_data_quality_validation' retrieved from /opt/airflow/dags/dag_05_data_quality.py
[2026-05-23T14:46:30.958+0000] {logging_mixin.py:188} INFO - [2026-05-23T14:46:30.958+0000] {dag.py:3096} INFO - Sync 1 DAGs
[2026-05-23T14:46:30.980+0000] {logging_mixin.py:188} INFO - [2026-05-23T14:46:30.980+0000] {dag.py:3954} INFO - Setting next_dagrun for 05_data_quality_validation to 2026-05-23 14:00:00+00:00, run_after=2026-05-23 15:00:00+00:00
[2026-05-23T14:46:30.998+0000] {processor.py:183} INFO - Processing /opt/airflow/dags/dag_05_data_quality.py took 0.113 seconds
[2026-05-23T14:47:01.400+0000] {processor.py:161} INFO - Started process (PID=6572) to work on /opt/airflow/dags/dag_05_data_quality.py
[2026-05-23T14:47:01.402+0000] {processor.py:830} INFO - Processing file /opt/airflow/dags/dag_05_data_quality.py for tasks to queue
[2026-05-23T14:47:01.405+0000] {logging_mixin.py:188} INFO - [2026-05-23T14:47:01.404+0000] {dagbag.py:545} INFO - Filling up the DagBag from /opt/airflow/dags/dag_05_data_quality.py
[2026-05-23T14:47:01.439+0000] {processor.py:840} INFO - DAG(s) '05_data_quality_validation' retrieved from /opt/airflow/dags/dag_05_data_quality.py
[2026-05-23T14:47:01.477+0000] {logging_mixin.py:188} INFO - [2026-05-23T14:47:01.477+0000] {dag.py:3096} INFO - Sync 1 DAGs
[2026-05-23T14:47:01.505+0000] {logging_mixin.py:188} INFO - [2026-05-23T14:47:01.505+0000] {dag.py:3954} INFO - Setting next_dagrun for 05_data_quality_validation to 2026-05-23 14:00:00+00:00, run_after=2026-05-23 15:00:00+00:00
[2026-05-23T14:47:01.526+0000] {processor.py:183} INFO - Processing /opt/airflow/dags/dag_05_data_quality.py took 0.145 seconds
[2026-05-23T14:47:32.025+0000] {processor.py:161} INFO - Started process (PID=6744) to work on /opt/airflow/dags/dag_05_data_quality.py
[2026-05-23T14:47:32.027+0000] {processor.py:830} INFO - Processing file /opt/airflow/dags/dag_05_data_quality.py for tasks to queue
[2026-05-23T14:47:32.028+0000] {logging_mixin.py:188} INFO - [2026-05-23T14:47:32.028+0000] {dagbag.py:545} INFO - Filling up the DagBag from /opt/airflow/dags/dag_05_data_quality.py
[2026-05-23T14:47:32.048+0000] {processor.py:840} INFO - DAG(s) '05_data_quality_validation' retrieved from /opt/airflow/dags/dag_05_data_quality.py
[2026-05-23T14:47:32.078+0000] {logging_mixin.py:188} INFO - [2026-05-23T14:47:32.078+0000] {dag.py:3096} INFO - Sync 1 DAGs
[2026-05-23T14:47:32.100+0000] {logging_mixin.py:188} INFO - [2026-05-23T14:47:32.100+0000] {dag.py:3954} INFO - Setting next_dagrun for 05_data_quality_validation to 2026-05-23 14:00:00+00:00, run_after=2026-05-23 15:00:00+00:00
[2026-05-23T14:47:32.118+0000] {processor.py:183} INFO - Processing /opt/airflow/dags/dag_05_data_quality.py took 0.101 seconds
[2026-05-23T14:48:02.589+0000] {processor.py:161} INFO - Started process (PID=6966) to work on /opt/airflow/dags/dag_05_data_quality.py
[2026-05-23T14:48:02.590+0000] {processor.py:830} INFO - Processing file /opt/airflow/dags/dag_05_data_quality.py for tasks to queue
[2026-05-23T14:48:02.592+0000] {logging_mixin.py:188} INFO - [2026-05-23T14:48:02.591+0000] {dagbag.py:545} INFO - Filling up the DagBag from /opt/airflow/dags/dag_05_data_quality.py
[2026-05-23T14:48:02.611+0000] {processor.py:840} INFO - DAG(s) '05_data_quality_validation' retrieved from /opt/airflow/dags/dag_05_data_quality.py
[2026-05-23T14:48:02.646+0000] {logging_mixin.py:188} INFO - [2026-05-23T14:48:02.645+0000] {dag.py:3096} INFO - Sync 1 DAGs
[2026-05-23T14:48:02.672+0000] {logging_mixin.py:188} INFO - [2026-05-23T14:48:02.672+0000] {dag.py:3954} INFO - Setting next_dagrun for 05_data_quality_validation to 2026-05-23 14:00:00+00:00, run_after=2026-05-23 15:00:00+00:00
[2026-05-23T14:48:02.688+0000] {processor.py:183} INFO - Processing /opt/airflow/dags/dag_05_data_quality.py took 0.109 seconds
[2026-05-23T14:48:33.224+0000] {processor.py:161} INFO - Started process (PID=7016) to work on /opt/airflow/dags/dag_05_data_quality.py
[2026-05-23T14:48:33.225+0000] {processor.py:830} INFO - Processing file /opt/airflow/dags/dag_05_data_quality.py for tasks to queue
[2026-05-23T14:48:33.227+0000] {logging_mixin.py:188} INFO - [2026-05-23T14:48:33.227+0000] {dagbag.py:545} INFO - Filling up the DagBag from /opt/airflow/dags/dag_05_data_quality.py
[2026-05-23T14:48:33.250+0000] {processor.py:840} INFO - DAG(s) '05_data_quality_validation' retrieved from /opt/airflow/dags/dag_05_data_quality.py
[2026-05-23T14:48:33.282+0000] {logging_mixin.py:188} INFO - [2026-05-23T14:48:33.281+0000] {dag.py:3096} INFO - Sync 1 DAGs
[2026-05-23T14:48:33.307+0000] {logging_mixin.py:188} INFO - [2026-05-23T14:48:33.307+0000] {dag.py:3954} INFO - Setting next_dagrun for 05_data_quality_validation to 2026-05-23 14:00:00+00:00, run_after=2026-05-23 15:00:00+00:00
[2026-05-23T14:48:33.327+0000] {processor.py:183} INFO - Processing /opt/airflow/dags/dag_05_data_quality.py took 0.118 seconds
[2026-05-23T14:49:03.919+0000] {processor.py:161} INFO - Started process (PID=7315) to work on /opt/airflow/dags/dag_05_data_quality.py
[2026-05-23T14:49:03.937+0000] {processor.py:830} INFO - Processing file /opt/airflow/dags/dag_05_data_quality.py for tasks to queue
[2026-05-23T14:49:03.956+0000] {logging_mixin.py:188} INFO - [2026-05-23T14:49:03.955+0000] {dagbag.py:545} INFO - Filling up the DagBag from /opt/airflow/dags/dag_05_data_quality.py
[2026-05-23T14:49:03.988+0000] {processor.py:840} INFO - DAG(s) '05_data_quality_validation' retrieved from /opt/airflow/dags/dag_05_data_quality.py
[2026-05-23T14:49:04.037+0000] {logging_mixin.py:188} INFO - [2026-05-23T14:49:04.036+0000] {dag.py:3096} INFO - Sync 1 DAGs
[2026-05-23T14:49:04.076+0000] {logging_mixin.py:188} INFO - [2026-05-23T14:49:04.076+0000] {dag.py:3954} INFO - Setting next_dagrun for 05_data_quality_validation to 2026-05-23 14:00:00+00:00, run_after=2026-05-23 15:00:00+00:00
[2026-05-23T14:49:04.121+0000] {processor.py:183} INFO - Processing /opt/airflow/dags/dag_05_data_quality.py took 0.238 seconds
[2026-05-23T14:49:34.320+0000] {processor.py:161} INFO - Started process (PID=7648) to work on /opt/airflow/dags/dag_05_data_quality.py
[2026-05-23T14:49:34.321+0000] {processor.py:830} INFO - Processing file /opt/airflow/dags/dag_05_data_quality.py for tasks to queue
[2026-05-23T14:49:34.323+0000] {logging_mixin.py:188} INFO - [2026-05-23T14:49:34.323+0000] {dagbag.py:545} INFO - Filling up the DagBag from /opt/airflow/dags/dag_05_data_quality.py
[2026-05-23T14:49:34.342+0000] {processor.py:840} INFO - DAG(s) '05_data_quality_validation' retrieved from /opt/airflow/dags/dag_05_data_quality.py
[2026-05-23T14:49:34.370+0000] {logging_mixin.py:188} INFO - [2026-05-23T14:49:34.370+0000] {dag.py:3096} INFO - Sync 1 DAGs
[2026-05-23T14:49:34.390+0000] {logging_mixin.py:188} INFO - [2026-05-23T14:49:34.390+0000] {dag.py:3954} INFO - Setting next_dagrun for 05_data_quality_validation to 2026-05-23 14:00:00+00:00, run_after=2026-05-23 15:00:00+00:00
[2026-05-23T14:49:34.415+0000] {processor.py:183} INFO - Processing /opt/airflow/dags/dag_05_data_quality.py took 0.105 seconds
[2026-05-23T14:50:04.732+0000] {processor.py:161} INFO - Started process (PID=7783) to work on /opt/airflow/dags/dag_05_data_quality.py
[2026-05-23T14:50:04.733+0000] {processor.py:830} INFO - Processing file /opt/airflow/dags/dag_05_data_quality.py for tasks to queue
[2026-05-23T14:50:04.734+0000] {logging_mixin.py:188} INFO - [2026-05-23T14:50:04.734+0000] {dagbag.py:545} INFO - Filling up the DagBag from /opt/airflow/dags/dag_05_data_quality.py
[2026-05-23T14:50:04.753+0000] {processor.py:840} INFO - DAG(s) '05_data_quality_validation' retrieved from /opt/airflow/dags/dag_05_data_quality.py
[2026-05-23T14:50:04.782+0000] {logging_mixin.py:188} INFO - [2026-05-23T14:50:04.781+0000] {dag.py:3096} INFO - Sync 1 DAGs
[2026-05-23T14:50:04.804+0000] {logging_mixin.py:188} INFO - [2026-05-23T14:50:04.804+0000] {dag.py:3954} INFO - Setting next_dagrun for 05_data_quality_validation to 2026-05-23 14:00:00+00:00, run_after=2026-05-23 15:00:00+00:00
[2026-05-23T14:50:04.836+0000] {processor.py:183} INFO - Processing /opt/airflow/dags/dag_05_data_quality.py took 0.113 seconds
[2026-05-23T14:50:35.309+0000] {processor.py:161} INFO - Started process (PID=7831) to work on /opt/airflow/dags/dag_05_data_quality.py
[2026-05-23T14:50:35.310+0000] {processor.py:830} INFO - Processing file /opt/airflow/dags/dag_05_data_quality.py for tasks to queue
[2026-05-23T14:50:35.311+0000] {logging_mixin.py:188} INFO - [2026-05-23T14:50:35.311+0000] {dagbag.py:545} INFO - Filling up the DagBag from /opt/airflow/dags/dag_05_data_quality.py
[2026-05-23T14:50:35.332+0000] {processor.py:840} INFO - DAG(s) '05_data_quality_validation' retrieved from /opt/airflow/dags/dag_05_data_quality.py
[2026-05-23T14:50:35.362+0000] {logging_mixin.py:188} INFO - [2026-05-23T14:50:35.361+0000] {dag.py:3096} INFO - Sync 1 DAGs
[2026-05-23T14:50:35.382+0000] {logging_mixin.py:188} INFO - [2026-05-23T14:50:35.382+0000] {dag.py:3954} INFO - Setting next_dagrun for 05_data_quality_validation to 2026-05-23 14:00:00+00:00, run_after=2026-05-23 15:00:00+00:00
[2026-05-23T14:50:35.398+0000] {processor.py:183} INFO - Processing /opt/airflow/dags/dag_05_data_quality.py took 0.100 seconds
[2026-05-23T14:51:05.869+0000] {processor.py:161} INFO - Started process (PID=7862) to work on /opt/airflow/dags/dag_05_data_quality.py
[2026-05-23T14:51:05.870+0000] {processor.py:830} INFO - Processing file /opt/airflow/dags/dag_05_data_quality.py for tasks to queue
[2026-05-23T14:51:05.872+0000] {logging_mixin.py:188} INFO - [2026-05-23T14:51:05.871+0000] {dagbag.py:545} INFO - Filling up the DagBag from /opt/airflow/dags/dag_05_data_quality.py
[2026-05-23T14:51:05.891+0000] {processor.py:840} INFO - DAG(s) '05_data_quality_validation' retrieved from /opt/airflow/dags/dag_05_data_quality.py
[2026-05-23T14:51:05.921+0000] {logging_mixin.py:188} INFO - [2026-05-23T14:51:05.921+0000] {dag.py:3096} INFO - Sync 1 DAGs
[2026-05-23T14:51:05.944+0000] {logging_mixin.py:188} INFO - [2026-05-23T14:51:05.944+0000] {dag.py:3954} INFO - Setting next_dagrun for 05_data_quality_validation to 2026-05-23 14:00:00+00:00, run_after=2026-05-23 15:00:00+00:00
[2026-05-23T14:51:05.969+0000] {processor.py:183} INFO - Processing /opt/airflow/dags/dag_05_data_quality.py took 0.109 seconds
[2026-05-23T14:51:36.377+0000] {processor.py:161} INFO - Started process (PID=8014) to work on /opt/airflow/dags/dag_05_data_quality.py
[2026-05-23T14:51:36.379+0000] {processor.py:830} INFO - Processing file /opt/airflow/dags/dag_05_data_quality.py for tasks to queue
[2026-05-23T14:51:36.388+0000] {logging_mixin.py:188} INFO - [2026-05-23T14:51:36.387+0000] {dagbag.py:545} INFO - Filling up the DagBag from /opt/airflow/dags/dag_05_data_quality.py
[2026-05-23T14:51:36.461+0000] {processor.py:840} INFO - DAG(s) '05_data_quality_validation' retrieved from /opt/airflow/dags/dag_05_data_quality.py
[2026-05-23T14:51:36.544+0000] {logging_mixin.py:188} INFO - [2026-05-23T14:51:36.544+0000] {dag.py:3096} INFO - Sync 1 DAGs
[2026-05-23T14:51:36.611+0000] {logging_mixin.py:188} INFO - [2026-05-23T14:51:36.611+0000] {dag.py:3954} INFO - Setting next_dagrun for 05_data_quality_validation to 2026-05-23 14:00:00+00:00, run_after=2026-05-23 15:00:00+00:00
[2026-05-23T14:51:36.643+0000] {processor.py:183} INFO - Processing /opt/airflow/dags/dag_05_data_quality.py took 0.302 seconds
[2026-05-23T14:52:07.281+0000] {processor.py:161} INFO - Started process (PID=8046) to work on /opt/airflow/dags/dag_05_data_quality.py
[2026-05-23T14:52:07.282+0000] {processor.py:830} INFO - Processing file /opt/airflow/dags/dag_05_data_quality.py for tasks to queue
[2026-05-23T14:52:07.284+0000] {logging_mixin.py:188} INFO - [2026-05-23T14:52:07.283+0000] {dagbag.py:545} INFO - Filling up the DagBag from /opt/airflow/dags/dag_05_data_quality.py
[2026-05-23T14:52:07.302+0000] {processor.py:840} INFO - DAG(s) '05_data_quality_validation' retrieved from /opt/airflow/dags/dag_05_data_quality.py
[2026-05-23T14:52:07.328+0000] {logging_mixin.py:188} INFO - [2026-05-23T14:52:07.327+0000] {dag.py:3096} INFO - Sync 1 DAGs
[2026-05-23T14:52:07.346+0000] {logging_mixin.py:188} INFO - [2026-05-23T14:52:07.346+0000] {dag.py:3954} INFO - Setting next_dagrun for 05_data_quality_validation to 2026-05-23 14:00:00+00:00, run_after=2026-05-23 15:00:00+00:00
[2026-05-23T14:52:07.361+0000] {processor.py:183} INFO - Processing /opt/airflow/dags/dag_05_data_quality.py took 0.089 seconds
[2026-05-23T14:52:37.831+0000] {processor.py:161} INFO - Started process (PID=8077) to work on /opt/airflow/dags/dag_05_data_quality.py
[2026-05-23T14:52:37.832+0000] {processor.py:830} INFO - Processing file /opt/airflow/dags/dag_05_data_quality.py for tasks to queue
[2026-05-23T14:52:37.833+0000] {logging_mixin.py:188} INFO - [2026-05-23T14:52:37.833+0000] {dagbag.py:545} INFO - Filling up the DagBag from /opt/airflow/dags/dag_05_data_quality.py
[2026-05-23T14:52:37.856+0000] {processor.py:840} INFO - DAG(s) '05_data_quality_validation' retrieved from /opt/airflow/dags/dag_05_data_quality.py
[2026-05-23T14:52:37.885+0000] {logging_mixin.py:188} INFO - [2026-05-23T14:52:37.885+0000] {dag.py:3096} INFO - Sync 1 DAGs
[2026-05-23T14:52:37.905+0000] {logging_mixin.py:188} INFO - [2026-05-23T14:52:37.905+0000] {dag.py:3954} INFO - Setting next_dagrun for 05_data_quality_validation to 2026-05-23 14:00:00+00:00, run_after=2026-05-23 15:00:00+00:00
[2026-05-23T14:52:37.921+0000] {processor.py:183} INFO - Processing /opt/airflow/dags/dag_05_data_quality.py took 0.100 seconds
[2026-05-23T14:53:08.381+0000] {processor.py:161} INFO - Started process (PID=8229) to work on /opt/airflow/dags/dag_05_data_quality.py
[2026-05-23T14:53:08.382+0000] {processor.py:830} INFO - Processing file /opt/airflow/dags/dag_05_data_quality.py for tasks to queue
[2026-05-23T14:53:08.384+0000] {logging_mixin.py:188} INFO - [2026-05-23T14:53:08.384+0000] {dagbag.py:545} INFO - Filling up the DagBag from /opt/airflow/dags/dag_05_data_quality.py
[2026-05-23T14:53:08.405+0000] {processor.py:840} INFO - DAG(s) '05_data_quality_validation' retrieved from /opt/airflow/dags/dag_05_data_quality.py
[2026-05-23T14:53:08.433+0000] {logging_mixin.py:188} INFO - [2026-05-23T14:53:08.433+0000] {dag.py:3096} INFO - Sync 1 DAGs
[2026-05-23T14:53:08.454+0000] {logging_mixin.py:188} INFO - [2026-05-23T14:53:08.454+0000] {dag.py:3954} INFO - Setting next_dagrun for 05_data_quality_validation to 2026-05-23 14:00:00+00:00, run_after=2026-05-23 15:00:00+00:00
[2026-05-23T14:53:08.472+0000] {processor.py:183} INFO - Processing /opt/airflow/dags/dag_05_data_quality.py took 0.101 seconds
[2026-05-23T14:53:39.045+0000] {processor.py:161} INFO - Started process (PID=8260) to work on /opt/airflow/dags/dag_05_data_quality.py
[2026-05-23T14:53:39.046+0000] {processor.py:830} INFO - Processing file /opt/airflow/dags/dag_05_data_quality.py for tasks to queue
[2026-05-23T14:53:39.047+0000] {logging_mixin.py:188} INFO - [2026-05-23T14:53:39.047+0000] {dagbag.py:545} INFO - Filling up the DagBag from /opt/airflow/dags/dag_05_data_quality.py
[2026-05-23T14:53:39.068+0000] {processor.py:840} INFO - DAG(s) '05_data_quality_validation' retrieved from /opt/airflow/dags/dag_05_data_quality.py
[2026-05-23T14:53:39.111+0000] {logging_mixin.py:188} INFO - [2026-05-23T14:53:39.110+0000] {dag.py:3096} INFO - Sync 1 DAGs
[2026-05-23T14:53:39.132+0000] {logging_mixin.py:188} INFO - [2026-05-23T14:53:39.132+0000] {dag.py:3954} INFO - Setting next_dagrun for 05_data_quality_validation to 2026-05-23 14:00:00+00:00, run_after=2026-05-23 15:00:00+00:00
[2026-05-23T14:53:39.149+0000] {processor.py:183} INFO - Processing /opt/airflow/dags/dag_05_data_quality.py took 0.115 seconds
[2026-05-23T14:54:09.678+0000] {processor.py:161} INFO - Started process (PID=8361) to work on /opt/airflow/dags/dag_05_data_quality.py
[2026-05-23T14:54:09.680+0000] {processor.py:830} INFO - Processing file /opt/airflow/dags/dag_05_data_quality.py for tasks to queue
[2026-05-23T14:54:09.683+0000] {logging_mixin.py:188} INFO - [2026-05-23T14:54:09.683+0000] {dagbag.py:545} INFO - Filling up the DagBag from /opt/airflow/dags/dag_05_data_quality.py
[2026-05-23T14:54:09.733+0000] {processor.py:840} INFO - DAG(s) '05_data_quality_validation' retrieved from /opt/airflow/dags/dag_05_data_quality.py
[2026-05-23T14:54:09.787+0000] {logging_mixin.py:188} INFO - [2026-05-23T14:54:09.787+0000] {dag.py:3096} INFO - Sync 1 DAGs
[2026-05-23T14:54:09.825+0000] {logging_mixin.py:188} INFO - [2026-05-23T14:54:09.825+0000] {dag.py:3954} INFO - Setting next_dagrun for 05_data_quality_validation to 2026-05-23 14:00:00+00:00, run_after=2026-05-23 15:00:00+00:00
[2026-05-23T14:54:09.853+0000] {processor.py:183} INFO - Processing /opt/airflow/dags/dag_05_data_quality.py took 0.205 seconds
[2026-05-23T14:54:40.228+0000] {processor.py:161} INFO - Started process (PID=8693) to work on /opt/airflow/dags/dag_05_data_quality.py
[2026-05-23T14:54:40.229+0000] {processor.py:830} INFO - Processing file /opt/airflow/dags/dag_05_data_quality.py for tasks to queue
[2026-05-23T14:54:40.231+0000] {logging_mixin.py:188} INFO - [2026-05-23T14:54:40.231+0000] {dagbag.py:545} INFO - Filling up the DagBag from /opt/airflow/dags/dag_05_data_quality.py
[2026-05-23T14:54:40.261+0000] {processor.py:840} INFO - DAG(s) '05_data_quality_validation' retrieved from /opt/airflow/dags/dag_05_data_quality.py
[2026-05-23T14:54:40.290+0000] {logging_mixin.py:188} INFO - [2026-05-23T14:54:40.290+0000] {dag.py:3096} INFO - Sync 1 DAGs
[2026-05-23T14:54:40.312+0000] {logging_mixin.py:188} INFO - [2026-05-23T14:54:40.311+0000] {dag.py:3954} INFO - Setting next_dagrun for 05_data_quality_validation to 2026-05-23 14:00:00+00:00, run_after=2026-05-23 15:00:00+00:00
[2026-05-23T14:54:40.329+0000] {processor.py:183} INFO - Processing /opt/airflow/dags/dag_05_data_quality.py took 0.113 seconds
[2026-05-23T14:55:10.813+0000] {processor.py:161} INFO - Started process (PID=8741) to work on /opt/airflow/dags/dag_05_data_quality.py
[2026-05-23T14:55:10.814+0000] {processor.py:830} INFO - Processing file /opt/airflow/dags/dag_05_data_quality.py for tasks to queue
[2026-05-23T14:55:10.816+0000] {logging_mixin.py:188} INFO - [2026-05-23T14:55:10.815+0000] {dagbag.py:545} INFO - Filling up the DagBag from /opt/airflow/dags/dag_05_data_quality.py
[2026-05-23T14:55:10.834+0000] {processor.py:840} INFO - DAG(s) '05_data_quality_validation' retrieved from /opt/airflow/dags/dag_05_data_quality.py
[2026-05-23T14:55:10.860+0000] {logging_mixin.py:188} INFO - [2026-05-23T14:55:10.860+0000] {dag.py:3096} INFO - Sync 1 DAGs
[2026-05-23T14:55:10.879+0000] {logging_mixin.py:188} INFO - [2026-05-23T14:55:10.878+0000] {dag.py:3954} INFO - Setting next_dagrun for 05_data_quality_validation to 2026-05-23 14:00:00+00:00, run_after=2026-05-23 15:00:00+00:00
[2026-05-23T14:55:10.893+0000] {processor.py:183} INFO - Processing /opt/airflow/dags/dag_05_data_quality.py took 0.089 seconds
[2026-05-23T14:55:41.406+0000] {processor.py:161} INFO - Started process (PID=8772) to work on /opt/airflow/dags/dag_05_data_quality.py
[2026-05-23T14:55:41.407+0000] {processor.py:830} INFO - Processing file /opt/airflow/dags/dag_05_data_quality.py for tasks to queue
[2026-05-23T14:55:41.409+0000] {logging_mixin.py:188} INFO - [2026-05-23T14:55:41.409+0000] {dagbag.py:545} INFO - Filling up the DagBag from /opt/airflow/dags/dag_05_data_quality.py
[2026-05-23T14:55:41.427+0000] {processor.py:840} INFO - DAG(s) '05_data_quality_validation' retrieved from /opt/airflow/dags/dag_05_data_quality.py
[2026-05-23T14:55:41.452+0000] {logging_mixin.py:188} INFO - [2026-05-23T14:55:41.452+0000] {dag.py:3096} INFO - Sync 1 DAGs
[2026-05-23T14:55:41.470+0000] {logging_mixin.py:188} INFO - [2026-05-23T14:55:41.470+0000] {dag.py:3954} INFO - Setting next_dagrun for 05_data_quality_validation to 2026-05-23 14:00:00+00:00, run_after=2026-05-23 15:00:00+00:00
[2026-05-23T14:55:41.492+0000] {processor.py:183} INFO - Processing /opt/airflow/dags/dag_05_data_quality.py took 0.095 seconds
[2026-05-23T14:56:12.091+0000] {processor.py:161} INFO - Started process (PID=9064) to work on /opt/airflow/dags/dag_05_data_quality.py
[2026-05-23T14:56:12.093+0000] {processor.py:830} INFO - Processing file /opt/airflow/dags/dag_05_data_quality.py for tasks to queue
[2026-05-23T14:56:12.096+0000] {logging_mixin.py:188} INFO - [2026-05-23T14:56:12.095+0000] {dagbag.py:545} INFO - Filling up the DagBag from /opt/airflow/dags/dag_05_data_quality.py
[2026-05-23T14:56:12.131+0000] {processor.py:840} INFO - DAG(s) '05_data_quality_validation' retrieved from /opt/airflow/dags/dag_05_data_quality.py
[2026-05-23T14:56:12.175+0000] {logging_mixin.py:188} INFO - [2026-05-23T14:56:12.175+0000] {dag.py:3096} INFO - Sync 1 DAGs
[2026-05-23T14:56:12.213+0000] {logging_mixin.py:188} INFO - [2026-05-23T14:56:12.212+0000] {dag.py:3954} INFO - Setting next_dagrun for 05_data_quality_validation to 2026-05-23 14:00:00+00:00, run_after=2026-05-23 15:00:00+00:00
[2026-05-23T14:56:12.247+0000] {processor.py:183} INFO - Processing /opt/airflow/dags/dag_05_data_quality.py took 0.171 seconds
[2026-05-23T14:56:42.682+0000] {processor.py:161} INFO - Started process (PID=9321) to work on /opt/airflow/dags/dag_05_data_quality.py
[2026-05-23T14:56:42.683+0000] {processor.py:830} INFO - Processing file /opt/airflow/dags/dag_05_data_quality.py for tasks to queue
[2026-05-23T14:56:42.685+0000] {logging_mixin.py:188} INFO - [2026-05-23T14:56:42.685+0000] {dagbag.py:545} INFO - Filling up the DagBag from /opt/airflow/dags/dag_05_data_quality.py
[2026-05-23T14:56:42.704+0000] {processor.py:840} INFO - DAG(s) '05_data_quality_validation' retrieved from /opt/airflow/dags/dag_05_data_quality.py
[2026-05-23T14:56:42.731+0000] {logging_mixin.py:188} INFO - [2026-05-23T14:56:42.731+0000] {dag.py:3096} INFO - Sync 1 DAGs
[2026-05-23T14:56:42.751+0000] {logging_mixin.py:188} INFO - [2026-05-23T14:56:42.751+0000] {dag.py:3954} INFO - Setting next_dagrun for 05_data_quality_validation to 2026-05-23 14:00:00+00:00, run_after=2026-05-23 15:00:00+00:00
[2026-05-23T14:56:42.767+0000] {processor.py:183} INFO - Processing /opt/airflow/dags/dag_05_data_quality.py took 0.095 seconds
[2026-05-23T14:57:13.216+0000] {processor.py:161} INFO - Started process (PID=9427) to work on /opt/airflow/dags/dag_05_data_quality.py
[2026-05-23T14:57:13.217+0000] {processor.py:830} INFO - Processing file /opt/airflow/dags/dag_05_data_quality.py for tasks to queue
[2026-05-23T14:57:13.219+0000] {logging_mixin.py:188} INFO - [2026-05-23T14:57:13.218+0000] {dagbag.py:545} INFO - Filling up the DagBag from /opt/airflow/dags/dag_05_data_quality.py
[2026-05-23T14:57:13.239+0000] {processor.py:840} INFO - DAG(s) '05_data_quality_validation' retrieved from /opt/airflow/dags/dag_05_data_quality.py
[2026-05-23T14:57:13.266+0000] {logging_mixin.py:188} INFO - [2026-05-23T14:57:13.266+0000] {dag.py:3096} INFO - Sync 1 DAGs
[2026-05-23T14:57:13.287+0000] {logging_mixin.py:188} INFO - [2026-05-23T14:57:13.287+0000] {dag.py:3954} INFO - Setting next_dagrun for 05_data_quality_validation to 2026-05-23 14:00:00+00:00, run_after=2026-05-23 15:00:00+00:00
[2026-05-23T14:57:13.312+0000] {processor.py:183} INFO - Processing /opt/airflow/dags/dag_05_data_quality.py took 0.104 seconds
[2026-05-23T14:57:43.723+0000] {processor.py:161} INFO - Started process (PID=9560) to work on /opt/airflow/dags/dag_05_data_quality.py
[2026-05-23T14:57:43.724+0000] {processor.py:830} INFO - Processing file /opt/airflow/dags/dag_05_data_quality.py for tasks to queue
[2026-05-23T14:57:43.726+0000] {logging_mixin.py:188} INFO - [2026-05-23T14:57:43.726+0000] {dagbag.py:545} INFO - Filling up the DagBag from /opt/airflow/dags/dag_05_data_quality.py
[2026-05-23T14:57:43.744+0000] {processor.py:840} INFO - DAG(s) '05_data_quality_validation' retrieved from /opt/airflow/dags/dag_05_data_quality.py
[2026-05-23T14:57:43.769+0000] {logging_mixin.py:188} INFO - [2026-05-23T14:57:43.769+0000] {dag.py:3096} INFO - Sync 1 DAGs
[2026-05-23T14:57:43.787+0000] {logging_mixin.py:188} INFO - [2026-05-23T14:57:43.787+0000] {dag.py:3954} INFO - Setting next_dagrun for 05_data_quality_validation to 2026-05-23 14:00:00+00:00, run_after=2026-05-23 15:00:00+00:00
[2026-05-23T14:57:43.811+0000] {processor.py:183} INFO - Processing /opt/airflow/dags/dag_05_data_quality.py took 0.096 seconds
[2026-05-23T14:58:14.256+0000] {processor.py:161} INFO - Started process (PID=9695) to work on /opt/airflow/dags/dag_05_data_quality.py
[2026-05-23T14:58:14.258+0000] {processor.py:830} INFO - Processing file /opt/airflow/dags/dag_05_data_quality.py for tasks to queue
[2026-05-23T14:58:14.259+0000] {logging_mixin.py:188} INFO - [2026-05-23T14:58:14.259+0000] {dagbag.py:545} INFO - Filling up the DagBag from /opt/airflow/dags/dag_05_data_quality.py
[2026-05-23T14:58:14.280+0000] {processor.py:840} INFO - DAG(s) '05_data_quality_validation' retrieved from /opt/airflow/dags/dag_05_data_quality.py
[2026-05-23T14:58:14.306+0000] {logging_mixin.py:188} INFO - [2026-05-23T14:58:14.305+0000] {dag.py:3096} INFO - Sync 1 DAGs
[2026-05-23T14:58:14.324+0000] {logging_mixin.py:188} INFO - [2026-05-23T14:58:14.324+0000] {dag.py:3954} INFO - Setting next_dagrun for 05_data_quality_validation to 2026-05-23 14:00:00+00:00, run_after=2026-05-23 15:00:00+00:00
[2026-05-23T14:58:14.345+0000] {processor.py:183} INFO - Processing /opt/airflow/dags/dag_05_data_quality.py took 0.097 seconds
[2026-05-23T14:58:44.859+0000] {processor.py:161} INFO - Started process (PID=9937) to work on /opt/airflow/dags/dag_05_data_quality.py
[2026-05-23T14:58:44.860+0000] {processor.py:830} INFO - Processing file /opt/airflow/dags/dag_05_data_quality.py for tasks to queue
[2026-05-23T14:58:44.862+0000] {logging_mixin.py:188} INFO - [2026-05-23T14:58:44.862+0000] {dagbag.py:545} INFO - Filling up the DagBag from /opt/airflow/dags/dag_05_data_quality.py
[2026-05-23T14:58:44.880+0000] {processor.py:840} INFO - DAG(s) '05_data_quality_validation' retrieved from /opt/airflow/dags/dag_05_data_quality.py
[2026-05-23T14:58:44.906+0000] {logging_mixin.py:188} INFO - [2026-05-23T14:58:44.906+0000] {dag.py:3096} INFO - Sync 1 DAGs
[2026-05-23T14:58:44.926+0000] {logging_mixin.py:188} INFO - [2026-05-23T14:58:44.926+0000] {dag.py:3954} INFO - Setting next_dagrun for 05_data_quality_validation to 2026-05-23 14:00:00+00:00, run_after=2026-05-23 15:00:00+00:00
[2026-05-23T14:58:44.941+0000] {processor.py:183} INFO - Processing /opt/airflow/dags/dag_05_data_quality.py took 0.092 seconds
